2023-08-03 00:26:08,451 [INFO] MainUpdater:2854 - connection check result : 10
2023-08-03 00:26:08,830 [INFO] MainUpdater:2854 - connection check result : 10
2023-08-03 00:26:08,885 [INFO] MicroXplorer:468 - Change Database Path : 
2023-08-03 00:26:08,885 [INFO] MicroXplorer:498 - Change Database Version : DB.6.0.81
2023-08-03 00:26:08,899 [WARN] ThirdParty:871 - waiting for thirdparty lock release [close project]
2023-08-03 00:26:08,899 [INFO] ThirdParty:873 - entering critical section [close project]
2023-08-03 00:26:08,899 [INFO] ThirdParty:883 - exiting critical section [close project]
2023-08-03 00:26:08,899 [INFO] PinOutPanel:1499 - setPackage(No Configuration,No Configuration)
2023-08-03 00:26:08,903 [WARN] IpParametersView:150 - Warning: This peripheral hasn't parameters
2023-08-03 00:26:08,909 [WARN] MainPanel:257 - <html><b><center>Warning: This peripheral has no parameters to be configured<br></b></html>
2023-08-03 00:26:08,910 [INFO] UtilMem:75 - Begin LoadConfig() Used Memory: 891689136 Bytes (1058013184)
2023-08-03 00:26:08,911 [INFO] MicroXplorer:468 - Change Database Path : 
2023-08-03 00:26:08,911 [INFO] MicroXplorer:498 - Change Database Version : DB.6.0.81
2023-08-03 00:26:08,911 [INFO] OpenFileManager:308 - Change cursor
2023-08-03 00:26:08,918 [INFO] RulesReader:64 - Compatibility file has been processed (293 Rules)
2023-08-03 00:26:08,920 [INFO] Mcu:1937 - Initializing MCU STM32F407V(E-G)Tx STM32F407VETx STM32F407VET6
2023-08-03 00:26:10,001 [INFO] Context:659 - Trying to add GPIOservice into a context  which must be forbidden
2023-08-03 00:26:10,243 [INFO] RtosManager:555 - Registered RTOS mode: class=CMSIS, group=RTOS, mode=CMSIS_V1, owner=FREERTOS
2023-08-03 00:26:10,243 [INFO] RtosManager:555 - Registered RTOS mode: class=CMSIS, group=RTOS2, mode=CMSIS_V2, owner=FREERTOS
2023-08-03 00:26:10,243 [INFO] RtosManager:555 - Registered RTOS mode: class=RTOS, group=Core, mode=CMSIS_V1, owner=FREERTOS
2023-08-03 00:26:10,243 [INFO] RtosManager:555 - Registered RTOS mode: class=RTOS, group=Core, mode=CMSIS_V2, owner=FREERTOS
2023-08-03 00:26:10,243 [WARN] ModelIntegratedComponent:184 - Missing modes for component STMicroelectronics:FreeRTOS:0.0.1:STMicroelectronics:RTOS:FreeRTOS:Core:::10.2.0:
2023-08-03 00:26:10,251 [WARN] ModelIntegratedComponent:63 - No mode defined for component null
2023-08-03 00:26:10,251 [WARN] ModelIntegratedComponent:63 - No mode defined for component null
2023-08-03 00:26:10,251 [WARN] ModelIntegratedComponent:63 - No mode defined for component null
2023-08-03 00:26:10,251 [WARN] ModelIntegratedComponent:63 - No mode defined for component null
2023-08-03 00:26:10,251 [WARN] ModelIntegratedComponent:63 - No mode defined for component null
2023-08-03 00:26:10,251 [WARN] ModelIntegratedComponent:63 - No mode defined for component null
2023-08-03 00:26:10,251 [WARN] ModelIntegratedComponent:63 - No mode defined for component null
2023-08-03 00:26:10,251 [WARN] ModelIntegratedComponent:63 - No mode defined for component null
2023-08-03 00:26:10,251 [WARN] ModelIntegratedComponent:63 - No mode defined for component null
2023-08-03 00:26:10,251 [WARN] ModelIntegratedComponent:63 - No mode defined for component null
2023-08-03 00:26:10,251 [WARN] ModelIntegratedComponent:63 - No mode defined for component null
2023-08-03 00:26:10,251 [WARN] ModelIntegratedComponent:63 - No mode defined for component null
2023-08-03 00:26:10,251 [WARN] ModelIntegratedComponent:63 - No mode defined for component null
2023-08-03 00:26:10,251 [WARN] ModelIntegratedComponent:63 - No mode defined for component null
2023-08-03 00:26:10,251 [WARN] ModelIntegratedComponent:63 - No mode defined for component null
2023-08-03 00:26:10,251 [WARN] ModelIntegratedComponent:63 - No mode defined for component null
2023-08-03 00:26:10,251 [WARN] ModelIntegratedComponent:63 - No mode defined for component null
2023-08-03 00:26:10,251 [WARN] ModelIntegratedComponent:63 - No mode defined for component null
2023-08-03 00:26:10,251 [WARN] ModelIntegratedComponent:63 - No mode defined for component null
2023-08-03 00:26:10,251 [WARN] ModelIntegratedComponent:63 - No mode defined for component null
2023-08-03 00:26:10,251 [WARN] ModelIntegratedComponent:63 - No mode defined for component null
2023-08-03 00:26:10,251 [WARN] ModelIntegratedComponent:63 - No mode defined for component null
2023-08-03 00:26:10,251 [WARN] ModelIntegratedComponent:63 - No mode defined for component null
2023-08-03 00:26:10,252 [WARN] ModelIntegratedComponent:63 - No mode defined for component null
2023-08-03 00:26:10,252 [WARN] ModelIntegratedComponent:63 - No mode defined for component null
2023-08-03 00:26:10,252 [WARN] ModelIntegratedComponent:63 - No mode defined for component null
2023-08-03 00:26:10,252 [WARN] ModelIntegratedComponent:63 - No mode defined for component null
2023-08-03 00:26:10,252 [WARN] ModelIntegratedComponent:63 - No mode defined for component null
2023-08-03 00:26:10,252 [WARN] ModelIntegratedComponent:63 - No mode defined for component null
2023-08-03 00:26:10,252 [WARN] ModelIntegratedComponent:63 - No mode defined for component null
2023-08-03 00:26:10,252 [WARN] ModelIntegratedComponent:63 - No mode defined for component null
2023-08-03 00:26:10,252 [WARN] ModelIntegratedComponent:63 - No mode defined for component null
2023-08-03 00:26:10,252 [WARN] ModelIntegratedComponent:63 - No mode defined for component null
2023-08-03 00:26:10,257 [INFO] ThirdPartyModel:298 - Start build external matchings
2023-08-03 00:26:10,490 [INFO] ThirdPartyModel:316 - End build external matchings
2023-08-03 00:26:10,495 [WARN] IP:2113 - I2C_Coeff_DF not found: check if there is a RefParameter without a condition.
2023-08-03 00:26:10,495 [WARN] IP:2113 - Analog_Filter not found: check if there is a RefParameter without a condition.
2023-08-03 00:26:10,495 [INFO] ImportTextPane:194 - (OptionalMessage_ERROR) IP (RCC) : Parameter (48MHZClocksFreq_Value) has invalid value (84000000)
2023-08-03 00:26:10,495 [INFO] ImportTextPane:194 - (OptionalMessage_ERROR) IP (RCC) : Parameter (RTCHSEDivFreq_Value) has invalid value (12500000)
2023-08-03 00:26:10,747 [INFO] UtilMem:75 - End LoadConfig() Used Memory: 685030424 Bytes (1058013184)
2023-08-03 00:26:10,783 [WARN] ThirdParty:833 - waiting for thirdparty lock release [change project]
2023-08-03 00:26:10,783 [INFO] ThirdParty:835 - entering critical section [change project]
2023-08-03 00:26:10,783 [INFO] ThirdParty:1030 - CMSIS Pack Vendor :STMicroelectronics X-CUBE-ISPU 1.1.0
2023-08-03 00:26:10,783 [INFO] ThirdParty:1030 - CMSIS Pack Vendor :STMicroelectronics X-CUBE-GNSS1 6.0.0
2023-08-03 00:26:10,783 [INFO] ThirdParty:1030 - CMSIS Pack Vendor :STMicroelectronics USB_HOST 2.0.0
2023-08-03 00:26:10,783 [INFO] ThirdParty:1030 - CMSIS Pack Vendor :STMicroelectronics X-CUBE-AZRTOS-F4 1.1.0
2023-08-03 00:26:10,783 [INFO] ThirdParty:1030 - CMSIS Pack Vendor :STMicroelectronics LIBJPEG 8.0.0
2023-08-03 00:26:10,783 [INFO] ThirdParty:1030 - CMSIS Pack Vendor :STMicroelectronics X-CUBE-SMBUS 2.1.0
2023-08-03 00:26:10,783 [INFO] ThirdParty:1030 - CMSIS Pack Vendor :wolfSSL I-CUBE-wolfSSL 5.6.0
2023-08-03 00:26:10,783 [INFO] ThirdParty:1030 - CMSIS Pack Vendor :STMicroelectronics USB_DEVICE 3.0.0
2023-08-03 00:26:10,783 [INFO] ThirdParty:1030 - CMSIS Pack Vendor :STMicroelectronics X-CUBE-FREERTOS 1.0.1
2023-08-03 00:26:10,783 [INFO] ThirdParty:1030 - CMSIS Pack Vendor :STMicroelectronics X-CUBE-AZRTOS-F7 1.1.0
2023-08-03 00:26:10,783 [INFO] ThirdParty:1030 - CMSIS Pack Vendor :STMicroelectronics USB_DEVICE 2.0.0
2023-08-03 00:26:10,783 [INFO] ThirdParty:1030 - CMSIS Pack Vendor :STMicroelectronics X-CUBE-MEMS1 9.6.0
2023-08-03 00:26:10,783 [INFO] ThirdParty:1030 - CMSIS Pack Vendor :STMicroelectronics FP-SNS-MOTENV1 4.3.2
2023-08-03 00:26:10,783 [INFO] ThirdParty:1030 - CMSIS Pack Vendor :STMicroelectronics FP-SNS-FLIGHT1 5.0.1
2023-08-03 00:26:10,783 [INFO] ThirdParty:1030 - CMSIS Pack Vendor :STMicroelectronics X-CUBE-ALGOBUILD 1.3.0
2023-08-03 00:26:10,783 [INFO] ThirdParty:1030 - CMSIS Pack Vendor :STMicroelectronics X-CUBE-BLE1 6.2.4
2023-08-03 00:26:10,783 [INFO] ThirdParty:1030 - CMSIS Pack Vendor :STMicroelectronics X-CUBE-AZRTOS-L5 1.1.0
2023-08-03 00:26:10,783 [INFO] ThirdParty:1030 - CMSIS Pack Vendor :STMicroelectronics FreeRTOS 0.0.1
2023-08-03 00:26:10,783 [INFO] ThirdParty:1030 - CMSIS Pack Vendor :STMicroelectronics X-CUBE-AZRTOS-G0 1.1.0
2023-08-03 00:26:10,783 [INFO] ThirdParty:1030 - CMSIS Pack Vendor :emotas I-CUBE-CANOPEN 1.1.3
2023-08-03 00:26:10,783 [INFO] ThirdParty:1030 - CMSIS Pack Vendor :STMicroelectronics X-CUBE-BLEMGR 2.0.0
2023-08-03 00:26:10,783 [INFO] ThirdParty:1030 - CMSIS Pack Vendor :STMicroelectronics X-CUBE-AI 8.0.1
2023-08-03 00:26:10,783 [INFO] ThirdParty:1030 - CMSIS Pack Vendor :STMicroelectronics X-CUBE-NFC4 3.0.0
2023-08-03 00:26:10,783 [INFO] ThirdParty:1030 - CMSIS Pack Vendor :STMicroelectronics X-CUBE-SUBG2 5.0.0
2023-08-03 00:26:10,783 [INFO] ThirdParty:1030 - CMSIS Pack Vendor :STMicroelectronics STM32_WPAN 1.0.0
2023-08-03 00:26:10,785 [INFO] ThirdParty:1030 - CMSIS Pack Vendor :STMicroelectronics lwIP 2.0.3
2023-08-03 00:26:10,785 [INFO] ThirdParty:1030 - CMSIS Pack Vendor :STMicroelectronics FP-SNS-FLIGHT1 5.0.2
2023-08-03 00:26:10,785 [INFO] ThirdParty:1030 - CMSIS Pack Vendor :STMicroelectronics USB_HOST 1.0.0
2023-08-03 00:26:10,785 [INFO] ThirdParty:1030 - CMSIS Pack Vendor :STMicroelectronics X-CUBE-TOF1 3.3.1
2023-08-03 00:26:10,785 [INFO] ThirdParty:1030 - CMSIS Pack Vendor :STMicroelectronics X-CUBE-AZRTOS-G4 2.0.0
2023-08-03 00:26:10,785 [INFO] ThirdParty:1030 - CMSIS Pack Vendor :STMicroelectronics PDM2PCM 3.1.0
2023-08-03 00:26:10,785 [INFO] ThirdParty:1030 - CMSIS Pack Vendor :STMicroelectronics X-CUBE-AZRTOS-H7 3.1.0
2023-08-03 00:26:10,785 [INFO] ThirdParty:1030 - CMSIS Pack Vendor :STMicroelectronics X-CUBE-TOF1 3.3.0
2023-08-03 00:26:10,785 [INFO] ThirdParty:1030 - CMSIS Pack Vendor :STMicroelectronics PDM2PCM 3.3.0
2023-08-03 00:26:10,785 [INFO] ThirdParty:1030 - CMSIS Pack Vendor :STMicroelectronics X-CUBE-DISPLAY 3.0.0
2023-08-03 00:26:10,785 [INFO] ThirdParty:1030 - CMSIS Pack Vendor :STMicroelectronics FP-ATR-SIGFOX1 3.2.0
2023-08-03 00:26:10,785 [INFO] ThirdParty:1030 - CMSIS Pack Vendor :STMicroelectronics HAL Drivers 0.0.0
2023-08-03 00:26:10,785 [INFO] ThirdParty:1030 - CMSIS Pack Vendor :STMicroelectronics MBEDTLS 2.16.2
2023-08-03 00:26:10,785 [INFO] ThirdParty:1030 - CMSIS Pack Vendor :STMicroelectronics X-CUBE-TOUCHGFX 4.22.0
2023-08-03 00:26:10,785 [INFO] ThirdParty:1030 - CMSIS Pack Vendor :STMicroelectronics X-CUBE-NFC7 1.0.1
2023-08-03 00:26:10,785 [INFO] ThirdParty:1030 - CMSIS Pack Vendor :STMicroelectronics MBEDTLS 2.14.1
2023-08-03 00:26:10,785 [INFO] ThirdParty:1030 - CMSIS Pack Vendor :STMicroelectronics X-CUBE-EEPRMA1 4.1.0
2023-08-03 00:26:10,785 [INFO] ThirdParty:1030 - CMSIS Pack Vendor :portGmbH I-Cube-SoM-uGOAL 1.1.0
2023-08-03 00:26:10,785 [INFO] ThirdParty:1030 - CMSIS Pack Vendor :STMicroelectronics X-CUBE-ALS 1.0.1
2023-08-03 00:26:10,785 [INFO] ThirdParty:1030 - CMSIS Pack Vendor :STMicroelectronics ThreadX 1.0.0
2023-08-03 00:26:10,785 [INFO] ThirdParty:1030 - CMSIS Pack Vendor :STMicroelectronics X-CUBE-AZRTOS-WB 1.1.0
2023-08-03 00:26:10,785 [INFO] ThirdParty:1030 - CMSIS Pack Vendor :STMicroelectronics X-CUBE-AZRTOS-WL 2.0.0
2023-08-03 00:26:10,785 [INFO] ThirdParty:1030 - CMSIS Pack Vendor :SEGGER I-CUBE-embOS 1.3.1
2023-08-03 00:26:10,785 [INFO] ThirdParty:1030 - CMSIS Pack Vendor :STMicroelectronics USB_DEVICE 1.0.0
2023-08-03 00:26:10,785 [INFO] ThirdParty:1030 - CMSIS Pack Vendor :STMicroelectronics X-CUBE-AZRTOS-L4 2.0.0
2023-08-03 00:26:10,785 [INFO] ThirdParty:1030 - CMSIS Pack Vendor :STMicroelectronics ThreadX 0.0.2
2023-08-03 00:26:10,785 [INFO] ThirdParty:1030 - CMSIS Pack Vendor :WES I-CUBE-Cesium 1.3.0
2023-08-03 00:26:10,785 [INFO] ThirdParty:1030 - CMSIS Pack Vendor :STMicroelectronics FP-ATR-ASTRA1 2.0.0
2023-08-03 00:26:10,785 [INFO] ThirdParty:1030 - CMSIS Pack Vendor :STMicroelectronics lwIP 2.1.2
2023-08-03 00:26:10,785 [INFO] ThirdParty:1030 - CMSIS Pack Vendor :STMicroelectronics X-CUBE-SFXS2LP1 4.0.0
2023-08-03 00:26:10,785 [INFO] ThirdParty:1030 - CMSIS Pack Vendor :STMicroelectronics X-CUBE-BLE2 3.3.0
2023-08-03 00:26:10,785 [INFO] ThirdParty:1030 - CMSIS Pack Vendor :STMicroelectronics PDM2PCM 3.2.0
2023-08-03 00:26:10,785 [INFO] ThirdParty:841 - exiting critical section [change project]
2023-08-03 00:26:10,938 [INFO] PinOutPanel:1499 - setPackage(No Configuration,No Configuration)
2023-08-03 00:26:10,940 [INFO] PinOutPanel:1499 - setPackage(STM32F407VETx,LQFP100)
2023-08-03 00:26:11,360 [INFO] UtilMem:75 - Before build in PCC Used Memory: 664339832 Bytes (1058013184)
2023-08-03 00:26:11,469 [INFO] UtilMem:75 - After build in PCC Used Memory: 708665952 Bytes (1058013184)
2023-08-03 00:26:11,483 [INFO] IPUIPlugin:80 - create IPUIPlugin
2023-08-03 00:26:11,483 [INFO] IPUIPlugin:80 - create IPUIPlugin
2023-08-03 00:26:11,485 [INFO] IPUIPlugin:80 - create IPUIPlugin
2023-08-03 00:26:11,485 [INFO] IPUIPlugin:80 - create IPUIPlugin
2023-08-03 00:26:11,485 [INFO] IPUIPlugin:80 - create IPUIPlugin
2023-08-03 00:26:11,485 [INFO] IPUIPlugin:80 - create IPUIPlugin
2023-08-03 00:26:11,485 [INFO] IPUIPlugin:80 - create IPUIPlugin
2023-08-03 00:26:11,485 [INFO] IPUIPlugin:80 - create IPUIPlugin
2023-08-03 00:26:11,485 [INFO] IPUIPlugin:80 - create IPUIPlugin
2023-08-03 00:26:11,485 [INFO] IPUIPlugin:80 - create IPUIPlugin
2023-08-03 00:26:11,485 [INFO] IPUIPlugin:80 - create IPUIPlugin
2023-08-03 00:26:11,485 [INFO] IPUIPlugin:80 - create IPUIPlugin
2023-08-03 00:26:11,485 [INFO] IPUIPlugin:80 - create IPUIPlugin
2023-08-03 00:26:11,485 [INFO] IPUIPlugin:80 - create IPUIPlugin
2023-08-03 00:26:11,486 [INFO] IPUIPlugin:80 - create IPUIPlugin
2023-08-03 00:26:11,486 [INFO] IPUIPlugin:80 - create IPUIPlugin
2023-08-03 00:26:11,486 [INFO] IPUIPlugin:80 - create IPUIPlugin
2023-08-03 00:26:11,486 [INFO] IPUIPlugin:80 - create IPUIPlugin
2023-08-03 00:26:11,486 [INFO] IPUIPlugin:80 - create IPUIPlugin
2023-08-03 00:26:11,486 [INFO] IPUIPlugin:80 - create IPUIPlugin
2023-08-03 00:26:11,487 [INFO] IPUIPlugin:80 - create IPUIPlugin
2023-08-03 00:26:11,487 [INFO] IPUIPlugin:80 - create IPUIPlugin
2023-08-03 00:26:11,487 [INFO] IPUIPlugin:80 - create IPUIPlugin
2023-08-03 00:26:11,487 [INFO] IPUIPlugin:80 - create IPUIPlugin
2023-08-03 00:26:11,487 [INFO] IPUIPlugin:80 - create IPUIPlugin
2023-08-03 00:26:11,487 [INFO] IPUIPlugin:80 - create IPUIPlugin
2023-08-03 00:26:11,487 [INFO] IPUIPlugin:80 - create IPUIPlugin
2023-08-03 00:26:11,487 [INFO] IPUIPlugin:80 - create IPUIPlugin
2023-08-03 00:26:11,488 [INFO] IPUIPlugin:80 - create IPUIPlugin
2023-08-03 00:26:11,488 [INFO] IPUIPlugin:80 - create IPUIPlugin
2023-08-03 00:26:11,488 [INFO] IPUIPlugin:80 - create IPUIPlugin
2023-08-03 00:26:11,488 [INFO] IPUIPlugin:80 - create IPUIPlugin
2023-08-03 00:26:11,488 [INFO] IPUIPlugin:80 - create IPUIPlugin
2023-08-03 00:26:11,488 [INFO] IPUIPlugin:80 - create IPUIPlugin
2023-08-03 00:26:11,488 [INFO] IPUIPlugin:80 - create IPUIPlugin
2023-08-03 00:26:11,489 [INFO] IPUIPlugin:80 - create IPUIPlugin
2023-08-03 00:26:11,489 [INFO] IPUIPlugin:80 - create IPUIPlugin
2023-08-03 00:26:11,489 [INFO] IPUIPlugin:80 - create IPUIPlugin
2023-08-03 00:26:11,489 [INFO] IPUIPlugin:80 - create IPUIPlugin
2023-08-03 00:26:11,489 [INFO] IPUIPlugin:80 - create IPUIPlugin
2023-08-03 00:26:11,489 [INFO] IPUIPlugin:80 - create IPUIPlugin
2023-08-03 00:26:11,489 [INFO] IPUIPlugin:80 - create IPUIPlugin
2023-08-03 00:26:11,489 [INFO] IPUIPlugin:80 - create IPUIPlugin
2023-08-03 00:26:11,490 [INFO] IPUIPlugin:80 - create IPUIPlugin
2023-08-03 00:26:11,490 [INFO] IPUIPlugin:80 - create IPUIPlugin
2023-08-03 00:26:11,490 [INFO] IPUIPlugin:80 - create IPUIPlugin
2023-08-03 00:26:11,490 [INFO] IPUIPlugin:80 - create IPUIPlugin
2023-08-03 00:26:11,490 [INFO] IPUIPlugin:80 - create IPUIPlugin
2023-08-03 00:26:11,490 [INFO] IPUIPlugin:80 - create IPUIPlugin
2023-08-03 00:26:11,491 [INFO] IPUIPlugin:80 - create IPUIPlugin
2023-08-03 00:26:11,491 [INFO] IPUIPlugin:80 - create IPUIPlugin
2023-08-03 00:26:11,491 [INFO] IPUIPlugin:80 - create IPUIPlugin
2023-08-03 00:26:11,491 [INFO] IPUIPlugin:80 - create IPUIPlugin
2023-08-03 00:26:11,491 [INFO] IPUIPlugin:80 - create IPUIPlugin
2023-08-03 00:26:11,492 [INFO] IPUIPlugin:80 - create IPUIPlugin
2023-08-03 00:26:11,492 [INFO] IPUIPlugin:80 - create IPUIPlugin
2023-08-03 00:26:11,492 [INFO] IPUIPlugin:80 - create IPUIPlugin
2023-08-03 00:26:11,493 [INFO] IPUIPlugin:80 - create IPUIPlugin
2023-08-03 00:26:11,494 [INFO] ApiDbMcu:507 - Load IP Config File for PDM2PCM
2023-08-03 00:26:11,494 [WARN] IP:2113 - I2C_Coeff_DF not found: check if there is a RefParameter without a condition.
2023-08-03 00:26:11,494 [WARN] IP:2113 - Analog_Filter not found: check if there is a RefParameter without a condition.
2023-08-03 00:26:11,526 [INFO] CADModel:165 - CPN selected for project levelSTM32F407VET6
2023-08-03 00:26:11,526 [INFO] CADModel:114 - Register for checkConnection events
2023-08-03 00:26:11,598 [INFO] OpenFileManager:328 - Restore cursor
2023-08-03 00:26:11,712 [WARN] IP:2113 - I2C_Coeff_DF not found: check if there is a RefParameter without a condition.
2023-08-03 00:26:11,712 [WARN] IP:2113 - Analog_Filter not found: check if there is a RefParameter without a condition.
2023-08-03 00:26:11,712 [WARN] IP:2113 - I2C_Coeff_DF not found: check if there is a RefParameter without a condition.
2023-08-03 00:26:11,712 [WARN] IP:2113 - Analog_Filter not found: check if there is a RefParameter without a condition.
2023-08-03 00:28:38,595 [INFO] MainUpdater:2854 - connection check result : 10
2023-08-03 00:28:38,672 [INFO] McuFinderGlobals:66 - Set McuFinderConnectedMode to true
2023-08-03 00:28:38,673 [INFO] MultiScanPanel:200 - Auto-refresh data requested => check proxy status ongoing
2023-08-03 00:28:38,673 [INFO] FinderPluginLoader:95 - Searching for filters in installed packs
2023-08-03 00:28:39,171 [INFO] LoadUrlFilesThread:185 - End of LoadServerUrlFiles without Thread
2023-08-03 00:28:39,171 [INFO] DetailPanel:341 - Set advertising image to C:/Users/hyeon/STM32Cube/Repository/\en.prom-stm32h5-mcu-finder.jpg
2023-08-03 00:28:43,673 [INFO] MainUpdater:2854 - connection check result : 10
2023-08-03 00:28:43,749 [INFO] McuFinderGlobals:66 - Set McuFinderConnectedMode to true
2023-08-03 00:28:43,749 [INFO] MultiScanPanel:200 - Auto-refresh data requested => check proxy status ongoing
2023-08-03 00:28:43,749 [INFO] FinderPluginLoader:95 - Searching for filters in installed packs
2023-08-03 00:28:44,149 [INFO] LoadUrlFilesThread:185 - End of LoadServerUrlFiles without Thread
2023-08-03 00:28:44,149 [INFO] DetailPanel:341 - Set advertising image to C:/Users/hyeon/STM32Cube/Repository/\en.prom-stm32h5-mcu-finder.jpg
2023-08-03 00:29:30,648 [INFO] McuFinderGlobals:66 - Set McuFinderConnectedMode to true
2023-08-03 00:29:30,990 [INFO] ApiDb:448 - Save user favorites file C:\Users\hyeon/.stm32cubeide/favorites.mcus.txt: 0 item(s)
2023-08-03 00:29:30,990 [INFO] ApiDb:452 - User favorites MCUs=[]
