2023-08-17 23:39:41,729 [WARN] ServerAccessManage:1168 - Warning during Server Connection :  timeout Read timed out
2023-08-17 23:39:42,911 [WARN] ServerAccessManage:1168 - Warning during Server Connection :  timeout connect timed out
2023-08-17 23:39:42,930 [INFO] MainUpdater:2854 - connection check result : 22
2023-08-17 23:39:44,079 [WARN] ServerAccessManage:1168 - Warning during Server Connection :  timeout Read timed out
2023-08-17 23:39:45,216 [WARN] ServerAccessManage:1168 - Warning during Server Connection :  timeout Read timed out
2023-08-17 23:39:45,217 [INFO] MainUpdater:2854 - connection check result : 22
2023-08-17 23:40:28,960 [INFO] MainUpdater:2854 - connection check result : 10
2023-08-17 23:40:30,148 [INFO] MicroXplorer:468 - Change Database Path : 
2023-08-17 23:40:30,148 [INFO] MicroXplorer:498 - Change Database Version : DB.6.0.81
2023-08-17 23:40:30,602 [WARN] ThirdParty:871 - waiting for thirdparty lock release [close project]
2023-08-17 23:40:30,602 [INFO] ThirdParty:873 - entering critical section [close project]
2023-08-17 23:40:30,602 [INFO] ThirdParty:883 - exiting critical section [close project]
2023-08-17 23:40:30,651 [INFO] PinOutPanel:1499 - setPackage(No Configuration,No Configuration)
2023-08-17 23:40:30,802 [WARN] IpParametersView:150 - Warning: This peripheral hasn't parameters
2023-08-17 23:40:30,893 [WARN] MainPanel:257 - <html><b><center>Warning: This peripheral has no parameters to be configured<br></b></html>
2023-08-17 23:40:30,988 [INFO] UtilMem:75 - Begin LoadConfig() Used Memory: 706533488 Bytes (1061158912)
2023-08-17 23:40:30,989 [INFO] MicroXplorer:468 - Change Database Path : 
2023-08-17 23:40:30,989 [INFO] MicroXplorer:498 - Change Database Version : DB.6.0.81
2023-08-17 23:40:30,989 [INFO] OpenFileManager:308 - Change cursor
2023-08-17 23:40:31,078 [INFO] RulesReader:64 - Compatibility file has been processed (293 Rules)
2023-08-17 23:40:31,091 [INFO] Mcu:1937 - Initializing MCU STM32F405RGTx STM32F405RGTx STM32F405RGT6
2023-08-17 23:40:32,739 [INFO] Context:659 - Trying to add GPIOservice into a context  which must be forbidden
2023-08-17 23:40:33,548 [INFO] RtosManager:555 - Registered RTOS mode: class=CMSIS, group=RTOS, mode=CMSIS_V1, owner=FREERTOS
2023-08-17 23:40:33,548 [INFO] RtosManager:555 - Registered RTOS mode: class=CMSIS, group=RTOS2, mode=CMSIS_V2, owner=FREERTOS
2023-08-17 23:40:33,548 [INFO] RtosManager:555 - Registered RTOS mode: class=RTOS, group=Core, mode=CMSIS_V1, owner=FREERTOS
2023-08-17 23:40:33,548 [INFO] RtosManager:555 - Registered RTOS mode: class=RTOS, group=Core, mode=CMSIS_V2, owner=FREERTOS
2023-08-17 23:40:33,548 [WARN] ModelIntegratedComponent:184 - Missing modes for component STMicroelectronics:FreeRTOS:0.0.1:STMicroelectronics:RTOS:FreeRTOS:Core:::10.2.0:
2023-08-17 23:40:33,555 [WARN] ModelIntegratedComponent:63 - No mode defined for component null
2023-08-17 23:40:33,555 [WARN] ModelIntegratedComponent:63 - No mode defined for component null
2023-08-17 23:40:33,555 [WARN] ModelIntegratedComponent:63 - No mode defined for component null
2023-08-17 23:40:33,555 [WARN] ModelIntegratedComponent:63 - No mode defined for component null
2023-08-17 23:40:33,555 [WARN] ModelIntegratedComponent:63 - No mode defined for component null
2023-08-17 23:40:33,555 [WARN] ModelIntegratedComponent:63 - No mode defined for component null
2023-08-17 23:40:33,555 [WARN] ModelIntegratedComponent:63 - No mode defined for component null
2023-08-17 23:40:33,555 [WARN] ModelIntegratedComponent:63 - No mode defined for component null
2023-08-17 23:40:33,555 [WARN] ModelIntegratedComponent:63 - No mode defined for component null
2023-08-17 23:40:33,555 [WARN] ModelIntegratedComponent:63 - No mode defined for component null
2023-08-17 23:40:33,555 [WARN] ModelIntegratedComponent:63 - No mode defined for component null
2023-08-17 23:40:33,555 [WARN] ModelIntegratedComponent:63 - No mode defined for component null
2023-08-17 23:40:33,555 [WARN] ModelIntegratedComponent:63 - No mode defined for component null
2023-08-17 23:40:33,555 [WARN] ModelIntegratedComponent:63 - No mode defined for component null
2023-08-17 23:40:33,555 [WARN] ModelIntegratedComponent:63 - No mode defined for component null
2023-08-17 23:40:33,555 [WARN] ModelIntegratedComponent:63 - No mode defined for component null
2023-08-17 23:40:33,555 [WARN] ModelIntegratedComponent:63 - No mode defined for component null
2023-08-17 23:40:33,555 [WARN] ModelIntegratedComponent:63 - No mode defined for component null
2023-08-17 23:40:33,555 [WARN] ModelIntegratedComponent:63 - No mode defined for component null
2023-08-17 23:40:33,555 [WARN] ModelIntegratedComponent:63 - No mode defined for component null
2023-08-17 23:40:33,555 [WARN] ModelIntegratedComponent:63 - No mode defined for component null
2023-08-17 23:40:33,555 [WARN] ModelIntegratedComponent:63 - No mode defined for component null
2023-08-17 23:40:33,555 [WARN] ModelIntegratedComponent:63 - No mode defined for component null
2023-08-17 23:40:33,555 [WARN] ModelIntegratedComponent:63 - No mode defined for component null
2023-08-17 23:40:33,555 [WARN] ModelIntegratedComponent:63 - No mode defined for component null
2023-08-17 23:40:33,555 [WARN] ModelIntegratedComponent:63 - No mode defined for component null
2023-08-17 23:40:33,555 [WARN] ModelIntegratedComponent:63 - No mode defined for component null
2023-08-17 23:40:33,555 [WARN] ModelIntegratedComponent:63 - No mode defined for component null
2023-08-17 23:40:33,555 [WARN] ModelIntegratedComponent:63 - No mode defined for component null
2023-08-17 23:40:33,556 [WARN] ModelIntegratedComponent:63 - No mode defined for component null
2023-08-17 23:40:33,556 [WARN] ModelIntegratedComponent:63 - No mode defined for component null
2023-08-17 23:40:33,556 [WARN] ModelIntegratedComponent:63 - No mode defined for component null
2023-08-17 23:40:33,556 [WARN] ModelIntegratedComponent:63 - No mode defined for component null
2023-08-17 23:40:33,563 [INFO] ThirdPartyModel:298 - Start build external matchings
2023-08-17 23:40:33,850 [INFO] ThirdPartyModel:316 - End build external matchings
2023-08-17 23:40:33,934 [INFO] ImportTextPane:194 - (OptionalMessage_ERROR) IP (RCC) : Parameter (48MHZClocksFreq_Value) has invalid value (84000000)
2023-08-17 23:40:33,934 [INFO] ImportTextPane:194 - (OptionalMessage_ERROR) IP (RCC) : Parameter (RTCHSEDivFreq_Value) has invalid value (4000000)
2023-08-17 23:40:37,536 [INFO] UtilMem:75 - End LoadConfig() Used Memory: 722734648 Bytes (1061158912)
2023-08-17 23:40:37,629 [WARN] ThirdParty:833 - waiting for thirdparty lock release [change project]
2023-08-17 23:40:37,629 [INFO] ThirdParty:835 - entering critical section [change project]
2023-08-17 23:40:37,629 [INFO] ThirdParty:1030 - CMSIS Pack Vendor :STMicroelectronics X-CUBE-ISPU 1.1.0
2023-08-17 23:40:37,629 [INFO] ThirdParty:1030 - CMSIS Pack Vendor :STMicroelectronics X-CUBE-GNSS1 6.0.0
2023-08-17 23:40:37,629 [INFO] ThirdParty:1030 - CMSIS Pack Vendor :STMicroelectronics USB_HOST 2.0.0
2023-08-17 23:40:37,629 [INFO] ThirdParty:1030 - CMSIS Pack Vendor :STMicroelectronics X-CUBE-AZRTOS-F4 1.1.0
2023-08-17 23:40:37,630 [INFO] ThirdParty:1030 - CMSIS Pack Vendor :STMicroelectronics LIBJPEG 8.0.0
2023-08-17 23:40:37,630 [INFO] ThirdParty:1030 - CMSIS Pack Vendor :STMicroelectronics X-CUBE-SMBUS 2.1.0
2023-08-17 23:40:37,630 [INFO] ThirdParty:1030 - CMSIS Pack Vendor :wolfSSL I-CUBE-wolfSSL 5.6.0
2023-08-17 23:40:37,630 [INFO] ThirdParty:1030 - CMSIS Pack Vendor :STMicroelectronics USB_DEVICE 3.0.0
2023-08-17 23:40:37,630 [INFO] ThirdParty:1030 - CMSIS Pack Vendor :STMicroelectronics X-CUBE-AZRTOS-WB 2.0.0
2023-08-17 23:40:37,630 [INFO] ThirdParty:1030 - CMSIS Pack Vendor :STMicroelectronics X-CUBE-FREERTOS 1.0.1
2023-08-17 23:40:37,630 [INFO] ThirdParty:1030 - CMSIS Pack Vendor :STMicroelectronics X-CUBE-AZRTOS-F7 1.1.0
2023-08-17 23:40:37,630 [INFO] ThirdParty:1030 - CMSIS Pack Vendor :STMicroelectronics X-CUBE-AZRTOS-L5 2.0.0
2023-08-17 23:40:37,630 [INFO] ThirdParty:1030 - CMSIS Pack Vendor :STMicroelectronics USB_DEVICE 2.0.0
2023-08-17 23:40:37,630 [INFO] ThirdParty:1030 - CMSIS Pack Vendor :STMicroelectronics X-CUBE-MEMS1 9.6.0
2023-08-17 23:40:37,630 [INFO] ThirdParty:1030 - CMSIS Pack Vendor :STMicroelectronics FP-SNS-MOTENV1 4.3.2
2023-08-17 23:40:37,630 [INFO] ThirdParty:1030 - CMSIS Pack Vendor :STMicroelectronics FP-SNS-FLIGHT1 5.0.1
2023-08-17 23:40:37,630 [INFO] ThirdParty:1030 - CMSIS Pack Vendor :STMicroelectronics X-CUBE-ALGOBUILD 1.3.0
2023-08-17 23:40:37,630 [INFO] ThirdParty:1030 - CMSIS Pack Vendor :STMicroelectronics X-CUBE-BLE1 6.2.4
2023-08-17 23:40:37,630 [INFO] ThirdParty:1030 - CMSIS Pack Vendor :STMicroelectronics X-CUBE-AZRTOS-L5 1.1.0
2023-08-17 23:40:37,630 [INFO] ThirdParty:1030 - CMSIS Pack Vendor :STMicroelectronics FreeRTOS 0.0.1
2023-08-17 23:40:37,630 [INFO] ThirdParty:1030 - CMSIS Pack Vendor :STMicroelectronics X-CUBE-AZRTOS-G0 1.1.0
2023-08-17 23:40:37,630 [INFO] ThirdParty:1030 - CMSIS Pack Vendor :emotas I-CUBE-CANOPEN 1.1.3
2023-08-17 23:40:37,630 [INFO] ThirdParty:1030 - CMSIS Pack Vendor :STMicroelectronics X-CUBE-BLEMGR 2.0.0
2023-08-17 23:40:37,630 [INFO] ThirdParty:1030 - CMSIS Pack Vendor :STMicroelectronics X-CUBE-AI 8.0.1
2023-08-17 23:40:37,630 [INFO] ThirdParty:1030 - CMSIS Pack Vendor :STMicroelectronics X-CUBE-NFC4 3.0.0
2023-08-17 23:40:37,630 [INFO] ThirdParty:1030 - CMSIS Pack Vendor :STMicroelectronics X-CUBE-SUBG2 5.0.0
2023-08-17 23:40:37,630 [INFO] ThirdParty:1030 - CMSIS Pack Vendor :STMicroelectronics STM32_WPAN 1.0.0
2023-08-17 23:40:37,630 [INFO] ThirdParty:1030 - CMSIS Pack Vendor :STMicroelectronics lwIP 2.0.3
2023-08-17 23:40:37,630 [INFO] ThirdParty:1030 - CMSIS Pack Vendor :STMicroelectronics FP-SNS-FLIGHT1 5.0.2
2023-08-17 23:40:37,630 [INFO] ThirdParty:1030 - CMSIS Pack Vendor :STMicroelectronics USB_HOST 1.0.0
2023-08-17 23:40:37,630 [INFO] ThirdParty:1030 - CMSIS Pack Vendor :STMicroelectronics X-CUBE-TOF1 3.3.1
2023-08-17 23:40:37,630 [INFO] ThirdParty:1030 - CMSIS Pack Vendor :STMicroelectronics X-CUBE-AZRTOS-G4 2.0.0
2023-08-17 23:40:37,630 [INFO] ThirdParty:1030 - CMSIS Pack Vendor :STMicroelectronics PDM2PCM 3.1.0
2023-08-17 23:40:37,630 [INFO] ThirdParty:1030 - CMSIS Pack Vendor :STMicroelectronics X-CUBE-AZRTOS-H7 3.1.0
2023-08-17 23:40:37,630 [INFO] ThirdParty:1030 - CMSIS Pack Vendor :STMicroelectronics X-CUBE-TOF1 3.3.0
2023-08-17 23:40:37,630 [INFO] ThirdParty:1030 - CMSIS Pack Vendor :STMicroelectronics PDM2PCM 3.3.0
2023-08-17 23:40:37,630 [INFO] ThirdParty:1030 - CMSIS Pack Vendor :STMicroelectronics X-CUBE-DISPLAY 3.0.0
2023-08-17 23:40:37,630 [INFO] ThirdParty:1030 - CMSIS Pack Vendor :STMicroelectronics X-CUBE-BLE1 7.0.0
2023-08-17 23:40:37,630 [INFO] ThirdParty:1030 - CMSIS Pack Vendor :STMicroelectronics FP-ATR-SIGFOX1 3.2.0
2023-08-17 23:40:37,630 [INFO] ThirdParty:1030 - CMSIS Pack Vendor :STMicroelectronics HAL Drivers 0.0.0
2023-08-17 23:40:37,630 [INFO] ThirdParty:1030 - CMSIS Pack Vendor :STMicroelectronics MBEDTLS 2.16.2
2023-08-17 23:40:37,630 [INFO] ThirdParty:1030 - CMSIS Pack Vendor :STMicroelectronics X-CUBE-TOUCHGFX 4.22.0
2023-08-17 23:40:37,630 [INFO] ThirdParty:1030 - CMSIS Pack Vendor :STMicroelectronics X-CUBE-NFC7 1.0.1
2023-08-17 23:40:37,630 [INFO] ThirdParty:1030 - CMSIS Pack Vendor :STMicroelectronics MBEDTLS 2.14.1
2023-08-17 23:40:37,630 [INFO] ThirdParty:1030 - CMSIS Pack Vendor :STMicroelectronics X-CUBE-EEPRMA1 4.1.0
2023-08-17 23:40:37,631 [INFO] ThirdParty:1030 - CMSIS Pack Vendor :portGmbH I-Cube-SoM-uGOAL 1.1.0
2023-08-17 23:40:37,631 [INFO] ThirdParty:1030 - CMSIS Pack Vendor :STMicroelectronics X-CUBE-ALS 1.0.1
2023-08-17 23:40:37,631 [INFO] ThirdParty:1030 - CMSIS Pack Vendor :STMicroelectronics ThreadX 1.0.0
2023-08-17 23:40:37,631 [INFO] ThirdParty:1030 - CMSIS Pack Vendor :STMicroelectronics X-CUBE-AZRTOS-WB 1.1.0
2023-08-17 23:40:37,631 [INFO] ThirdParty:1030 - CMSIS Pack Vendor :STMicroelectronics X-CUBE-AZRTOS-WL 2.0.0
2023-08-17 23:40:37,631 [INFO] ThirdParty:1030 - CMSIS Pack Vendor :SEGGER I-CUBE-embOS 1.3.1
2023-08-17 23:40:37,631 [INFO] ThirdParty:1030 - CMSIS Pack Vendor :STMicroelectronics USB_DEVICE 1.0.0
2023-08-17 23:40:37,631 [INFO] ThirdParty:1030 - CMSIS Pack Vendor :STMicroelectronics X-CUBE-AI 8.1.0
2023-08-17 23:40:37,631 [INFO] ThirdParty:1030 - CMSIS Pack Vendor :STMicroelectronics X-CUBE-AZRTOS-L4 2.0.0
2023-08-17 23:40:37,631 [INFO] ThirdParty:1030 - CMSIS Pack Vendor :STMicroelectronics ThreadX 0.0.2
2023-08-17 23:40:37,631 [INFO] ThirdParty:1030 - CMSIS Pack Vendor :WES I-CUBE-Cesium 1.3.0
2023-08-17 23:40:37,631 [INFO] ThirdParty:1030 - CMSIS Pack Vendor :STMicroelectronics FP-ATR-ASTRA1 2.0.0
2023-08-17 23:40:37,631 [INFO] ThirdParty:1030 - CMSIS Pack Vendor :STMicroelectronics lwIP 2.1.2
2023-08-17 23:40:37,631 [INFO] ThirdParty:1030 - CMSIS Pack Vendor :STMicroelectronics X-CUBE-SFXS2LP1 4.0.0
2023-08-17 23:40:37,631 [INFO] ThirdParty:1030 - CMSIS Pack Vendor :STMicroelectronics X-CUBE-BLE2 3.3.0
2023-08-17 23:40:37,631 [INFO] ThirdParty:1030 - CMSIS Pack Vendor :STMicroelectronics PDM2PCM 3.2.0
2023-08-17 23:40:37,631 [INFO] ThirdParty:841 - exiting critical section [change project]
2023-08-17 23:40:37,985 [INFO] PinOutPanel:1499 - setPackage(No Configuration,No Configuration)
2023-08-17 23:40:37,992 [INFO] PinOutPanel:1499 - setPackage(STM32F405RGTx,LQFP64)
2023-08-17 23:40:38,801 [INFO] UtilMem:75 - Before build in PCC Used Memory: 722030152 Bytes (1061158912)
2023-08-17 23:40:39,291 [INFO] UtilMem:75 - After build in PCC Used Memory: 726356520 Bytes (1061158912)
2023-08-17 23:40:39,377 [INFO] IPUIPlugin:80 - create IPUIPlugin
2023-08-17 23:40:39,377 [INFO] IPUIPlugin:80 - create IPUIPlugin
2023-08-17 23:40:39,377 [INFO] IPUIPlugin:80 - create IPUIPlugin
2023-08-17 23:40:39,377 [INFO] IPUIPlugin:80 - create IPUIPlugin
2023-08-17 23:40:39,377 [INFO] IPUIPlugin:80 - create IPUIPlugin
2023-08-17 23:40:39,378 [INFO] IPUIPlugin:80 - create IPUIPlugin
2023-08-17 23:40:39,378 [INFO] IPUIPlugin:80 - create IPUIPlugin
2023-08-17 23:40:39,378 [INFO] IPUIPlugin:80 - create IPUIPlugin
2023-08-17 23:40:39,378 [INFO] IPUIPlugin:80 - create IPUIPlugin
2023-08-17 23:40:39,378 [INFO] IPUIPlugin:80 - create IPUIPlugin
2023-08-17 23:40:39,378 [INFO] IPUIPlugin:80 - create IPUIPlugin
2023-08-17 23:40:39,378 [INFO] IPUIPlugin:80 - create IPUIPlugin
2023-08-17 23:40:39,378 [INFO] IPUIPlugin:80 - create IPUIPlugin
2023-08-17 23:40:39,378 [INFO] IPUIPlugin:80 - create IPUIPlugin
2023-08-17 23:40:39,378 [INFO] IPUIPlugin:80 - create IPUIPlugin
2023-08-17 23:40:39,378 [INFO] IPUIPlugin:80 - create IPUIPlugin
2023-08-17 23:40:39,379 [INFO] IPUIPlugin:80 - create IPUIPlugin
2023-08-17 23:40:39,379 [INFO] IPUIPlugin:80 - create IPUIPlugin
2023-08-17 23:40:39,379 [INFO] IPUIPlugin:80 - create IPUIPlugin
2023-08-17 23:40:39,379 [INFO] IPUIPlugin:80 - create IPUIPlugin
2023-08-17 23:40:39,379 [INFO] IPUIPlugin:80 - create IPUIPlugin
2023-08-17 23:40:39,379 [INFO] IPUIPlugin:80 - create IPUIPlugin
2023-08-17 23:40:39,379 [INFO] IPUIPlugin:80 - create IPUIPlugin
2023-08-17 23:40:39,379 [INFO] IPUIPlugin:80 - create IPUIPlugin
2023-08-17 23:40:39,380 [INFO] IPUIPlugin:80 - create IPUIPlugin
2023-08-17 23:40:39,380 [INFO] IPUIPlugin:80 - create IPUIPlugin
2023-08-17 23:40:39,380 [INFO] IPUIPlugin:80 - create IPUIPlugin
2023-08-17 23:40:39,380 [INFO] IPUIPlugin:80 - create IPUIPlugin
2023-08-17 23:40:39,380 [INFO] IPUIPlugin:80 - create IPUIPlugin
2023-08-17 23:40:39,381 [INFO] IPUIPlugin:80 - create IPUIPlugin
2023-08-17 23:40:39,381 [INFO] IPUIPlugin:80 - create IPUIPlugin
2023-08-17 23:40:39,381 [INFO] IPUIPlugin:80 - create IPUIPlugin
2023-08-17 23:40:39,381 [INFO] IPUIPlugin:80 - create IPUIPlugin
2023-08-17 23:40:39,381 [INFO] IPUIPlugin:80 - create IPUIPlugin
2023-08-17 23:40:39,381 [INFO] IPUIPlugin:80 - create IPUIPlugin
2023-08-17 23:40:39,382 [INFO] IPUIPlugin:80 - create IPUIPlugin
2023-08-17 23:40:39,382 [INFO] IPUIPlugin:80 - create IPUIPlugin
2023-08-17 23:40:39,382 [INFO] IPUIPlugin:80 - create IPUIPlugin
2023-08-17 23:40:39,382 [INFO] IPUIPlugin:80 - create IPUIPlugin
2023-08-17 23:40:39,382 [INFO] IPUIPlugin:80 - create IPUIPlugin
2023-08-17 23:40:39,382 [INFO] IPUIPlugin:80 - create IPUIPlugin
2023-08-17 23:40:39,383 [INFO] IPUIPlugin:80 - create IPUIPlugin
2023-08-17 23:40:39,383 [INFO] IPUIPlugin:80 - create IPUIPlugin
2023-08-17 23:40:39,383 [INFO] IPUIPlugin:80 - create IPUIPlugin
2023-08-17 23:40:39,383 [INFO] IPUIPlugin:80 - create IPUIPlugin
2023-08-17 23:40:39,383 [INFO] IPUIPlugin:80 - create IPUIPlugin
2023-08-17 23:40:39,384 [INFO] IPUIPlugin:80 - create IPUIPlugin
2023-08-17 23:40:39,384 [INFO] IPUIPlugin:80 - create IPUIPlugin
2023-08-17 23:40:39,384 [INFO] IPUIPlugin:80 - create IPUIPlugin
2023-08-17 23:40:39,384 [INFO] IPUIPlugin:80 - create IPUIPlugin
2023-08-17 23:40:39,384 [INFO] IPUIPlugin:80 - create IPUIPlugin
2023-08-17 23:40:39,385 [INFO] IPUIPlugin:80 - create IPUIPlugin
2023-08-17 23:40:39,385 [INFO] IPUIPlugin:80 - create IPUIPlugin
2023-08-17 23:40:39,385 [INFO] IPUIPlugin:80 - create IPUIPlugin
2023-08-17 23:40:39,445 [INFO] ApiDbMcu:507 - Load IP Config File for PDM2PCM
2023-08-17 23:40:39,574 [INFO] CADModel:165 - CPN selected for project levelSTM32F405RGT6
2023-08-17 23:40:39,574 [INFO] CADModel:114 - Register for checkConnection events
2023-08-17 23:40:39,631 [INFO] OpenFileManager:328 - Restore cursor
2023-08-17 23:40:57,376 [INFO] Activator:176 - 


2023-08-17 23:40:57,378 [INFO] Activator:177 - !SESSION log4j initialized
2023-08-17 23:41:03,492 [INFO] LogOutputStream:77 - [STDOUT_REDIRECT] 
2023-08-17 23:41:11,094 [INFO] ApplicationProperties:184 - Using Application install path: C:\ST\STM32CubeIDE_1.12.1\STM32CubeIDE\plugins\com.st.stm32cube.common.mx_6.8.1.202304191431
2023-08-17 23:41:11,117 [INFO] DbMcusXml:78 - Set database path to: C:\ST\STM32CubeIDE_1.12.1\STM32CubeIDE\plugins\com.st.stm32cube.common.mx_6.8.1.202304191431\\db\/mcu/
2023-08-17 23:41:11,118 [INFO] ApiDb:274 - Set plugin database path to: C:\ST\STM32CubeIDE_1.12.1\STM32CubeIDE\plugins\com.st.stm32cube.common.mx_6.8.1.202304191431\\db\/plugins/boardmanager/
2023-08-17 23:41:11,122 [WARN] ApiDb:259 - Overriding images path with different value:  => C:\ST\STM32CubeIDE_1.12.1\STM32CubeIDE\plugins\com.st.stm32cube.common.mx_6.8.1.202304191431\\db\/plugins/mcufinder/images/
2023-08-17 23:41:11,141 [INFO] ApiDb:250 - Set database path to: C:\Users\hyeon\.stmcufinder\plugins\mcufinder//mcu/
2023-08-17 23:41:11,142 [INFO] DbMcusAds:125 - Set database path to: C:\Users\hyeon\.stmcufinder\plugins\mcufinder//mcu/
2023-08-17 23:41:11,144 [INFO] CrossReferenceDbSqlite:203 - Set database path to: C:\Users\hyeon\.stmcufinder\plugins\mcufinder//mcu/cs/
2023-08-17 23:41:11,256 [INFO] RulesReader:64 - Compatibility file has been processed (293 Rules)
2023-08-17 23:41:11,413 [INFO] DbMcusXml:78 - Set database path to: C:\ST\STM32CubeIDE_1.12.1\STM32CubeIDE\plugins\com.st.stm32cube.common.mx_6.8.1.202304191431\\db\/mcu/
2023-08-17 23:41:11,413 [INFO] ApiDb:274 - Set plugin database path to: C:\ST\STM32CubeIDE_1.12.1\STM32CubeIDE\plugins\com.st.stm32cube.common.mx_6.8.1.202304191431\\db\/plugins/boardmanager/
2023-08-17 23:41:11,413 [INFO] ApiDb:261 - Set plugin images path to: C:\ST\STM32CubeIDE_1.12.1\STM32CubeIDE\plugins\com.st.stm32cube.common.mx_6.8.1.202304191431\\db\/plugins/mcufinder/images/
2023-08-17 23:41:11,414 [WARN] DbFile:41 - Overriding database path with different value: C:\Users\hyeon\.stmcufinder\plugins\mcufinder/ => C:\Users\hyeon\.stmcufinder\plugins\mcufinder
2023-08-17 23:41:11,414 [INFO] ApiDb:250 - Set database path to: C:\Users\hyeon\.stmcufinder\plugins\mcufinder//mcu/
2023-08-17 23:41:11,414 [WARN] DbFile:41 - Overriding database path with different value: C:\Users\hyeon\.stmcufinder\plugins\mcufinder/ => C:\Users\hyeon\.stmcufinder\plugins\mcufinder
2023-08-17 23:41:11,414 [INFO] DbMcusAds:125 - Set database path to: C:\Users\hyeon\.stmcufinder\plugins\mcufinder//mcu/
2023-08-17 23:41:11,414 [WARN] DbFile:41 - Overriding database path with different value: C:\Users\hyeon\.stmcufinder\plugins\mcufinder/ => C:\Users\hyeon\.stmcufinder\plugins\mcufinder
2023-08-17 23:41:11,414 [WARN] DbFile:41 - Overriding database path with different value: C:\Users\hyeon\.stmcufinder\plugins\mcufinder/ => C:\Users\hyeon\.stmcufinder\plugins\mcufinder
2023-08-17 23:41:11,414 [INFO] CrossReferenceDbSqlite:203 - Set database path to: C:\Users\hyeon\.stmcufinder\plugins\mcufinder//mcu/cs/
2023-08-17 23:41:11,492 [INFO] MainPanel:253 - HeapMemory: 268435456
2023-08-17 23:41:11,592 [INFO] DbMcusXml:78 - Set database path to: C:\ST\STM32CubeIDE_1.12.1\STM32CubeIDE\plugins\com.st.stm32cube.common.mx_6.8.1.202304191431\\db\/mcu/
2023-08-17 23:41:11,593 [INFO] ApiDb:274 - Set plugin database path to: C:\ST\STM32CubeIDE_1.12.1\STM32CubeIDE\plugins\com.st.stm32cube.common.mx_6.8.1.202304191431\\db\/plugins/boardmanager/
2023-08-17 23:41:11,593 [INFO] ApiDb:261 - Set plugin images path to: C:\ST\STM32CubeIDE_1.12.1\STM32CubeIDE\plugins\com.st.stm32cube.common.mx_6.8.1.202304191431\\db\/plugins/mcufinder/images/
2023-08-17 23:41:11,593 [WARN] DbFile:41 - Overriding database path with different value: C:\Users\hyeon\.stmcufinder\plugins\mcufinder/ => C:\Users\hyeon\.stmcufinder\plugins\mcufinder
2023-08-17 23:41:11,594 [INFO] ApiDb:250 - Set database path to: C:\Users\hyeon\.stmcufinder\plugins\mcufinder//mcu/
2023-08-17 23:41:11,594 [WARN] DbFile:41 - Overriding database path with different value: C:\Users\hyeon\.stmcufinder\plugins\mcufinder/ => C:\Users\hyeon\.stmcufinder\plugins\mcufinder
2023-08-17 23:41:11,594 [INFO] DbMcusAds:125 - Set database path to: C:\Users\hyeon\.stmcufinder\plugins\mcufinder//mcu/
2023-08-17 23:41:11,594 [WARN] DbFile:41 - Overriding database path with different value: C:\Users\hyeon\.stmcufinder\plugins\mcufinder/ => C:\Users\hyeon\.stmcufinder\plugins\mcufinder
2023-08-17 23:41:11,594 [WARN] DbFile:41 - Overriding database path with different value: C:\Users\hyeon\.stmcufinder\plugins\mcufinder/ => C:\Users\hyeon\.stmcufinder\plugins\mcufinder
2023-08-17 23:41:11,594 [INFO] CrossReferenceDbSqlite:203 - Set database path to: C:\Users\hyeon\.stmcufinder\plugins\mcufinder//mcu/cs/
2023-08-17 23:41:11,614 [INFO] ApplicationProperties:184 - Using Application install path: C:\ST\STM32CubeIDE_1.12.1\STM32CubeIDE\plugins\com.st.stm32cube.common.mx_6.8.1.202304191431
2023-08-17 23:41:11,616 [INFO] PluginManage:196 - Search for loadable plugins [exclusion list=, ]
2023-08-17 23:41:11,616 [INFO] PluginManage:310 - Check plugin analytics
2023-08-17 23:41:11,804 [INFO] AnalyticsPlugin:253 - Accepted Software Licenses: 
2023-08-17 23:41:11,804 [INFO] AnalyticsPlugin:255 - Accepted CMSIS Pack Licenses: 
2023-08-17 23:41:11,805 [INFO] AnalyticsPlugin:257 - Accepted Firmware Licenses: FW.F4.1.27.0,FW.F7.1.17.0
2023-08-17 23:41:11,821 [INFO] PluginManage:359 - Loaded plugin analytics (category:tool,tabindex:-1)
2023-08-17 23:41:11,821 [INFO] PluginManage:310 - Check plugin cadmodel
2023-08-17 23:41:11,834 [INFO] CADModel:105 - Init CAD model plugin
2023-08-17 23:41:11,835 [INFO] PluginManage:359 - Loaded plugin cadmodel (category:power,tabindex:5)
2023-08-17 23:41:11,835 [INFO] PluginManage:310 - Check plugin clock
2023-08-17 23:41:11,855 [INFO] PluginManage:359 - Loaded plugin clock (category:base,tabindex:2)
2023-08-17 23:41:11,856 [INFO] PluginManage:310 - Check plugin ddr
2023-08-17 23:41:11,861 [INFO] PluginManage:359 - Loaded plugin ddr (category:tool,tabindex:6)
2023-08-17 23:41:11,861 [INFO] PluginManage:310 - Check plugin filemanager
2023-08-17 23:41:12,009 [INFO] PluginManage:359 - Loaded plugin filemanager (category:base,tabindex:10)
2023-08-17 23:41:12,010 [INFO] PluginManage:310 - Check plugin ipmanager
2023-08-17 23:41:12,019 [INFO] PluginManage:359 - Loaded plugin ipmanager (category:base,tabindex:5)
2023-08-17 23:41:12,019 [INFO] PluginManage:310 - Check plugin lpbam
2023-08-17 23:41:12,034 [INFO] PluginManage:359 - Loaded plugin lpbam (category:base,tabindex:0)
2023-08-17 23:41:12,034 [INFO] PluginManage:310 - Check plugin pinoutandconfiguration
2023-08-17 23:41:12,052 [INFO] PluginManage:359 - Loaded plugin pinoutandconfiguration (category:base,tabindex:1)
2023-08-17 23:41:12,052 [INFO] PluginManage:310 - Check plugin pinoutconfig
2023-08-17 23:41:12,152 [WARN] SupportedApi:132 - Cannot load RTOS API schema: s4s-elt-must-match.1: The content of 'definitions' must match (annotation?, (simpleType | complexType)?, (unique | key | keyref)*)). A problem was found starting at: attribute.
2023-08-17 23:41:12,292 [INFO] PluginManage:359 - Loaded plugin pinoutconfig (category:base,tabindex:0)
2023-08-17 23:41:12,292 [INFO] PluginManage:310 - Check plugin power
2023-08-17 23:41:12,318 [INFO] PluginManage:359 - Loaded plugin power (category:power,tabindex:4)
2023-08-17 23:41:12,318 [INFO] PluginManage:310 - Check plugin projectmanager
2023-08-17 23:41:12,351 [INFO] PluginManage:359 - Loaded plugin projectmanager (category:projectmanager,tabindex:3)
2023-08-17 23:41:12,351 [INFO] PluginManage:310 - Check plugin thirdparty
2023-08-17 23:41:12,587 [INFO] PluginManage:359 - Loaded plugin thirdparty (category:base,tabindex:-1)
2023-08-17 23:41:12,587 [INFO] PluginManage:310 - Check plugin tools
2023-08-17 23:41:12,587 [WARN] IntegrityCheckThread:84 - waiting for thirdparty lock release [integrity check]
2023-08-17 23:41:12,587 [INFO] IntegrityCheckThread:86 - entering critical section [integrity check]
2023-08-17 23:41:12,588 [INFO] ThirdPartyUpdaterWithRetryManager:70 - Updater plugin not ready yet. [1/15]
2023-08-17 23:41:12,612 [INFO] PluginManage:359 - Loaded plugin tools (category:base,tabindex:7)
2023-08-17 23:41:12,612 [INFO] PluginManage:310 - Check plugin tutovideos
2023-08-17 23:41:12,833 [INFO] PluginManage:359 - Loaded plugin tutovideos (category:base,tabindex:-1)
2023-08-17 23:41:12,833 [INFO] PluginManage:310 - Check plugin updater
2023-08-17 23:41:12,852 [INFO] PluginManage:359 - Loaded plugin updater (category:base,tabindex:12)
2023-08-17 23:41:12,852 [INFO] PluginManage:283 - PluginManage : Loaded plugins [15]
2023-08-17 23:41:13,144 [INFO] PinOutPanel:1499 - setPackage(No Configuration,No Configuration)
2023-08-17 23:41:13,202 [INFO] CADModel:165 - CPN selected for project level
2023-08-17 23:41:13,202 [INFO] CADModel:114 - Register for checkConnection events
2023-08-17 23:41:13,233 [INFO] IPUIPlugin:80 - create IPUIPlugin
2023-08-17 23:41:13,233 [INFO] PluginManager:220 - loadIPPluginJar : add adc
2023-08-17 23:41:13,264 [INFO] IPUIPlugin:80 - create IPUIPlugin
2023-08-17 23:41:13,264 [INFO] PluginManager:220 - loadIPPluginJar : add aes
2023-08-17 23:41:13,297 [INFO] IPUIPlugin:80 - create IPUIPlugin
2023-08-17 23:41:13,297 [INFO] PluginManager:220 - loadIPPluginJar : add can
2023-08-17 23:41:13,315 [INFO] IPUIPlugin:80 - create IPUIPlugin
2023-08-17 23:41:13,315 [INFO] PluginManager:220 - loadIPPluginJar : add comp
2023-08-17 23:41:13,344 [INFO] IPUIPlugin:80 - create IPUIPlugin
2023-08-17 23:41:13,344 [INFO] PluginManager:220 - loadIPPluginJar : add cryp
2023-08-17 23:41:13,368 [INFO] IPUIPlugin:80 - create IPUIPlugin
2023-08-17 23:41:13,368 [INFO] PluginManager:220 - loadIPPluginJar : add dfsdm
2023-08-17 23:41:13,382 [INFO] IPUIPlugin:80 - create IPUIPlugin
2023-08-17 23:41:13,382 [INFO] PluginManager:220 - loadIPPluginJar : add dma
2023-08-17 23:41:13,418 [INFO] IPUIPlugin:80 - create IPUIPlugin
2023-08-17 23:41:13,418 [INFO] PluginManager:220 - loadIPPluginJar : add dma3
2023-08-17 23:41:13,433 [INFO] IPUIPlugin:80 - create IPUIPlugin
2023-08-17 23:41:13,433 [INFO] PluginManager:220 - loadIPPluginJar : add fatfs
2023-08-17 23:41:13,470 [INFO] IPUIPlugin:80 - create IPUIPlugin
2023-08-17 23:41:13,470 [INFO] PluginManager:220 - loadIPPluginJar : add fmc
2023-08-17 23:41:13,485 [INFO] IPUIPlugin:80 - create IPUIPlugin
2023-08-17 23:41:13,485 [INFO] PluginManager:220 - loadIPPluginJar : add freertos
2023-08-17 23:41:13,503 [INFO] IPUIPlugin:80 - create IPUIPlugin
2023-08-17 23:41:13,503 [INFO] PluginManager:220 - loadIPPluginJar : add genericplugin
2023-08-17 23:41:13,575 [INFO] IPUIPlugin:80 - create IPUIPlugin
2023-08-17 23:41:13,575 [INFO] PluginManager:220 - loadIPPluginJar : add gfxmmu
2023-08-17 23:41:13,676 [INFO] IPUIPlugin:80 - create IPUIPlugin
2023-08-17 23:41:13,677 [INFO] PluginManager:220 - loadIPPluginJar : add gic
2023-08-17 23:41:13,688 [INFO] IPUIPlugin:80 - create IPUIPlugin
2023-08-17 23:41:13,688 [INFO] PluginManager:220 - loadIPPluginJar : add gpio
2023-08-17 23:41:13,761 [INFO] IPUIPlugin:80 - create IPUIPlugin
2023-08-17 23:41:13,761 [INFO] PluginManager:220 - loadIPPluginJar : add gtzc
2023-08-17 23:41:13,788 [INFO] IPUIPlugin:80 - create IPUIPlugin
2023-08-17 23:41:13,788 [INFO] PluginManager:220 - loadIPPluginJar : add hash
2023-08-17 23:41:13,829 [INFO] IPUIPlugin:80 - create IPUIPlugin
2023-08-17 23:41:13,829 [INFO] PluginManager:220 - loadIPPluginJar : add i2c
2023-08-17 23:41:13,861 [INFO] IPUIPlugin:80 - create IPUIPlugin
2023-08-17 23:41:13,861 [INFO] PluginManager:220 - loadIPPluginJar : add i2s
2023-08-17 23:41:13,894 [INFO] IPUIPlugin:80 - create IPUIPlugin
2023-08-17 23:41:13,894 [INFO] PluginManager:220 - loadIPPluginJar : add i3c
2023-08-17 23:41:13,980 [INFO] IPUIPlugin:80 - create IPUIPlugin
2023-08-17 23:41:13,980 [INFO] PluginManager:220 - loadIPPluginJar : add ipddr
2023-08-17 23:41:14,151 [INFO] IPUIPlugin:80 - create IPUIPlugin
2023-08-17 23:41:14,151 [INFO] PluginManager:220 - loadIPPluginJar : add linkedlist
2023-08-17 23:41:14,179 [INFO] IPUIPlugin:80 - create IPUIPlugin
2023-08-17 23:41:14,179 [INFO] PluginManager:220 - loadIPPluginJar : add lorawan
2023-08-17 23:41:14,208 [INFO] IPUIPlugin:80 - create IPUIPlugin
2023-08-17 23:41:14,208 [INFO] PluginManager:220 - loadIPPluginJar : add ltdc
2023-08-17 23:41:14,219 [INFO] IPUIPlugin:80 - create IPUIPlugin
2023-08-17 23:41:14,220 [INFO] PluginManager:220 - loadIPPluginJar : add mdma
2023-08-17 23:41:14,230 [INFO] IPUIPlugin:80 - create IPUIPlugin
2023-08-17 23:41:14,230 [INFO] PluginManager:220 - loadIPPluginJar : add nvic
2023-08-17 23:41:14,260 [INFO] IPUIPlugin:80 - create IPUIPlugin
2023-08-17 23:41:14,260 [INFO] PluginManager:220 - loadIPPluginJar : add opamp
2023-08-17 23:41:14,306 [INFO] IPUIPlugin:80 - create IPUIPlugin
2023-08-17 23:41:14,306 [INFO] PluginManager:220 - loadIPPluginJar : add openamp
2023-08-17 23:41:14,342 [INFO] IPUIPlugin:80 - create IPUIPlugin
2023-08-17 23:41:14,342 [INFO] PluginManager:220 - loadIPPluginJar : add pdm2pcm
2023-08-17 23:41:14,355 [INFO] IPUIPlugin:80 - create IPUIPlugin
2023-08-17 23:41:14,358 [INFO] PluginManager:220 - loadIPPluginJar : add plateformsettings
2023-08-17 23:41:14,376 [INFO] IPUIPlugin:80 - create IPUIPlugin
2023-08-17 23:41:14,376 [INFO] PluginManager:220 - loadIPPluginJar : add quadspi
2023-08-17 23:41:14,387 [INFO] IPUIPlugin:80 - create IPUIPlugin
2023-08-17 23:41:14,387 [INFO] PluginManager:220 - loadIPPluginJar : add resmgrutility
2023-08-17 23:41:14,428 [INFO] IPUIPlugin:80 - create IPUIPlugin
2023-08-17 23:41:14,428 [INFO] PluginManager:220 - loadIPPluginJar : add sai
2023-08-17 23:41:14,460 [INFO] IPUIPlugin:80 - create IPUIPlugin
2023-08-17 23:41:14,460 [INFO] PluginManager:220 - loadIPPluginJar : add spi
2023-08-17 23:41:14,508 [INFO] IPUIPlugin:80 - create IPUIPlugin
2023-08-17 23:41:14,508 [INFO] PluginManager:220 - loadIPPluginJar : add stm32_wpan
2023-08-17 23:41:14,526 [INFO] IPUIPlugin:80 - create IPUIPlugin
2023-08-17 23:41:14,526 [INFO] PluginManager:220 - loadIPPluginJar : add tim
2023-08-17 23:41:14,569 [INFO] IPUIPlugin:80 - create IPUIPlugin
2023-08-17 23:41:14,569 [INFO] PluginManager:220 - loadIPPluginJar : add touchsensing
2023-08-17 23:41:14,589 [INFO] IPUIPlugin:80 - create IPUIPlugin
2023-08-17 23:41:14,589 [INFO] PluginManager:220 - loadIPPluginJar : add tracer_emb
2023-08-17 23:41:14,608 [INFO] IPUIPlugin:80 - create IPUIPlugin
2023-08-17 23:41:14,608 [INFO] PluginManager:220 - loadIPPluginJar : add ts
2023-08-17 23:41:14,625 [INFO] IPUIPlugin:80 - create IPUIPlugin
2023-08-17 23:41:14,625 [INFO] PluginManager:220 - loadIPPluginJar : add tsc
2023-08-17 23:41:14,644 [INFO] IPUIPlugin:80 - create IPUIPlugin
2023-08-17 23:41:14,644 [INFO] PluginManager:220 - loadIPPluginJar : add ucpd
2023-08-17 23:41:14,679 [INFO] IPUIPlugin:80 - create IPUIPlugin
2023-08-17 23:41:14,679 [INFO] PluginManager:220 - loadIPPluginJar : add usart
2023-08-17 23:41:14,713 [INFO] IPUIPlugin:80 - create IPUIPlugin
2023-08-17 23:41:14,713 [INFO] PluginManager:220 - loadIPPluginJar : add usbx
2023-08-17 23:41:14,838 [INFO] CADModel:165 - CPN selected for project level
2023-08-17 23:41:14,838 [INFO] CADModel:114 - Register for checkConnection events
2023-08-17 23:41:14,838 [FATAL] Updater:308 - Updater called before beeing initialized
2023-08-17 23:41:14,839 [ERROR] CADModel:125 - Updater not yet initialized, retry later 
2023-08-17 23:41:14,986 [INFO] CADModel:165 - CPN selected for project level
2023-08-17 23:41:14,986 [INFO] CADModel:114 - Register for checkConnection events
2023-08-17 23:41:14,986 [FATAL] Updater:308 - Updater called before beeing initialized
2023-08-17 23:41:14,986 [ERROR] CADModel:125 - Updater not yet initialized, retry later 
2023-08-17 23:41:14,990 [FATAL] Updater:308 - Updater called before beeing initialized
2023-08-17 23:41:15,131 [FATAL] Updater:308 - Updater called before beeing initialized
2023-08-17 23:41:15,144 [INFO] DbMcusAds:53 - JSON generation date=Tue Mar 07 17:50:55 KST 2023 (1678179055114)
2023-08-17 23:41:15,144 [FATAL] Updater:308 - Updater called before beeing initialized
2023-08-17 23:41:15,219 [WARN] DetailPanel:346 - Failed to get advertising image, set to default
2023-08-17 23:41:15,320 [FATAL] Updater:308 - Updater called before beeing initialized
2023-08-17 23:41:15,322 [FATAL] Updater:308 - Updater called before beeing initialized
2023-08-17 23:41:15,322 [FATAL] Updater:308 - Updater called before beeing initialized
2023-08-17 23:41:15,322 [WARN] DetailPanel:346 - Failed to get advertising image, set to default
2023-08-17 23:41:15,323 [FATAL] Updater:308 - Updater called before beeing initialized
2023-08-17 23:41:15,386 [ERROR] Updater:1120 - MainUpdater not yet initialized. External WinMGr cannot be set.
2023-08-17 23:41:15,394 [INFO] Updater:1056 - Updater Version found : 6.8.1
2023-08-17 23:41:15,411 [INFO] ApplicationProperties:184 - Using Application install path: C:\ST\STM32CubeIDE_1.12.1\STM32CubeIDE\plugins\com.st.stm32cube.common.mx_6.8.1.202304191431
2023-08-17 23:41:15,601 [INFO] ThirdPartyUpdaterWithRetryManager:70 - Updater plugin not ready yet. [2/15]
2023-08-17 23:41:15,639 [INFO] MainUpdater:2854 - connection check result : 10
2023-08-17 23:41:15,642 [INFO] MainUpdater:283 - Updater Check For Update Now.
2023-08-17 23:41:15,642 [INFO] MicroXplorer:498 - Change Database Version : DB.6.0.81
2023-08-17 23:41:15,846 [INFO] CheckServerUpdateThread:120 - End of CheckServer Thread
2023-08-17 23:41:15,869 [INFO] MainUpdater:2854 - connection check result : 10
2023-08-17 23:41:15,888 [INFO] MainUpdater:2854 - connection check result : 10
2023-08-17 23:41:16,042 [INFO] MicroXplorer:468 - Change Database Path : 
2023-08-17 23:41:16,042 [INFO] MicroXplorer:498 - Change Database Version : DB.6.0.81
2023-08-17 23:41:16,043 [WARN] ThirdParty:871 - waiting for thirdparty lock release [close project]
2023-08-17 23:41:18,874 [WARN] PackLoader:240 - Cannot read IP mode file for STMicroelectronics.X-CUBE-SMBUS.2.1.0
2023-08-17 23:41:18,915 [WARN] PackLoader:240 - Cannot read IP mode file for STMicroelectronics.X-CUBE-AZRTOS-F7.1.1.0
2023-08-17 23:41:18,929 [WARN] PackLoader:240 - Cannot read IP mode file for STMicroelectronics.FP-SNS-MOTENV1.4.3.2
2023-08-17 23:41:18,942 [WARN] PackLoader:240 - Cannot read IP mode file for STMicroelectronics.FP-SNS-FLIGHT1.5.0.1
2023-08-17 23:41:18,956 [WARN] PackLoader:240 - Cannot read IP mode file for STMicroelectronics.X-CUBE-BLE1.6.2.4
2023-08-17 23:41:18,967 [WARN] PackLoader:240 - Cannot read IP mode file for STMicroelectronics.FP-SNS-FLIGHT1.5.0.2
2023-08-17 23:41:18,984 [WARN] PackLoader:240 - Cannot read IP mode file for STMicroelectronics.X-CUBE-DISPLAY.3.0.0
2023-08-17 23:41:18,998 [WARN] PackLoader:240 - Cannot read IP mode file for STMicroelectronics.X-CUBE-BLE1.7.0.0
2023-08-17 23:41:19,014 [WARN] PackLoader:240 - Cannot read IP mode file for STMicroelectronics.X-CUBE-TOUCHGFX.4.22.0
2023-08-17 23:41:19,043 [INFO] LogOutputStream:77 - [STDOUT_REDIRECT] 1 : Invalid condition id : UX_CORESTACK_Condition cause : null
2023-08-17 23:41:19,045 [INFO] LogOutputStream:77 - [STDOUT_REDIRECT] 1 : Invalid condition id : UX_CORESTACK_Condition cause : null
2023-08-17 23:41:19,046 [INFO] LogOutputStream:77 - [STDOUT_REDIRECT] 1 : Invalid condition id : UX_CORESTACK_Condition cause : null
2023-08-17 23:41:19,048 [INFO] LogOutputStream:77 - [STDOUT_REDIRECT] 1 : Invalid condition id : UX_CORESTACK_Condition cause : null
2023-08-17 23:41:19,049 [INFO] LogOutputStream:77 - [STDOUT_REDIRECT] 1 : Invalid condition id : UX_CORESTACK_Condition cause : null
2023-08-17 23:41:19,053 [WARN] PackLoader:240 - Cannot read IP mode file for STMicroelectronics.X-CUBE-AZRTOS-WL.2.0.0
2023-08-17 23:41:19,085 [WARN] PackLoader:240 - Cannot read IP mode file for WES.I-CUBE-Cesium.1.3.0
2023-08-17 23:41:19,098 [WARN] PackLoader:240 - Cannot read IP mode file for STMicroelectronics.X-CUBE-BLE2.3.3.0
2023-08-17 23:41:19,111 [WARN] PackLoader:240 - Cannot read IP mode file for STMicroelectronics.X-CUBE-ALGOBUILD.1.3.0
2023-08-17 23:41:19,142 [WARN] PackLoader:240 - Cannot read IP mode file for STMicroelectronics.X-CUBE-AZRTOS-G0.1.1.0
2023-08-17 23:41:19,154 [WARN] PackLoader:240 - Cannot read IP mode file for STMicroelectronics.X-CUBE-NFC4.3.0.0
2023-08-17 23:41:19,164 [WARN] PackLoader:240 - Cannot read IP mode file for STMicroelectronics.FP-ATR-SIGFOX1.3.2.0
2023-08-17 23:41:19,198 [WARN] PackLoader:240 - Cannot read IP mode file for SEGGER.I-CUBE-embOS.1.3.1
2023-08-17 23:41:19,243 [WARN] PackLoader:240 - Cannot read IP mode file for STMicroelectronics.X-CUBE-GNSS1.6.0.0
2023-08-17 23:41:19,274 [WARN] PackLoader:240 - Cannot read IP mode file for STMicroelectronics.X-CUBE-AZRTOS-F4.1.1.0
2023-08-17 23:41:19,286 [WARN] PackLoader:240 - Cannot read IP mode file for wolfSSL.I-CUBE-wolfSSL.5.6.0
2023-08-17 23:41:19,312 [WARN] PackLoader:240 - Cannot read IP mode file for STMicroelectronics.X-CUBE-AZRTOS-L5.2.0.0
2023-08-17 23:41:19,362 [WARN] PackLoader:240 - Cannot read IP mode file for STMicroelectronics.X-CUBE-MEMS1.9.6.0
2023-08-17 23:41:19,497 [WARN] PackLoader:240 - Cannot read IP mode file for emotas.I-CUBE-CANOPEN.1.1.3
2023-08-17 23:41:19,511 [WARN] PackLoader:240 - Cannot read IP mode file for STMicroelectronics.X-CUBE-BLEMGR.2.0.0
2023-08-17 23:41:19,534 [WARN] ConditionMgr:438 - getConditionDescription Invalid condition id : UX DEVICE CLASS RTOS Condition cause : null
2023-08-17 23:41:19,534 [WARN] ConditionMgr:438 - getConditionDescription Invalid condition id : UX DEVICE CLASS RTOS Condition cause : null
2023-08-17 23:41:19,536 [WARN] PackLoader:240 - Cannot read IP mode file for STMicroelectronics.X-CUBE-AZRTOS-H7.3.1.0
2023-08-17 23:41:19,537 [WARN] ConditionMgr:1039 - genDependencies : Invalid condition id : UX DEVICE CLASS RTOS Condition cause : null
2023-08-17 23:41:19,537 [WARN] ConditionMgr:1039 - genDependencies : Invalid condition id : UX DEVICE CLASS RTOS Condition cause : null
2023-08-17 23:41:19,537 [WARN] ConditionMgr:1039 - genDependencies : Invalid condition id : UX DEVICE CLASS RTOS Condition cause : null
2023-08-17 23:41:19,538 [WARN] ConditionMgr:1039 - genDependencies : Invalid condition id : UX DEVICE CLASS RTOS Condition cause : null
2023-08-17 23:41:19,538 [WARN] ConditionMgr:1039 - genDependencies : Invalid condition id : UX DEVICE CLASS RTOS Condition cause : null
2023-08-17 23:41:19,552 [WARN] PackLoader:240 - Cannot read IP mode file for STMicroelectronics.X-CUBE-NFC7.1.0.1
2023-08-17 23:41:19,563 [WARN] PackLoader:240 - Cannot read IP mode file for STMicroelectronics.X-CUBE-EEPRMA1.4.1.0
2023-08-17 23:41:19,573 [WARN] PackLoader:240 - Cannot read IP mode file for STMicroelectronics.X-CUBE-AI.8.1.0
2023-08-17 23:41:19,603 [WARN] ConditionMgr:438 - getConditionDescription Invalid condition id : LAN8742 Phy interface Condition cause : null
2023-08-17 23:41:19,603 [WARN] PackLoader:240 - Cannot read IP mode file for STMicroelectronics.X-CUBE-AZRTOS-L4.2.0.0
2023-08-17 23:41:19,604 [WARN] ConditionMgr:1039 - genDependencies : Invalid condition id : LAN8742 Phy interface Condition cause : null
2023-08-17 23:41:19,605 [WARN] ConditionMgr:1039 - genDependencies : Invalid condition id : LAN8742 Phy interface Condition cause : null
2023-08-17 23:41:19,608 [WARN] ConditionMgr:1039 - genDependencies : Invalid condition id : LAN8742 Phy interface Condition cause : null
2023-08-17 23:41:19,623 [WARN] PackLoader:240 - Cannot read IP mode file for STMicroelectronics.X-CUBE-SFXS2LP1.4.0.0
2023-08-17 23:41:19,634 [WARN] PackLoader:240 - Cannot read IP mode file for STMicroelectronics.X-CUBE-ISPU.1.1.0
2023-08-17 23:41:19,654 [WARN] ConditionMgr:438 - getConditionDescription Invalid condition id : UX DEVICE CLASS RTOS Condition cause : null
2023-08-17 23:41:19,654 [WARN] ConditionMgr:438 - getConditionDescription Invalid condition id : UX DEVICE CLASS RTOS Condition cause : null
2023-08-17 23:41:19,655 [WARN] PackLoader:240 - Cannot read IP mode file for STMicroelectronics.X-CUBE-AZRTOS-WB.2.0.0
2023-08-17 23:41:19,656 [WARN] ConditionMgr:1039 - genDependencies : Invalid condition id : UX DEVICE CLASS RTOS Condition cause : null
2023-08-17 23:41:19,656 [WARN] ConditionMgr:1039 - genDependencies : Invalid condition id : UX DEVICE CLASS RTOS Condition cause : null
2023-08-17 23:41:19,656 [WARN] ConditionMgr:1039 - genDependencies : Invalid condition id : UX DEVICE CLASS RTOS Condition cause : null
2023-08-17 23:41:19,656 [WARN] ConditionMgr:1039 - genDependencies : Invalid condition id : UX DEVICE CLASS RTOS Condition cause : null
2023-08-17 23:41:19,656 [WARN] ConditionMgr:1039 - genDependencies : Invalid condition id : UX DEVICE CLASS RTOS Condition cause : null
2023-08-17 23:41:19,665 [WARN] PackLoader:240 - Cannot read IP mode file for STMicroelectronics.X-CUBE-FREERTOS.1.0.1
2023-08-17 23:41:19,685 [WARN] PackLoader:240 - Cannot read IP mode file for STMicroelectronics.X-CUBE-AZRTOS-L5.1.1.0
2023-08-17 23:41:19,695 [WARN] PackLoader:240 - Cannot read IP mode file for STMicroelectronics.X-CUBE-AI.8.0.1
2023-08-17 23:41:19,713 [WARN] PackLoader:240 - Cannot read IP mode file for STMicroelectronics.X-CUBE-SUBG2.5.0.0
2023-08-17 23:41:19,733 [WARN] PackLoader:240 - Cannot read IP mode file for STMicroelectronics.X-CUBE-TOF1.3.3.1
2023-08-17 23:41:19,763 [WARN] PackLoader:240 - Cannot read IP mode file for STMicroelectronics.X-CUBE-AZRTOS-G4.2.0.0
2023-08-17 23:41:19,780 [WARN] PackLoader:240 - Cannot read IP mode file for STMicroelectronics.X-CUBE-TOF1.3.3.0
2023-08-17 23:41:19,798 [WARN] PackLoader:240 - Cannot read IP mode file for portGmbH.I-Cube-SoM-uGOAL.1.1.0
2023-08-17 23:41:19,806 [WARN] PackLoader:240 - Cannot read IP mode file for STMicroelectronics.X-CUBE-ALS.1.0.1
2023-08-17 23:41:19,824 [WARN] PackLoader:240 - Cannot read IP mode file for STMicroelectronics.X-CUBE-AZRTOS-WB.1.1.0
2023-08-17 23:41:19,834 [WARN] PackLoader:240 - Cannot read IP mode file for STMicroelectronics.FP-ATR-ASTRA1.2.0.0
2023-08-17 23:41:19,835 [INFO] ThirdParty:978 - Integrity check success = true
2023-08-17 23:41:19,835 [INFO] IntegrityCheckThread:100 - exiting critical section [integrity check]
2023-08-17 23:41:19,835 [INFO] IntegrityCheckThread:103 - End integrity checks thread
2023-08-17 23:41:19,835 [INFO] ThirdParty:873 - entering critical section [close project]
2023-08-17 23:41:19,836 [INFO] ThirdParty:883 - exiting critical section [close project]
2023-08-17 23:41:19,842 [INFO] PinOutPanel:1499 - setPackage(No Configuration,No Configuration)
2023-08-17 23:41:19,847 [INFO] UtilMem:75 - Begin LoadConfig() Used Memory: 165630088 Bytes (268435456)
2023-08-17 23:41:19,848 [INFO] MicroXplorer:468 - Change Database Path : 
2023-08-17 23:41:19,848 [INFO] MicroXplorer:498 - Change Database Version : DB.6.0.81
2023-08-17 23:41:19,848 [INFO] OpenFileManager:308 - Change cursor
2023-08-17 23:41:19,877 [INFO] Mcu:1937 - Initializing MCU STM32F405RGTx STM32F405RGTx STM32F405RGT6
2023-08-17 23:41:21,131 [INFO] Context:659 - Trying to add GPIOservice into a context  which must be forbidden
2023-08-17 23:41:21,687 [INFO] RtosManager:555 - Registered RTOS mode: class=CMSIS, group=RTOS, mode=CMSIS_V1, owner=FREERTOS
2023-08-17 23:41:21,688 [INFO] RtosManager:555 - Registered RTOS mode: class=CMSIS, group=RTOS2, mode=CMSIS_V2, owner=FREERTOS
2023-08-17 23:41:21,688 [INFO] RtosManager:555 - Registered RTOS mode: class=RTOS, group=Core, mode=CMSIS_V1, owner=FREERTOS
2023-08-17 23:41:21,688 [INFO] RtosManager:555 - Registered RTOS mode: class=RTOS, group=Core, mode=CMSIS_V2, owner=FREERTOS
2023-08-17 23:41:21,688 [WARN] ModelIntegratedComponent:184 - Missing modes for component STMicroelectronics:FreeRTOS:0.0.1:STMicroelectronics:RTOS:FreeRTOS:Core:::10.2.0:
2023-08-17 23:41:21,699 [WARN] ModelIntegratedComponent:63 - No mode defined for component null
2023-08-17 23:41:21,699 [WARN] ModelIntegratedComponent:63 - No mode defined for component null
2023-08-17 23:41:21,699 [WARN] ModelIntegratedComponent:63 - No mode defined for component null
2023-08-17 23:41:21,699 [WARN] ModelIntegratedComponent:63 - No mode defined for component null
2023-08-17 23:41:21,699 [WARN] ModelIntegratedComponent:63 - No mode defined for component null
2023-08-17 23:41:21,699 [WARN] ModelIntegratedComponent:63 - No mode defined for component null
2023-08-17 23:41:21,700 [WARN] ModelIntegratedComponent:63 - No mode defined for component null
2023-08-17 23:41:21,700 [WARN] ModelIntegratedComponent:63 - No mode defined for component null
2023-08-17 23:41:21,700 [WARN] ModelIntegratedComponent:63 - No mode defined for component null
2023-08-17 23:41:21,700 [WARN] ModelIntegratedComponent:63 - No mode defined for component null
2023-08-17 23:41:21,700 [WARN] ModelIntegratedComponent:63 - No mode defined for component null
2023-08-17 23:41:21,700 [WARN] ModelIntegratedComponent:63 - No mode defined for component null
2023-08-17 23:41:21,700 [WARN] ModelIntegratedComponent:63 - No mode defined for component null
2023-08-17 23:41:21,700 [WARN] ModelIntegratedComponent:63 - No mode defined for component null
2023-08-17 23:41:21,700 [WARN] ModelIntegratedComponent:63 - No mode defined for component null
2023-08-17 23:41:21,700 [WARN] ModelIntegratedComponent:63 - No mode defined for component null
2023-08-17 23:41:21,700 [WARN] ModelIntegratedComponent:63 - No mode defined for component null
2023-08-17 23:41:21,700 [WARN] ModelIntegratedComponent:63 - No mode defined for component null
2023-08-17 23:41:21,700 [WARN] ModelIntegratedComponent:63 - No mode defined for component null
2023-08-17 23:41:21,700 [WARN] ModelIntegratedComponent:63 - No mode defined for component null
2023-08-17 23:41:21,700 [WARN] ModelIntegratedComponent:63 - No mode defined for component null
2023-08-17 23:41:21,701 [WARN] ModelIntegratedComponent:63 - No mode defined for component null
2023-08-17 23:41:21,701 [WARN] ModelIntegratedComponent:63 - No mode defined for component null
2023-08-17 23:41:21,701 [WARN] ModelIntegratedComponent:63 - No mode defined for component null
2023-08-17 23:41:21,701 [WARN] ModelIntegratedComponent:63 - No mode defined for component null
2023-08-17 23:41:21,701 [WARN] ModelIntegratedComponent:63 - No mode defined for component null
2023-08-17 23:41:21,701 [WARN] ModelIntegratedComponent:63 - No mode defined for component null
2023-08-17 23:41:21,701 [WARN] ModelIntegratedComponent:63 - No mode defined for component null
2023-08-17 23:41:21,701 [WARN] ModelIntegratedComponent:63 - No mode defined for component null
2023-08-17 23:41:21,701 [WARN] ModelIntegratedComponent:63 - No mode defined for component null
2023-08-17 23:41:21,701 [WARN] ModelIntegratedComponent:63 - No mode defined for component null
2023-08-17 23:41:21,701 [WARN] ModelIntegratedComponent:63 - No mode defined for component null
2023-08-17 23:41:21,701 [WARN] ModelIntegratedComponent:63 - No mode defined for component null
2023-08-17 23:41:21,723 [INFO] ThirdPartyModel:298 - Start build external matchings
2023-08-17 23:41:21,999 [INFO] ThirdPartyModel:316 - End build external matchings
2023-08-17 23:41:22,022 [INFO] ImportTextPane:194 - (OptionalMessage_ERROR) IP (RCC) : Parameter (48MHZClocksFreq_Value) has invalid value (84000000)
2023-08-17 23:41:22,023 [INFO] ImportTextPane:194 - (OptionalMessage_ERROR) IP (RCC) : Parameter (RTCHSEDivFreq_Value) has invalid value (4000000)
2023-08-17 23:41:22,281 [INFO] UtilMem:75 - End LoadConfig() Used Memory: 148972384 Bytes (268435456)
2023-08-17 23:41:22,500 [INFO] ApiDb:581 - Connected to CubeFinder SQLite database (C:\Users\hyeon\.stmcufinder\plugins\mcufinder\mcu\cube-finder-db.db)
2023-08-17 23:41:22,620 [INFO] ApiDb:668 - CubeFinder database Data Model version=2.1
2023-08-17 23:41:22,620 [INFO] ApiDb:669 - CubeFinder database Configuration version=3.0.37
2023-08-17 23:41:22,620 [INFO] ApiDb:670 - CubeFinder database generation date=2023-06-26 (1687786131)
2023-08-17 23:41:22,620 [INFO] ApiDb:671 - CubeFinder database FW Pack versions=[FP-ATR-ASTRA1_V2.0.0, FP-SNS-FLIGHT1_V5.0.1, FP-SNS-MOTENV1_V4.3.1, STM32Cube_FW_C0_V1.1.0, STM32Cube_FW_F4_V1.27.1, STM32Cube_FW_F7_V1.17.0, STM32Cube_FW_G0_V1.6.1, STM32Cube_FW_G4_V1.5.1, STM32Cube_FW_H5_V0.5.1, STM32Cube_FW_H5_V1.1.0, STM32Cube_FW_H7_V1.11.0, STM32Cube_FW_L0_V1.12.2, STM32Cube_FW_L5_V1.5.0, STM32Cube_FW_U5_V1.3.0, STM32Cube_FW_U5_V1.3.0RC4, STM32Cube_FW_WBA_V1.0.0RC1, STM32Cube_FW_WBA_V1.1.0, STM32Cube_FW_WBA_V1.1.0RC1, STM32Cube_FW_WB_V1.15.0RC1, STM32Cube_FW_WB_V1.16.0, STM32Cube_FW_WB_V1.16.0RC2, STM32Cube_FW_WB_V1.17.0, STM32Cube_FW_WL_V1.3.0, X-CUBE-ALGOBUILD_V1.3.0, X-CUBE-ALS_V1.0.1, X-CUBE-AZRTOS-F4_V1.1.0, X-CUBE-AZRTOS-F7_V1.1.0, X-CUBE-AZRTOS-G0_V1.1.0, X-CUBE-AZRTOS-G4_V2.0.0, X-CUBE-AZRTOS-H7_V3.1.0, X-CUBE-AZRTOS-L4_V1.0.0, X-CUBE-AZRTOS-L4_V2.0.0, X-CUBE-AZRTOS-L5_V1.1.0, X-CUBE-AZRTOS-WB_V1.1.0, X-CUBE-AZRTOS-WL_V2.0.0, X-CUBE-BLE1_V6.2.4, X-CUBE-BLE2_V3.3.0, X-CUBE-BLEMGR_V2.0.0, X-CUBE-EEPRMA1_V4.1.0, X-CUBE-FREERTOS_V1.0.1, X-CUBE-GNSS1_V6.0.0, X-CUBE-MEMS1_V9.1.0, X-CUBE-MEMS1_V9.4.0, X-CUBE-MEMS1_V9.6.0, X-CUBE-NFC4_V3.0.0, X-CUBE-NFC7_V1.0.0, X-CUBE-SFXS2LP1_V4.0.0, X-CUBE-SUBG2_V5.0.0]
2023-08-17 23:41:25,394 [INFO] ApiDb:240 - Found 297 in-development CPN: [B-G473E-ZEST1S, B-WB1M-WPAN1, B-WL5M-SUBG1, NUCLEO-C031C6, NUCLEO-H503RB, NUCLEO-H563ZI, NUCLEO-U545RE-Q, NUCLEO-U5A5ZJ-Q, NUCLEO-WBA52CG, STEVAL-PROTEUS1, STEVAL-STWINBX1, STM320518-EVAL, STM32C0116-DK, STM32C011D6Y3TR, STM32C011D6Y6TR, STM32C011F4P3, STM32C011F4P6, STM32C011F4U3, STM32C011F4U6TR, STM32C011F6P3, STM32C011F6P6, STM32C011F6U3, STM32C011F6U6TR, STM32C011J4M3, STM32C011J4M6, STM32C011J6M3, STM32C011J6M6, STM32C0316-DK, STM32C031C4T3, STM32C031C4T6, STM32C031C4U3, STM32C031C4U6, STM32C031C6T3, STM32C031C6T6, STM32C031C6U3, STM32C031C6U6, STM32C031F4P3, STM32C031F4P6, STM32C031F6P3, STM32C031F6P6, STM32C031G4U3, STM32C031G4U6, STM32C031G6U3, STM32C031G6U6, STM32C031K4T3, STM32C031K4T6, STM32C031K4U3, STM32C031K4U6, STM32C031K6T3, STM32C031K6T6, STM32C031K6U3, STM32C031K6U6, STM32G071K8TXN, STM32G071K8UXN, STM32G081GBU6N, STM32G081KBT6N, STM32G081KBUXN, STM32G0B1CCT6N, STM32G0B1KCT6, STM32G0B1NEY6TR, STM32G0B1RCT6N, STM32G0C1CCT6, STM32G0C1CCT6N, STM32G0C1CCU6N, STM32G0C1CET6N, STM32G0C1CEU6N, STM32G0C1KCT6, STM32G0C1NEY6TR, STM32G0C1RCI6N, STM32G0C1RCT6N, STM32G0C1REI6N, STM32G0C1RET6N, STM32G0C1VCI6, STM32G0C1VEI6, STM32G471CCT6, STM32G471CCU6, STM32G471CET3, STM32G471CET6, STM32G471CEU3, STM32G471CEU6, STM32G471MCT6, STM32G471MET3, STM32G471MET6, STM32G471MEY6TR, STM32G471QCT6, STM32G471QET3, STM32G471RCT6, STM32G471RET3, STM32G471RET6, STM32G471VCH6, STM32G471VCI6, STM32G471VCT6, STM32G471VEH3, STM32G471VEH6, STM32G471VEI3, STM32G471VEI6, STM32G471VET3, STM32G471VET6, STM32G474CCT6, STM32H503CBT6, STM32H503CBU6, STM32H503EBY6TR, STM32H503KBU6, STM32H503RBT6, STM32H562AGI6, STM32H562AII6, STM32H562IGK6, STM32H562IGT6, STM32H562IIK6, STM32H562IIT6, STM32H562RGT6, STM32H562RGV6, STM32H562RIT6, STM32H562RIV6, STM32H562VGT6, STM32H562VIT6, STM32H562ZGT6, STM32H562ZIT6, STM32H563AGI6, STM32H563AII3Q, STM32H563AII6, STM32H563IGK6, STM32H563IGT6, STM32H563IIK3Q, STM32H563IIK6, STM32H563IIT3Q, STM32H563IIT6, STM32H563MIY3QTR, STM32H563RGT6, STM32H563RGV6, STM32H563RIT6, STM32H563RIV6, STM32H563VGT6, STM32H563VIT3Q, STM32H563VIT6, STM32H563ZGT6, STM32H563ZIT3Q, STM32H563ZIT6, STM32H573AII3Q, STM32H573AII6, STM32H573I-DK, STM32H573IIK3Q, STM32H573IIK6, STM32H573IIT3Q, STM32H573IIT6, STM32H573MIY3QTR, STM32H573RIT6, STM32H573RIV6, STM32H573VIT3Q, STM32H573VIT6, STM32H573ZIT3Q, STM32H573ZIT6, STM32L4R5QGI6STR, STM32MP131AAE3, STM32MP131AAF3, STM32MP131AAG3, STM32MP131CAE3, STM32MP131CAF3, STM32MP131CAG3, STM32MP131DAE7, STM32MP131DAF7, STM32MP131DAG7, STM32MP131FAE7, STM32MP131FAF7, STM32MP131FAG7, STM32MP133AAE3, STM32MP133AAF3, STM32MP133AAG3, STM32MP133CAE3, STM32MP133CAF3, STM32MP133CAG3, STM32MP133DAE7, STM32MP133DAF7, STM32MP133DAG7, STM32MP133FAE7, STM32MP133FAF7, STM32MP133FAG7, STM32MP135AAE3, STM32MP135AAF3, STM32MP135AAG3, STM32MP135CAE3, STM32MP135CAF3, STM32MP135CAG3, STM32MP135DAE7, STM32MP135DAF7, STM32MP135DAG7, STM32MP135F-DK, STM32MP135FAE7, STM32MP135FAF7, STM32MP135FAF7T, STM32MP135FAF7U, STM32MP135FAG7, STM32U535CBT6, STM32U535CBT6Q, STM32U535CBU6, STM32U535CBU6Q, STM32U535CCT6, STM32U535CCT6Q, STM32U535CCU6, STM32U535CCU6Q, STM32U535CET6, STM32U535CET6Q, STM32U535CEU6, STM32U535CEU6Q, STM32U535JEY6QTR, STM32U535NCY6QTR, STM32U535NEY6QTR, STM32U535RBI6, STM32U535RBI6Q, STM32U535RBT6, STM32U535RBT6Q, STM32U535RCI6, STM32U535RCI6Q, STM32U535RCT6, STM32U535RCT6Q, STM32U535REI6, STM32U535REI6Q, STM32U535RET6, STM32U535RET6Q, STM32U535VCI6, STM32U535VCI6Q, STM32U535VCT6, STM32U535VCT6Q, STM32U535VEI6, STM32U535VEI6Q, STM32U535VET6, STM32U535VET6Q, STM32U545CET6, STM32U545CET6Q, STM32U545CEU6, STM32U545CEU6Q, STM32U545JEY6QTR, STM32U545NEY6QTR, STM32U545REI6, STM32U545REI6Q, STM32U545RET6, STM32U545RET6Q, STM32U545VEI6, STM32U545VEI6Q, STM32U545VET6, STM32U545VET6Q, STM32U595AIH6, STM32U595AIH6Q, STM32U595AJH6, STM32U595AJH6Q, STM32U595QII6, STM32U595QII6Q, STM32U595QJI6, STM32U595QJI6Q, STM32U595RIT6, STM32U595RIT6Q, STM32U595RJT6, STM32U595RJT6Q, STM32U595VIT6, STM32U595VIT6Q, STM32U595VJT6, STM32U595VJT6Q, STM32U595ZIT6, STM32U595ZIT6Q, STM32U595ZIY6QTR, STM32U595ZJT6, STM32U595ZJT6Q, STM32U595ZJY6QTR, STM32U599BJY6QTR, STM32U599NIH6Q, STM32U599NJH6Q, STM32U599VIT6Q, STM32U599VJT6, STM32U599VJT6Q, STM32U599ZIT6Q, STM32U599ZIY6QTR, STM32U599ZJT6Q, STM32U599ZJY6QTR, STM32U5A5AJH6, STM32U5A5AJH6Q, STM32U5A5QJI6, STM32U5A5QJI6Q, STM32U5A5RJT6, STM32U5A5RJT6Q, STM32U5A5VJT6, STM32U5A5VJT6Q, STM32U5A5ZJT6, STM32U5A5ZJT6Q, STM32U5A5ZJY6QTR, STM32U5A9BJY6QTR, STM32U5A9J-DK, STM32U5A9NJH6Q, STM32U5A9VJT6Q, STM32U5A9ZJT6Q, STM32U5A9ZJY6QTR, STM32WB1MMCH6, STM32WBA52CEU6, STM32WBA52CEU6T, STM32WBA52CGU6, STM32WBA52CGU6T, STM32WL5MOCH6, STM32WL5MOCH6TR]
2023-08-17 23:41:25,398 [INFO] DbMcus:216 - Found 3825 MCUs, 3825 are supported
2023-08-17 23:41:25,401 [INFO] ApiDb:423 - Load user favorites file C:\Users\hyeon/.stm32cubeide/favorites.mcus.txt: 0 item(s)
2023-08-17 23:41:25,401 [INFO] ApiDb:427 - User favorites MCUs=[]
2023-08-17 23:41:25,401 [INFO] DbMcus:222 - Set 0 / 0 favorites MCUs
2023-08-17 23:41:25,779 [WARN] ThirdParty:833 - waiting for thirdparty lock release [change project]
2023-08-17 23:41:25,780 [INFO] ThirdParty:835 - entering critical section [change project]
2023-08-17 23:41:25,780 [INFO] ThirdParty:1030 - CMSIS Pack Vendor :STMicroelectronics X-CUBE-ISPU 1.1.0
2023-08-17 23:41:25,780 [INFO] ThirdParty:1030 - CMSIS Pack Vendor :STMicroelectronics X-CUBE-GNSS1 6.0.0
2023-08-17 23:41:25,780 [INFO] ThirdParty:1030 - CMSIS Pack Vendor :STMicroelectronics USB_HOST 2.0.0
2023-08-17 23:41:25,780 [INFO] ThirdParty:1030 - CMSIS Pack Vendor :STMicroelectronics X-CUBE-AZRTOS-F4 1.1.0
2023-08-17 23:41:25,780 [INFO] ThirdParty:1030 - CMSIS Pack Vendor :STMicroelectronics LIBJPEG 8.0.0
2023-08-17 23:41:25,781 [INFO] ThirdParty:1030 - CMSIS Pack Vendor :STMicroelectronics X-CUBE-SMBUS 2.1.0
2023-08-17 23:41:25,781 [INFO] ThirdParty:1030 - CMSIS Pack Vendor :wolfSSL I-CUBE-wolfSSL 5.6.0
2023-08-17 23:41:25,781 [INFO] ThirdParty:1030 - CMSIS Pack Vendor :STMicroelectronics USB_DEVICE 3.0.0
2023-08-17 23:41:25,781 [INFO] ThirdParty:1030 - CMSIS Pack Vendor :STMicroelectronics X-CUBE-AZRTOS-WB 2.0.0
2023-08-17 23:41:25,781 [INFO] ThirdParty:1030 - CMSIS Pack Vendor :STMicroelectronics X-CUBE-FREERTOS 1.0.1
2023-08-17 23:41:25,781 [INFO] ThirdParty:1030 - CMSIS Pack Vendor :STMicroelectronics X-CUBE-AZRTOS-F7 1.1.0
2023-08-17 23:41:25,781 [INFO] ThirdParty:1030 - CMSIS Pack Vendor :STMicroelectronics X-CUBE-AZRTOS-L5 2.0.0
2023-08-17 23:41:25,781 [INFO] ThirdParty:1030 - CMSIS Pack Vendor :STMicroelectronics USB_DEVICE 2.0.0
2023-08-17 23:41:25,781 [INFO] ThirdParty:1030 - CMSIS Pack Vendor :STMicroelectronics X-CUBE-MEMS1 9.6.0
2023-08-17 23:41:25,781 [INFO] ThirdParty:1030 - CMSIS Pack Vendor :STMicroelectronics FP-SNS-MOTENV1 4.3.2
2023-08-17 23:41:25,781 [INFO] ThirdParty:1030 - CMSIS Pack Vendor :STMicroelectronics FP-SNS-FLIGHT1 5.0.1
2023-08-17 23:41:25,781 [INFO] ThirdParty:1030 - CMSIS Pack Vendor :STMicroelectronics X-CUBE-ALGOBUILD 1.3.0
2023-08-17 23:41:25,782 [INFO] ThirdParty:1030 - CMSIS Pack Vendor :STMicroelectronics X-CUBE-BLE1 6.2.4
2023-08-17 23:41:25,782 [INFO] ThirdParty:1030 - CMSIS Pack Vendor :STMicroelectronics X-CUBE-AZRTOS-L5 1.1.0
2023-08-17 23:41:25,782 [INFO] ThirdParty:1030 - CMSIS Pack Vendor :STMicroelectronics FreeRTOS 0.0.1
2023-08-17 23:41:25,782 [INFO] ThirdParty:1030 - CMSIS Pack Vendor :STMicroelectronics X-CUBE-AZRTOS-G0 1.1.0
2023-08-17 23:41:25,782 [INFO] ThirdParty:1030 - CMSIS Pack Vendor :emotas I-CUBE-CANOPEN 1.1.3
2023-08-17 23:41:25,782 [INFO] ThirdParty:1030 - CMSIS Pack Vendor :STMicroelectronics X-CUBE-BLEMGR 2.0.0
2023-08-17 23:41:25,782 [INFO] ThirdParty:1030 - CMSIS Pack Vendor :STMicroelectronics X-CUBE-AI 8.0.1
2023-08-17 23:41:25,782 [INFO] ThirdParty:1030 - CMSIS Pack Vendor :STMicroelectronics X-CUBE-NFC4 3.0.0
2023-08-17 23:41:25,782 [INFO] ThirdParty:1030 - CMSIS Pack Vendor :STMicroelectronics X-CUBE-SUBG2 5.0.0
2023-08-17 23:41:25,782 [INFO] ThirdParty:1030 - CMSIS Pack Vendor :STMicroelectronics STM32_WPAN 1.0.0
2023-08-17 23:41:25,782 [INFO] ThirdParty:1030 - CMSIS Pack Vendor :STMicroelectronics lwIP 2.0.3
2023-08-17 23:41:25,782 [INFO] ThirdParty:1030 - CMSIS Pack Vendor :STMicroelectronics FP-SNS-FLIGHT1 5.0.2
2023-08-17 23:41:25,782 [INFO] ThirdParty:1030 - CMSIS Pack Vendor :STMicroelectronics USB_HOST 1.0.0
2023-08-17 23:41:25,782 [INFO] ThirdParty:1030 - CMSIS Pack Vendor :STMicroelectronics X-CUBE-TOF1 3.3.1
2023-08-17 23:41:25,782 [INFO] ThirdParty:1030 - CMSIS Pack Vendor :STMicroelectronics X-CUBE-AZRTOS-G4 2.0.0
2023-08-17 23:41:25,782 [INFO] ThirdParty:1030 - CMSIS Pack Vendor :STMicroelectronics PDM2PCM 3.1.0
2023-08-17 23:41:25,782 [INFO] ThirdParty:1030 - CMSIS Pack Vendor :STMicroelectronics X-CUBE-AZRTOS-H7 3.1.0
2023-08-17 23:41:25,782 [INFO] ThirdParty:1030 - CMSIS Pack Vendor :STMicroelectronics X-CUBE-TOF1 3.3.0
2023-08-17 23:41:25,782 [INFO] ThirdParty:1030 - CMSIS Pack Vendor :STMicroelectronics PDM2PCM 3.3.0
2023-08-17 23:41:25,782 [INFO] ThirdParty:1030 - CMSIS Pack Vendor :STMicroelectronics X-CUBE-DISPLAY 3.0.0
2023-08-17 23:41:25,782 [INFO] ThirdParty:1030 - CMSIS Pack Vendor :STMicroelectronics X-CUBE-BLE1 7.0.0
2023-08-17 23:41:25,782 [INFO] ThirdParty:1030 - CMSIS Pack Vendor :STMicroelectronics FP-ATR-SIGFOX1 3.2.0
2023-08-17 23:41:25,782 [INFO] ThirdParty:1030 - CMSIS Pack Vendor :STMicroelectronics HAL Drivers 0.0.0
2023-08-17 23:41:25,782 [INFO] ThirdParty:1030 - CMSIS Pack Vendor :STMicroelectronics MBEDTLS 2.16.2
2023-08-17 23:41:25,782 [INFO] ThirdParty:1030 - CMSIS Pack Vendor :STMicroelectronics X-CUBE-TOUCHGFX 4.22.0
2023-08-17 23:41:25,782 [INFO] ThirdParty:1030 - CMSIS Pack Vendor :STMicroelectronics X-CUBE-NFC7 1.0.1
2023-08-17 23:41:25,782 [INFO] ThirdParty:1030 - CMSIS Pack Vendor :STMicroelectronics MBEDTLS 2.14.1
2023-08-17 23:41:25,782 [INFO] ThirdParty:1030 - CMSIS Pack Vendor :STMicroelectronics X-CUBE-EEPRMA1 4.1.0
2023-08-17 23:41:25,782 [INFO] ThirdParty:1030 - CMSIS Pack Vendor :portGmbH I-Cube-SoM-uGOAL 1.1.0
2023-08-17 23:41:25,782 [INFO] ThirdParty:1030 - CMSIS Pack Vendor :STMicroelectronics X-CUBE-ALS 1.0.1
2023-08-17 23:41:25,782 [INFO] ThirdParty:1030 - CMSIS Pack Vendor :STMicroelectronics ThreadX 1.0.0
2023-08-17 23:41:25,782 [INFO] ThirdParty:1030 - CMSIS Pack Vendor :STMicroelectronics X-CUBE-AZRTOS-WB 1.1.0
2023-08-17 23:41:25,782 [INFO] ThirdParty:1030 - CMSIS Pack Vendor :STMicroelectronics X-CUBE-AZRTOS-WL 2.0.0
2023-08-17 23:41:25,784 [INFO] ThirdParty:1030 - CMSIS Pack Vendor :SEGGER I-CUBE-embOS 1.3.1
2023-08-17 23:41:25,784 [INFO] ThirdParty:1030 - CMSIS Pack Vendor :STMicroelectronics USB_DEVICE 1.0.0
2023-08-17 23:41:25,784 [INFO] ThirdParty:1030 - CMSIS Pack Vendor :STMicroelectronics X-CUBE-AI 8.1.0
2023-08-17 23:41:25,784 [INFO] ThirdParty:1030 - CMSIS Pack Vendor :STMicroelectronics X-CUBE-AZRTOS-L4 2.0.0
2023-08-17 23:41:25,784 [INFO] ThirdParty:1030 - CMSIS Pack Vendor :STMicroelectronics ThreadX 0.0.2
2023-08-17 23:41:25,784 [INFO] ThirdParty:1030 - CMSIS Pack Vendor :WES I-CUBE-Cesium 1.3.0
2023-08-17 23:41:25,784 [INFO] ThirdParty:1030 - CMSIS Pack Vendor :STMicroelectronics FP-ATR-ASTRA1 2.0.0
2023-08-17 23:41:25,785 [INFO] ThirdParty:1030 - CMSIS Pack Vendor :STMicroelectronics lwIP 2.1.2
2023-08-17 23:41:25,785 [INFO] ThirdParty:1030 - CMSIS Pack Vendor :STMicroelectronics X-CUBE-SFXS2LP1 4.0.0
2023-08-17 23:41:25,785 [INFO] ThirdParty:1030 - CMSIS Pack Vendor :STMicroelectronics X-CUBE-BLE2 3.3.0
2023-08-17 23:41:25,785 [INFO] ThirdParty:1030 - CMSIS Pack Vendor :STMicroelectronics PDM2PCM 3.2.0
2023-08-17 23:41:25,785 [INFO] ThirdParty:841 - exiting critical section [change project]
2023-08-17 23:41:26,171 [INFO] PinOutPanel:1499 - setPackage(No Configuration,No Configuration)
2023-08-17 23:41:26,172 [INFO] PinOutPanel:1499 - setPackage(STM32F405RGTx,LQFP64)
2023-08-17 23:41:26,661 [INFO] UtilMem:75 - Before build in PCC Used Memory: 201095080 Bytes (268435456)
2023-08-17 23:41:27,391 [INFO] UtilMem:75 - After build in PCC Used Memory: 158013016 Bytes (268435456)
2023-08-17 23:41:27,424 [INFO] IPUIPlugin:80 - create IPUIPlugin
2023-08-17 23:41:27,424 [INFO] IPUIPlugin:80 - create IPUIPlugin
2023-08-17 23:41:27,425 [INFO] IPUIPlugin:80 - create IPUIPlugin
2023-08-17 23:41:27,425 [INFO] IPUIPlugin:80 - create IPUIPlugin
2023-08-17 23:41:27,425 [INFO] IPUIPlugin:80 - create IPUIPlugin
2023-08-17 23:41:27,425 [INFO] IPUIPlugin:80 - create IPUIPlugin
2023-08-17 23:41:27,425 [INFO] IPUIPlugin:80 - create IPUIPlugin
2023-08-17 23:41:27,425 [INFO] IPUIPlugin:80 - create IPUIPlugin
2023-08-17 23:41:27,425 [INFO] IPUIPlugin:80 - create IPUIPlugin
2023-08-17 23:41:27,426 [INFO] IPUIPlugin:80 - create IPUIPlugin
2023-08-17 23:41:27,426 [INFO] IPUIPlugin:80 - create IPUIPlugin
2023-08-17 23:41:27,426 [INFO] IPUIPlugin:80 - create IPUIPlugin
2023-08-17 23:41:27,426 [INFO] IPUIPlugin:80 - create IPUIPlugin
2023-08-17 23:41:27,426 [INFO] IPUIPlugin:80 - create IPUIPlugin
2023-08-17 23:41:27,426 [INFO] IPUIPlugin:80 - create IPUIPlugin
2023-08-17 23:41:27,426 [INFO] IPUIPlugin:80 - create IPUIPlugin
2023-08-17 23:41:27,426 [INFO] IPUIPlugin:80 - create IPUIPlugin
2023-08-17 23:41:27,426 [INFO] IPUIPlugin:80 - create IPUIPlugin
2023-08-17 23:41:27,428 [INFO] IPUIPlugin:80 - create IPUIPlugin
2023-08-17 23:41:27,428 [INFO] IPUIPlugin:80 - create IPUIPlugin
2023-08-17 23:41:27,428 [INFO] IPUIPlugin:80 - create IPUIPlugin
2023-08-17 23:41:27,429 [INFO] IPUIPlugin:80 - create IPUIPlugin
2023-08-17 23:41:27,429 [INFO] IPUIPlugin:80 - create IPUIPlugin
2023-08-17 23:41:27,430 [INFO] IPUIPlugin:80 - create IPUIPlugin
2023-08-17 23:41:27,430 [INFO] IPUIPlugin:80 - create IPUIPlugin
2023-08-17 23:41:27,430 [INFO] IPUIPlugin:80 - create IPUIPlugin
2023-08-17 23:41:27,431 [INFO] IPUIPlugin:80 - create IPUIPlugin
2023-08-17 23:41:27,431 [INFO] IPUIPlugin:80 - create IPUIPlugin
2023-08-17 23:41:27,431 [INFO] IPUIPlugin:80 - create IPUIPlugin
2023-08-17 23:41:27,431 [INFO] IPUIPlugin:80 - create IPUIPlugin
2023-08-17 23:41:27,432 [INFO] IPUIPlugin:80 - create IPUIPlugin
2023-08-17 23:41:27,432 [INFO] IPUIPlugin:80 - create IPUIPlugin
2023-08-17 23:41:27,432 [INFO] IPUIPlugin:80 - create IPUIPlugin
2023-08-17 23:41:27,433 [INFO] IPUIPlugin:80 - create IPUIPlugin
2023-08-17 23:41:27,433 [INFO] IPUIPlugin:80 - create IPUIPlugin
2023-08-17 23:41:27,433 [INFO] IPUIPlugin:80 - create IPUIPlugin
2023-08-17 23:41:27,434 [INFO] IPUIPlugin:80 - create IPUIPlugin
2023-08-17 23:41:27,434 [INFO] IPUIPlugin:80 - create IPUIPlugin
2023-08-17 23:41:27,434 [INFO] IPUIPlugin:80 - create IPUIPlugin
2023-08-17 23:41:27,435 [INFO] IPUIPlugin:80 - create IPUIPlugin
2023-08-17 23:41:27,435 [INFO] IPUIPlugin:80 - create IPUIPlugin
2023-08-17 23:41:27,435 [INFO] IPUIPlugin:80 - create IPUIPlugin
2023-08-17 23:41:27,436 [INFO] IPUIPlugin:80 - create IPUIPlugin
2023-08-17 23:41:27,437 [INFO] IPUIPlugin:80 - create IPUIPlugin
2023-08-17 23:41:27,437 [INFO] IPUIPlugin:80 - create IPUIPlugin
2023-08-17 23:41:27,438 [INFO] IPUIPlugin:80 - create IPUIPlugin
2023-08-17 23:41:27,438 [INFO] IPUIPlugin:80 - create IPUIPlugin
2023-08-17 23:41:27,438 [INFO] IPUIPlugin:80 - create IPUIPlugin
2023-08-17 23:41:27,438 [INFO] IPUIPlugin:80 - create IPUIPlugin
2023-08-17 23:41:27,438 [INFO] IPUIPlugin:80 - create IPUIPlugin
2023-08-17 23:41:27,439 [INFO] IPUIPlugin:80 - create IPUIPlugin
2023-08-17 23:41:27,443 [INFO] IPUIPlugin:80 - create IPUIPlugin
2023-08-17 23:41:27,444 [INFO] IPUIPlugin:80 - create IPUIPlugin
2023-08-17 23:41:27,445 [INFO] IPUIPlugin:80 - create IPUIPlugin
2023-08-17 23:41:27,516 [INFO] ApiDbMcu:507 - Load IP Config File for PDM2PCM
2023-08-17 23:41:27,714 [INFO] CADModel:165 - CPN selected for project levelSTM32F405RGT6
2023-08-17 23:41:27,714 [INFO] CADModel:114 - Register for checkConnection events
2023-08-17 23:41:27,752 [INFO] OpenFileManager:328 - Restore cursor
2023-08-17 23:41:28,959 [ERROR] LogOutputStream:75 - [STDERR_REDIRECT] SLF4J: Failed to load class "org.slf4j.impl.StaticLoggerBinder".
2023-08-17 23:41:28,959 [ERROR] LogOutputStream:75 - [STDERR_REDIRECT] SLF4J: Defaulting to no-operation (NOP) logger implementation
2023-08-17 23:41:28,962 [ERROR] LogOutputStream:75 - [STDERR_REDIRECT] SLF4J: See http://www.slf4j.org/codes.html#StaticLoggerBinder for further details.
2023-08-17 23:42:02,725 [INFO] MainUpdater:2854 - connection check result : 10
2023-08-17 23:42:02,725 [INFO] MainUpdater:2854 - connection check result : 10
2023-08-17 23:42:03,318 [INFO] MicroXplorer:468 - Change Database Path : 
2023-08-17 23:42:03,318 [INFO] MicroXplorer:498 - Change Database Version : DB.6.0.81
2023-08-17 23:42:03,342 [WARN] ThirdParty:871 - waiting for thirdparty lock release [close project]
2023-08-17 23:42:03,342 [INFO] ThirdParty:873 - entering critical section [close project]
2023-08-17 23:42:03,343 [INFO] ThirdParty:883 - exiting critical section [close project]
2023-08-17 23:42:03,344 [INFO] PinOutPanel:1499 - setPackage(No Configuration,No Configuration)
2023-08-17 23:42:03,364 [WARN] IpParametersView:150 - Warning: This peripheral hasn't parameters
2023-08-17 23:42:03,387 [WARN] MainPanel:257 - <html><b><center>Warning: This peripheral has no parameters to be configured<br></b></html>
2023-08-17 23:42:03,397 [INFO] UtilMem:75 - Begin LoadConfig() Used Memory: 313664472 Bytes (361758720)
2023-08-17 23:42:03,397 [INFO] MicroXplorer:468 - Change Database Path : 
2023-08-17 23:42:03,397 [INFO] MicroXplorer:498 - Change Database Version : DB.6.0.81
2023-08-17 23:42:03,397 [INFO] OpenFileManager:308 - Change cursor
2023-08-17 23:42:03,403 [INFO] Mcu:1937 - Initializing MCU STM32F405RGTx STM32F405RGTx STM32F405RGT6
2023-08-17 23:42:04,388 [INFO] Context:659 - Trying to add GPIOservice into a context  which must be forbidden
2023-08-17 23:42:04,791 [INFO] RtosManager:555 - Registered RTOS mode: class=CMSIS, group=RTOS, mode=CMSIS_V1, owner=FREERTOS
2023-08-17 23:42:04,791 [INFO] RtosManager:555 - Registered RTOS mode: class=CMSIS, group=RTOS2, mode=CMSIS_V2, owner=FREERTOS
2023-08-17 23:42:04,791 [INFO] RtosManager:555 - Registered RTOS mode: class=RTOS, group=Core, mode=CMSIS_V1, owner=FREERTOS
2023-08-17 23:42:04,791 [INFO] RtosManager:555 - Registered RTOS mode: class=RTOS, group=Core, mode=CMSIS_V2, owner=FREERTOS
2023-08-17 23:42:04,791 [WARN] ModelIntegratedComponent:184 - Missing modes for component STMicroelectronics:FreeRTOS:0.0.1:STMicroelectronics:RTOS:FreeRTOS:Core:::10.2.0:
2023-08-17 23:42:04,800 [WARN] ModelIntegratedComponent:63 - No mode defined for component null
2023-08-17 23:42:04,800 [WARN] ModelIntegratedComponent:63 - No mode defined for component null
2023-08-17 23:42:04,800 [WARN] ModelIntegratedComponent:63 - No mode defined for component null
2023-08-17 23:42:04,800 [WARN] ModelIntegratedComponent:63 - No mode defined for component null
2023-08-17 23:42:04,800 [WARN] ModelIntegratedComponent:63 - No mode defined for component null
2023-08-17 23:42:04,800 [WARN] ModelIntegratedComponent:63 - No mode defined for component null
2023-08-17 23:42:04,800 [WARN] ModelIntegratedComponent:63 - No mode defined for component null
2023-08-17 23:42:04,800 [WARN] ModelIntegratedComponent:63 - No mode defined for component null
2023-08-17 23:42:04,800 [WARN] ModelIntegratedComponent:63 - No mode defined for component null
2023-08-17 23:42:04,801 [WARN] ModelIntegratedComponent:63 - No mode defined for component null
2023-08-17 23:42:04,801 [WARN] ModelIntegratedComponent:63 - No mode defined for component null
2023-08-17 23:42:04,801 [WARN] ModelIntegratedComponent:63 - No mode defined for component null
2023-08-17 23:42:04,801 [WARN] ModelIntegratedComponent:63 - No mode defined for component null
2023-08-17 23:42:04,801 [WARN] ModelIntegratedComponent:63 - No mode defined for component null
2023-08-17 23:42:04,801 [WARN] ModelIntegratedComponent:63 - No mode defined for component null
2023-08-17 23:42:04,801 [WARN] ModelIntegratedComponent:63 - No mode defined for component null
2023-08-17 23:42:04,801 [WARN] ModelIntegratedComponent:63 - No mode defined for component null
2023-08-17 23:42:04,801 [WARN] ModelIntegratedComponent:63 - No mode defined for component null
2023-08-17 23:42:04,801 [WARN] ModelIntegratedComponent:63 - No mode defined for component null
2023-08-17 23:42:04,801 [WARN] ModelIntegratedComponent:63 - No mode defined for component null
2023-08-17 23:42:04,801 [WARN] ModelIntegratedComponent:63 - No mode defined for component null
2023-08-17 23:42:04,801 [WARN] ModelIntegratedComponent:63 - No mode defined for component null
2023-08-17 23:42:04,801 [WARN] ModelIntegratedComponent:63 - No mode defined for component null
2023-08-17 23:42:04,801 [WARN] ModelIntegratedComponent:63 - No mode defined for component null
2023-08-17 23:42:04,801 [WARN] ModelIntegratedComponent:63 - No mode defined for component null
2023-08-17 23:42:04,801 [WARN] ModelIntegratedComponent:63 - No mode defined for component null
2023-08-17 23:42:04,801 [WARN] ModelIntegratedComponent:63 - No mode defined for component null
2023-08-17 23:42:04,801 [WARN] ModelIntegratedComponent:63 - No mode defined for component null
2023-08-17 23:42:04,802 [WARN] ModelIntegratedComponent:63 - No mode defined for component null
2023-08-17 23:42:04,802 [WARN] ModelIntegratedComponent:63 - No mode defined for component null
2023-08-17 23:42:04,802 [WARN] ModelIntegratedComponent:63 - No mode defined for component null
2023-08-17 23:42:04,802 [WARN] ModelIntegratedComponent:63 - No mode defined for component null
2023-08-17 23:42:04,802 [WARN] ModelIntegratedComponent:63 - No mode defined for component null
2023-08-17 23:42:04,813 [INFO] ThirdPartyModel:298 - Start build external matchings
2023-08-17 23:42:05,126 [INFO] ThirdPartyModel:316 - End build external matchings
2023-08-17 23:42:05,135 [INFO] ImportTextPane:194 - (OptionalMessage_ERROR) IP (RCC) : Parameter (48MHZClocksFreq_Value) has invalid value (84000000)
2023-08-17 23:42:05,135 [INFO] ImportTextPane:194 - (OptionalMessage_ERROR) IP (RCC) : Parameter (RTCHSEDivFreq_Value) has invalid value (4000000)
2023-08-17 23:42:05,354 [INFO] UtilMem:75 - End LoadConfig() Used Memory: 334777568 Bytes (411041792)
2023-08-17 23:42:05,386 [WARN] ThirdParty:833 - waiting for thirdparty lock release [change project]
2023-08-17 23:42:05,387 [INFO] ThirdParty:835 - entering critical section [change project]
2023-08-17 23:42:05,387 [INFO] ThirdParty:1030 - CMSIS Pack Vendor :STMicroelectronics X-CUBE-ISPU 1.1.0
2023-08-17 23:42:05,387 [INFO] ThirdParty:1030 - CMSIS Pack Vendor :STMicroelectronics X-CUBE-GNSS1 6.0.0
2023-08-17 23:42:05,387 [INFO] ThirdParty:1030 - CMSIS Pack Vendor :STMicroelectronics USB_HOST 2.0.0
2023-08-17 23:42:05,387 [INFO] ThirdParty:1030 - CMSIS Pack Vendor :STMicroelectronics X-CUBE-AZRTOS-F4 1.1.0
2023-08-17 23:42:05,387 [INFO] ThirdParty:1030 - CMSIS Pack Vendor :STMicroelectronics LIBJPEG 8.0.0
2023-08-17 23:42:05,387 [INFO] ThirdParty:1030 - CMSIS Pack Vendor :STMicroelectronics X-CUBE-SMBUS 2.1.0
2023-08-17 23:42:05,387 [INFO] ThirdParty:1030 - CMSIS Pack Vendor :wolfSSL I-CUBE-wolfSSL 5.6.0
2023-08-17 23:42:05,387 [INFO] ThirdParty:1030 - CMSIS Pack Vendor :STMicroelectronics USB_DEVICE 3.0.0
2023-08-17 23:42:05,387 [INFO] ThirdParty:1030 - CMSIS Pack Vendor :STMicroelectronics X-CUBE-AZRTOS-WB 2.0.0
2023-08-17 23:42:05,388 [INFO] ThirdParty:1030 - CMSIS Pack Vendor :STMicroelectronics X-CUBE-FREERTOS 1.0.1
2023-08-17 23:42:05,388 [INFO] ThirdParty:1030 - CMSIS Pack Vendor :STMicroelectronics X-CUBE-AZRTOS-F7 1.1.0
2023-08-17 23:42:05,388 [INFO] ThirdParty:1030 - CMSIS Pack Vendor :STMicroelectronics X-CUBE-AZRTOS-L5 2.0.0
2023-08-17 23:42:05,388 [INFO] ThirdParty:1030 - CMSIS Pack Vendor :STMicroelectronics USB_DEVICE 2.0.0
2023-08-17 23:42:05,388 [INFO] ThirdParty:1030 - CMSIS Pack Vendor :STMicroelectronics X-CUBE-MEMS1 9.6.0
2023-08-17 23:42:05,388 [INFO] ThirdParty:1030 - CMSIS Pack Vendor :STMicroelectronics FP-SNS-MOTENV1 4.3.2
2023-08-17 23:42:05,388 [INFO] ThirdParty:1030 - CMSIS Pack Vendor :STMicroelectronics FP-SNS-FLIGHT1 5.0.1
2023-08-17 23:42:05,389 [INFO] ThirdParty:1030 - CMSIS Pack Vendor :STMicroelectronics X-CUBE-ALGOBUILD 1.3.0
2023-08-17 23:42:05,389 [INFO] ThirdParty:1030 - CMSIS Pack Vendor :STMicroelectronics X-CUBE-BLE1 6.2.4
2023-08-17 23:42:05,389 [INFO] ThirdParty:1030 - CMSIS Pack Vendor :STMicroelectronics X-CUBE-AZRTOS-L5 1.1.0
2023-08-17 23:42:05,389 [INFO] ThirdParty:1030 - CMSIS Pack Vendor :STMicroelectronics FreeRTOS 0.0.1
2023-08-17 23:42:05,389 [INFO] ThirdParty:1030 - CMSIS Pack Vendor :STMicroelectronics X-CUBE-AZRTOS-G0 1.1.0
2023-08-17 23:42:05,389 [INFO] ThirdParty:1030 - CMSIS Pack Vendor :emotas I-CUBE-CANOPEN 1.1.3
2023-08-17 23:42:05,389 [INFO] ThirdParty:1030 - CMSIS Pack Vendor :STMicroelectronics X-CUBE-BLEMGR 2.0.0
2023-08-17 23:42:05,389 [INFO] ThirdParty:1030 - CMSIS Pack Vendor :STMicroelectronics X-CUBE-AI 8.0.1
2023-08-17 23:42:05,389 [INFO] ThirdParty:1030 - CMSIS Pack Vendor :STMicroelectronics X-CUBE-NFC4 3.0.0
2023-08-17 23:42:05,389 [INFO] ThirdParty:1030 - CMSIS Pack Vendor :STMicroelectronics X-CUBE-SUBG2 5.0.0
2023-08-17 23:42:05,389 [INFO] ThirdParty:1030 - CMSIS Pack Vendor :STMicroelectronics STM32_WPAN 1.0.0
2023-08-17 23:42:05,389 [INFO] ThirdParty:1030 - CMSIS Pack Vendor :STMicroelectronics lwIP 2.0.3
2023-08-17 23:42:05,389 [INFO] ThirdParty:1030 - CMSIS Pack Vendor :STMicroelectronics FP-SNS-FLIGHT1 5.0.2
2023-08-17 23:42:05,389 [INFO] ThirdParty:1030 - CMSIS Pack Vendor :STMicroelectronics USB_HOST 1.0.0
2023-08-17 23:42:05,389 [INFO] ThirdParty:1030 - CMSIS Pack Vendor :STMicroelectronics X-CUBE-TOF1 3.3.1
2023-08-17 23:42:05,389 [INFO] ThirdParty:1030 - CMSIS Pack Vendor :STMicroelectronics X-CUBE-AZRTOS-G4 2.0.0
2023-08-17 23:42:05,389 [INFO] ThirdParty:1030 - CMSIS Pack Vendor :STMicroelectronics PDM2PCM 3.1.0
2023-08-17 23:42:05,390 [INFO] ThirdParty:1030 - CMSIS Pack Vendor :STMicroelectronics X-CUBE-AZRTOS-H7 3.1.0
2023-08-17 23:42:05,390 [INFO] ThirdParty:1030 - CMSIS Pack Vendor :STMicroelectronics X-CUBE-TOF1 3.3.0
2023-08-17 23:42:05,390 [INFO] ThirdParty:1030 - CMSIS Pack Vendor :STMicroelectronics PDM2PCM 3.3.0
2023-08-17 23:42:05,390 [INFO] ThirdParty:1030 - CMSIS Pack Vendor :STMicroelectronics X-CUBE-DISPLAY 3.0.0
2023-08-17 23:42:05,390 [INFO] ThirdParty:1030 - CMSIS Pack Vendor :STMicroelectronics X-CUBE-BLE1 7.0.0
2023-08-17 23:42:05,390 [INFO] ThirdParty:1030 - CMSIS Pack Vendor :STMicroelectronics FP-ATR-SIGFOX1 3.2.0
2023-08-17 23:42:05,390 [INFO] ThirdParty:1030 - CMSIS Pack Vendor :STMicroelectronics HAL Drivers 0.0.0
2023-08-17 23:42:05,390 [INFO] ThirdParty:1030 - CMSIS Pack Vendor :STMicroelectronics MBEDTLS 2.16.2
2023-08-17 23:42:05,390 [INFO] ThirdParty:1030 - CMSIS Pack Vendor :STMicroelectronics X-CUBE-TOUCHGFX 4.22.0
2023-08-17 23:42:05,390 [INFO] ThirdParty:1030 - CMSIS Pack Vendor :STMicroelectronics X-CUBE-NFC7 1.0.1
2023-08-17 23:42:05,390 [INFO] ThirdParty:1030 - CMSIS Pack Vendor :STMicroelectronics MBEDTLS 2.14.1
2023-08-17 23:42:05,390 [INFO] ThirdParty:1030 - CMSIS Pack Vendor :STMicroelectronics X-CUBE-EEPRMA1 4.1.0
2023-08-17 23:42:05,390 [INFO] ThirdParty:1030 - CMSIS Pack Vendor :portGmbH I-Cube-SoM-uGOAL 1.1.0
2023-08-17 23:42:05,390 [INFO] ThirdParty:1030 - CMSIS Pack Vendor :STMicroelectronics X-CUBE-ALS 1.0.1
2023-08-17 23:42:05,390 [INFO] ThirdParty:1030 - CMSIS Pack Vendor :STMicroelectronics ThreadX 1.0.0
2023-08-17 23:42:05,390 [INFO] ThirdParty:1030 - CMSIS Pack Vendor :STMicroelectronics X-CUBE-AZRTOS-WB 1.1.0
2023-08-17 23:42:05,390 [INFO] ThirdParty:1030 - CMSIS Pack Vendor :STMicroelectronics X-CUBE-AZRTOS-WL 2.0.0
2023-08-17 23:42:05,390 [INFO] ThirdParty:1030 - CMSIS Pack Vendor :SEGGER I-CUBE-embOS 1.3.1
2023-08-17 23:42:05,390 [INFO] ThirdParty:1030 - CMSIS Pack Vendor :STMicroelectronics USB_DEVICE 1.0.0
2023-08-17 23:42:05,390 [INFO] ThirdParty:1030 - CMSIS Pack Vendor :STMicroelectronics X-CUBE-AI 8.1.0
2023-08-17 23:42:05,390 [INFO] ThirdParty:1030 - CMSIS Pack Vendor :STMicroelectronics X-CUBE-AZRTOS-L4 2.0.0
2023-08-17 23:42:05,391 [INFO] ThirdParty:1030 - CMSIS Pack Vendor :STMicroelectronics ThreadX 0.0.2
2023-08-17 23:42:05,391 [INFO] ThirdParty:1030 - CMSIS Pack Vendor :WES I-CUBE-Cesium 1.3.0
2023-08-17 23:42:05,391 [INFO] ThirdParty:1030 - CMSIS Pack Vendor :STMicroelectronics FP-ATR-ASTRA1 2.0.0
2023-08-17 23:42:05,391 [INFO] ThirdParty:1030 - CMSIS Pack Vendor :STMicroelectronics lwIP 2.1.2
2023-08-17 23:42:05,391 [INFO] ThirdParty:1030 - CMSIS Pack Vendor :STMicroelectronics X-CUBE-SFXS2LP1 4.0.0
2023-08-17 23:42:05,391 [INFO] ThirdParty:1030 - CMSIS Pack Vendor :STMicroelectronics X-CUBE-BLE2 3.3.0
2023-08-17 23:42:05,391 [INFO] ThirdParty:1030 - CMSIS Pack Vendor :STMicroelectronics PDM2PCM 3.2.0
2023-08-17 23:42:05,391 [INFO] ThirdParty:841 - exiting critical section [change project]
2023-08-17 23:42:05,591 [INFO] PinOutPanel:1499 - setPackage(No Configuration,No Configuration)
2023-08-17 23:42:05,591 [INFO] PinOutPanel:1499 - setPackage(STM32F405RGTx,LQFP64)
2023-08-17 23:42:05,825 [INFO] UtilMem:75 - Before build in PCC Used Memory: 363811664 Bytes (471859200)
2023-08-17 23:42:06,023 [INFO] UtilMem:75 - After build in PCC Used Memory: 311650992 Bytes (471859200)
2023-08-17 23:42:06,042 [INFO] IPUIPlugin:80 - create IPUIPlugin
2023-08-17 23:42:06,042 [INFO] IPUIPlugin:80 - create IPUIPlugin
2023-08-17 23:42:06,042 [INFO] IPUIPlugin:80 - create IPUIPlugin
2023-08-17 23:42:06,042 [INFO] IPUIPlugin:80 - create IPUIPlugin
2023-08-17 23:42:06,042 [INFO] IPUIPlugin:80 - create IPUIPlugin
2023-08-17 23:42:06,042 [INFO] IPUIPlugin:80 - create IPUIPlugin
2023-08-17 23:42:06,042 [INFO] IPUIPlugin:80 - create IPUIPlugin
2023-08-17 23:42:06,042 [INFO] IPUIPlugin:80 - create IPUIPlugin
2023-08-17 23:42:06,043 [INFO] IPUIPlugin:80 - create IPUIPlugin
2023-08-17 23:42:06,043 [INFO] IPUIPlugin:80 - create IPUIPlugin
2023-08-17 23:42:06,043 [INFO] IPUIPlugin:80 - create IPUIPlugin
2023-08-17 23:42:06,043 [INFO] IPUIPlugin:80 - create IPUIPlugin
2023-08-17 23:42:06,043 [INFO] IPUIPlugin:80 - create IPUIPlugin
2023-08-17 23:42:06,043 [INFO] IPUIPlugin:80 - create IPUIPlugin
2023-08-17 23:42:06,043 [INFO] IPUIPlugin:80 - create IPUIPlugin
2023-08-17 23:42:06,043 [INFO] IPUIPlugin:80 - create IPUIPlugin
2023-08-17 23:42:06,043 [INFO] IPUIPlugin:80 - create IPUIPlugin
2023-08-17 23:42:06,043 [INFO] IPUIPlugin:80 - create IPUIPlugin
2023-08-17 23:42:06,044 [INFO] IPUIPlugin:80 - create IPUIPlugin
2023-08-17 23:42:06,044 [INFO] IPUIPlugin:80 - create IPUIPlugin
2023-08-17 23:42:06,044 [INFO] IPUIPlugin:80 - create IPUIPlugin
2023-08-17 23:42:06,044 [INFO] IPUIPlugin:80 - create IPUIPlugin
2023-08-17 23:42:06,044 [INFO] IPUIPlugin:80 - create IPUIPlugin
2023-08-17 23:42:06,044 [INFO] IPUIPlugin:80 - create IPUIPlugin
2023-08-17 23:42:06,045 [INFO] IPUIPlugin:80 - create IPUIPlugin
2023-08-17 23:42:06,045 [INFO] IPUIPlugin:80 - create IPUIPlugin
2023-08-17 23:42:06,045 [INFO] IPUIPlugin:80 - create IPUIPlugin
2023-08-17 23:42:06,045 [INFO] IPUIPlugin:80 - create IPUIPlugin
2023-08-17 23:42:06,045 [INFO] IPUIPlugin:80 - create IPUIPlugin
2023-08-17 23:42:06,046 [INFO] IPUIPlugin:80 - create IPUIPlugin
2023-08-17 23:42:06,046 [INFO] IPUIPlugin:80 - create IPUIPlugin
2023-08-17 23:42:06,046 [INFO] IPUIPlugin:80 - create IPUIPlugin
2023-08-17 23:42:06,047 [INFO] IPUIPlugin:80 - create IPUIPlugin
2023-08-17 23:42:06,047 [INFO] IPUIPlugin:80 - create IPUIPlugin
2023-08-17 23:42:06,047 [INFO] IPUIPlugin:80 - create IPUIPlugin
2023-08-17 23:42:06,047 [INFO] IPUIPlugin:80 - create IPUIPlugin
2023-08-17 23:42:06,047 [INFO] IPUIPlugin:80 - create IPUIPlugin
2023-08-17 23:42:06,048 [INFO] IPUIPlugin:80 - create IPUIPlugin
2023-08-17 23:42:06,049 [INFO] IPUIPlugin:80 - create IPUIPlugin
2023-08-17 23:42:06,049 [INFO] IPUIPlugin:80 - create IPUIPlugin
2023-08-17 23:42:06,049 [INFO] IPUIPlugin:80 - create IPUIPlugin
2023-08-17 23:42:06,049 [INFO] IPUIPlugin:80 - create IPUIPlugin
2023-08-17 23:42:06,050 [INFO] IPUIPlugin:80 - create IPUIPlugin
2023-08-17 23:42:06,050 [INFO] IPUIPlugin:80 - create IPUIPlugin
2023-08-17 23:42:06,050 [INFO] IPUIPlugin:80 - create IPUIPlugin
2023-08-17 23:42:06,050 [INFO] IPUIPlugin:80 - create IPUIPlugin
2023-08-17 23:42:06,051 [INFO] IPUIPlugin:80 - create IPUIPlugin
2023-08-17 23:42:06,051 [INFO] IPUIPlugin:80 - create IPUIPlugin
2023-08-17 23:42:06,051 [INFO] IPUIPlugin:80 - create IPUIPlugin
2023-08-17 23:42:06,051 [INFO] IPUIPlugin:80 - create IPUIPlugin
2023-08-17 23:42:06,051 [INFO] IPUIPlugin:80 - create IPUIPlugin
2023-08-17 23:42:06,052 [INFO] IPUIPlugin:80 - create IPUIPlugin
2023-08-17 23:42:06,052 [INFO] IPUIPlugin:80 - create IPUIPlugin
2023-08-17 23:42:06,052 [INFO] IPUIPlugin:80 - create IPUIPlugin
2023-08-17 23:42:06,054 [INFO] ApiDbMcu:507 - Load IP Config File for PDM2PCM
2023-08-17 23:42:06,101 [INFO] CADModel:165 - CPN selected for project levelSTM32F405RGT6
2023-08-17 23:42:06,102 [INFO] CADModel:114 - Register for checkConnection events
2023-08-17 23:42:06,150 [INFO] OpenFileManager:328 - Restore cursor
2023-08-17 23:45:08,258 [INFO] NvicIntPanel:101 - NVIC parent = com.st.microxplorer.plugins.ip.nvic.MultiNvicIntPanel[,0,0,0x0,invalid,layout=javax.swing.BoxLayout,alignmentX=0.0,alignmentY=0.0,border=,flags=9,maximumSize=,minimumSize=,preferredSize=]
2023-08-17 23:45:38,354 [INFO] NvicIntPanel:101 - NVIC parent = com.st.microxplorer.plugins.ip.nvic.MultiNvicIntPanel[,0,0,0x0,invalid,layout=javax.swing.BoxLayout,alignmentX=0.0,alignmentY=0.0,border=,flags=9,maximumSize=,minimumSize=,preferredSize=]
2023-08-17 23:45:53,023 [INFO] NvicIntPanel:101 - NVIC parent = com.st.microxplorer.plugins.ip.nvic.MultiNvicIntPanel[,0,0,0x0,invalid,layout=javax.swing.BoxLayout,alignmentX=0.0,alignmentY=0.0,border=,flags=9,maximumSize=,minimumSize=,preferredSize=]
2023-08-17 23:46:03,581 [INFO] NvicIntPanel:101 - NVIC parent = com.st.microxplorer.plugins.ip.nvic.MultiNvicIntPanel[,0,0,0x0,invalid,layout=javax.swing.BoxLayout,alignmentX=0.0,alignmentY=0.0,border=,flags=9,maximumSize=,minimumSize=,preferredSize=]
2023-08-17 23:46:05,103 [INFO] NvicIntPanel:101 - NVIC parent = com.st.microxplorer.plugins.ip.nvic.MultiNvicIntPanel[,0,0,0x0,invalid,layout=javax.swing.BoxLayout,alignmentX=0.0,alignmentY=0.0,border=,flags=9,maximumSize=,minimumSize=,preferredSize=]
2023-08-17 23:46:08,667 [INFO] NvicIntPanel:101 - NVIC parent = com.st.microxplorer.plugins.ip.nvic.MultiNvicIntPanel[,0,0,0x0,invalid,layout=javax.swing.BoxLayout,alignmentX=0.0,alignmentY=0.0,border=,flags=9,maximumSize=,minimumSize=,preferredSize=]
2023-08-17 23:46:19,594 [INFO] NvicIntPanel:101 - NVIC parent = com.st.microxplorer.plugins.ip.nvic.MultiNvicIntPanel[,0,0,0x0,invalid,layout=javax.swing.BoxLayout,alignmentX=0.0,alignmentY=0.0,border=,flags=9,maximumSize=,minimumSize=,preferredSize=]
2023-08-17 23:46:23,701 [INFO] NvicIntPanel:101 - NVIC parent = com.st.microxplorer.plugins.ip.nvic.MultiNvicIntPanel[,0,0,0x0,invalid,layout=javax.swing.BoxLayout,alignmentX=0.0,alignmentY=0.0,border=,flags=9,maximumSize=,minimumSize=,preferredSize=]
2023-08-17 23:46:29,755 [INFO] NvicIntPanel:101 - NVIC parent = com.st.microxplorer.plugins.ip.nvic.MultiNvicIntPanel[,0,0,0x0,invalid,layout=javax.swing.BoxLayout,alignmentX=0.0,alignmentY=0.0,border=,flags=9,maximumSize=,minimumSize=,preferredSize=]
2023-08-17 23:46:46,286 [INFO] NvicIntPanel:101 - NVIC parent = com.st.microxplorer.plugins.ip.nvic.MultiNvicIntPanel[,0,0,0x0,invalid,layout=javax.swing.BoxLayout,alignmentX=0.0,alignmentY=0.0,border=,flags=9,maximumSize=,minimumSize=,preferredSize=]
2023-08-17 23:47:48,486 [INFO] UtilMem:75 - End SaveConfig() Used Memory: 562660504 Bytes (708837376)
2023-08-17 23:47:49,300 [INFO] UtilMem:75 - End SaveConfig() Used Memory: 566906080 Bytes (708837376)
2023-08-17 23:47:49,860 [INFO] BlockDiagram:2759 - set Specific Code input for plugin: SPI
2023-08-17 23:47:49,860 [INFO] BlockDiagram:2759 - set Specific Code input for plugin: SPI
2023-08-17 23:47:49,860 [INFO] BlockDiagram:2759 - set Specific Code input for plugin: SPI
2023-08-17 23:47:49,860 [INFO] BlockDiagram:2759 - set Specific Code input for plugin: TIM1_8
2023-08-17 23:47:49,860 [INFO] BlockDiagram:2759 - set Specific Code input for plugin: TIM1_8
2023-08-17 23:47:49,860 [INFO] BlockDiagram:2759 - set Specific Code input for plugin: RCC
2023-08-17 23:47:49,860 [INFO] BlockDiagram:2759 - set Specific Code input for plugin: NVIC
2023-08-17 23:47:49,860 [INFO] BlockDiagram:2759 - set Specific Code input for plugin: USART
2023-08-17 23:47:49,861 [INFO] BlockDiagram:2759 - set Specific Code input for plugin: UART
2023-08-17 23:47:49,861 [INFO] BlockDiagram:2759 - set Specific Code input for plugin: UART
2023-08-17 23:47:49,861 [INFO] BlockDiagram:2759 - set Specific Code input for plugin: GPIO
2023-08-17 23:47:49,862 [INFO] CodeGenerator:793 - code generatio: config db path: C:\ST\STM32CubeIDE_1.12.1\STM32CubeIDE\plugins\com.st.stm32cube.common.mx_6.8.1.202304191431\\db\
2023-08-17 23:47:50,715 [INFO] CodeEngine:255 - oldGeneratedFile, C:\Users\hyeon\Desktop\STM32_Workspace\6-2. TIM PWM\MXTmpFiles\license.tmp_save
2023-08-17 23:47:51,106 [INFO] CodeEngine:279 - Generated code: C:\Users\hyeon\Desktop\STM32_Workspace\6-2. TIM PWM\MXTmpFiles\license.tmp
2023-08-17 23:47:51,290 [INFO] CodeEngine:255 - oldGeneratedFile, C:\Users\hyeon\Desktop\STM32_Workspace\6-2. TIM PWM\Core\Src\gpio.c_save
2023-08-17 23:47:51,472 [INFO] CodeEngine:279 - Generated code: C:\Users\hyeon\Desktop\STM32_Workspace\6-2. TIM PWM\Core\Src\gpio.c
2023-08-17 23:47:51,491 [INFO] CodeEngine:255 - oldGeneratedFile, C:\Users\hyeon\Desktop\STM32_Workspace\6-2. TIM PWM\Core\Inc\gpio.h_save
2023-08-17 23:47:51,665 [INFO] CodeEngine:279 - Generated code: C:\Users\hyeon\Desktop\STM32_Workspace\6-2. TIM PWM\Core\Inc\gpio.h
2023-08-17 23:47:52,912 [INFO] CodeEngine:255 - oldGeneratedFile, C:\Users\hyeon\Desktop\STM32_Workspace\6-2. TIM PWM\Core\Src\spi.c_save
2023-08-17 23:47:53,074 [INFO] CodeEngine:279 - Generated code: C:\Users\hyeon\Desktop\STM32_Workspace\6-2. TIM PWM\Core\Src\spi.c
2023-08-17 23:47:53,088 [INFO] CodeEngine:255 - oldGeneratedFile, C:\Users\hyeon\Desktop\STM32_Workspace\6-2. TIM PWM\Core\Inc\spi.h_save
2023-08-17 23:47:53,178 [INFO] CodeEngine:279 - Generated code: C:\Users\hyeon\Desktop\STM32_Workspace\6-2. TIM PWM\Core\Inc\spi.h
2023-08-17 23:47:53,199 [INFO] CodeEngine:255 - oldGeneratedFile, C:\Users\hyeon\Desktop\STM32_Workspace\6-2. TIM PWM\Core\Src\tim.c_save
2023-08-17 23:47:53,346 [INFO] CodeEngine:279 - Generated code: C:\Users\hyeon\Desktop\STM32_Workspace\6-2. TIM PWM\Core\Src\tim.c
2023-08-17 23:47:53,351 [INFO] CodeEngine:255 - oldGeneratedFile, C:\Users\hyeon\Desktop\STM32_Workspace\6-2. TIM PWM\Core\Inc\tim.h_save
2023-08-17 23:47:53,434 [INFO] CodeEngine:279 - Generated code: C:\Users\hyeon\Desktop\STM32_Workspace\6-2. TIM PWM\Core\Inc\tim.h
2023-08-17 23:47:53,454 [INFO] CodeEngine:255 - oldGeneratedFile, C:\Users\hyeon\Desktop\STM32_Workspace\6-2. TIM PWM\Core\Src\usart.c_save
2023-08-17 23:47:53,567 [INFO] CodeEngine:279 - Generated code: C:\Users\hyeon\Desktop\STM32_Workspace\6-2. TIM PWM\Core\Src\usart.c
2023-08-17 23:47:53,571 [INFO] CodeEngine:255 - oldGeneratedFile, C:\Users\hyeon\Desktop\STM32_Workspace\6-2. TIM PWM\Core\Inc\usart.h_save
2023-08-17 23:47:53,641 [INFO] CodeEngine:279 - Generated code: C:\Users\hyeon\Desktop\STM32_Workspace\6-2. TIM PWM\Core\Inc\usart.h
2023-08-17 23:47:53,665 [INFO] CodeEngine:255 - oldGeneratedFile, C:\Users\hyeon\Desktop\STM32_Workspace\6-2. TIM PWM\Core\Src\stm32f4xx_it.c_save
2023-08-17 23:47:53,794 [INFO] CodeEngine:279 - Generated code: C:\Users\hyeon\Desktop\STM32_Workspace\6-2. TIM PWM\Core\Src\stm32f4xx_it.c
2023-08-17 23:47:53,808 [INFO] CodeEngine:255 - oldGeneratedFile, C:\Users\hyeon\Desktop\STM32_Workspace\6-2. TIM PWM\Core\Inc\stm32f4xx_it.h_save
2023-08-17 23:47:53,891 [INFO] CodeEngine:279 - Generated code: C:\Users\hyeon\Desktop\STM32_Workspace\6-2. TIM PWM\Core\Inc\stm32f4xx_it.h
2023-08-17 23:47:54,020 [INFO] CodeEngine:255 - oldGeneratedFile, C:\Users\hyeon\Desktop\STM32_Workspace\6-2. TIM PWM\Core\Src\stm32f4xx_hal_msp.c_save
2023-08-17 23:47:54,238 [INFO] CodeEngine:279 - Generated code: C:\Users\hyeon\Desktop\STM32_Workspace\6-2. TIM PWM\Core\Src\stm32f4xx_hal_msp.c
2023-08-17 23:47:54,252 [INFO] CodeEngine:255 - oldGeneratedFile, C:\Users\hyeon\Desktop\STM32_Workspace\6-2. TIM PWM\MXTmpFiles\system.tmp_save
2023-08-17 23:47:54,330 [INFO] CodeEngine:279 - Generated code: C:\Users\hyeon\Desktop\STM32_Workspace\6-2. TIM PWM\MXTmpFiles\system.tmp
2023-08-17 23:47:54,341 [INFO] CodeEngine:255 - oldGeneratedFile, C:\Users\hyeon\Desktop\STM32_Workspace\6-2. TIM PWM\Core\Inc\stm32_assert.h_save
2023-08-17 23:47:54,436 [INFO] CodeEngine:279 - Generated code: C:\Users\hyeon\Desktop\STM32_Workspace\6-2. TIM PWM\Core\Inc\stm32_assert.h
2023-08-17 23:47:54,468 [INFO] CodeEngine:311 - oldGeneratedFile, C:\Users\hyeon\Desktop\STM32_Workspace\6-2. TIM PWM\Core\Inc\stm32f4xx_hal_conf.h_save
2023-08-17 23:47:54,587 [INFO] CodeEngine:335 - Generated code: C:\Users\hyeon\Desktop\STM32_Workspace\6-2. TIM PWM\Core\Inc\stm32f4xx_hal_conf.h
2023-08-17 23:47:54,690 [INFO] CodeEngine:255 - oldGeneratedFile, C:\Users\hyeon\Desktop\STM32_Workspace\6-2. TIM PWM\Core\Inc\main.h_save
2023-08-17 23:47:54,800 [INFO] CodeEngine:279 - Generated code: C:\Users\hyeon\Desktop\STM32_Workspace\6-2. TIM PWM\Core\Inc\main.h
2023-08-17 23:47:54,826 [INFO] CodeEngine:255 - oldGeneratedFile, C:\Users\hyeon\Desktop\STM32_Workspace\6-2. TIM PWM\Core\Src\main.c_save
2023-08-17 23:47:54,951 [INFO] CodeEngine:279 - Generated code: C:\Users\hyeon\Desktop\STM32_Workspace\6-2. TIM PWM\Core\Src\main.c
2023-08-17 23:47:55,825 [INFO] ProjectBuilder:2996 - Time for Copy HAL[1] : 211mS.
2023-08-17 23:47:55,836 [INFO] ProjectBuilder:4304 - Project Generator version: 3.19.2
2023-08-17 23:47:56,117 [INFO] ConfigFileManager:1483 - The Die is : DIE413
2023-08-17 23:47:56,132 [INFO] ApiDbMcu:507 - Load IP Config File for FATFS
2023-08-17 23:47:56,144 [INFO] ApiDbMcu:507 - Load IP Config File for FREERTOS
2023-08-17 23:47:56,157 [INFO] ApiDbMcu:507 - Load IP Config File for LIBJPEG
2023-08-17 23:47:56,168 [INFO] ApiDbMcu:507 - Load IP Config File for MBEDTLS
2023-08-17 23:47:56,184 [INFO] ApiDbMcu:507 - Load IP Config File for USB_DEVICE
2023-08-17 23:47:56,194 [INFO] ApiDbMcu:507 - Load IP Config File for USB_HOST
2023-08-17 23:47:57,705 [INFO] LogOutputStream:77 - [STDOUT_REDIRECT] 
2023-08-17 23:47:59,521 [INFO] ProjectBuilder:4505 - Time for Generating toolchain IDE Files: 3683mS.
2023-08-17 23:47:59,522 [INFO] ProjectBuilder:2867 - Time for Copy CMSIS : 0mS.
2023-08-17 23:47:59,525 [INFO] ProjectBuilder:2867 - Time for Copy CMSIS : 0mS.
