2023-06-25 22:45:49,032 [INFO] Activator:176 - 


2023-06-25 22:45:49,037 [INFO] Activator:177 - !SESSION log4j initialized
2023-06-25 22:45:54,222 [INFO] LogOutputStream:77 - [STDOUT_REDIRECT] 
2023-06-25 22:56:14,444 [INFO] Activator:176 - 


2023-06-25 22:56:14,446 [INFO] Activator:177 - !SESSION log4j initialized
2023-06-25 22:56:17,746 [INFO] LogOutputStream:77 - [STDOUT_REDIRECT] 
2023-06-25 22:56:31,909 [INFO] ApplicationProperties:184 - Using Application install path: C:\ST\STM32CubeIDE_1.12.1\STM32CubeIDE\plugins\com.st.stm32cube.common.mx_6.8.1.202304191431
2023-06-25 22:56:31,941 [INFO] DbMcusXml:78 - Set database path to: C:\ST\STM32CubeIDE_1.12.1\STM32CubeIDE\plugins\com.st.stm32cube.common.mx_6.8.1.202304191431\\db\/mcu/
2023-06-25 22:56:31,943 [INFO] ApiDb:274 - Set plugin database path to: C:\ST\STM32CubeIDE_1.12.1\STM32CubeIDE\plugins\com.st.stm32cube.common.mx_6.8.1.202304191431\\db\/plugins/boardmanager/
2023-06-25 22:56:31,947 [WARN] ApiDb:259 - Overriding images path with different value:  => C:\ST\STM32CubeIDE_1.12.1\STM32CubeIDE\plugins\com.st.stm32cube.common.mx_6.8.1.202304191431\\db\/plugins/mcufinder/images/
2023-06-25 22:56:31,968 [INFO] ApiDb:250 - Set database path to: C:\Users\hyeon\.stmcufinder\plugins\mcufinder//mcu/
2023-06-25 22:56:31,969 [INFO] DbMcusAds:125 - Set database path to: C:\Users\hyeon\.stmcufinder\plugins\mcufinder//mcu/
2023-06-25 22:56:31,976 [INFO] CrossReferenceDbSqlite:203 - Set database path to: C:\Users\hyeon\.stmcufinder\plugins\mcufinder//mcu/cs/
2023-06-25 22:56:32,114 [INFO] RulesReader:64 - Compatibility file has been processed (293 Rules)
2023-06-25 22:56:38,715 [ERROR] LogOutputStream:75 - [STDERR_REDIRECT] SLF4J: Failed to load class "org.slf4j.impl.StaticLoggerBinder".
2023-06-25 22:56:38,715 [ERROR] LogOutputStream:75 - [STDERR_REDIRECT] SLF4J: Defaulting to no-operation (NOP) logger implementation
2023-06-25 22:56:38,717 [ERROR] LogOutputStream:75 - [STDERR_REDIRECT] SLF4J: See http://www.slf4j.org/codes.html#StaticLoggerBinder for further details.
2023-06-25 22:57:35,343 [INFO] DbMcusXml:78 - Set database path to: C:\ST\STM32CubeIDE_1.12.1\STM32CubeIDE\plugins\com.st.stm32cube.common.mx_6.8.1.202304191431\\db\/mcu/
2023-06-25 22:57:35,345 [INFO] ApiDb:274 - Set plugin database path to: C:\ST\STM32CubeIDE_1.12.1\STM32CubeIDE\plugins\com.st.stm32cube.common.mx_6.8.1.202304191431\\db\/plugins/boardmanager/
2023-06-25 22:57:35,346 [INFO] ApiDb:261 - Set plugin images path to: C:\ST\STM32CubeIDE_1.12.1\STM32CubeIDE\plugins\com.st.stm32cube.common.mx_6.8.1.202304191431\\db\/plugins/mcufinder/images/
2023-06-25 22:57:35,346 [WARN] DbFile:41 - Overriding database path with different value: C:\Users\hyeon\.stmcufinder\plugins\mcufinder/ => C:\Users\hyeon\.stmcufinder\plugins\mcufinder
2023-06-25 22:57:35,346 [INFO] ApiDb:250 - Set database path to: C:\Users\hyeon\.stmcufinder\plugins\mcufinder//mcu/
2023-06-25 22:57:35,346 [WARN] DbFile:41 - Overriding database path with different value: C:\Users\hyeon\.stmcufinder\plugins\mcufinder/ => C:\Users\hyeon\.stmcufinder\plugins\mcufinder
2023-06-25 22:57:35,346 [INFO] DbMcusAds:125 - Set database path to: C:\Users\hyeon\.stmcufinder\plugins\mcufinder//mcu/
2023-06-25 22:57:35,346 [WARN] DbFile:41 - Overriding database path with different value: C:\Users\hyeon\.stmcufinder\plugins\mcufinder/ => C:\Users\hyeon\.stmcufinder\plugins\mcufinder
2023-06-25 22:57:35,346 [WARN] DbFile:41 - Overriding database path with different value: C:\Users\hyeon\.stmcufinder\plugins\mcufinder/ => C:\Users\hyeon\.stmcufinder\plugins\mcufinder
2023-06-25 22:57:35,347 [INFO] CrossReferenceDbSqlite:203 - Set database path to: C:\Users\hyeon\.stmcufinder\plugins\mcufinder//mcu/cs/
2023-06-25 22:57:35,429 [INFO] MainPanel:253 - HeapMemory: 306184192
2023-06-25 22:57:35,539 [INFO] DbMcusXml:78 - Set database path to: C:\ST\STM32CubeIDE_1.12.1\STM32CubeIDE\plugins\com.st.stm32cube.common.mx_6.8.1.202304191431\\db\/mcu/
2023-06-25 22:57:35,540 [INFO] ApiDb:274 - Set plugin database path to: C:\ST\STM32CubeIDE_1.12.1\STM32CubeIDE\plugins\com.st.stm32cube.common.mx_6.8.1.202304191431\\db\/plugins/boardmanager/
2023-06-25 22:57:35,540 [INFO] ApiDb:261 - Set plugin images path to: C:\ST\STM32CubeIDE_1.12.1\STM32CubeIDE\plugins\com.st.stm32cube.common.mx_6.8.1.202304191431\\db\/plugins/mcufinder/images/
2023-06-25 22:57:35,540 [WARN] DbFile:41 - Overriding database path with different value: C:\Users\hyeon\.stmcufinder\plugins\mcufinder/ => C:\Users\hyeon\.stmcufinder\plugins\mcufinder
2023-06-25 22:57:35,540 [INFO] ApiDb:250 - Set database path to: C:\Users\hyeon\.stmcufinder\plugins\mcufinder//mcu/
2023-06-25 22:57:35,541 [WARN] DbFile:41 - Overriding database path with different value: C:\Users\hyeon\.stmcufinder\plugins\mcufinder/ => C:\Users\hyeon\.stmcufinder\plugins\mcufinder
2023-06-25 22:57:35,541 [INFO] DbMcusAds:125 - Set database path to: C:\Users\hyeon\.stmcufinder\plugins\mcufinder//mcu/
2023-06-25 22:57:35,541 [WARN] DbFile:41 - Overriding database path with different value: C:\Users\hyeon\.stmcufinder\plugins\mcufinder/ => C:\Users\hyeon\.stmcufinder\plugins\mcufinder
2023-06-25 22:57:35,541 [WARN] DbFile:41 - Overriding database path with different value: C:\Users\hyeon\.stmcufinder\plugins\mcufinder/ => C:\Users\hyeon\.stmcufinder\plugins\mcufinder
2023-06-25 22:57:35,541 [INFO] CrossReferenceDbSqlite:203 - Set database path to: C:\Users\hyeon\.stmcufinder\plugins\mcufinder//mcu/cs/
2023-06-25 22:57:35,560 [INFO] ApplicationProperties:184 - Using Application install path: C:\ST\STM32CubeIDE_1.12.1\STM32CubeIDE\plugins\com.st.stm32cube.common.mx_6.8.1.202304191431
2023-06-25 22:57:35,561 [INFO] PluginManage:196 - Search for loadable plugins [exclusion list=, ]
2023-06-25 22:57:35,562 [INFO] PluginManage:310 - Check plugin analytics
2023-06-25 22:57:35,747 [INFO] AnalyticsPlugin:253 - Accepted Software Licenses: 
2023-06-25 22:57:35,748 [INFO] AnalyticsPlugin:255 - Accepted CMSIS Pack Licenses: 
2023-06-25 22:57:35,748 [INFO] AnalyticsPlugin:257 - Accepted Firmware Licenses: 
2023-06-25 22:57:35,757 [INFO] PluginManage:359 - Loaded plugin analytics (category:tool,tabindex:-1)
2023-06-25 22:57:35,757 [INFO] PluginManage:310 - Check plugin cadmodel
2023-06-25 22:57:35,785 [INFO] CADModel:105 - Init CAD model plugin
2023-06-25 22:57:35,785 [INFO] PluginManage:359 - Loaded plugin cadmodel (category:power,tabindex:5)
2023-06-25 22:57:35,786 [INFO] PluginManage:310 - Check plugin clock
2023-06-25 22:57:35,802 [INFO] PluginManage:359 - Loaded plugin clock (category:base,tabindex:2)
2023-06-25 22:57:35,803 [INFO] PluginManage:310 - Check plugin ddr
2023-06-25 22:57:35,808 [INFO] PluginManage:359 - Loaded plugin ddr (category:tool,tabindex:6)
2023-06-25 22:57:35,808 [INFO] PluginManage:310 - Check plugin filemanager
2023-06-25 22:57:35,944 [INFO] PluginManage:359 - Loaded plugin filemanager (category:base,tabindex:10)
2023-06-25 22:57:35,944 [INFO] PluginManage:310 - Check plugin ipmanager
2023-06-25 22:57:35,953 [INFO] PluginManage:359 - Loaded plugin ipmanager (category:base,tabindex:5)
2023-06-25 22:57:35,953 [INFO] PluginManage:310 - Check plugin lpbam
2023-06-25 22:57:35,967 [INFO] PluginManage:359 - Loaded plugin lpbam (category:base,tabindex:0)
2023-06-25 22:57:35,967 [INFO] PluginManage:310 - Check plugin pinoutandconfiguration
2023-06-25 22:57:35,983 [INFO] PluginManage:359 - Loaded plugin pinoutandconfiguration (category:base,tabindex:1)
2023-06-25 22:57:35,983 [INFO] PluginManage:310 - Check plugin pinoutconfig
2023-06-25 22:57:36,071 [WARN] SupportedApi:132 - Cannot load RTOS API schema: s4s-elt-must-match.1: The content of 'definitions' must match (annotation?, (simpleType | complexType)?, (unique | key | keyref)*)). A problem was found starting at: attribute.
2023-06-25 22:57:36,215 [INFO] PluginManage:359 - Loaded plugin pinoutconfig (category:base,tabindex:0)
2023-06-25 22:57:36,215 [INFO] PluginManage:310 - Check plugin power
2023-06-25 22:57:36,249 [INFO] PluginManage:359 - Loaded plugin power (category:power,tabindex:4)
2023-06-25 22:57:36,250 [INFO] PluginManage:310 - Check plugin projectmanager
2023-06-25 22:57:36,266 [INFO] PluginManage:359 - Loaded plugin projectmanager (category:projectmanager,tabindex:3)
2023-06-25 22:57:36,266 [INFO] PluginManage:310 - Check plugin thirdparty
2023-06-25 22:57:36,498 [INFO] PluginManage:359 - Loaded plugin thirdparty (category:base,tabindex:-1)
2023-06-25 22:57:36,497 [WARN] IntegrityCheckThread:84 - waiting for thirdparty lock release [integrity check]
2023-06-25 22:57:36,498 [INFO] PluginManage:310 - Check plugin tools
2023-06-25 22:57:36,498 [INFO] IntegrityCheckThread:86 - entering critical section [integrity check]
2023-06-25 22:57:36,499 [INFO] ThirdPartyUpdaterWithRetryManager:70 - Updater plugin not ready yet. [1/15]
2023-06-25 22:57:36,528 [INFO] PluginManage:359 - Loaded plugin tools (category:base,tabindex:7)
2023-06-25 22:57:36,528 [INFO] PluginManage:310 - Check plugin tutovideos
2023-06-25 22:57:36,748 [INFO] PluginManage:359 - Loaded plugin tutovideos (category:base,tabindex:-1)
2023-06-25 22:57:36,748 [INFO] PluginManage:310 - Check plugin updater
2023-06-25 22:57:36,766 [INFO] PluginManage:359 - Loaded plugin updater (category:base,tabindex:12)
2023-06-25 22:57:36,766 [INFO] PluginManage:283 - PluginManage : Loaded plugins [15]
2023-06-25 22:57:37,074 [INFO] PinOutPanel:1499 - setPackage(No Configuration,No Configuration)
2023-06-25 22:57:37,138 [INFO] CADModel:165 - CPN selected for project level
2023-06-25 22:57:37,138 [INFO] CADModel:114 - Register for checkConnection events
2023-06-25 22:57:37,169 [INFO] IPUIPlugin:80 - create IPUIPlugin
2023-06-25 22:57:37,169 [INFO] PluginManager:220 - loadIPPluginJar : add adc
2023-06-25 22:57:37,199 [INFO] IPUIPlugin:80 - create IPUIPlugin
2023-06-25 22:57:37,199 [INFO] PluginManager:220 - loadIPPluginJar : add aes
2023-06-25 22:57:37,230 [INFO] IPUIPlugin:80 - create IPUIPlugin
2023-06-25 22:57:37,230 [INFO] PluginManager:220 - loadIPPluginJar : add can
2023-06-25 22:57:37,248 [INFO] IPUIPlugin:80 - create IPUIPlugin
2023-06-25 22:57:37,248 [INFO] PluginManager:220 - loadIPPluginJar : add comp
2023-06-25 22:57:37,277 [INFO] IPUIPlugin:80 - create IPUIPlugin
2023-06-25 22:57:37,278 [INFO] PluginManager:220 - loadIPPluginJar : add cryp
2023-06-25 22:57:37,301 [INFO] IPUIPlugin:80 - create IPUIPlugin
2023-06-25 22:57:37,302 [INFO] PluginManager:220 - loadIPPluginJar : add dfsdm
2023-06-25 22:57:37,315 [INFO] IPUIPlugin:80 - create IPUIPlugin
2023-06-25 22:57:37,316 [INFO] PluginManager:220 - loadIPPluginJar : add dma
2023-06-25 22:57:37,349 [INFO] IPUIPlugin:80 - create IPUIPlugin
2023-06-25 22:57:37,349 [INFO] PluginManager:220 - loadIPPluginJar : add dma3
2023-06-25 22:57:37,364 [INFO] IPUIPlugin:80 - create IPUIPlugin
2023-06-25 22:57:37,364 [INFO] PluginManager:220 - loadIPPluginJar : add fatfs
2023-06-25 22:57:37,402 [INFO] IPUIPlugin:80 - create IPUIPlugin
2023-06-25 22:57:37,402 [INFO] PluginManager:220 - loadIPPluginJar : add fmc
2023-06-25 22:57:37,416 [INFO] IPUIPlugin:80 - create IPUIPlugin
2023-06-25 22:57:37,416 [INFO] PluginManager:220 - loadIPPluginJar : add freertos
2023-06-25 22:57:37,431 [INFO] IPUIPlugin:80 - create IPUIPlugin
2023-06-25 22:57:37,432 [INFO] PluginManager:220 - loadIPPluginJar : add genericplugin
2023-06-25 22:57:37,502 [INFO] IPUIPlugin:80 - create IPUIPlugin
2023-06-25 22:57:37,502 [INFO] PluginManager:220 - loadIPPluginJar : add gfxmmu
2023-06-25 22:57:37,604 [INFO] IPUIPlugin:80 - create IPUIPlugin
2023-06-25 22:57:37,604 [INFO] PluginManager:220 - loadIPPluginJar : add gic
2023-06-25 22:57:37,617 [INFO] IPUIPlugin:80 - create IPUIPlugin
2023-06-25 22:57:37,617 [INFO] PluginManager:220 - loadIPPluginJar : add gpio
2023-06-25 22:57:37,690 [INFO] IPUIPlugin:80 - create IPUIPlugin
2023-06-25 22:57:37,690 [INFO] PluginManager:220 - loadIPPluginJar : add gtzc
2023-06-25 22:57:37,717 [INFO] IPUIPlugin:80 - create IPUIPlugin
2023-06-25 22:57:37,717 [INFO] PluginManager:220 - loadIPPluginJar : add hash
2023-06-25 22:57:37,758 [INFO] IPUIPlugin:80 - create IPUIPlugin
2023-06-25 22:57:37,758 [INFO] PluginManager:220 - loadIPPluginJar : add i2c
2023-06-25 22:57:37,789 [INFO] IPUIPlugin:80 - create IPUIPlugin
2023-06-25 22:57:37,790 [INFO] PluginManager:220 - loadIPPluginJar : add i2s
2023-06-25 22:57:37,822 [INFO] IPUIPlugin:80 - create IPUIPlugin
2023-06-25 22:57:37,822 [INFO] PluginManager:220 - loadIPPluginJar : add i3c
2023-06-25 22:57:37,912 [INFO] IPUIPlugin:80 - create IPUIPlugin
2023-06-25 22:57:37,912 [INFO] PluginManager:220 - loadIPPluginJar : add ipddr
2023-06-25 22:57:37,984 [INFO] IPUIPlugin:80 - create IPUIPlugin
2023-06-25 22:57:37,984 [INFO] PluginManager:220 - loadIPPluginJar : add linkedlist
2023-06-25 22:57:38,012 [INFO] IPUIPlugin:80 - create IPUIPlugin
2023-06-25 22:57:38,012 [INFO] PluginManager:220 - loadIPPluginJar : add lorawan
2023-06-25 22:57:38,038 [INFO] IPUIPlugin:80 - create IPUIPlugin
2023-06-25 22:57:38,038 [INFO] PluginManager:220 - loadIPPluginJar : add ltdc
2023-06-25 22:57:38,051 [INFO] IPUIPlugin:80 - create IPUIPlugin
2023-06-25 22:57:38,051 [INFO] PluginManager:220 - loadIPPluginJar : add mdma
2023-06-25 22:57:38,060 [INFO] IPUIPlugin:80 - create IPUIPlugin
2023-06-25 22:57:38,060 [INFO] PluginManager:220 - loadIPPluginJar : add nvic
2023-06-25 22:57:38,089 [INFO] IPUIPlugin:80 - create IPUIPlugin
2023-06-25 22:57:38,089 [INFO] PluginManager:220 - loadIPPluginJar : add opamp
2023-06-25 22:57:38,136 [INFO] IPUIPlugin:80 - create IPUIPlugin
2023-06-25 22:57:38,136 [INFO] PluginManager:220 - loadIPPluginJar : add openamp
2023-06-25 22:57:38,169 [INFO] IPUIPlugin:80 - create IPUIPlugin
2023-06-25 22:57:38,169 [INFO] PluginManager:220 - loadIPPluginJar : add pdm2pcm
2023-06-25 22:57:38,185 [INFO] IPUIPlugin:80 - create IPUIPlugin
2023-06-25 22:57:38,187 [INFO] PluginManager:220 - loadIPPluginJar : add plateformsettings
2023-06-25 22:57:38,203 [INFO] IPUIPlugin:80 - create IPUIPlugin
2023-06-25 22:57:38,203 [INFO] PluginManager:220 - loadIPPluginJar : add quadspi
2023-06-25 22:57:38,221 [INFO] IPUIPlugin:80 - create IPUIPlugin
2023-06-25 22:57:38,221 [INFO] PluginManager:220 - loadIPPluginJar : add resmgrutility
2023-06-25 22:57:38,259 [INFO] IPUIPlugin:80 - create IPUIPlugin
2023-06-25 22:57:38,260 [INFO] PluginManager:220 - loadIPPluginJar : add sai
2023-06-25 22:57:38,288 [INFO] IPUIPlugin:80 - create IPUIPlugin
2023-06-25 22:57:38,288 [INFO] PluginManager:220 - loadIPPluginJar : add spi
2023-06-25 22:57:38,334 [INFO] IPUIPlugin:80 - create IPUIPlugin
2023-06-25 22:57:38,334 [INFO] PluginManager:220 - loadIPPluginJar : add stm32_wpan
2023-06-25 22:57:38,352 [INFO] IPUIPlugin:80 - create IPUIPlugin
2023-06-25 22:57:38,352 [INFO] PluginManager:220 - loadIPPluginJar : add tim
2023-06-25 22:57:38,395 [INFO] IPUIPlugin:80 - create IPUIPlugin
2023-06-25 22:57:38,396 [INFO] PluginManager:220 - loadIPPluginJar : add touchsensing
2023-06-25 22:57:38,415 [INFO] IPUIPlugin:80 - create IPUIPlugin
2023-06-25 22:57:38,415 [INFO] PluginManager:220 - loadIPPluginJar : add tracer_emb
2023-06-25 22:57:38,433 [INFO] IPUIPlugin:80 - create IPUIPlugin
2023-06-25 22:57:38,434 [INFO] PluginManager:220 - loadIPPluginJar : add ts
2023-06-25 22:57:38,450 [INFO] IPUIPlugin:80 - create IPUIPlugin
2023-06-25 22:57:38,451 [INFO] PluginManager:220 - loadIPPluginJar : add tsc
2023-06-25 22:57:38,467 [INFO] IPUIPlugin:80 - create IPUIPlugin
2023-06-25 22:57:38,467 [INFO] PluginManager:220 - loadIPPluginJar : add ucpd
2023-06-25 22:57:38,502 [INFO] IPUIPlugin:80 - create IPUIPlugin
2023-06-25 22:57:38,502 [INFO] PluginManager:220 - loadIPPluginJar : add usart
2023-06-25 22:57:38,536 [INFO] IPUIPlugin:80 - create IPUIPlugin
2023-06-25 22:57:38,536 [INFO] PluginManager:220 - loadIPPluginJar : add usbx
2023-06-25 22:57:38,661 [INFO] CADModel:165 - CPN selected for project level
2023-06-25 22:57:38,661 [INFO] CADModel:114 - Register for checkConnection events
2023-06-25 22:57:38,662 [FATAL] Updater:308 - Updater called before beeing initialized
2023-06-25 22:57:38,662 [ERROR] CADModel:125 - Updater not yet initialized, retry later 
2023-06-25 22:57:38,819 [INFO] CADModel:165 - CPN selected for project level
2023-06-25 22:57:38,820 [INFO] CADModel:114 - Register for checkConnection events
2023-06-25 22:57:38,820 [FATAL] Updater:308 - Updater called before beeing initialized
2023-06-25 22:57:38,820 [ERROR] CADModel:125 - Updater not yet initialized, retry later 
2023-06-25 22:57:38,823 [FATAL] Updater:308 - Updater called before beeing initialized
2023-06-25 22:57:38,949 [FATAL] Updater:308 - Updater called before beeing initialized
2023-06-25 22:57:38,984 [INFO] DbMcusAds:53 - JSON generation date=Thu Sep 30 15:55:09 KST 2021 (1632984909247)
2023-06-25 22:57:38,984 [FATAL] Updater:308 - Updater called before beeing initialized
2023-06-25 22:57:39,056 [WARN] DetailPanel:346 - Failed to get advertising image, set to default
2023-06-25 22:57:39,162 [FATAL] Updater:308 - Updater called before beeing initialized
2023-06-25 22:57:39,163 [FATAL] Updater:308 - Updater called before beeing initialized
2023-06-25 22:57:39,163 [FATAL] Updater:308 - Updater called before beeing initialized
2023-06-25 22:57:39,164 [WARN] DetailPanel:346 - Failed to get advertising image, set to default
2023-06-25 22:57:39,164 [FATAL] Updater:308 - Updater called before beeing initialized
2023-06-25 22:57:39,222 [ERROR] Updater:1120 - MainUpdater not yet initialized. External WinMGr cannot be set.
2023-06-25 22:57:39,233 [INFO] Updater:1056 - Updater Version found : 6.8.1
2023-06-25 22:57:39,251 [INFO] ApplicationProperties:184 - Using Application install path: C:\ST\STM32CubeIDE_1.12.1\STM32CubeIDE\plugins\com.st.stm32cube.common.mx_6.8.1.202304191431
2023-06-25 22:57:39,507 [INFO] ThirdPartyUpdaterWithRetryManager:70 - Updater plugin not ready yet. [2/15]
2023-06-25 22:57:39,849 [INFO] MainUpdater:2854 - connection check result : 10
2023-06-25 22:57:39,850 [INFO] MainUpdater:283 - Updater Check For Update Now.
2023-06-25 22:57:39,850 [INFO] MicroXplorer:498 - Change Database Version : DB.6.0.81
2023-06-25 22:57:40,044 [INFO] CheckServerUpdateThread:120 - End of CheckServer Thread
2023-06-25 22:57:40,088 [INFO] MainUpdater:2854 - connection check result : 10
2023-06-25 22:57:40,110 [INFO] McuFinderGlobals:66 - Set McuFinderConnectedMode to true
2023-06-25 22:57:40,850 [INFO] ServerAccessManage:473 - Download File mcusAds.json._tmp_
2023-06-25 22:57:40,967 [INFO] LoadUrlFilesThread:156 - End of LoadUrlFiles Thread
2023-06-25 22:57:42,519 [WARN] MainUpdater:1187 - Updater busy. Cannot search thirdparties
2023-06-25 22:57:42,519 [INFO] ThirdPartyUpdaterWithRetryManager:96 - Updater plugin is busy. [1/15]
2023-06-25 22:57:43,570 [INFO] ServerAccessManage:473 - Download File cube-finder-db.zip
2023-06-25 22:57:45,534 [WARN] MainUpdater:1187 - Updater busy. Cannot search thirdparties
2023-06-25 22:57:45,534 [INFO] ThirdPartyUpdaterWithRetryManager:96 - Updater plugin is busy. [2/15]
2023-06-25 22:57:48,523 [INFO] FileExtend:240 - Unzip File : cube-finder-db.zip
2023-06-25 22:57:48,523 [INFO] FileExtend:255 - Standard Zip Deflate
2023-06-25 22:57:48,535 [WARN] MainUpdater:1187 - Updater busy. Cannot search thirdparties
2023-06-25 22:57:48,535 [INFO] ThirdPartyUpdaterWithRetryManager:96 - Updater plugin is busy. [3/15]
2023-06-25 22:57:49,282 [INFO] LoadUrlFilesThread:156 - End of LoadUrlFiles Thread
2023-06-25 22:57:50,480 [INFO] ServerAccessManage:473 - Download File crdb.zip
2023-06-25 22:57:51,538 [WARN] MainUpdater:1187 - Updater busy. Cannot search thirdparties
2023-06-25 22:57:51,538 [INFO] ThirdPartyUpdaterWithRetryManager:96 - Updater plugin is busy. [4/15]
2023-06-25 22:57:51,847 [INFO] FileExtend:240 - Unzip File : crdb.zip
2023-06-25 22:57:51,847 [INFO] FileExtend:255 - Standard Zip Deflate
2023-06-25 22:57:51,994 [INFO] LoadUrlFilesThread:156 - End of LoadUrlFiles Thread
2023-06-25 22:57:53,467 [INFO] ServerAccessManage:473 - Download File tutoVideoDB.zip
2023-06-25 22:57:53,480 [INFO] FileExtend:240 - Unzip File : tutoVideoDB.zip
2023-06-25 22:57:53,480 [INFO] FileExtend:255 - Standard Zip Deflate
2023-06-25 22:57:53,611 [INFO] LoadUrlFilesThread:156 - End of LoadUrlFiles Thread
2023-06-25 22:57:53,620 [WARN] DbFile:41 - Overriding database path with different value: C:\Users\hyeon\.stmcufinder\plugins\mcufinder/ => C:\Users\hyeon\.stmcufinder\plugins\mcufinder
2023-06-25 22:57:53,889 [INFO] ServerAccessManage:473 - Download File api_config.json
2023-06-25 22:57:54,016 [INFO] LoadUrlFilesThread:156 - End of LoadUrlFiles Thread
2023-06-25 22:57:54,017 [INFO] DbMcusAds:53 - JSON generation date=Tue Mar 07 17:50:55 KST 2023 (1678179055335)
2023-06-25 22:57:54,488 [INFO] ServerAccessManage:473 - Download File 
2023-06-25 22:57:54,539 [WARN] MainUpdater:1187 - Updater busy. Cannot search thirdparties
2023-06-25 22:57:54,539 [INFO] ThirdPartyUpdaterWithRetryManager:96 - Updater plugin is busy. [5/15]
2023-06-25 22:57:54,644 [INFO] LoadUrlFilesThread:185 - End of LoadServerUrlFiles without Thread
2023-06-25 22:57:54,644 [INFO] TargetSelectorAdapter:259 - Refresh data is successful
2023-06-25 22:57:54,740 [INFO] ApiDb:581 - Connected to CubeFinder SQLite database (C:\Users\hyeon\.stmcufinder\plugins\mcufinder\mcu\cube-finder-db.db)
2023-06-25 22:57:54,803 [INFO] ApiDb:668 - CubeFinder database Data Model version=2.1
2023-06-25 22:57:54,803 [INFO] ApiDb:669 - CubeFinder database Configuration version=3.0.35
2023-06-25 22:57:54,804 [INFO] ApiDb:670 - CubeFinder database generation date=2023-05-12 (1683877179)
2023-06-25 22:57:54,804 [INFO] ApiDb:671 - CubeFinder database FW Pack versions=[FP-ATR-ASTRA1_V2.0.0, FP-SNS-FLIGHT1_V5.0.0, FP-SNS-MOTENV1_V4.3.0, STM32Cube_FW_C0_V1.0.1, STM32Cube_FW_F0_V1.11.4, STM32Cube_FW_F3_V1.11.4, STM32Cube_FW_F4_V1.27.1, STM32Cube_FW_F7_V1.17.0, STM32Cube_FW_G0_V1.6.1, STM32Cube_FW_G4_V1.5.1, STM32Cube_FW_H5_V0.5.1, STM32Cube_FW_H5_V1.0.0, STM32Cube_FW_H7_V1.11.0, STM32Cube_FW_L0_V1.12.2, STM32Cube_FW_L5_V1.5.0, STM32Cube_FW_U5_V1.2.0, STM32Cube_FW_WBA_V1.0.0, STM32Cube_FW_WBA_V1.0.0RC1, STM32Cube_FW_WBA_V1.0.0RC3, STM32Cube_FW_WB_V1.15.0RC1, STM32Cube_FW_WB_V1.16.0, STM32Cube_FW_WB_V1.16.0RC2, STM32Cube_FW_WL_V1.3.0, X-CUBE-ALGOBUILD_V1.3.0, X-CUBE-ALS_V1.0.1, X-CUBE-AZRTOS-F4_V1.1.0, X-CUBE-AZRTOS-F7_V1.1.0, X-CUBE-AZRTOS-G0_V1.1.0, X-CUBE-AZRTOS-G4_V2.0.0, X-CUBE-AZRTOS-H7_V3.1.0, X-CUBE-AZRTOS-L4_V1.0.0, X-CUBE-AZRTOS-L5_V1.1.0, X-CUBE-AZRTOS-WB_V1.1.0, X-CUBE-AZRTOS-WL_V1.0.0, X-CUBE-BLE1_V6.2.4, X-CUBE-BLE2_V3.3.0, X-CUBE-BLEMGR_V2.0.0, X-CUBE-EEPRMA1_V4.1.0, X-CUBE-FREERTOS_V1.0.1, X-CUBE-GNSS1_V6.0.0, X-CUBE-MEMS1_V9.1.0, X-CUBE-MEMS1_V9.4.0, X-CUBE-MEMS1_V9.6.0, X-CUBE-NFC4_V3.0.0, X-CUBE-NFC7_V1.0.0, X-CUBE-SFXS2LP1_V4.0.0, X-CUBE-SUBG2_V5.0.0]
2023-06-25 22:57:56,530 [INFO] ApiDb:240 - Found 297 in-development CPN: [B-G473E-ZEST1S, B-WB1M-WPAN1, B-WL5M-SUBG1, NUCLEO-C031C6, NUCLEO-H503RB, NUCLEO-H563ZI, NUCLEO-U545RE-Q, NUCLEO-U5A5ZJ-Q, NUCLEO-WBA52CG, STEVAL-PROTEUS1, STEVAL-STWINBX1, STM320518-EVAL, STM32C0116-DK, STM32C011D6Y3TR, STM32C011D6Y6TR, STM32C011F4P3, STM32C011F4P6, STM32C011F4U3, STM32C011F4U6TR, STM32C011F6P3, STM32C011F6P6, STM32C011F6U3, STM32C011F6U6TR, STM32C011J4M3, STM32C011J4M6, STM32C011J6M3, STM32C011J6M6, STM32C0316-DK, STM32C031C4T3, STM32C031C4T6, STM32C031C4U3, STM32C031C4U6, STM32C031C6T3, STM32C031C6T6, STM32C031C6U3, STM32C031C6U6, STM32C031F4P3, STM32C031F4P6, STM32C031F6P3, STM32C031F6P6, STM32C031G4U3, STM32C031G4U6, STM32C031G6U3, STM32C031G6U6, STM32C031K4T3, STM32C031K4T6, STM32C031K4U3, STM32C031K4U6, STM32C031K6T3, STM32C031K6T6, STM32C031K6U3, STM32C031K6U6, STM32G071K8TXN, STM32G071K8UXN, STM32G081GBU6N, STM32G081KBT6N, STM32G081KBUXN, STM32G0B1CCT6N, STM32G0B1KCT6, STM32G0B1NEY6TR, STM32G0B1RCT6N, STM32G0C1CCT6, STM32G0C1CCT6N, STM32G0C1CCU6N, STM32G0C1CET6N, STM32G0C1CEU6N, STM32G0C1KCT6, STM32G0C1NEY6TR, STM32G0C1RCI6N, STM32G0C1RCT6N, STM32G0C1REI6N, STM32G0C1RET6N, STM32G0C1VCI6, STM32G0C1VEI6, STM32G471CCT6, STM32G471CCU6, STM32G471CET3, STM32G471CET6, STM32G471CEU3, STM32G471CEU6, STM32G471MCT6, STM32G471MET3, STM32G471MET6, STM32G471MEY6TR, STM32G471QCT6, STM32G471QET3, STM32G471RCT6, STM32G471RET3, STM32G471RET6, STM32G471VCH6, STM32G471VCI6, STM32G471VCT6, STM32G471VEH3, STM32G471VEH6, STM32G471VEI3, STM32G471VEI6, STM32G471VET3, STM32G471VET6, STM32G474CCT6, STM32H503CBT6, STM32H503CBU6, STM32H503EBY6TR, STM32H503KBU6, STM32H503RBT6, STM32H562AGI6, STM32H562AII6, STM32H562IGK6, STM32H562IGT6, STM32H562IIK6, STM32H562IIT6, STM32H562RGT6, STM32H562RGV6, STM32H562RIT6, STM32H562RIV6, STM32H562VGT6, STM32H562VIT6, STM32H562ZGT6, STM32H562ZIT6, STM32H563AGI6, STM32H563AII3Q, STM32H563AII6, STM32H563IGK6, STM32H563IGT6, STM32H563IIK3Q, STM32H563IIK6, STM32H563IIT3Q, STM32H563IIT6, STM32H563MIY3QTR, STM32H563RGT6, STM32H563RGV6, STM32H563RIT6, STM32H563RIV6, STM32H563VGT6, STM32H563VIT3Q, STM32H563VIT6, STM32H563ZGT6, STM32H563ZIT3Q, STM32H563ZIT6, STM32H573AII3Q, STM32H573AII6, STM32H573I-DK, STM32H573IIK3Q, STM32H573IIK6, STM32H573IIT3Q, STM32H573IIT6, STM32H573MIY3QTR, STM32H573RIT6, STM32H573RIV6, STM32H573VIT3Q, STM32H573VIT6, STM32H573ZIT3Q, STM32H573ZIT6, STM32L4R5QGI6STR, STM32MP131AAE3, STM32MP131AAF3, STM32MP131AAG3, STM32MP131CAE3, STM32MP131CAF3, STM32MP131CAG3, STM32MP131DAE7, STM32MP131DAF7, STM32MP131DAG7, STM32MP131FAE7, STM32MP131FAF7, STM32MP131FAG7, STM32MP133AAE3, STM32MP133AAF3, STM32MP133AAG3, STM32MP133CAE3, STM32MP133CAF3, STM32MP133CAG3, STM32MP133DAE7, STM32MP133DAF7, STM32MP133DAG7, STM32MP133FAE7, STM32MP133FAF7, STM32MP133FAG7, STM32MP135AAE3, STM32MP135AAF3, STM32MP135AAG3, STM32MP135CAE3, STM32MP135CAF3, STM32MP135CAG3, STM32MP135DAE7, STM32MP135DAF7, STM32MP135DAG7, STM32MP135F-DK, STM32MP135FAE7, STM32MP135FAF7, STM32MP135FAF7T, STM32MP135FAF7U, STM32MP135FAG7, STM32U535CBT6, STM32U535CBT6Q, STM32U535CBU6, STM32U535CBU6Q, STM32U535CCT6, STM32U535CCT6Q, STM32U535CCU6, STM32U535CCU6Q, STM32U535CET6, STM32U535CET6Q, STM32U535CEU6, STM32U535CEU6Q, STM32U535JEY6QTR, STM32U535NCY6QTR, STM32U535NEY6QTR, STM32U535RBI6, STM32U535RBI6Q, STM32U535RBT6, STM32U535RBT6Q, STM32U535RCI6, STM32U535RCI6Q, STM32U535RCT6, STM32U535RCT6Q, STM32U535REI6, STM32U535REI6Q, STM32U535RET6, STM32U535RET6Q, STM32U535VCI6, STM32U535VCI6Q, STM32U535VCT6, STM32U535VCT6Q, STM32U535VEI6, STM32U535VEI6Q, STM32U535VET6, STM32U535VET6Q, STM32U545CET6, STM32U545CET6Q, STM32U545CEU6, STM32U545CEU6Q, STM32U545JEY6QTR, STM32U545NEY6QTR, STM32U545REI6, STM32U545REI6Q, STM32U545RET6, STM32U545RET6Q, STM32U545VEI6, STM32U545VEI6Q, STM32U545VET6, STM32U545VET6Q, STM32U595AIH6, STM32U595AIH6Q, STM32U595AJH6, STM32U595AJH6Q, STM32U595QII6, STM32U595QII6Q, STM32U595QJI6, STM32U595QJI6Q, STM32U595RIT6, STM32U595RIT6Q, STM32U595RJT6, STM32U595RJT6Q, STM32U595VIT6, STM32U595VIT6Q, STM32U595VJT6, STM32U595VJT6Q, STM32U595ZIT6, STM32U595ZIT6Q, STM32U595ZIY6QTR, STM32U595ZJT6, STM32U595ZJT6Q, STM32U595ZJY6QTR, STM32U599BJY6QTR, STM32U599NIH6Q, STM32U599NJH6Q, STM32U599VIT6Q, STM32U599VJT6, STM32U599VJT6Q, STM32U599ZIT6Q, STM32U599ZIY6QTR, STM32U599ZJT6Q, STM32U599ZJY6QTR, STM32U5A5AJH6, STM32U5A5AJH6Q, STM32U5A5QJI6, STM32U5A5QJI6Q, STM32U5A5RJT6, STM32U5A5RJT6Q, STM32U5A5VJT6, STM32U5A5VJT6Q, STM32U5A5ZJT6, STM32U5A5ZJT6Q, STM32U5A5ZJY6QTR, STM32U5A9BJY6QTR, STM32U5A9J-DK, STM32U5A9NJH6Q, STM32U5A9VJT6Q, STM32U5A9ZJT6Q, STM32U5A9ZJY6QTR, STM32WB1MMCH6, STM32WBA52CEU6, STM32WBA52CEU6T, STM32WBA52CGU6, STM32WBA52CGU6T, STM32WL5MOCH6, STM32WL5MOCH6TR]
2023-06-25 22:57:56,533 [INFO] DbMcus:216 - Found 3775 MCUs, 3775 are supported
2023-06-25 22:57:56,536 [INFO] ApiDb:423 - Load user favorites file C:\Users\hyeon/.stm32cubeide/favorites.mcus.txt: 0 item(s)
2023-06-25 22:57:56,536 [INFO] ApiDb:427 - User favorites MCUs=[]
2023-06-25 22:57:56,536 [INFO] DbMcus:222 - Set 0 / 0 favorites MCUs
2023-06-25 22:57:56,774 [INFO] ApiDb:668 - CubeFinder database Data Model version=2.1
2023-06-25 22:57:56,774 [INFO] ApiDb:669 - CubeFinder database Configuration version=3.0.35
2023-06-25 22:57:56,774 [INFO] ApiDb:670 - CubeFinder database generation date=2023-05-12 (1683877179)
2023-06-25 22:57:56,775 [INFO] ApiDb:671 - CubeFinder database FW Pack versions=[FP-ATR-ASTRA1_V2.0.0, FP-SNS-FLIGHT1_V5.0.0, FP-SNS-MOTENV1_V4.3.0, STM32Cube_FW_C0_V1.0.1, STM32Cube_FW_F0_V1.11.4, STM32Cube_FW_F3_V1.11.4, STM32Cube_FW_F4_V1.27.1, STM32Cube_FW_F7_V1.17.0, STM32Cube_FW_G0_V1.6.1, STM32Cube_FW_G4_V1.5.1, STM32Cube_FW_H5_V0.5.1, STM32Cube_FW_H5_V1.0.0, STM32Cube_FW_H7_V1.11.0, STM32Cube_FW_L0_V1.12.2, STM32Cube_FW_L5_V1.5.0, STM32Cube_FW_U5_V1.2.0, STM32Cube_FW_WBA_V1.0.0, STM32Cube_FW_WBA_V1.0.0RC1, STM32Cube_FW_WBA_V1.0.0RC3, STM32Cube_FW_WB_V1.15.0RC1, STM32Cube_FW_WB_V1.16.0, STM32Cube_FW_WB_V1.16.0RC2, STM32Cube_FW_WL_V1.3.0, X-CUBE-ALGOBUILD_V1.3.0, X-CUBE-ALS_V1.0.1, X-CUBE-AZRTOS-F4_V1.1.0, X-CUBE-AZRTOS-F7_V1.1.0, X-CUBE-AZRTOS-G0_V1.1.0, X-CUBE-AZRTOS-G4_V2.0.0, X-CUBE-AZRTOS-H7_V3.1.0, X-CUBE-AZRTOS-L4_V1.0.0, X-CUBE-AZRTOS-L5_V1.1.0, X-CUBE-AZRTOS-WB_V1.1.0, X-CUBE-AZRTOS-WL_V1.0.0, X-CUBE-BLE1_V6.2.4, X-CUBE-BLE2_V3.3.0, X-CUBE-BLEMGR_V2.0.0, X-CUBE-EEPRMA1_V4.1.0, X-CUBE-FREERTOS_V1.0.1, X-CUBE-GNSS1_V6.0.0, X-CUBE-MEMS1_V9.1.0, X-CUBE-MEMS1_V9.4.0, X-CUBE-MEMS1_V9.6.0, X-CUBE-NFC4_V3.0.0, X-CUBE-NFC7_V1.0.0, X-CUBE-SFXS2LP1_V4.0.0, X-CUBE-SUBG2_V5.0.0]
2023-06-25 22:57:56,829 [INFO] DbBoardsSqlite:226 - include board P-NUCLEO-WB55-NUCLEO as a kit item of type 'Nucleo-64'
2023-06-25 22:57:56,830 [INFO] DbBoardsSqlite:226 - include board P-NUCLEO-WB55-USBDONGLE as a kit item of type 'Nucleo USB Dongle'
2023-06-25 22:57:56,830 [INFO] DbBoardsSqlite:226 - include board STEVAL-IDP005V1 as a kit item of type 'Evaluation Board'
2023-06-25 22:57:56,830 [INFO] DbBoardsSqlite:226 - include board STEVAL-IDP005V2 as a kit item of type 'Evaluation Board'
2023-06-25 22:57:56,876 [INFO] ApiDb:240 - Found 297 in-development CPN: [B-G473E-ZEST1S, B-WB1M-WPAN1, B-WL5M-SUBG1, NUCLEO-C031C6, NUCLEO-H503RB, NUCLEO-H563ZI, NUCLEO-U545RE-Q, NUCLEO-U5A5ZJ-Q, NUCLEO-WBA52CG, STEVAL-PROTEUS1, STEVAL-STWINBX1, STM320518-EVAL, STM32C0116-DK, STM32C011D6Y3TR, STM32C011D6Y6TR, STM32C011F4P3, STM32C011F4P6, STM32C011F4U3, STM32C011F4U6TR, STM32C011F6P3, STM32C011F6P6, STM32C011F6U3, STM32C011F6U6TR, STM32C011J4M3, STM32C011J4M6, STM32C011J6M3, STM32C011J6M6, STM32C0316-DK, STM32C031C4T3, STM32C031C4T6, STM32C031C4U3, STM32C031C4U6, STM32C031C6T3, STM32C031C6T6, STM32C031C6U3, STM32C031C6U6, STM32C031F4P3, STM32C031F4P6, STM32C031F6P3, STM32C031F6P6, STM32C031G4U3, STM32C031G4U6, STM32C031G6U3, STM32C031G6U6, STM32C031K4T3, STM32C031K4T6, STM32C031K4U3, STM32C031K4U6, STM32C031K6T3, STM32C031K6T6, STM32C031K6U3, STM32C031K6U6, STM32G071K8TXN, STM32G071K8UXN, STM32G081GBU6N, STM32G081KBT6N, STM32G081KBUXN, STM32G0B1CCT6N, STM32G0B1KCT6, STM32G0B1NEY6TR, STM32G0B1RCT6N, STM32G0C1CCT6, STM32G0C1CCT6N, STM32G0C1CCU6N, STM32G0C1CET6N, STM32G0C1CEU6N, STM32G0C1KCT6, STM32G0C1NEY6TR, STM32G0C1RCI6N, STM32G0C1RCT6N, STM32G0C1REI6N, STM32G0C1RET6N, STM32G0C1VCI6, STM32G0C1VEI6, STM32G471CCT6, STM32G471CCU6, STM32G471CET3, STM32G471CET6, STM32G471CEU3, STM32G471CEU6, STM32G471MCT6, STM32G471MET3, STM32G471MET6, STM32G471MEY6TR, STM32G471QCT6, STM32G471QET3, STM32G471RCT6, STM32G471RET3, STM32G471RET6, STM32G471VCH6, STM32G471VCI6, STM32G471VCT6, STM32G471VEH3, STM32G471VEH6, STM32G471VEI3, STM32G471VEI6, STM32G471VET3, STM32G471VET6, STM32G474CCT6, STM32H503CBT6, STM32H503CBU6, STM32H503EBY6TR, STM32H503KBU6, STM32H503RBT6, STM32H562AGI6, STM32H562AII6, STM32H562IGK6, STM32H562IGT6, STM32H562IIK6, STM32H562IIT6, STM32H562RGT6, STM32H562RGV6, STM32H562RIT6, STM32H562RIV6, STM32H562VGT6, STM32H562VIT6, STM32H562ZGT6, STM32H562ZIT6, STM32H563AGI6, STM32H563AII3Q, STM32H563AII6, STM32H563IGK6, STM32H563IGT6, STM32H563IIK3Q, STM32H563IIK6, STM32H563IIT3Q, STM32H563IIT6, STM32H563MIY3QTR, STM32H563RGT6, STM32H563RGV6, STM32H563RIT6, STM32H563RIV6, STM32H563VGT6, STM32H563VIT3Q, STM32H563VIT6, STM32H563ZGT6, STM32H563ZIT3Q, STM32H563ZIT6, STM32H573AII3Q, STM32H573AII6, STM32H573I-DK, STM32H573IIK3Q, STM32H573IIK6, STM32H573IIT3Q, STM32H573IIT6, STM32H573MIY3QTR, STM32H573RIT6, STM32H573RIV6, STM32H573VIT3Q, STM32H573VIT6, STM32H573ZIT3Q, STM32H573ZIT6, STM32L4R5QGI6STR, STM32MP131AAE3, STM32MP131AAF3, STM32MP131AAG3, STM32MP131CAE3, STM32MP131CAF3, STM32MP131CAG3, STM32MP131DAE7, STM32MP131DAF7, STM32MP131DAG7, STM32MP131FAE7, STM32MP131FAF7, STM32MP131FAG7, STM32MP133AAE3, STM32MP133AAF3, STM32MP133AAG3, STM32MP133CAE3, STM32MP133CAF3, STM32MP133CAG3, STM32MP133DAE7, STM32MP133DAF7, STM32MP133DAG7, STM32MP133FAE7, STM32MP133FAF7, STM32MP133FAG7, STM32MP135AAE3, STM32MP135AAF3, STM32MP135AAG3, STM32MP135CAE3, STM32MP135CAF3, STM32MP135CAG3, STM32MP135DAE7, STM32MP135DAF7, STM32MP135DAG7, STM32MP135F-DK, STM32MP135FAE7, STM32MP135FAF7, STM32MP135FAF7T, STM32MP135FAF7U, STM32MP135FAG7, STM32U535CBT6, STM32U535CBT6Q, STM32U535CBU6, STM32U535CBU6Q, STM32U535CCT6, STM32U535CCT6Q, STM32U535CCU6, STM32U535CCU6Q, STM32U535CET6, STM32U535CET6Q, STM32U535CEU6, STM32U535CEU6Q, STM32U535JEY6QTR, STM32U535NCY6QTR, STM32U535NEY6QTR, STM32U535RBI6, STM32U535RBI6Q, STM32U535RBT6, STM32U535RBT6Q, STM32U535RCI6, STM32U535RCI6Q, STM32U535RCT6, STM32U535RCT6Q, STM32U535REI6, STM32U535REI6Q, STM32U535RET6, STM32U535RET6Q, STM32U535VCI6, STM32U535VCI6Q, STM32U535VCT6, STM32U535VCT6Q, STM32U535VEI6, STM32U535VEI6Q, STM32U535VET6, STM32U535VET6Q, STM32U545CET6, STM32U545CET6Q, STM32U545CEU6, STM32U545CEU6Q, STM32U545JEY6QTR, STM32U545NEY6QTR, STM32U545REI6, STM32U545REI6Q, STM32U545RET6, STM32U545RET6Q, STM32U545VEI6, STM32U545VEI6Q, STM32U545VET6, STM32U545VET6Q, STM32U595AIH6, STM32U595AIH6Q, STM32U595AJH6, STM32U595AJH6Q, STM32U595QII6, STM32U595QII6Q, STM32U595QJI6, STM32U595QJI6Q, STM32U595RIT6, STM32U595RIT6Q, STM32U595RJT6, STM32U595RJT6Q, STM32U595VIT6, STM32U595VIT6Q, STM32U595VJT6, STM32U595VJT6Q, STM32U595ZIT6, STM32U595ZIT6Q, STM32U595ZIY6QTR, STM32U595ZJT6, STM32U595ZJT6Q, STM32U595ZJY6QTR, STM32U599BJY6QTR, STM32U599NIH6Q, STM32U599NJH6Q, STM32U599VIT6Q, STM32U599VJT6, STM32U599VJT6Q, STM32U599ZIT6Q, STM32U599ZIY6QTR, STM32U599ZJT6Q, STM32U599ZJY6QTR, STM32U5A5AJH6, STM32U5A5AJH6Q, STM32U5A5QJI6, STM32U5A5QJI6Q, STM32U5A5RJT6, STM32U5A5RJT6Q, STM32U5A5VJT6, STM32U5A5VJT6Q, STM32U5A5ZJT6, STM32U5A5ZJT6Q, STM32U5A5ZJY6QTR, STM32U5A9BJY6QTR, STM32U5A9J-DK, STM32U5A9NJH6Q, STM32U5A9VJT6Q, STM32U5A9ZJT6Q, STM32U5A9ZJY6QTR, STM32WB1MMCH6, STM32WBA52CEU6, STM32WBA52CEU6T, STM32WBA52CGU6, STM32WBA52CGU6T, STM32WL5MOCH6, STM32WL5MOCH6TR]
2023-06-25 22:57:57,001 [INFO] BoardInfo:880 - No configuration file found for board P-NUCLEO-WB55
2023-06-25 22:57:57,001 [INFO] DbBoards:157 - Kit is not supported: P-NUCLEO-WB55
2023-06-25 22:57:57,005 [INFO] BoardInfo:880 - No configuration file found for board STEVAL-BFA001V1B
2023-06-25 22:57:57,006 [INFO] DbBoards:157 - Kit is not supported: STEVAL-BFA001V1B
2023-06-25 22:57:57,007 [INFO] BoardInfo:880 - No configuration file found for board STEVAL-BFA001V2B
2023-06-25 22:57:57,007 [INFO] DbBoards:157 - Kit is not supported: STEVAL-BFA001V2B
2023-06-25 22:57:57,119 [INFO] DbBoards:161 - Found 187 boards, 184 are supported
2023-06-25 22:57:57,122 [INFO] ApiDb:423 - Load user favorites file C:\Users\hyeon/.stm32cubeide/favorites.boards.txt: 0 item(s)
2023-06-25 22:57:57,122 [INFO] ApiDb:427 - User favorites Boards=[]
2023-06-25 22:57:57,122 [INFO] DbBoards:190 - Set 0 / 0 favorites Boards
2023-06-25 22:57:57,124 [INFO] ApiDb:668 - CubeFinder database Data Model version=2.1
2023-06-25 22:57:57,124 [INFO] ApiDb:669 - CubeFinder database Configuration version=3.0.35
2023-06-25 22:57:57,125 [INFO] ApiDb:670 - CubeFinder database generation date=2023-05-12 (1683877179)
2023-06-25 22:57:57,125 [INFO] ApiDb:671 - CubeFinder database FW Pack versions=[FP-ATR-ASTRA1_V2.0.0, FP-SNS-FLIGHT1_V5.0.0, FP-SNS-MOTENV1_V4.3.0, STM32Cube_FW_C0_V1.0.1, STM32Cube_FW_F0_V1.11.4, STM32Cube_FW_F3_V1.11.4, STM32Cube_FW_F4_V1.27.1, STM32Cube_FW_F7_V1.17.0, STM32Cube_FW_G0_V1.6.1, STM32Cube_FW_G4_V1.5.1, STM32Cube_FW_H5_V0.5.1, STM32Cube_FW_H5_V1.0.0, STM32Cube_FW_H7_V1.11.0, STM32Cube_FW_L0_V1.12.2, STM32Cube_FW_L5_V1.5.0, STM32Cube_FW_U5_V1.2.0, STM32Cube_FW_WBA_V1.0.0, STM32Cube_FW_WBA_V1.0.0RC1, STM32Cube_FW_WBA_V1.0.0RC3, STM32Cube_FW_WB_V1.15.0RC1, STM32Cube_FW_WB_V1.16.0, STM32Cube_FW_WB_V1.16.0RC2, STM32Cube_FW_WL_V1.3.0, X-CUBE-ALGOBUILD_V1.3.0, X-CUBE-ALS_V1.0.1, X-CUBE-AZRTOS-F4_V1.1.0, X-CUBE-AZRTOS-F7_V1.1.0, X-CUBE-AZRTOS-G0_V1.1.0, X-CUBE-AZRTOS-G4_V2.0.0, X-CUBE-AZRTOS-H7_V3.1.0, X-CUBE-AZRTOS-L4_V1.0.0, X-CUBE-AZRTOS-L5_V1.1.0, X-CUBE-AZRTOS-WB_V1.1.0, X-CUBE-AZRTOS-WL_V1.0.0, X-CUBE-BLE1_V6.2.4, X-CUBE-BLE2_V3.3.0, X-CUBE-BLEMGR_V2.0.0, X-CUBE-EEPRMA1_V4.1.0, X-CUBE-FREERTOS_V1.0.1, X-CUBE-GNSS1_V6.0.0, X-CUBE-MEMS1_V9.1.0, X-CUBE-MEMS1_V9.4.0, X-CUBE-MEMS1_V9.6.0, X-CUBE-NFC4_V3.0.0, X-CUBE-NFC7_V1.0.0, X-CUBE-SFXS2LP1_V4.0.0, X-CUBE-SUBG2_V5.0.0]
2023-06-25 22:57:57,715 [WARN] PackLoader:240 - Cannot read IP mode file for STMicroelectronics.X-CUBE-SMBUS.2.1.0
2023-06-25 22:57:57,756 [WARN] PackLoader:240 - Cannot read IP mode file for STMicroelectronics.X-CUBE-AZRTOS-F7.1.1.0
2023-06-25 22:57:57,776 [ERROR] RealEvaluatedCondition:428 - Found unsupported composite condition: CLASS='Data Exchange' GROUP='STM32_MetaDataManager'
2023-06-25 22:57:57,776 [ERROR] RealEvaluatedCondition:428 - Found unsupported composite condition: GROUP='STM32_MetaDataManager' CLASS='Data Exchange'
2023-06-25 22:57:57,777 [WARN] PackLoader:240 - Cannot read IP mode file for STMicroelectronics.FP-SNS-MOTENV1.4.3.1
2023-06-25 22:57:57,789 [WARN] PackLoader:240 - Cannot read IP mode file for STMicroelectronics.FP-SNS-FLIGHT1.5.0.1
2023-06-25 22:57:57,803 [WARN] PackLoader:240 - Cannot read IP mode file for STMicroelectronics.X-CUBE-BLE1.6.2.4
2023-06-25 22:57:57,818 [WARN] PackLoader:240 - Cannot read IP mode file for STMicroelectronics.X-CUBE-DISPLAY.3.0.0
2023-06-25 22:57:57,838 [INFO] LogOutputStream:77 - [STDOUT_REDIRECT] 1 : Invalid condition id : UX_CORESTACK_Condition cause : null
2023-06-25 22:57:57,839 [INFO] LogOutputStream:77 - [STDOUT_REDIRECT] 1 : Invalid condition id : UX_CORESTACK_Condition cause : null
2023-06-25 22:57:57,842 [INFO] LogOutputStream:77 - [STDOUT_REDIRECT] 1 : Invalid condition id : UX_CORESTACK_Condition cause : null
2023-06-25 22:57:57,843 [INFO] LogOutputStream:77 - [STDOUT_REDIRECT] 1 : Invalid condition id : UX_CORESTACK_Condition cause : null
2023-06-25 22:57:57,854 [INFO] LogOutputStream:77 - [STDOUT_REDIRECT] 1 : Invalid condition id : UX_CORESTACK_Condition cause : null
2023-06-25 22:57:57,858 [WARN] PackLoader:240 - Cannot read IP mode file for STMicroelectronics.X-CUBE-AZRTOS-WL.2.0.0
2023-06-25 22:57:57,879 [WARN] PackLoader:240 - Cannot read IP mode file for WES.I-CUBE-Cesium.1.3.0
2023-06-25 22:57:57,896 [INFO] DbExamplesSqlite:376 - Ignored 45 examples not supported by CubeIDE
2023-06-25 22:57:57,897 [INFO] DbExamplesSqlite:377 - Found 7342 examples active
2023-06-25 22:57:57,897 [INFO] DbExamplesSqlite:378 - Found 1107 examples obsolete
2023-06-25 22:57:57,897 [INFO] DbExamplesSqlite:379 - Found 0 examples under development
2023-06-25 22:57:57,897 [INFO] DbExamplesSqlite:380 - Found 77 examples not building
2023-06-25 22:57:57,897 [WARN] PackLoader:240 - Cannot read IP mode file for STMicroelectronics.X-CUBE-BLE2.3.3.0
2023-06-25 22:57:57,899 [INFO] DbExamples:125 - Found 7374 examples
2023-06-25 22:57:57,911 [INFO] DbExamples:222 - Found 92 boards with related examples
2023-06-25 22:57:57,912 [WARN] PackLoader:240 - Cannot read IP mode file for STMicroelectronics.X-CUBE-TOUCHGFX.4.21.4
2023-06-25 22:57:57,913 [INFO] DbExamples:235 - Found 78 MCUs with related examples
2023-06-25 22:57:57,922 [WARN] PackLoader:240 - Cannot read IP mode file for STMicroelectronics.X-CUBE-ALGOBUILD.1.3.0
2023-06-25 22:57:57,927 [INFO] ApiDb:414 - User favorites file not found: C:\Users\hyeon/.stm32cubeide/favorites.examples.txt
2023-06-25 22:57:57,928 [INFO] DbExamples:250 - Set 0 / 0 favorites Examples
2023-06-25 22:57:57,952 [WARN] PackLoader:240 - Cannot read IP mode file for STMicroelectronics.X-CUBE-AZRTOS-G0.1.1.0
2023-06-25 22:57:57,979 [WARN] PackLoader:240 - Cannot read IP mode file for STMicroelectronics.X-CUBE-NFC4.3.0.0
2023-06-25 22:57:57,995 [WARN] PackLoader:240 - Cannot read IP mode file for STMicroelectronics.FP-ATR-SIGFOX1.3.2.0
2023-06-25 22:57:58,055 [WARN] PackLoader:240 - Cannot read IP mode file for SEGGER.I-CUBE-embOS.1.3.1
2023-06-25 22:57:58,134 [WARN] PackLoader:240 - Cannot read IP mode file for STMicroelectronics.X-CUBE-GNSS1.6.0.0
2023-06-25 22:57:58,171 [WARN] PackLoader:240 - Cannot read IP mode file for STMicroelectronics.X-CUBE-AZRTOS-F4.1.1.0
2023-06-25 22:57:58,190 [WARN] PackLoader:240 - Cannot read IP mode file for wolfSSL.I-CUBE-wolfSSL.5.6.0
2023-06-25 22:57:58,259 [WARN] PackLoader:240 - Cannot read IP mode file for STMicroelectronics.X-CUBE-MEMS1.9.6.0
2023-06-25 22:57:58,392 [INFO] McuFinderGlobals:66 - Set McuFinderConnectedMode to true
2023-06-25 22:57:58,401 [INFO] MultiScanPanel:200 - Auto-refresh data requested => check proxy status ongoing
2023-06-25 22:57:58,405 [INFO] FinderPluginLoader:95 - Searching for filters in installed packs
2023-06-25 22:57:58,494 [WARN] PackLoader:240 - Cannot read IP mode file for emotas.I-CUBE-CANOPEN.1.1.3
2023-06-25 22:57:58,513 [WARN] PackLoader:240 - Cannot read IP mode file for STMicroelectronics.X-CUBE-BLEMGR.2.0.0
2023-06-25 22:57:58,542 [WARN] ConditionMgr:438 - getConditionDescription Invalid condition id : UX DEVICE CLASS RTOS Condition cause : null
2023-06-25 22:57:58,542 [WARN] ConditionMgr:438 - getConditionDescription Invalid condition id : UX DEVICE CLASS RTOS Condition cause : null
2023-06-25 22:57:58,559 [WARN] PackLoader:240 - Cannot read IP mode file for STMicroelectronics.X-CUBE-AZRTOS-H7.3.1.0
2023-06-25 22:57:58,560 [WARN] ConditionMgr:1039 - genDependencies : Invalid condition id : UX DEVICE CLASS RTOS Condition cause : null
2023-06-25 22:57:58,560 [WARN] ConditionMgr:1039 - genDependencies : Invalid condition id : UX DEVICE CLASS RTOS Condition cause : null
2023-06-25 22:57:58,561 [WARN] ConditionMgr:1039 - genDependencies : Invalid condition id : UX DEVICE CLASS RTOS Condition cause : null
2023-06-25 22:57:58,561 [WARN] ConditionMgr:1039 - genDependencies : Invalid condition id : UX DEVICE CLASS RTOS Condition cause : null
2023-06-25 22:57:58,561 [WARN] ConditionMgr:1039 - genDependencies : Invalid condition id : UX DEVICE CLASS RTOS Condition cause : null
2023-06-25 22:57:58,573 [WARN] PackLoader:240 - Cannot read IP mode file for STMicroelectronics.X-CUBE-NFC7.1.0.1
2023-06-25 22:57:58,587 [WARN] PackLoader:240 - Cannot read IP mode file for STMicroelectronics.X-CUBE-EEPRMA1.4.1.0
2023-06-25 22:57:58,614 [WARN] ConditionMgr:438 - getConditionDescription Invalid condition id : LAN8742 Phy interface Condition cause : null
2023-06-25 22:57:58,615 [WARN] PackLoader:240 - Cannot read IP mode file for STMicroelectronics.X-CUBE-AZRTOS-L4.2.0.0
2023-06-25 22:57:58,617 [WARN] ConditionMgr:1039 - genDependencies : Invalid condition id : LAN8742 Phy interface Condition cause : null
2023-06-25 22:57:58,617 [WARN] ConditionMgr:1039 - genDependencies : Invalid condition id : LAN8742 Phy interface Condition cause : null
2023-06-25 22:57:58,618 [WARN] ConditionMgr:1039 - genDependencies : Invalid condition id : LAN8742 Phy interface Condition cause : null
2023-06-25 22:57:58,631 [WARN] PackLoader:240 - Cannot read IP mode file for STMicroelectronics.X-CUBE-SFXS2LP1.4.0.0
2023-06-25 22:57:58,641 [WARN] PackLoader:240 - Cannot read IP mode file for STMicroelectronics.X-CUBE-ISPU.1.1.0
2023-06-25 22:57:58,653 [WARN] PackLoader:240 - Cannot read IP mode file for STMicroelectronics.X-CUBE-FREERTOS.1.0.1
2023-06-25 22:57:58,673 [WARN] PackLoader:240 - Cannot read IP mode file for STMicroelectronics.X-CUBE-AZRTOS-L5.1.1.0
2023-06-25 22:57:58,685 [WARN] PackLoader:240 - Cannot read IP mode file for STMicroelectronics.X-CUBE-AI.8.0.1
2023-06-25 22:57:58,703 [WARN] PackLoader:240 - Cannot read IP mode file for STMicroelectronics.X-CUBE-SUBG2.5.0.0
2023-06-25 22:57:58,730 [WARN] PackLoader:240 - Cannot read IP mode file for STMicroelectronics.X-CUBE-AZRTOS-G4.2.0.0
2023-06-25 22:57:58,749 [WARN] PackLoader:240 - Cannot read IP mode file for STMicroelectronics.X-CUBE-TOF1.3.3.0
2023-06-25 22:57:58,764 [WARN] PackLoader:240 - Cannot read IP mode file for portGmbH.I-Cube-SoM-uGOAL.1.1.0
2023-06-25 22:57:58,780 [WARN] PackLoader:240 - Cannot read IP mode file for STMicroelectronics.X-CUBE-ALS.1.0.1
2023-06-25 22:57:58,806 [WARN] PackLoader:240 - Cannot read IP mode file for STMicroelectronics.X-CUBE-AZRTOS-WB.1.1.0
2023-06-25 22:57:58,822 [WARN] PackLoader:240 - Cannot read IP mode file for STMicroelectronics.FP-ATR-ASTRA1.2.0.0
2023-06-25 22:57:58,822 [INFO] ThirdParty:978 - Integrity check success = true
2023-06-25 22:57:58,822 [INFO] IntegrityCheckThread:100 - exiting critical section [integrity check]
2023-06-25 22:57:58,822 [INFO] IntegrityCheckThread:103 - End integrity checks thread
2023-06-25 22:57:59,813 [INFO] LoadUrlFilesThread:185 - End of LoadServerUrlFiles without Thread
2023-06-25 22:57:59,823 [INFO] DetailPanel:341 - Set advertising image to C:/Users/hyeon/STM32Cube/Repository/\en.prom-stm32h5-mcu-finder.jpg
2023-06-25 22:59:53,827 [INFO] MainUpdater:2854 - connection check result : 10
2023-06-25 22:59:53,827 [INFO] MainUpdater:2854 - connection check result : 10
2023-06-25 22:59:53,879 [INFO] MicroXplorer:468 - Change Database Path : 
2023-06-25 22:59:53,879 [INFO] MicroXplorer:498 - Change Database Version : DB.6.0.81
2023-06-25 22:59:53,879 [WARN] ThirdParty:871 - waiting for thirdparty lock release [close project]
2023-06-25 22:59:53,879 [INFO] ThirdParty:873 - entering critical section [close project]
2023-06-25 22:59:53,880 [INFO] ThirdParty:883 - exiting critical section [close project]
2023-06-25 22:59:53,889 [INFO] PinOutPanel:1499 - setPackage(No Configuration,No Configuration)
2023-06-25 22:59:53,897 [INFO] UtilMem:75 - Begin LoadConfig() Used Memory: 443715040 Bytes (693108736)
2023-06-25 22:59:53,898 [INFO] MicroXplorer:468 - Change Database Path : 
2023-06-25 22:59:53,898 [INFO] MicroXplorer:498 - Change Database Version : DB.6.0.81
2023-06-25 22:59:53,898 [INFO] OpenFileManager:308 - Change cursor
2023-06-25 22:59:54,033 [INFO] Mcu:1937 - Initializing MCU STM32F407VETx STM32F407VETx 
2023-06-25 22:59:54,033 [INFO] Mcu:1950 - No CPN specified => set CPN to STM32F407VET6
2023-06-25 22:59:55,895 [INFO] Context:659 - Trying to add GPIOservice into a context  which must be forbidden
2023-06-25 22:59:56,293 [INFO] ImportTextPane:194 - (OptionalMessage_ERROR) Unable to find key (Mcu.ThirdPartyNb) in loaded IOC file
2023-06-25 22:59:56,293 [INFO] ImportTextPane:194 - (OptionalMessage_ERROR) Unable to find key (Mcu.PinsNb) in loaded IOC file
2023-06-25 22:59:56,293 [INFO] ImportTextPane:194 - (OptionalMessage_ERROR) Unable to find key (Mcu.IPNb) in loaded IOC file
2023-06-25 22:59:56,669 [INFO] RtosManager:555 - Registered RTOS mode: class=CMSIS, group=RTOS, mode=CMSIS_V1, owner=FREERTOS
2023-06-25 22:59:56,669 [INFO] RtosManager:555 - Registered RTOS mode: class=CMSIS, group=RTOS2, mode=CMSIS_V2, owner=FREERTOS
2023-06-25 22:59:56,669 [INFO] RtosManager:555 - Registered RTOS mode: class=RTOS, group=Core, mode=CMSIS_V1, owner=FREERTOS
2023-06-25 22:59:56,669 [INFO] RtosManager:555 - Registered RTOS mode: class=RTOS, group=Core, mode=CMSIS_V2, owner=FREERTOS
2023-06-25 22:59:56,669 [WARN] ModelIntegratedComponent:184 - Missing modes for component STMicroelectronics:FreeRTOS:0.0.1:STMicroelectronics:RTOS:FreeRTOS:Core:::10.2.0:
2023-06-25 22:59:56,685 [WARN] ModelIntegratedComponent:63 - No mode defined for component null
2023-06-25 22:59:56,685 [WARN] ModelIntegratedComponent:63 - No mode defined for component null
2023-06-25 22:59:56,685 [WARN] ModelIntegratedComponent:63 - No mode defined for component null
2023-06-25 22:59:56,685 [WARN] ModelIntegratedComponent:63 - No mode defined for component null
2023-06-25 22:59:56,685 [WARN] ModelIntegratedComponent:63 - No mode defined for component null
2023-06-25 22:59:56,685 [WARN] ModelIntegratedComponent:63 - No mode defined for component null
2023-06-25 22:59:56,685 [WARN] ModelIntegratedComponent:63 - No mode defined for component null
2023-06-25 22:59:56,685 [WARN] ModelIntegratedComponent:63 - No mode defined for component null
2023-06-25 22:59:56,685 [WARN] ModelIntegratedComponent:63 - No mode defined for component null
2023-06-25 22:59:56,685 [WARN] ModelIntegratedComponent:63 - No mode defined for component null
2023-06-25 22:59:56,685 [WARN] ModelIntegratedComponent:63 - No mode defined for component null
2023-06-25 22:59:56,686 [WARN] ModelIntegratedComponent:63 - No mode defined for component null
2023-06-25 22:59:56,686 [WARN] ModelIntegratedComponent:63 - No mode defined for component null
2023-06-25 22:59:56,686 [WARN] ModelIntegratedComponent:63 - No mode defined for component null
2023-06-25 22:59:56,686 [WARN] ModelIntegratedComponent:63 - No mode defined for component null
2023-06-25 22:59:56,686 [WARN] ModelIntegratedComponent:63 - No mode defined for component null
2023-06-25 22:59:56,686 [WARN] ModelIntegratedComponent:63 - No mode defined for component null
2023-06-25 22:59:56,686 [WARN] ModelIntegratedComponent:63 - No mode defined for component null
2023-06-25 22:59:56,686 [WARN] ModelIntegratedComponent:63 - No mode defined for component null
2023-06-25 22:59:56,686 [WARN] ModelIntegratedComponent:63 - No mode defined for component null
2023-06-25 22:59:56,686 [WARN] ModelIntegratedComponent:63 - No mode defined for component null
2023-06-25 22:59:56,686 [WARN] ModelIntegratedComponent:63 - No mode defined for component null
2023-06-25 22:59:56,686 [WARN] ModelIntegratedComponent:63 - No mode defined for component null
2023-06-25 22:59:56,686 [WARN] ModelIntegratedComponent:63 - No mode defined for component null
2023-06-25 22:59:56,686 [WARN] ModelIntegratedComponent:63 - No mode defined for component null
2023-06-25 22:59:56,686 [WARN] ModelIntegratedComponent:63 - No mode defined for component null
2023-06-25 22:59:56,686 [WARN] ModelIntegratedComponent:63 - No mode defined for component null
2023-06-25 22:59:56,686 [WARN] ModelIntegratedComponent:63 - No mode defined for component null
2023-06-25 22:59:56,686 [WARN] ModelIntegratedComponent:63 - No mode defined for component null
2023-06-25 22:59:56,687 [WARN] ModelIntegratedComponent:63 - No mode defined for component null
2023-06-25 22:59:56,688 [WARN] ModelIntegratedComponent:63 - No mode defined for component null
2023-06-25 22:59:56,688 [WARN] ModelIntegratedComponent:63 - No mode defined for component null
2023-06-25 22:59:56,688 [WARN] ModelIntegratedComponent:63 - No mode defined for component null
2023-06-25 22:59:56,708 [INFO] ThirdPartyModel:298 - Start build external matchings
2023-06-25 22:59:57,050 [INFO] ThirdPartyModel:316 - End build external matchings
2023-06-25 22:59:57,380 [INFO] UtilMem:75 - End LoadConfig() Used Memory: 592428736 Bytes (693108736)
2023-06-25 22:59:57,416 [WARN] ThirdParty:833 - waiting for thirdparty lock release [change project]
2023-06-25 22:59:57,416 [INFO] ThirdParty:835 - entering critical section [change project]
2023-06-25 22:59:57,417 [INFO] ThirdParty:1030 - CMSIS Pack Vendor :STMicroelectronics X-CUBE-ISPU 1.1.0
2023-06-25 22:59:57,417 [INFO] ThirdParty:1030 - CMSIS Pack Vendor :STMicroelectronics X-CUBE-GNSS1 6.0.0
2023-06-25 22:59:57,417 [INFO] ThirdParty:1030 - CMSIS Pack Vendor :STMicroelectronics USB_HOST 2.0.0
2023-06-25 22:59:57,417 [INFO] ThirdParty:1030 - CMSIS Pack Vendor :STMicroelectronics X-CUBE-AZRTOS-F4 1.1.0
2023-06-25 22:59:57,417 [INFO] ThirdParty:1030 - CMSIS Pack Vendor :STMicroelectronics LIBJPEG 8.0.0
2023-06-25 22:59:57,417 [INFO] ThirdParty:1030 - CMSIS Pack Vendor :STMicroelectronics X-CUBE-SMBUS 2.1.0
2023-06-25 22:59:57,418 [INFO] ThirdParty:1030 - CMSIS Pack Vendor :wolfSSL I-CUBE-wolfSSL 5.6.0
2023-06-25 22:59:57,418 [INFO] ThirdParty:1030 - CMSIS Pack Vendor :STMicroelectronics USB_DEVICE 3.0.0
2023-06-25 22:59:57,418 [INFO] ThirdParty:1030 - CMSIS Pack Vendor :STMicroelectronics X-CUBE-FREERTOS 1.0.1
2023-06-25 22:59:57,418 [INFO] ThirdParty:1030 - CMSIS Pack Vendor :STMicroelectronics X-CUBE-AZRTOS-F7 1.1.0
2023-06-25 22:59:57,418 [INFO] ThirdParty:1030 - CMSIS Pack Vendor :STMicroelectronics X-CUBE-TOUCHGFX 4.21.4
2023-06-25 22:59:57,418 [INFO] ThirdParty:1030 - CMSIS Pack Vendor :STMicroelectronics USB_DEVICE 2.0.0
2023-06-25 22:59:57,418 [INFO] ThirdParty:1030 - CMSIS Pack Vendor :STMicroelectronics X-CUBE-MEMS1 9.6.0
2023-06-25 22:59:57,418 [INFO] ThirdParty:1030 - CMSIS Pack Vendor :STMicroelectronics FP-SNS-MOTENV1 4.3.1
2023-06-25 22:59:57,418 [INFO] ThirdParty:1030 - CMSIS Pack Vendor :STMicroelectronics FP-SNS-FLIGHT1 5.0.1
2023-06-25 22:59:57,418 [INFO] ThirdParty:1030 - CMSIS Pack Vendor :STMicroelectronics X-CUBE-ALGOBUILD 1.3.0
2023-06-25 22:59:57,418 [INFO] ThirdParty:1030 - CMSIS Pack Vendor :STMicroelectronics X-CUBE-BLE1 6.2.4
2023-06-25 22:59:57,418 [INFO] ThirdParty:1030 - CMSIS Pack Vendor :STMicroelectronics X-CUBE-AZRTOS-L5 1.1.0
2023-06-25 22:59:57,418 [INFO] ThirdParty:1030 - CMSIS Pack Vendor :STMicroelectronics FreeRTOS 0.0.1
2023-06-25 22:59:57,418 [INFO] ThirdParty:1030 - CMSIS Pack Vendor :STMicroelectronics X-CUBE-AZRTOS-G0 1.1.0
2023-06-25 22:59:57,419 [INFO] ThirdParty:1030 - CMSIS Pack Vendor :emotas I-CUBE-CANOPEN 1.1.3
2023-06-25 22:59:57,419 [INFO] ThirdParty:1030 - CMSIS Pack Vendor :STMicroelectronics X-CUBE-BLEMGR 2.0.0
2023-06-25 22:59:57,419 [INFO] ThirdParty:1030 - CMSIS Pack Vendor :STMicroelectronics X-CUBE-AI 8.0.1
2023-06-25 22:59:57,419 [INFO] ThirdParty:1030 - CMSIS Pack Vendor :STMicroelectronics X-CUBE-NFC4 3.0.0
2023-06-25 22:59:57,419 [INFO] ThirdParty:1030 - CMSIS Pack Vendor :STMicroelectronics X-CUBE-SUBG2 5.0.0
2023-06-25 22:59:57,419 [INFO] ThirdParty:1030 - CMSIS Pack Vendor :STMicroelectronics STM32_WPAN 1.0.0
2023-06-25 22:59:57,419 [INFO] ThirdParty:1030 - CMSIS Pack Vendor :STMicroelectronics lwIP 2.0.3
2023-06-25 22:59:57,419 [INFO] ThirdParty:1030 - CMSIS Pack Vendor :STMicroelectronics USB_HOST 1.0.0
2023-06-25 22:59:57,419 [INFO] ThirdParty:1030 - CMSIS Pack Vendor :STMicroelectronics X-CUBE-AZRTOS-G4 2.0.0
2023-06-25 22:59:57,419 [INFO] ThirdParty:1030 - CMSIS Pack Vendor :STMicroelectronics PDM2PCM 3.1.0
2023-06-25 22:59:57,419 [INFO] ThirdParty:1030 - CMSIS Pack Vendor :STMicroelectronics X-CUBE-AZRTOS-H7 3.1.0
2023-06-25 22:59:57,419 [INFO] ThirdParty:1030 - CMSIS Pack Vendor :STMicroelectronics X-CUBE-TOF1 3.3.0
2023-06-25 22:59:57,419 [INFO] ThirdParty:1030 - CMSIS Pack Vendor :STMicroelectronics PDM2PCM 3.3.0
2023-06-25 22:59:57,419 [INFO] ThirdParty:1030 - CMSIS Pack Vendor :STMicroelectronics X-CUBE-DISPLAY 3.0.0
2023-06-25 22:59:57,419 [INFO] ThirdParty:1030 - CMSIS Pack Vendor :STMicroelectronics FP-ATR-SIGFOX1 3.2.0
2023-06-25 22:59:57,419 [INFO] ThirdParty:1030 - CMSIS Pack Vendor :STMicroelectronics HAL Drivers 0.0.0
2023-06-25 22:59:57,420 [INFO] ThirdParty:1030 - CMSIS Pack Vendor :STMicroelectronics MBEDTLS 2.16.2
2023-06-25 22:59:57,420 [INFO] ThirdParty:1030 - CMSIS Pack Vendor :STMicroelectronics X-CUBE-NFC7 1.0.1
2023-06-25 22:59:57,420 [INFO] ThirdParty:1030 - CMSIS Pack Vendor :STMicroelectronics MBEDTLS 2.14.1
2023-06-25 22:59:57,420 [INFO] ThirdParty:1030 - CMSIS Pack Vendor :STMicroelectronics X-CUBE-EEPRMA1 4.1.0
2023-06-25 22:59:57,420 [INFO] ThirdParty:1030 - CMSIS Pack Vendor :portGmbH I-Cube-SoM-uGOAL 1.1.0
2023-06-25 22:59:57,420 [INFO] ThirdParty:1030 - CMSIS Pack Vendor :STMicroelectronics X-CUBE-ALS 1.0.1
2023-06-25 22:59:57,420 [INFO] ThirdParty:1030 - CMSIS Pack Vendor :STMicroelectronics ThreadX 1.0.0
2023-06-25 22:59:57,420 [INFO] ThirdParty:1030 - CMSIS Pack Vendor :STMicroelectronics X-CUBE-AZRTOS-WB 1.1.0
2023-06-25 22:59:57,420 [INFO] ThirdParty:1030 - CMSIS Pack Vendor :STMicroelectronics X-CUBE-AZRTOS-WL 2.0.0
2023-06-25 22:59:57,420 [INFO] ThirdParty:1030 - CMSIS Pack Vendor :SEGGER I-CUBE-embOS 1.3.1
2023-06-25 22:59:57,420 [INFO] ThirdParty:1030 - CMSIS Pack Vendor :STMicroelectronics USB_DEVICE 1.0.0
2023-06-25 22:59:57,420 [INFO] ThirdParty:1030 - CMSIS Pack Vendor :STMicroelectronics X-CUBE-AZRTOS-L4 2.0.0
2023-06-25 22:59:57,420 [INFO] ThirdParty:1030 - CMSIS Pack Vendor :STMicroelectronics ThreadX 0.0.2
2023-06-25 22:59:57,420 [INFO] ThirdParty:1030 - CMSIS Pack Vendor :WES I-CUBE-Cesium 1.3.0
2023-06-25 22:59:57,420 [INFO] ThirdParty:1030 - CMSIS Pack Vendor :STMicroelectronics FP-ATR-ASTRA1 2.0.0
2023-06-25 22:59:57,420 [INFO] ThirdParty:1030 - CMSIS Pack Vendor :STMicroelectronics lwIP 2.1.2
2023-06-25 22:59:57,421 [INFO] ThirdParty:1030 - CMSIS Pack Vendor :STMicroelectronics X-CUBE-SFXS2LP1 4.0.0
2023-06-25 22:59:57,421 [INFO] ThirdParty:1030 - CMSIS Pack Vendor :STMicroelectronics X-CUBE-BLE2 3.3.0
2023-06-25 22:59:57,421 [INFO] ThirdParty:1030 - CMSIS Pack Vendor :STMicroelectronics PDM2PCM 3.2.0
2023-06-25 22:59:57,421 [INFO] ThirdParty:841 - exiting critical section [change project]
2023-06-25 22:59:57,779 [INFO] PinOutPanel:1499 - setPackage(No Configuration,No Configuration)
2023-06-25 22:59:57,780 [INFO] PinOutPanel:1499 - setPackage(STM32F407VETx,LQFP100)
2023-06-25 22:59:58,274 [INFO] UtilMem:75 - Before build in PCC Used Memory: 565785480 Bytes (693108736)
2023-06-25 22:59:58,890 [INFO] UtilMem:75 - After build in PCC Used Memory: 582580728 Bytes (693108736)
2023-06-25 22:59:58,917 [INFO] IPUIPlugin:80 - create IPUIPlugin
2023-06-25 22:59:58,917 [INFO] IPUIPlugin:80 - create IPUIPlugin
2023-06-25 22:59:58,917 [INFO] IPUIPlugin:80 - create IPUIPlugin
2023-06-25 22:59:58,917 [INFO] IPUIPlugin:80 - create IPUIPlugin
2023-06-25 22:59:58,918 [INFO] IPUIPlugin:80 - create IPUIPlugin
2023-06-25 22:59:58,918 [INFO] IPUIPlugin:80 - create IPUIPlugin
2023-06-25 22:59:58,918 [INFO] IPUIPlugin:80 - create IPUIPlugin
2023-06-25 22:59:58,918 [INFO] IPUIPlugin:80 - create IPUIPlugin
2023-06-25 22:59:58,918 [INFO] IPUIPlugin:80 - create IPUIPlugin
2023-06-25 22:59:58,918 [INFO] IPUIPlugin:80 - create IPUIPlugin
2023-06-25 22:59:58,918 [INFO] IPUIPlugin:80 - create IPUIPlugin
2023-06-25 22:59:58,918 [INFO] IPUIPlugin:80 - create IPUIPlugin
2023-06-25 22:59:58,918 [INFO] IPUIPlugin:80 - create IPUIPlugin
2023-06-25 22:59:58,918 [INFO] IPUIPlugin:80 - create IPUIPlugin
2023-06-25 22:59:58,918 [INFO] IPUIPlugin:80 - create IPUIPlugin
2023-06-25 22:59:58,919 [INFO] IPUIPlugin:80 - create IPUIPlugin
2023-06-25 22:59:58,919 [INFO] IPUIPlugin:80 - create IPUIPlugin
2023-06-25 22:59:58,919 [INFO] IPUIPlugin:80 - create IPUIPlugin
2023-06-25 22:59:58,919 [INFO] IPUIPlugin:80 - create IPUIPlugin
2023-06-25 22:59:58,919 [INFO] IPUIPlugin:80 - create IPUIPlugin
2023-06-25 22:59:58,919 [INFO] IPUIPlugin:80 - create IPUIPlugin
2023-06-25 22:59:58,919 [INFO] IPUIPlugin:80 - create IPUIPlugin
2023-06-25 22:59:58,919 [INFO] IPUIPlugin:80 - create IPUIPlugin
2023-06-25 22:59:58,920 [INFO] IPUIPlugin:80 - create IPUIPlugin
2023-06-25 22:59:58,920 [INFO] IPUIPlugin:80 - create IPUIPlugin
2023-06-25 22:59:58,920 [INFO] IPUIPlugin:80 - create IPUIPlugin
2023-06-25 22:59:58,920 [INFO] IPUIPlugin:80 - create IPUIPlugin
2023-06-25 22:59:58,928 [INFO] IPUIPlugin:80 - create IPUIPlugin
2023-06-25 22:59:58,928 [INFO] IPUIPlugin:80 - create IPUIPlugin
2023-06-25 22:59:58,928 [INFO] IPUIPlugin:80 - create IPUIPlugin
2023-06-25 22:59:58,929 [INFO] IPUIPlugin:80 - create IPUIPlugin
2023-06-25 22:59:58,929 [INFO] IPUIPlugin:80 - create IPUIPlugin
2023-06-25 22:59:58,929 [INFO] IPUIPlugin:80 - create IPUIPlugin
2023-06-25 22:59:58,930 [INFO] IPUIPlugin:80 - create IPUIPlugin
2023-06-25 22:59:58,930 [INFO] IPUIPlugin:80 - create IPUIPlugin
2023-06-25 22:59:58,930 [INFO] IPUIPlugin:80 - create IPUIPlugin
2023-06-25 22:59:58,930 [INFO] IPUIPlugin:80 - create IPUIPlugin
2023-06-25 22:59:58,931 [INFO] IPUIPlugin:80 - create IPUIPlugin
2023-06-25 22:59:58,931 [INFO] IPUIPlugin:80 - create IPUIPlugin
2023-06-25 22:59:58,931 [INFO] IPUIPlugin:80 - create IPUIPlugin
2023-06-25 22:59:58,932 [INFO] IPUIPlugin:80 - create IPUIPlugin
2023-06-25 22:59:58,932 [INFO] IPUIPlugin:80 - create IPUIPlugin
2023-06-25 22:59:58,932 [INFO] IPUIPlugin:80 - create IPUIPlugin
2023-06-25 22:59:58,933 [INFO] IPUIPlugin:80 - create IPUIPlugin
2023-06-25 22:59:58,933 [INFO] IPUIPlugin:80 - create IPUIPlugin
2023-06-25 22:59:58,933 [INFO] IPUIPlugin:80 - create IPUIPlugin
2023-06-25 22:59:58,933 [INFO] IPUIPlugin:80 - create IPUIPlugin
2023-06-25 22:59:58,934 [INFO] IPUIPlugin:80 - create IPUIPlugin
2023-06-25 22:59:58,934 [INFO] IPUIPlugin:80 - create IPUIPlugin
2023-06-25 22:59:58,934 [INFO] IPUIPlugin:80 - create IPUIPlugin
2023-06-25 22:59:58,935 [INFO] IPUIPlugin:80 - create IPUIPlugin
2023-06-25 22:59:58,935 [INFO] IPUIPlugin:80 - create IPUIPlugin
2023-06-25 22:59:58,936 [INFO] IPUIPlugin:80 - create IPUIPlugin
2023-06-25 22:59:58,936 [INFO] IPUIPlugin:80 - create IPUIPlugin
2023-06-25 22:59:58,937 [INFO] IPUIPlugin:80 - create IPUIPlugin
2023-06-25 22:59:58,938 [INFO] IPUIPlugin:80 - create IPUIPlugin
2023-06-25 22:59:58,939 [INFO] IPUIPlugin:80 - create IPUIPlugin
2023-06-25 22:59:58,940 [INFO] IPUIPlugin:80 - create IPUIPlugin
2023-06-25 22:59:59,014 [INFO] ApiDbMcu:507 - Load IP Config File for PDM2PCM
2023-06-25 22:59:59,198 [INFO] CADModel:165 - CPN selected for project levelSTM32F407VET6
2023-06-25 22:59:59,198 [INFO] CADModel:114 - Register for checkConnection events
2023-06-25 22:59:59,258 [INFO] OpenFileManager:328 - Restore cursor
2023-06-25 22:59:59,804 [INFO] UtilMem:75 - End SaveConfig() Used Memory: 595046904 Bytes (693108736)
2023-06-25 23:00:01,138 [INFO] ServerAccessManage:473 - Download File stm32cube_fw_f4_v1270.zip
2023-06-25 23:05:47,409 [INFO] AnalyticsPlugin:368 - Accepted License(s): [FW.F4.1.27.0]
2023-06-25 23:05:47,410 [INFO] FileExtend:240 - Unzip File : stm32cube_fw_f4_v1270.zip
2023-06-25 23:05:47,410 [INFO] FileExtend:255 - Standard Zip Deflate
2023-06-25 23:06:56,786 [INFO] ServerAccessManage:473 - Download File stm32cube_fw_f4_v1271.zip
2023-06-25 23:07:14,251 [INFO] FileExtend:240 - Unzip File : stm32cube_fw_f4_v1271.zip
2023-06-25 23:07:14,251 [INFO] FileExtend:255 - Standard Zip Deflate
2023-06-25 23:07:15,286 [INFO] LoadServerPackagesThread:196 - End of LoadServerPackages Thread
2023-06-25 23:07:15,495 [INFO] ThirdPartyModel:298 - Start build external matchings
2023-06-25 23:07:15,503 [INFO] UtilMem:75 - End SaveConfig() Used Memory: 506805088 Bytes (1073741824)
2023-06-25 23:07:15,904 [INFO] ThirdPartyModel:316 - End build external matchings
2023-06-25 23:07:15,913 [INFO] CheckServerUpdateThread:120 - End of CheckServer Thread
2023-06-25 23:07:16,187 [INFO] BlockDiagram:2759 - set Specific Code input for plugin: RCC
2023-06-25 23:07:16,188 [INFO] BlockDiagram:2759 - set Specific Code input for plugin: NVIC
2023-06-25 23:07:16,197 [INFO] CodeGenerator:793 - code generatio: config db path: C:\ST\STM32CubeIDE_1.12.1\STM32CubeIDE\plugins\com.st.stm32cube.common.mx_6.8.1.202304191431\\db\
2023-06-25 23:07:16,696 [INFO] CodeEngine:255 - oldGeneratedFile, C:\Users\hyeon\Desktop\STM32_Workspace\test\MXTmpFiles\license.tmp_save
2023-06-25 23:07:17,372 [INFO] CodeEngine:279 - Generated code: C:\Users\hyeon\Desktop\STM32_Workspace\test\MXTmpFiles\license.tmp
2023-06-25 23:07:17,395 [INFO] CodeEngine:255 - oldGeneratedFile, C:\Users\hyeon\Desktop\STM32_Workspace\test\Core\Src\stm32f4xx_it.c_save
2023-06-25 23:07:17,573 [INFO] CodeEngine:279 - Generated code: C:\Users\hyeon\Desktop\STM32_Workspace\test\Core\Src\stm32f4xx_it.c
2023-06-25 23:07:17,585 [INFO] CodeEngine:255 - oldGeneratedFile, C:\Users\hyeon\Desktop\STM32_Workspace\test\Core\Inc\stm32f4xx_it.h_save
2023-06-25 23:07:17,679 [INFO] CodeEngine:279 - Generated code: C:\Users\hyeon\Desktop\STM32_Workspace\test\Core\Inc\stm32f4xx_it.h
2023-06-25 23:07:17,767 [INFO] CodeEngine:255 - oldGeneratedFile, C:\Users\hyeon\Desktop\STM32_Workspace\test\Core\Src\stm32f4xx_hal_msp.c_save
2023-06-25 23:07:17,907 [INFO] CodeEngine:279 - Generated code: C:\Users\hyeon\Desktop\STM32_Workspace\test\Core\Src\stm32f4xx_hal_msp.c
2023-06-25 23:07:17,917 [INFO] CodeEngine:255 - oldGeneratedFile, C:\Users\hyeon\Desktop\STM32_Workspace\test\MXTmpFiles\system.tmp_save
2023-06-25 23:07:18,000 [INFO] CodeEngine:279 - Generated code: C:\Users\hyeon\Desktop\STM32_Workspace\test\MXTmpFiles\system.tmp
2023-06-25 23:07:18,020 [INFO] CodeEngine:311 - oldGeneratedFile, C:\Users\hyeon\Desktop\STM32_Workspace\test\Core\Inc\stm32f4xx_hal_conf.h_save
2023-06-25 23:07:18,179 [INFO] CodeEngine:335 - Generated code: C:\Users\hyeon\Desktop\STM32_Workspace\test\Core\Inc\stm32f4xx_hal_conf.h
2023-06-25 23:07:18,241 [INFO] CodeEngine:255 - oldGeneratedFile, C:\Users\hyeon\Desktop\STM32_Workspace\test\Core\Inc\main.h_save
2023-06-25 23:07:18,362 [INFO] CodeEngine:279 - Generated code: C:\Users\hyeon\Desktop\STM32_Workspace\test\Core\Inc\main.h
2023-06-25 23:07:18,372 [INFO] CodeEngine:255 - oldGeneratedFile, C:\Users\hyeon\Desktop\STM32_Workspace\test\Core\Src\main.c_save
2023-06-25 23:07:18,519 [INFO] CodeEngine:279 - Generated code: C:\Users\hyeon\Desktop\STM32_Workspace\test\Core\Src\main.c
2023-06-25 23:07:19,246 [INFO] ProjectBuilder:2996 - Time for Copy HAL[1] : 119mS.
2023-06-25 23:07:19,260 [INFO] ProjectBuilder:4304 - Project Generator version: 3.19.2
2023-06-25 23:07:19,537 [INFO] ConfigFileManager:1483 - The Die is : DIE413
2023-06-25 23:07:19,566 [INFO] ApiDbMcu:507 - Load IP Config File for FATFS
2023-06-25 23:07:19,581 [INFO] ApiDbMcu:507 - Load IP Config File for FREERTOS
2023-06-25 23:07:19,593 [INFO] ApiDbMcu:507 - Load IP Config File for LIBJPEG
2023-06-25 23:07:19,610 [INFO] ApiDbMcu:507 - Load IP Config File for LWIP
2023-06-25 23:07:19,620 [INFO] ApiDbMcu:507 - Load IP Config File for MBEDTLS
2023-06-25 23:07:19,634 [INFO] ApiDbMcu:507 - Load IP Config File for USB_DEVICE
2023-06-25 23:07:19,643 [INFO] ApiDbMcu:507 - Load IP Config File for USB_HOST
2023-06-25 23:07:20,763 [INFO] LogOutputStream:77 - [STDOUT_REDIRECT] 
2023-06-25 23:07:25,084 [INFO] ProjectBuilder:4505 - Time for Generating toolchain IDE Files: 5823mS.
2023-06-25 23:07:25,085 [INFO] ProjectBuilder:2867 - Time for Copy CMSIS : 0mS.
2023-06-25 23:07:25,086 [INFO] ProjectBuilder:2867 - Time for Copy CMSIS : 0mS.
2023-06-25 23:07:25,848 [INFO] McuFinderGlobals:66 - Set McuFinderConnectedMode to true
2023-06-25 23:07:25,850 [INFO] ApiDb:448 - Save user favorites file C:\Users\hyeon/.stm32cubeide/favorites.mcus.txt: 0 item(s)
2023-06-25 23:07:25,850 [INFO] ApiDb:452 - User favorites MCUs=[]
