2023-06-21 16:10:35,717 [INFO] Activator:176 - 


2023-06-21 16:10:35,719 [INFO] Activator:177 - !SESSION log4j initialized
2023-06-21 16:10:39,484 [INFO] LogOutputStream:77 - [STDOUT_REDIRECT] 
2023-06-21 16:11:22,397 [ERROR] LogOutputStream:75 - [STDERR_REDIRECT] SLF4J: Failed to load class "org.slf4j.impl.StaticLoggerBinder".
2023-06-21 16:11:22,399 [ERROR] LogOutputStream:75 - [STDERR_REDIRECT] SLF4J: Defaulting to no-operation (NOP) logger implementation
2023-06-21 16:11:22,402 [ERROR] LogOutputStream:75 - [STDERR_REDIRECT] SLF4J: See http://www.slf4j.org/codes.html#StaticLoggerBinder for further details.
2023-06-21 16:13:49,214 [INFO] ApplicationProperties:184 - Using Application install path: C:\ST\STM32CubeIDE_1.12.1\STM32CubeIDE\plugins\com.st.stm32cube.common.mx_6.8.1.202304191431
2023-06-21 16:13:49,236 [INFO] DbMcusXml:78 - Set database path to: C:\ST\STM32CubeIDE_1.12.1\STM32CubeIDE\plugins\com.st.stm32cube.common.mx_6.8.1.202304191431\\db\/mcu/
2023-06-21 16:13:49,237 [INFO] ApiDb:274 - Set plugin database path to: C:\ST\STM32CubeIDE_1.12.1\STM32CubeIDE\plugins\com.st.stm32cube.common.mx_6.8.1.202304191431\\db\/plugins/boardmanager/
2023-06-21 16:13:49,239 [WARN] ApiDb:259 - Overriding images path with different value:  => C:\ST\STM32CubeIDE_1.12.1\STM32CubeIDE\plugins\com.st.stm32cube.common.mx_6.8.1.202304191431\\db\/plugins/mcufinder/images/
2023-06-21 16:14:04,401 [WARN] ApiFinderProperties:113 - C:\Users\hyeon\.stmcufinder\plugins\mcufinder\mcu\mcuFinder.mfd doesn't exist
2023-06-21 16:14:04,402 [INFO] ApiDb:250 - Set database path to: C:\Users\hyeon\.stmcufinder\plugins\mcufinder//mcu/
2023-06-21 16:14:04,404 [INFO] DbMcusAds:125 - Set database path to: C:\Users\hyeon\.stmcufinder\plugins\mcufinder//mcu/
2023-06-21 16:14:04,407 [INFO] CrossReferenceDbSqlite:203 - Set database path to: C:\Users\hyeon\.stmcufinder\plugins\mcufinder//mcu/cs/
2023-06-21 16:14:04,524 [INFO] RulesReader:64 - Compatibility file has been processed (293 Rules)
2023-06-21 16:14:25,677 [INFO] DbMcusXml:78 - Set database path to: C:\ST\STM32CubeIDE_1.12.1\STM32CubeIDE\plugins\com.st.stm32cube.common.mx_6.8.1.202304191431\\db\/mcu/
2023-06-21 16:14:25,677 [INFO] ApiDb:274 - Set plugin database path to: C:\ST\STM32CubeIDE_1.12.1\STM32CubeIDE\plugins\com.st.stm32cube.common.mx_6.8.1.202304191431\\db\/plugins/boardmanager/
2023-06-21 16:14:25,677 [INFO] ApiDb:261 - Set plugin images path to: C:\ST\STM32CubeIDE_1.12.1\STM32CubeIDE\plugins\com.st.stm32cube.common.mx_6.8.1.202304191431\\db\/plugins/mcufinder/images/
2023-06-21 16:14:25,677 [WARN] DbFile:41 - Overriding database path with different value: C:\Users\hyeon\.stmcufinder\plugins\mcufinder/ => C:\Users\hyeon\.stmcufinder\plugins\mcufinder
2023-06-21 16:14:25,677 [INFO] ApiDb:250 - Set database path to: C:\Users\hyeon\.stmcufinder\plugins\mcufinder//mcu/
2023-06-21 16:14:25,677 [WARN] DbFile:41 - Overriding database path with different value: C:\Users\hyeon\.stmcufinder\plugins\mcufinder/ => C:\Users\hyeon\.stmcufinder\plugins\mcufinder
2023-06-21 16:14:25,677 [INFO] DbMcusAds:125 - Set database path to: C:\Users\hyeon\.stmcufinder\plugins\mcufinder//mcu/
2023-06-21 16:14:25,677 [WARN] DbFile:41 - Overriding database path with different value: C:\Users\hyeon\.stmcufinder\plugins\mcufinder/ => C:\Users\hyeon\.stmcufinder\plugins\mcufinder
2023-06-21 16:14:25,677 [WARN] DbFile:41 - Overriding database path with different value: C:\Users\hyeon\.stmcufinder\plugins\mcufinder/ => C:\Users\hyeon\.stmcufinder\plugins\mcufinder
2023-06-21 16:14:25,679 [INFO] CrossReferenceDbSqlite:203 - Set database path to: C:\Users\hyeon\.stmcufinder\plugins\mcufinder//mcu/cs/
2023-06-21 16:14:25,765 [INFO] MainPanel:253 - HeapMemory: 385875968
2023-06-21 16:14:25,880 [INFO] DbMcusXml:78 - Set database path to: C:\ST\STM32CubeIDE_1.12.1\STM32CubeIDE\plugins\com.st.stm32cube.common.mx_6.8.1.202304191431\\db\/mcu/
2023-06-21 16:14:25,881 [INFO] ApiDb:274 - Set plugin database path to: C:\ST\STM32CubeIDE_1.12.1\STM32CubeIDE\plugins\com.st.stm32cube.common.mx_6.8.1.202304191431\\db\/plugins/boardmanager/
2023-06-21 16:14:25,881 [INFO] ApiDb:261 - Set plugin images path to: C:\ST\STM32CubeIDE_1.12.1\STM32CubeIDE\plugins\com.st.stm32cube.common.mx_6.8.1.202304191431\\db\/plugins/mcufinder/images/
2023-06-21 16:14:25,882 [WARN] DbFile:41 - Overriding database path with different value: C:\Users\hyeon\.stmcufinder\plugins\mcufinder/ => C:\Users\hyeon\.stmcufinder\plugins\mcufinder
2023-06-21 16:14:25,882 [INFO] ApiDb:250 - Set database path to: C:\Users\hyeon\.stmcufinder\plugins\mcufinder//mcu/
2023-06-21 16:14:25,883 [WARN] DbFile:41 - Overriding database path with different value: C:\Users\hyeon\.stmcufinder\plugins\mcufinder/ => C:\Users\hyeon\.stmcufinder\plugins\mcufinder
2023-06-21 16:14:25,883 [INFO] DbMcusAds:125 - Set database path to: C:\Users\hyeon\.stmcufinder\plugins\mcufinder//mcu/
2023-06-21 16:14:25,883 [WARN] DbFile:41 - Overriding database path with different value: C:\Users\hyeon\.stmcufinder\plugins\mcufinder/ => C:\Users\hyeon\.stmcufinder\plugins\mcufinder
2023-06-21 16:14:25,883 [WARN] DbFile:41 - Overriding database path with different value: C:\Users\hyeon\.stmcufinder\plugins\mcufinder/ => C:\Users\hyeon\.stmcufinder\plugins\mcufinder
2023-06-21 16:14:25,883 [INFO] CrossReferenceDbSqlite:203 - Set database path to: C:\Users\hyeon\.stmcufinder\plugins\mcufinder//mcu/cs/
2023-06-21 16:14:25,903 [INFO] ApplicationProperties:184 - Using Application install path: C:\ST\STM32CubeIDE_1.12.1\STM32CubeIDE\plugins\com.st.stm32cube.common.mx_6.8.1.202304191431
2023-06-21 16:14:25,904 [INFO] PluginManage:196 - Search for loadable plugins [exclusion list=, ]
2023-06-21 16:14:25,905 [INFO] PluginManage:310 - Check plugin analytics
2023-06-21 16:14:26,100 [INFO] AnalyticsPlugin:253 - Accepted Software Licenses: 
2023-06-21 16:14:26,252 [INFO] AnalyticsPlugin:255 - Accepted CMSIS Pack Licenses: 
2023-06-21 16:14:26,254 [INFO] AnalyticsPlugin:257 - Accepted Firmware Licenses: 
2023-06-21 16:14:26,278 [INFO] PluginManage:359 - Loaded plugin analytics (category:tool,tabindex:-1)
2023-06-21 16:14:26,279 [INFO] PluginManage:310 - Check plugin cadmodel
2023-06-21 16:14:26,287 [INFO] CADModel:105 - Init CAD model plugin
2023-06-21 16:14:26,287 [INFO] PluginManage:359 - Loaded plugin cadmodel (category:power,tabindex:5)
2023-06-21 16:14:26,289 [INFO] PluginManage:310 - Check plugin clock
2023-06-21 16:14:26,299 [INFO] PluginManage:359 - Loaded plugin clock (category:base,tabindex:2)
2023-06-21 16:14:26,299 [INFO] PluginManage:310 - Check plugin ddr
2023-06-21 16:14:26,300 [INFO] PluginManage:359 - Loaded plugin ddr (category:tool,tabindex:6)
2023-06-21 16:14:26,300 [INFO] PluginManage:310 - Check plugin filemanager
2023-06-21 16:14:26,432 [INFO] PluginManage:359 - Loaded plugin filemanager (category:base,tabindex:10)
2023-06-21 16:14:26,432 [INFO] PluginManage:310 - Check plugin ipmanager
2023-06-21 16:14:26,440 [INFO] PluginManage:359 - Loaded plugin ipmanager (category:base,tabindex:5)
2023-06-21 16:14:26,440 [INFO] PluginManage:310 - Check plugin lpbam
2023-06-21 16:14:26,450 [INFO] PluginManage:359 - Loaded plugin lpbam (category:base,tabindex:0)
2023-06-21 16:14:26,451 [INFO] PluginManage:310 - Check plugin pinoutandconfiguration
2023-06-21 16:14:26,459 [INFO] PluginManage:359 - Loaded plugin pinoutandconfiguration (category:base,tabindex:1)
2023-06-21 16:14:26,459 [INFO] PluginManage:310 - Check plugin pinoutconfig
2023-06-21 16:14:26,534 [WARN] SupportedApi:132 - Cannot load RTOS API schema: s4s-elt-must-match.1: The content of 'definitions' must match (annotation?, (simpleType | complexType)?, (unique | key | keyref)*)). A problem was found starting at: attribute.
2023-06-21 16:14:26,689 [INFO] PluginManage:359 - Loaded plugin pinoutconfig (category:base,tabindex:0)
2023-06-21 16:14:26,690 [INFO] PluginManage:310 - Check plugin power
2023-06-21 16:14:26,702 [INFO] PluginManage:359 - Loaded plugin power (category:power,tabindex:4)
2023-06-21 16:14:26,702 [INFO] PluginManage:310 - Check plugin projectmanager
2023-06-21 16:14:26,722 [INFO] PluginManage:359 - Loaded plugin projectmanager (category:projectmanager,tabindex:3)
2023-06-21 16:14:26,722 [INFO] PluginManage:310 - Check plugin thirdparty
2023-06-21 16:14:26,866 [INFO] PluginManage:359 - Loaded plugin thirdparty (category:base,tabindex:-1)
2023-06-21 16:14:26,866 [INFO] PluginManage:310 - Check plugin tools
2023-06-21 16:14:26,866 [WARN] IntegrityCheckThread:84 - waiting for thirdparty lock release [integrity check]
2023-06-21 16:14:26,867 [INFO] IntegrityCheckThread:86 - entering critical section [integrity check]
2023-06-21 16:14:26,870 [INFO] ThirdPartyUpdaterWithRetryManager:70 - Updater plugin not ready yet. [1/15]
2023-06-21 16:14:26,870 [INFO] PluginManage:359 - Loaded plugin tools (category:base,tabindex:7)
2023-06-21 16:14:26,871 [INFO] PluginManage:310 - Check plugin tutovideos
2023-06-21 16:14:27,071 [INFO] PluginManage:359 - Loaded plugin tutovideos (category:base,tabindex:-1)
2023-06-21 16:14:27,071 [INFO] PluginManage:310 - Check plugin updater
2023-06-21 16:14:27,092 [INFO] PluginManage:359 - Loaded plugin updater (category:base,tabindex:12)
2023-06-21 16:14:27,092 [INFO] PluginManage:283 - PluginManage : Loaded plugins [15]
2023-06-21 16:14:27,337 [INFO] PinOutPanel:1499 - setPackage(No Configuration,No Configuration)
2023-06-21 16:14:27,398 [INFO] CADModel:165 - CPN selected for project level
2023-06-21 16:14:27,399 [INFO] CADModel:114 - Register for checkConnection events
2023-06-21 16:14:27,414 [INFO] IPUIPlugin:80 - create IPUIPlugin
2023-06-21 16:14:27,414 [INFO] PluginManager:220 - loadIPPluginJar : add adc
2023-06-21 16:14:27,418 [INFO] IPUIPlugin:80 - create IPUIPlugin
2023-06-21 16:14:27,418 [INFO] PluginManager:220 - loadIPPluginJar : add aes
2023-06-21 16:14:27,420 [INFO] IPUIPlugin:80 - create IPUIPlugin
2023-06-21 16:14:27,420 [INFO] PluginManager:220 - loadIPPluginJar : add can
2023-06-21 16:14:27,422 [INFO] IPUIPlugin:80 - create IPUIPlugin
2023-06-21 16:14:27,422 [INFO] PluginManager:220 - loadIPPluginJar : add comp
2023-06-21 16:14:27,425 [INFO] IPUIPlugin:80 - create IPUIPlugin
2023-06-21 16:14:27,425 [INFO] PluginManager:220 - loadIPPluginJar : add cryp
2023-06-21 16:14:27,428 [INFO] IPUIPlugin:80 - create IPUIPlugin
2023-06-21 16:14:27,428 [INFO] PluginManager:220 - loadIPPluginJar : add dfsdm
2023-06-21 16:14:27,433 [INFO] IPUIPlugin:80 - create IPUIPlugin
2023-06-21 16:14:27,434 [INFO] PluginManager:220 - loadIPPluginJar : add dma
2023-06-21 16:14:27,436 [INFO] IPUIPlugin:80 - create IPUIPlugin
2023-06-21 16:14:27,436 [INFO] PluginManager:220 - loadIPPluginJar : add dma3
2023-06-21 16:14:27,437 [INFO] IPUIPlugin:80 - create IPUIPlugin
2023-06-21 16:14:27,437 [INFO] PluginManager:220 - loadIPPluginJar : add fatfs
2023-06-21 16:14:27,440 [INFO] IPUIPlugin:80 - create IPUIPlugin
2023-06-21 16:14:27,440 [INFO] PluginManager:220 - loadIPPluginJar : add fmc
2023-06-21 16:14:27,449 [INFO] IPUIPlugin:80 - create IPUIPlugin
2023-06-21 16:14:27,450 [INFO] PluginManager:220 - loadIPPluginJar : add freertos
2023-06-21 16:14:27,451 [INFO] IPUIPlugin:80 - create IPUIPlugin
2023-06-21 16:14:27,451 [INFO] PluginManager:220 - loadIPPluginJar : add genericplugin
2023-06-21 16:14:27,453 [INFO] IPUIPlugin:80 - create IPUIPlugin
2023-06-21 16:14:27,453 [INFO] PluginManager:220 - loadIPPluginJar : add gfxmmu
2023-06-21 16:14:27,457 [INFO] IPUIPlugin:80 - create IPUIPlugin
2023-06-21 16:14:27,457 [INFO] PluginManager:220 - loadIPPluginJar : add gic
2023-06-21 16:14:27,460 [INFO] IPUIPlugin:80 - create IPUIPlugin
2023-06-21 16:14:27,461 [INFO] PluginManager:220 - loadIPPluginJar : add gpio
2023-06-21 16:14:27,463 [INFO] IPUIPlugin:80 - create IPUIPlugin
2023-06-21 16:14:27,463 [INFO] PluginManager:220 - loadIPPluginJar : add gtzc
2023-06-21 16:14:27,465 [INFO] IPUIPlugin:80 - create IPUIPlugin
2023-06-21 16:14:27,465 [INFO] PluginManager:220 - loadIPPluginJar : add hash
2023-06-21 16:14:27,467 [INFO] IPUIPlugin:80 - create IPUIPlugin
2023-06-21 16:14:27,467 [INFO] PluginManager:220 - loadIPPluginJar : add i2c
2023-06-21 16:14:27,471 [INFO] IPUIPlugin:80 - create IPUIPlugin
2023-06-21 16:14:27,471 [INFO] PluginManager:220 - loadIPPluginJar : add i2s
2023-06-21 16:14:27,473 [INFO] IPUIPlugin:80 - create IPUIPlugin
2023-06-21 16:14:27,473 [INFO] PluginManager:220 - loadIPPluginJar : add i3c
2023-06-21 16:14:27,476 [INFO] IPUIPlugin:80 - create IPUIPlugin
2023-06-21 16:14:27,476 [INFO] PluginManager:220 - loadIPPluginJar : add ipddr
2023-06-21 16:14:27,487 [INFO] IPUIPlugin:80 - create IPUIPlugin
2023-06-21 16:14:27,487 [INFO] PluginManager:220 - loadIPPluginJar : add linkedlist
2023-06-21 16:14:27,491 [INFO] IPUIPlugin:80 - create IPUIPlugin
2023-06-21 16:14:27,491 [INFO] PluginManager:220 - loadIPPluginJar : add lorawan
2023-06-21 16:14:27,492 [INFO] IPUIPlugin:80 - create IPUIPlugin
2023-06-21 16:14:27,492 [INFO] PluginManager:220 - loadIPPluginJar : add ltdc
2023-06-21 16:14:27,497 [INFO] IPUIPlugin:80 - create IPUIPlugin
2023-06-21 16:14:27,497 [INFO] PluginManager:220 - loadIPPluginJar : add mdma
2023-06-21 16:14:27,501 [INFO] IPUIPlugin:80 - create IPUIPlugin
2023-06-21 16:14:27,501 [INFO] PluginManager:220 - loadIPPluginJar : add nvic
2023-06-21 16:14:27,504 [INFO] IPUIPlugin:80 - create IPUIPlugin
2023-06-21 16:14:27,504 [INFO] PluginManager:220 - loadIPPluginJar : add opamp
2023-06-21 16:14:27,509 [INFO] IPUIPlugin:80 - create IPUIPlugin
2023-06-21 16:14:27,509 [INFO] PluginManager:220 - loadIPPluginJar : add openamp
2023-06-21 16:14:27,512 [INFO] IPUIPlugin:80 - create IPUIPlugin
2023-06-21 16:14:27,512 [INFO] PluginManager:220 - loadIPPluginJar : add pdm2pcm
2023-06-21 16:14:27,523 [INFO] IPUIPlugin:80 - create IPUIPlugin
2023-06-21 16:14:27,526 [INFO] PluginManager:220 - loadIPPluginJar : add plateformsettings
2023-06-21 16:14:27,529 [INFO] IPUIPlugin:80 - create IPUIPlugin
2023-06-21 16:14:27,529 [INFO] PluginManager:220 - loadIPPluginJar : add quadspi
2023-06-21 16:14:27,532 [INFO] IPUIPlugin:80 - create IPUIPlugin
2023-06-21 16:14:27,532 [INFO] PluginManager:220 - loadIPPluginJar : add resmgrutility
2023-06-21 16:14:27,536 [INFO] IPUIPlugin:80 - create IPUIPlugin
2023-06-21 16:14:27,536 [INFO] PluginManager:220 - loadIPPluginJar : add sai
2023-06-21 16:14:27,538 [INFO] IPUIPlugin:80 - create IPUIPlugin
2023-06-21 16:14:27,538 [INFO] PluginManager:220 - loadIPPluginJar : add spi
2023-06-21 16:14:27,542 [INFO] IPUIPlugin:80 - create IPUIPlugin
2023-06-21 16:14:27,542 [INFO] PluginManager:220 - loadIPPluginJar : add stm32_wpan
2023-06-21 16:14:27,543 [INFO] IPUIPlugin:80 - create IPUIPlugin
2023-06-21 16:14:27,543 [INFO] PluginManager:220 - loadIPPluginJar : add tim
2023-06-21 16:14:27,546 [INFO] IPUIPlugin:80 - create IPUIPlugin
2023-06-21 16:14:27,546 [INFO] PluginManager:220 - loadIPPluginJar : add touchsensing
2023-06-21 16:14:27,547 [INFO] IPUIPlugin:80 - create IPUIPlugin
2023-06-21 16:14:27,549 [INFO] PluginManager:220 - loadIPPluginJar : add tracer_emb
2023-06-21 16:14:27,551 [INFO] IPUIPlugin:80 - create IPUIPlugin
2023-06-21 16:14:27,551 [INFO] PluginManager:220 - loadIPPluginJar : add ts
2023-06-21 16:14:27,553 [INFO] IPUIPlugin:80 - create IPUIPlugin
2023-06-21 16:14:27,553 [INFO] PluginManager:220 - loadIPPluginJar : add tsc
2023-06-21 16:14:27,555 [INFO] IPUIPlugin:80 - create IPUIPlugin
2023-06-21 16:14:27,555 [INFO] PluginManager:220 - loadIPPluginJar : add ucpd
2023-06-21 16:14:27,557 [INFO] IPUIPlugin:80 - create IPUIPlugin
2023-06-21 16:14:27,557 [INFO] PluginManager:220 - loadIPPluginJar : add usart
2023-06-21 16:14:27,561 [INFO] IPUIPlugin:80 - create IPUIPlugin
2023-06-21 16:14:27,561 [INFO] PluginManager:220 - loadIPPluginJar : add usbx
2023-06-21 16:14:27,801 [INFO] CADModel:165 - CPN selected for project level
2023-06-21 16:14:27,801 [INFO] CADModel:114 - Register for checkConnection events
2023-06-21 16:14:27,801 [FATAL] Updater:308 - Updater called before beeing initialized
2023-06-21 16:14:27,802 [ERROR] CADModel:125 - Updater not yet initialized, retry later 
2023-06-21 16:14:27,962 [INFO] CADModel:165 - CPN selected for project level
2023-06-21 16:14:27,962 [INFO] CADModel:114 - Register for checkConnection events
2023-06-21 16:14:27,962 [FATAL] Updater:308 - Updater called before beeing initialized
2023-06-21 16:14:27,962 [ERROR] CADModel:125 - Updater not yet initialized, retry later 
2023-06-21 16:14:27,966 [FATAL] Updater:308 - Updater called before beeing initialized
2023-06-21 16:14:28,107 [FATAL] Updater:308 - Updater called before beeing initialized
2023-06-21 16:14:28,115 [INFO] DbMcusAds:53 - JSON generation date=Thu Sep 30 15:55:09 KST 2021 (1632984909247)
2023-06-21 16:14:28,116 [FATAL] Updater:308 - Updater called before beeing initialized
2023-06-21 16:14:28,189 [WARN] DetailPanel:346 - Failed to get advertising image, set to default
2023-06-21 16:14:28,309 [FATAL] Updater:308 - Updater called before beeing initialized
2023-06-21 16:14:28,311 [FATAL] Updater:308 - Updater called before beeing initialized
2023-06-21 16:14:28,311 [FATAL] Updater:308 - Updater called before beeing initialized
2023-06-21 16:14:28,311 [WARN] DetailPanel:346 - Failed to get advertising image, set to default
2023-06-21 16:14:28,312 [FATAL] Updater:308 - Updater called before beeing initialized
2023-06-21 16:14:28,372 [ERROR] Updater:1120 - MainUpdater not yet initialized. External WinMGr cannot be set.
2023-06-21 16:14:28,380 [INFO] Updater:1056 - Updater Version found : 6.8.1
2023-06-21 16:14:28,397 [INFO] ApplicationProperties:184 - Using Application install path: C:\ST\STM32CubeIDE_1.12.1\STM32CubeIDE\plugins\com.st.stm32cube.common.mx_6.8.1.202304191431
2023-06-21 16:14:28,423 [INFO] MainUpdater:519 - Copy updater definitions from MX database
2023-06-21 16:14:28,456 [INFO] MainUpdater:552 - Copy flag file definitions from MX database
2023-06-21 16:14:28,549 [INFO] MainUpdater:568 - Copy thirdparty index definitions from MX database
2023-06-21 16:14:28,554 [INFO] MainUpdater:587 - Copy default thirdparty db definitions from MX database
2023-06-21 16:14:29,031 [INFO] MainUpdater:2854 - connection check result : 10
2023-06-21 16:14:29,032 [INFO] MainUpdater:3548 - Updater definition file requires update
2023-06-21 16:14:29,034 [INFO] MainUpdater:283 - Updater Check For Update Now.
2023-06-21 16:14:29,034 [INFO] MicroXplorer:498 - Change Database Version : DB.6.0.81
2023-06-21 16:14:29,202 [INFO] ServerAccessManage:473 - Download File updaters.zip
2023-06-21 16:14:29,525 [INFO] FileExtend:240 - Unzip File : updaters.zip
2023-06-21 16:14:29,525 [INFO] FileExtend:255 - Standard Zip Deflate
2023-06-21 16:14:29,887 [WARN] MainUpdater:1187 - Updater busy. Cannot search thirdparties
2023-06-21 16:14:29,889 [INFO] ThirdPartyUpdaterWithRetryManager:96 - Updater plugin is busy. [1/15]
2023-06-21 16:14:30,507 [INFO] ServerAccessManage:473 - Download File PacksControlFlags.xml
2023-06-21 16:14:31,052 [INFO] ServerAccessManage:473 - Download File cubemx.pidx
2023-06-21 16:14:31,427 [INFO] ServerAccessManage:473 - Download File STMicroelectronics.FP-ATR-ASTRA1.pdsc
2023-06-21 16:14:32,051 [INFO] ServerAccessManage:473 - Download File STMicroelectronics.FP-ATR-SIGFOX1.pdsc
2023-06-21 16:14:32,524 [INFO] ServerAccessManage:473 - Download File STMicroelectronics.FP-SNS-FLIGHT1.pdsc
2023-06-21 16:14:32,891 [WARN] MainUpdater:1187 - Updater busy. Cannot search thirdparties
2023-06-21 16:14:32,956 [INFO] ServerAccessManage:473 - Download File STMicroelectronics.FP-SNS-MOTENV1.pdsc
2023-06-21 16:14:32,971 [INFO] ThirdPartyUpdaterWithRetryManager:96 - Updater plugin is busy. [2/15]
2023-06-21 16:14:33,423 [INFO] ServerAccessManage:473 - Download File STMicroelectronics.X-CUBE-AI.pdsc
2023-06-21 16:14:35,974 [WARN] MainUpdater:1187 - Updater busy. Cannot search thirdparties
2023-06-21 16:14:35,974 [INFO] ThirdPartyUpdaterWithRetryManager:96 - Updater plugin is busy. [3/15]
2023-06-21 16:14:36,309 [INFO] ServerAccessManage:473 - Download File STMicroelectronics.X-CUBE-ALS.pdsc
2023-06-21 16:14:37,371 [INFO] ServerAccessManage:473 - Download File STMicroelectronics.X-CUBE-BLE1.pdsc
2023-06-21 16:14:38,979 [WARN] MainUpdater:1187 - Updater busy. Cannot search thirdparties
2023-06-21 16:14:38,979 [INFO] ThirdPartyUpdaterWithRetryManager:96 - Updater plugin is busy. [4/15]
2023-06-21 16:14:40,035 [ERROR] ServerAccessManage:1089 - Problem, file not found on Server
2023-06-21 16:14:40,182 [INFO] ServerAccessManage:473 - Download File STMicroelectronics.X-CUBE-BLE2.pdsc
2023-06-21 16:14:41,970 [INFO] ServerAccessManage:473 - Download File STMicroelectronics.X-CUBE-BLEMGR.pdsc
2023-06-21 16:14:41,994 [WARN] MainUpdater:1187 - Updater busy. Cannot search thirdparties
2023-06-21 16:14:41,994 [INFO] ThirdPartyUpdaterWithRetryManager:96 - Updater plugin is busy. [5/15]
2023-06-21 16:14:42,979 [INFO] ServerAccessManage:473 - Download File STMicroelectronics.X-CUBE-DISPLAY.pdsc
2023-06-21 16:14:44,081 [INFO] ServerAccessManage:473 - Download File STMicroelectronics.X-CUBE-EEPRMA1.pdsc
2023-06-21 16:14:45,007 [WARN] MainUpdater:1187 - Updater busy. Cannot search thirdparties
2023-06-21 16:14:45,007 [INFO] ThirdPartyUpdaterWithRetryManager:96 - Updater plugin is busy. [6/15]
2023-06-21 16:14:45,020 [ERROR] ServerAccessManage:1089 - Problem, file not found on Server
2023-06-21 16:14:45,655 [INFO] ServerAccessManage:473 - Download File STMicroelectronics.X-CUBE-FREERTOS.pdsc
2023-06-21 16:14:46,162 [INFO] ServerAccessManage:473 - Download File STMicroelectronics.X-CUBE-GNSS1.pdsc
2023-06-21 16:14:48,014 [WARN] MainUpdater:1187 - Updater busy. Cannot search thirdparties
2023-06-21 16:14:48,014 [INFO] ThirdPartyUpdaterWithRetryManager:96 - Updater plugin is busy. [7/15]
2023-06-21 16:14:48,159 [ERROR] ServerAccessManage:1089 - Problem, file not found on Server
2023-06-21 16:14:48,576 [ERROR] ServerAccessManage:1089 - Problem, file not found on Server
2023-06-21 16:14:49,069 [ERROR] ServerAccessManage:1089 - Problem, file not found on Server
2023-06-21 16:14:49,448 [INFO] MainUpdater:2854 - connection check result : 10
2023-06-21 16:14:49,808 [ERROR] ServerAccessManage:1089 - Problem, file not found on Server
2023-06-21 16:14:50,235 [ERROR] ServerAccessManage:1089 - Problem, file not found on Server
2023-06-21 16:14:50,660 [ERROR] ServerAccessManage:1089 - Problem, file not found on Server
2023-06-21 16:14:50,860 [INFO] ServerAccessManage:473 - Download File STMicroelectronics.X-CUBE-ISPU.pdsc
2023-06-21 16:14:51,020 [WARN] MainUpdater:1187 - Updater busy. Cannot search thirdparties
2023-06-21 16:14:51,020 [INFO] ThirdPartyUpdaterWithRetryManager:96 - Updater plugin is busy. [8/15]
2023-06-21 16:14:51,373 [INFO] ServerAccessManage:473 - Download File STMicroelectronics.X-CUBE-MEMS1.pdsc
2023-06-21 16:14:54,034 [WARN] MainUpdater:1187 - Updater busy. Cannot search thirdparties
2023-06-21 16:14:54,034 [INFO] ThirdPartyUpdaterWithRetryManager:96 - Updater plugin is busy. [9/15]
2023-06-21 16:14:55,348 [INFO] ServerAccessManage:473 - Download File STMicroelectronics.X-CUBE-NFC4.pdsc
2023-06-21 16:14:57,040 [WARN] MainUpdater:1187 - Updater busy. Cannot search thirdparties
2023-06-21 16:14:57,040 [INFO] ThirdPartyUpdaterWithRetryManager:96 - Updater plugin is busy. [10/15]
2023-06-21 16:14:57,546 [INFO] ServerAccessManage:473 - Download File STMicroelectronics.X-CUBE-NFC7.pdsc
2023-06-21 16:14:58,093 [INFO] ServerAccessManage:473 - Download File STMicroelectronics.X-CUBE-SFXS2LP1.pdsc
2023-06-21 16:14:59,063 [INFO] ServerAccessManage:473 - Download File STMicroelectronics.X-CUBE-SUBG2.pdsc
2023-06-21 16:15:00,047 [WARN] MainUpdater:1187 - Updater busy. Cannot search thirdparties
2023-06-21 16:15:00,047 [INFO] ThirdPartyUpdaterWithRetryManager:96 - Updater plugin is busy. [11/15]
2023-06-21 16:15:00,902 [INFO] ServerAccessManage:473 - Download File STMicroelectronics.X-CUBE-SMBUS.pdsc
2023-06-21 16:15:01,484 [ERROR] ServerAccessManage:1089 - Problem, file not found on Server
2023-06-21 16:15:01,660 [INFO] ServerAccessManage:473 - Download File STMicroelectronics.X-CUBE-TOF1.pdsc
2023-06-21 16:15:03,056 [WARN] MainUpdater:1187 - Updater busy. Cannot search thirdparties
2023-06-21 16:15:03,057 [INFO] ThirdPartyUpdaterWithRetryManager:96 - Updater plugin is busy. [12/15]
2023-06-21 16:15:03,126 [ERROR] ServerAccessManage:1089 - Problem, file not found on Server
2023-06-21 16:15:03,422 [INFO] ServerAccessManage:473 - Download File STMicroelectronics.X-CUBE-TOUCHGFX.pdsc
2023-06-21 16:15:06,059 [WARN] MainUpdater:1187 - Updater busy. Cannot search thirdparties
2023-06-21 16:15:06,059 [INFO] ThirdPartyUpdaterWithRetryManager:96 - Updater plugin is busy. [13/15]
2023-06-21 16:15:06,840 [INFO] ServerAccessManage:473 - Download File STMicroelectronics.X-CUBE-ALGOBUILD.pdsc
2023-06-21 16:15:07,848 [INFO] ServerAccessManage:473 - Download File STMicroelectronics.X-CUBE-AZRTOS-H7.pdsc
2023-06-21 16:15:09,060 [WARN] MainUpdater:1187 - Updater busy. Cannot search thirdparties
2023-06-21 16:15:09,060 [INFO] ThirdPartyUpdaterWithRetryManager:96 - Updater plugin is busy. [14/15]
2023-06-21 16:15:09,211 [INFO] ServerAccessManage:473 - Download File STMicroelectronics.X-CUBE-AZRTOS-F4.pdsc
2023-06-21 16:15:09,789 [INFO] ServerAccessManage:473 - Download File STMicroelectronics.X-CUBE-AZRTOS-F7.pdsc
2023-06-21 16:15:10,400 [INFO] ServerAccessManage:473 - Download File STMicroelectronics.X-CUBE-AZRTOS-L4.pdsc
2023-06-21 16:15:10,952 [INFO] ServerAccessManage:473 - Download File STMicroelectronics.X-CUBE-AZRTOS-L5.pdsc
2023-06-21 16:15:11,518 [INFO] ServerAccessManage:473 - Download File STMicroelectronics.X-CUBE-AZRTOS-G0.pdsc
2023-06-21 16:15:12,038 [INFO] ServerAccessManage:473 - Download File STMicroelectronics.X-CUBE-AZRTOS-G4.pdsc
2023-06-21 16:15:12,068 [WARN] MainUpdater:1187 - Updater busy. Cannot search thirdparties
2023-06-21 16:15:12,068 [INFO] ThirdPartyUpdaterWithRetryManager:96 - Updater plugin is busy. [15/15]
2023-06-21 16:15:12,068 [ERROR] IntegrityCheckThread:130 - Cannot retrieve database content from updater: error -1
2023-06-21 16:15:12,068 [INFO] ThirdParty:978 - Integrity check success = false
2023-06-21 16:15:12,068 [INFO] IntegrityCheckThread:100 - exiting critical section [integrity check]
2023-06-21 16:15:12,068 [INFO] IntegrityCheckThread:103 - End integrity checks thread
2023-06-21 16:15:12,602 [INFO] ServerAccessManage:473 - Download File STMicroelectronics.X-CUBE-AZRTOS-WB.pdsc
2023-06-21 16:15:13,090 [INFO] ServerAccessManage:473 - Download File STMicroelectronics.X-CUBE-AZRTOS-WL.pdsc
2023-06-21 16:15:13,886 [INFO] ApiDb:581 - Connected to CubeFinder SQLite database (C:\Users\hyeon\.stmcufinder\plugins\mcufinder\mcu\cube-finder-db.db)
2023-06-21 16:15:13,947 [INFO] ApiDb:668 - CubeFinder database Data Model version=2.1
2023-06-21 16:15:13,947 [INFO] ApiDb:669 - CubeFinder database Configuration version=3.0.35
2023-06-21 16:15:13,947 [INFO] ApiDb:670 - CubeFinder database generation date=2023-04-03 (1680511692)
2023-06-21 16:15:13,947 [INFO] ApiDb:671 - CubeFinder database FW Pack versions=[FP-ATR-ASTRA1_V2.0.0, STM32Cube_FW_C0_V1.0.1, STM32Cube_FW_F0_V1.11.4, STM32Cube_FW_F3_V1.11.4, STM32Cube_FW_F4_V1.27.1, STM32Cube_FW_F7_V1.17.0, STM32Cube_FW_G0_V1.6.1, STM32Cube_FW_G4_V1.5.1, STM32Cube_FW_H5_V0.5.1, STM32Cube_FW_H5_V1.0.0, STM32Cube_FW_H7_V1.11.0, STM32Cube_FW_L0_V1.12.2, STM32Cube_FW_L5_V1.5.0, STM32Cube_FW_U5_V1.2.0, STM32Cube_FW_WBA_V1.0.0, STM32Cube_FW_WBA_V1.0.0RC1, STM32Cube_FW_WBA_V1.0.0RC3, STM32Cube_FW_WB_V1.15.0RC1, STM32Cube_FW_WB_V1.16.0, STM32Cube_FW_WB_V1.16.0RC2, STM32Cube_FW_WL_V1.3.0, X-CUBE-ALGOBUILD_V1.3.0, X-CUBE-ALS_V1.0.1, X-CUBE-AZRTOS-F4_V1.1.0, X-CUBE-AZRTOS-F7_V1.1.0, X-CUBE-AZRTOS-G0_V1.1.0, X-CUBE-AZRTOS-G4_V1.0.0, X-CUBE-AZRTOS-H7_V3.0.0, X-CUBE-AZRTOS-L4_V1.0.0, X-CUBE-AZRTOS-L5_V1.1.0, X-CUBE-AZRTOS-WB_V1.1.0, X-CUBE-AZRTOS-WL_V1.0.0, X-CUBE-BLE1_V6.2.4, X-CUBE-BLE2_V3.3.0, X-CUBE-BLEMGR_V1.3.0, X-CUBE-EEPRMA1_V4.1.0, X-CUBE-FREERTOS_V1.0.1, X-CUBE-GNSS1_V6.0.0, X-CUBE-MEMS1_V9.1.0, X-CUBE-MEMS1_V9.4.0, X-CUBE-MEMS1_V9.5.0, X-CUBE-NFC4_V3.0.0, X-CUBE-NFC7_V1.0.0, X-CUBE-SFXS2LP1_V4.0.0, X-CUBE-SUBG2_V5.0.0]
2023-06-21 16:15:14,014 [INFO] DbBoardsSqlite:226 - include board P-NUCLEO-WB55-NUCLEO as a kit item of type 'Nucleo-64'
2023-06-21 16:15:14,015 [INFO] DbBoardsSqlite:226 - include board P-NUCLEO-WB55-USBDONGLE as a kit item of type 'Nucleo USB Dongle'
2023-06-21 16:15:14,015 [INFO] DbBoardsSqlite:226 - include board STEVAL-IDP005V1 as a kit item of type 'Evaluation Board'
2023-06-21 16:15:14,015 [INFO] DbBoardsSqlite:226 - include board STEVAL-IDP005V2 as a kit item of type 'Evaluation Board'
2023-06-21 16:15:14,069 [INFO] ApiDb:240 - Found 297 in-development CPN: [B-G473E-ZEST1S, B-WB1M-WPAN1, B-WL5M-SUBG1, NUCLEO-C031C6, NUCLEO-H503RB, NUCLEO-H563ZI, NUCLEO-U545RE-Q, NUCLEO-U5A5ZJ-Q, NUCLEO-WBA52CG, STEVAL-PROTEUS1, STEVAL-STWINBX1, STM320518-EVAL, STM32C0116-DK, STM32C011D6Y3TR, STM32C011D6Y6TR, STM32C011F4P3, STM32C011F4P6, STM32C011F4U3, STM32C011F4U6TR, STM32C011F6P3, STM32C011F6P6, STM32C011F6U3, STM32C011F6U6TR, STM32C011J4M3, STM32C011J4M6, STM32C011J6M3, STM32C011J6M6, STM32C0316-DK, STM32C031C4T3, STM32C031C4T6, STM32C031C4U3, STM32C031C4U6, STM32C031C6T3, STM32C031C6T6, STM32C031C6U3, STM32C031C6U6, STM32C031F4P3, STM32C031F4P6, STM32C031F6P3, STM32C031F6P6, STM32C031G4U3, STM32C031G4U6, STM32C031G6U3, STM32C031G6U6, STM32C031K4T3, STM32C031K4T6, STM32C031K4U3, STM32C031K4U6, STM32C031K6T3, STM32C031K6T6, STM32C031K6U3, STM32C031K6U6, STM32G071K8TXN, STM32G071K8UXN, STM32G081GBU6N, STM32G081KBT6N, STM32G081KBUXN, STM32G0B1CCT6N, STM32G0B1KCT6, STM32G0B1NEY6TR, STM32G0B1RCT6N, STM32G0C1CCT6, STM32G0C1CCT6N, STM32G0C1CCU6N, STM32G0C1CET6N, STM32G0C1CEU6N, STM32G0C1KCT6, STM32G0C1NEY6TR, STM32G0C1RCI6N, STM32G0C1RCT6N, STM32G0C1REI6N, STM32G0C1RET6N, STM32G0C1VCI6, STM32G0C1VEI6, STM32G471CCT6, STM32G471CCU6, STM32G471CET3, STM32G471CET6, STM32G471CEU3, STM32G471CEU6, STM32G471MCT6, STM32G471MET3, STM32G471MET6, STM32G471MEY6TR, STM32G471QCT6, STM32G471QET3, STM32G471RCT6, STM32G471RET3, STM32G471RET6, STM32G471VCH6, STM32G471VCI6, STM32G471VCT6, STM32G471VEH3, STM32G471VEH6, STM32G471VEI3, STM32G471VEI6, STM32G471VET3, STM32G471VET6, STM32G474CCT6, STM32H503CBT6, STM32H503CBU6, STM32H503EBY6TR, STM32H503KBU6, STM32H503RBT6, STM32H562AGI6, STM32H562AII6, STM32H562IGK6, STM32H562IGT6, STM32H562IIK6, STM32H562IIT6, STM32H562RGT6, STM32H562RGV6, STM32H562RIT6, STM32H562RIV6, STM32H562VGT6, STM32H562VIT6, STM32H562ZGT6, STM32H562ZIT6, STM32H563AGI6, STM32H563AII3Q, STM32H563AII6, STM32H563IGK6, STM32H563IGT6, STM32H563IIK3Q, STM32H563IIK6, STM32H563IIT3Q, STM32H563IIT6, STM32H563MIY3QTR, STM32H563RGT6, STM32H563RGV6, STM32H563RIT6, STM32H563RIV6, STM32H563VGT6, STM32H563VIT3Q, STM32H563VIT6, STM32H563ZGT6, STM32H563ZIT3Q, STM32H563ZIT6, STM32H573AII3Q, STM32H573AII6, STM32H573I-DK, STM32H573IIK3Q, STM32H573IIK6, STM32H573IIT3Q, STM32H573IIT6, STM32H573MIY3QTR, STM32H573RIT6, STM32H573RIV6, STM32H573VIT3Q, STM32H573VIT6, STM32H573ZIT3Q, STM32H573ZIT6, STM32L4R5QGI6STR, STM32MP131AAE3, STM32MP131AAF3, STM32MP131AAG3, STM32MP131CAE3, STM32MP131CAF3, STM32MP131CAG3, STM32MP131DAE7, STM32MP131DAF7, STM32MP131DAG7, STM32MP131FAE7, STM32MP131FAF7, STM32MP131FAG7, STM32MP133AAE3, STM32MP133AAF3, STM32MP133AAG3, STM32MP133CAE3, STM32MP133CAF3, STM32MP133CAG3, STM32MP133DAE7, STM32MP133DAF7, STM32MP133DAG7, STM32MP133FAE7, STM32MP133FAF7, STM32MP133FAG7, STM32MP135AAE3, STM32MP135AAF3, STM32MP135AAG3, STM32MP135CAE3, STM32MP135CAF3, STM32MP135CAG3, STM32MP135DAE7, STM32MP135DAF7, STM32MP135DAG7, STM32MP135F-DK, STM32MP135FAE7, STM32MP135FAF7, STM32MP135FAF7T, STM32MP135FAF7U, STM32MP135FAG7, STM32U535CBT6, STM32U535CBT6Q, STM32U535CBU6, STM32U535CBU6Q, STM32U535CCT6, STM32U535CCT6Q, STM32U535CCU6, STM32U535CCU6Q, STM32U535CET6, STM32U535CET6Q, STM32U535CEU6, STM32U535CEU6Q, STM32U535JEY6QTR, STM32U535NCY6QTR, STM32U535NEY6QTR, STM32U535RBI6, STM32U535RBI6Q, STM32U535RBT6, STM32U535RBT6Q, STM32U535RCI6, STM32U535RCI6Q, STM32U535RCT6, STM32U535RCT6Q, STM32U535REI6, STM32U535REI6Q, STM32U535RET6, STM32U535RET6Q, STM32U535VCI6, STM32U535VCI6Q, STM32U535VCT6, STM32U535VCT6Q, STM32U535VEI6, STM32U535VEI6Q, STM32U535VET6, STM32U535VET6Q, STM32U545CET6, STM32U545CET6Q, STM32U545CEU6, STM32U545CEU6Q, STM32U545JEY6QTR, STM32U545NEY6QTR, STM32U545REI6, STM32U545REI6Q, STM32U545RET6, STM32U545RET6Q, STM32U545VEI6, STM32U545VEI6Q, STM32U545VET6, STM32U545VET6Q, STM32U595AIH6, STM32U595AIH6Q, STM32U595AJH6, STM32U595AJH6Q, STM32U595QII6, STM32U595QII6Q, STM32U595QJI6, STM32U595QJI6Q, STM32U595RIT6, STM32U595RIT6Q, STM32U595RJT6, STM32U595RJT6Q, STM32U595VIT6, STM32U595VIT6Q, STM32U595VJT6, STM32U595VJT6Q, STM32U595ZIT6, STM32U595ZIT6Q, STM32U595ZIY6QTR, STM32U595ZJT6, STM32U595ZJT6Q, STM32U595ZJY6QTR, STM32U599BJY6QTR, STM32U599NIH6Q, STM32U599NJH6Q, STM32U599VIT6Q, STM32U599VJT6, STM32U599VJT6Q, STM32U599ZIT6Q, STM32U599ZIY6QTR, STM32U599ZJT6Q, STM32U599ZJY6QTR, STM32U5A5AJH6, STM32U5A5AJH6Q, STM32U5A5QJI6, STM32U5A5QJI6Q, STM32U5A5RJT6, STM32U5A5RJT6Q, STM32U5A5VJT6, STM32U5A5VJT6Q, STM32U5A5ZJT6, STM32U5A5ZJT6Q, STM32U5A5ZJY6QTR, STM32U5A9BJY6QTR, STM32U5A9J-DK, STM32U5A9NJH6Q, STM32U5A9VJT6Q, STM32U5A9ZJT6Q, STM32U5A9ZJY6QTR, STM32WB1MMCH6, STM32WBA52CEU6, STM32WBA52CEU6T, STM32WBA52CGU6, STM32WBA52CGU6T, STM32WL5MOCH6, STM32WL5MOCH6TR]
2023-06-21 16:15:14,232 [INFO] BoardInfo:880 - No configuration file found for board P-NUCLEO-WB55
2023-06-21 16:15:14,233 [INFO] DbBoards:157 - Kit is not supported: P-NUCLEO-WB55
2023-06-21 16:15:14,238 [INFO] BoardInfo:880 - No configuration file found for board STEVAL-BFA001V1B
2023-06-21 16:15:14,238 [INFO] DbBoards:157 - Kit is not supported: STEVAL-BFA001V1B
2023-06-21 16:15:14,239 [INFO] BoardInfo:880 - No configuration file found for board STEVAL-BFA001V2B
2023-06-21 16:15:14,239 [INFO] DbBoards:157 - Kit is not supported: STEVAL-BFA001V2B
2023-06-21 16:15:14,368 [INFO] DbBoards:161 - Found 187 boards, 184 are supported
2023-06-21 16:15:14,371 [INFO] ApiDb:668 - CubeFinder database Data Model version=2.1
2023-06-21 16:15:14,372 [INFO] ApiDb:669 - CubeFinder database Configuration version=3.0.35
2023-06-21 16:15:14,372 [INFO] ApiDb:670 - CubeFinder database generation date=2023-04-03 (1680511692)
2023-06-21 16:15:14,372 [INFO] ApiDb:671 - CubeFinder database FW Pack versions=[FP-ATR-ASTRA1_V2.0.0, STM32Cube_FW_C0_V1.0.1, STM32Cube_FW_F0_V1.11.4, STM32Cube_FW_F3_V1.11.4, STM32Cube_FW_F4_V1.27.1, STM32Cube_FW_F7_V1.17.0, STM32Cube_FW_G0_V1.6.1, STM32Cube_FW_G4_V1.5.1, STM32Cube_FW_H5_V0.5.1, STM32Cube_FW_H5_V1.0.0, STM32Cube_FW_H7_V1.11.0, STM32Cube_FW_L0_V1.12.2, STM32Cube_FW_L5_V1.5.0, STM32Cube_FW_U5_V1.2.0, STM32Cube_FW_WBA_V1.0.0, STM32Cube_FW_WBA_V1.0.0RC1, STM32Cube_FW_WBA_V1.0.0RC3, STM32Cube_FW_WB_V1.15.0RC1, STM32Cube_FW_WB_V1.16.0, STM32Cube_FW_WB_V1.16.0RC2, STM32Cube_FW_WL_V1.3.0, X-CUBE-ALGOBUILD_V1.3.0, X-CUBE-ALS_V1.0.1, X-CUBE-AZRTOS-F4_V1.1.0, X-CUBE-AZRTOS-F7_V1.1.0, X-CUBE-AZRTOS-G0_V1.1.0, X-CUBE-AZRTOS-G4_V1.0.0, X-CUBE-AZRTOS-H7_V3.0.0, X-CUBE-AZRTOS-L4_V1.0.0, X-CUBE-AZRTOS-L5_V1.1.0, X-CUBE-AZRTOS-WB_V1.1.0, X-CUBE-AZRTOS-WL_V1.0.0, X-CUBE-BLE1_V6.2.4, X-CUBE-BLE2_V3.3.0, X-CUBE-BLEMGR_V1.3.0, X-CUBE-EEPRMA1_V4.1.0, X-CUBE-FREERTOS_V1.0.1, X-CUBE-GNSS1_V6.0.0, X-CUBE-MEMS1_V9.1.0, X-CUBE-MEMS1_V9.4.0, X-CUBE-MEMS1_V9.5.0, X-CUBE-NFC4_V3.0.0, X-CUBE-NFC7_V1.0.0, X-CUBE-SFXS2LP1_V4.0.0, X-CUBE-SUBG2_V5.0.0]
2023-06-21 16:15:14,391 [INFO] ServerAccessManage:473 - Download File wolfSSL.I-CUBE-wolfSSL.pdsc
2023-06-21 16:15:16,002 [INFO] ApiDb:240 - Found 297 in-development CPN: [B-G473E-ZEST1S, B-WB1M-WPAN1, B-WL5M-SUBG1, NUCLEO-C031C6, NUCLEO-H503RB, NUCLEO-H563ZI, NUCLEO-U545RE-Q, NUCLEO-U5A5ZJ-Q, NUCLEO-WBA52CG, STEVAL-PROTEUS1, STEVAL-STWINBX1, STM320518-EVAL, STM32C0116-DK, STM32C011D6Y3TR, STM32C011D6Y6TR, STM32C011F4P3, STM32C011F4P6, STM32C011F4U3, STM32C011F4U6TR, STM32C011F6P3, STM32C011F6P6, STM32C011F6U3, STM32C011F6U6TR, STM32C011J4M3, STM32C011J4M6, STM32C011J6M3, STM32C011J6M6, STM32C0316-DK, STM32C031C4T3, STM32C031C4T6, STM32C031C4U3, STM32C031C4U6, STM32C031C6T3, STM32C031C6T6, STM32C031C6U3, STM32C031C6U6, STM32C031F4P3, STM32C031F4P6, STM32C031F6P3, STM32C031F6P6, STM32C031G4U3, STM32C031G4U6, STM32C031G6U3, STM32C031G6U6, STM32C031K4T3, STM32C031K4T6, STM32C031K4U3, STM32C031K4U6, STM32C031K6T3, STM32C031K6T6, STM32C031K6U3, STM32C031K6U6, STM32G071K8TXN, STM32G071K8UXN, STM32G081GBU6N, STM32G081KBT6N, STM32G081KBUXN, STM32G0B1CCT6N, STM32G0B1KCT6, STM32G0B1NEY6TR, STM32G0B1RCT6N, STM32G0C1CCT6, STM32G0C1CCT6N, STM32G0C1CCU6N, STM32G0C1CET6N, STM32G0C1CEU6N, STM32G0C1KCT6, STM32G0C1NEY6TR, STM32G0C1RCI6N, STM32G0C1RCT6N, STM32G0C1REI6N, STM32G0C1RET6N, STM32G0C1VCI6, STM32G0C1VEI6, STM32G471CCT6, STM32G471CCU6, STM32G471CET3, STM32G471CET6, STM32G471CEU3, STM32G471CEU6, STM32G471MCT6, STM32G471MET3, STM32G471MET6, STM32G471MEY6TR, STM32G471QCT6, STM32G471QET3, STM32G471RCT6, STM32G471RET3, STM32G471RET6, STM32G471VCH6, STM32G471VCI6, STM32G471VCT6, STM32G471VEH3, STM32G471VEH6, STM32G471VEI3, STM32G471VEI6, STM32G471VET3, STM32G471VET6, STM32G474CCT6, STM32H503CBT6, STM32H503CBU6, STM32H503EBY6TR, STM32H503KBU6, STM32H503RBT6, STM32H562AGI6, STM32H562AII6, STM32H562IGK6, STM32H562IGT6, STM32H562IIK6, STM32H562IIT6, STM32H562RGT6, STM32H562RGV6, STM32H562RIT6, STM32H562RIV6, STM32H562VGT6, STM32H562VIT6, STM32H562ZGT6, STM32H562ZIT6, STM32H563AGI6, STM32H563AII3Q, STM32H563AII6, STM32H563IGK6, STM32H563IGT6, STM32H563IIK3Q, STM32H563IIK6, STM32H563IIT3Q, STM32H563IIT6, STM32H563MIY3QTR, STM32H563RGT6, STM32H563RGV6, STM32H563RIT6, STM32H563RIV6, STM32H563VGT6, STM32H563VIT3Q, STM32H563VIT6, STM32H563ZGT6, STM32H563ZIT3Q, STM32H563ZIT6, STM32H573AII3Q, STM32H573AII6, STM32H573I-DK, STM32H573IIK3Q, STM32H573IIK6, STM32H573IIT3Q, STM32H573IIT6, STM32H573MIY3QTR, STM32H573RIT6, STM32H573RIV6, STM32H573VIT3Q, STM32H573VIT6, STM32H573ZIT3Q, STM32H573ZIT6, STM32L4R5QGI6STR, STM32MP131AAE3, STM32MP131AAF3, STM32MP131AAG3, STM32MP131CAE3, STM32MP131CAF3, STM32MP131CAG3, STM32MP131DAE7, STM32MP131DAF7, STM32MP131DAG7, STM32MP131FAE7, STM32MP131FAF7, STM32MP131FAG7, STM32MP133AAE3, STM32MP133AAF3, STM32MP133AAG3, STM32MP133CAE3, STM32MP133CAF3, STM32MP133CAG3, STM32MP133DAE7, STM32MP133DAF7, STM32MP133DAG7, STM32MP133FAE7, STM32MP133FAF7, STM32MP133FAG7, STM32MP135AAE3, STM32MP135AAF3, STM32MP135AAG3, STM32MP135CAE3, STM32MP135CAF3, STM32MP135CAG3, STM32MP135DAE7, STM32MP135DAF7, STM32MP135DAG7, STM32MP135F-DK, STM32MP135FAE7, STM32MP135FAF7, STM32MP135FAF7T, STM32MP135FAF7U, STM32MP135FAG7, STM32U535CBT6, STM32U535CBT6Q, STM32U535CBU6, STM32U535CBU6Q, STM32U535CCT6, STM32U535CCT6Q, STM32U535CCU6, STM32U535CCU6Q, STM32U535CET6, STM32U535CET6Q, STM32U535CEU6, STM32U535CEU6Q, STM32U535JEY6QTR, STM32U535NCY6QTR, STM32U535NEY6QTR, STM32U535RBI6, STM32U535RBI6Q, STM32U535RBT6, STM32U535RBT6Q, STM32U535RCI6, STM32U535RCI6Q, STM32U535RCT6, STM32U535RCT6Q, STM32U535REI6, STM32U535REI6Q, STM32U535RET6, STM32U535RET6Q, STM32U535VCI6, STM32U535VCI6Q, STM32U535VCT6, STM32U535VCT6Q, STM32U535VEI6, STM32U535VEI6Q, STM32U535VET6, STM32U535VET6Q, STM32U545CET6, STM32U545CET6Q, STM32U545CEU6, STM32U545CEU6Q, STM32U545JEY6QTR, STM32U545NEY6QTR, STM32U545REI6, STM32U545REI6Q, STM32U545RET6, STM32U545RET6Q, STM32U545VEI6, STM32U545VEI6Q, STM32U545VET6, STM32U545VET6Q, STM32U595AIH6, STM32U595AIH6Q, STM32U595AJH6, STM32U595AJH6Q, STM32U595QII6, STM32U595QII6Q, STM32U595QJI6, STM32U595QJI6Q, STM32U595RIT6, STM32U595RIT6Q, STM32U595RJT6, STM32U595RJT6Q, STM32U595VIT6, STM32U595VIT6Q, STM32U595VJT6, STM32U595VJT6Q, STM32U595ZIT6, STM32U595ZIT6Q, STM32U595ZIY6QTR, STM32U595ZJT6, STM32U595ZJT6Q, STM32U595ZJY6QTR, STM32U599BJY6QTR, STM32U599NIH6Q, STM32U599NJH6Q, STM32U599VIT6Q, STM32U599VJT6, STM32U599VJT6Q, STM32U599ZIT6Q, STM32U599ZIY6QTR, STM32U599ZJT6Q, STM32U599ZJY6QTR, STM32U5A5AJH6, STM32U5A5AJH6Q, STM32U5A5QJI6, STM32U5A5QJI6Q, STM32U5A5RJT6, STM32U5A5RJT6Q, STM32U5A5VJT6, STM32U5A5VJT6Q, STM32U5A5ZJT6, STM32U5A5ZJT6Q, STM32U5A5ZJY6QTR, STM32U5A9BJY6QTR, STM32U5A9J-DK, STM32U5A9NJH6Q, STM32U5A9VJT6Q, STM32U5A9ZJT6Q, STM32U5A9ZJY6QTR, STM32WB1MMCH6, STM32WBA52CEU6, STM32WBA52CEU6T, STM32WBA52CGU6, STM32WBA52CGU6T, STM32WL5MOCH6, STM32WL5MOCH6TR]
2023-06-21 16:15:16,005 [INFO] DbMcus:216 - Found 3775 MCUs, 3775 are supported
2023-06-21 16:15:16,006 [INFO] ApiDb:414 - User favorites file not found: C:\Users\hyeon/.stm32cubeide/favorites.mcus.txt
2023-06-21 16:15:16,006 [INFO] DbMcus:222 - Set 0 / 0 favorites MCUs
2023-06-21 16:15:16,235 [INFO] ApiDb:414 - User favorites file not found: C:\Users\hyeon/.stm32cubeide/favorites.boards.txt
2023-06-21 16:15:16,235 [INFO] DbBoards:190 - Set 0 / 0 favorites Boards
2023-06-21 16:15:16,236 [INFO] McuFinderGlobals:66 - Set McuFinderConnectedMode to true
2023-06-21 16:15:16,243 [INFO] MultiScanPanel:200 - Auto-refresh data requested => check proxy status ongoing
2023-06-21 16:15:16,246 [INFO] FinderPluginLoader:95 - Searching for filters in installed packs
2023-06-21 16:15:17,319 [ERROR] WebUtils:388 - Updater is busy
2023-06-21 16:15:17,319 [WARN] DetailPanel:346 - Failed to get advertising image, set to default
2023-06-21 16:15:19,258 [ERROR] ServerAccessManage:1089 - Problem, file not found on Server
2023-06-21 16:15:19,839 [ERROR] ServerAccessManage:1089 - Problem, file not found on Server
2023-06-21 16:15:20,290 [ERROR] ServerAccessManage:1089 - Problem, file not found on Server
2023-06-21 16:15:21,228 [ERROR] ServerAccessManage:1096 - Problem, Http access forbiden
2023-06-21 16:15:21,228 [ERROR] ServerAccessManage:651 - Problem, Http access forbiden : RoweBots.I-CUBE-UNISONRTOS.pdsc.
2023-06-21 16:15:22,684 [INFO] ServerAccessManage:473 - Download File SEGGER.I-CUBE-embOS.pdsc
2023-06-21 16:15:26,000 [INFO] ServerAccessManage:473 - Download File portGmbH.I-Cube-SoM-uGOAL.pdsc
2023-06-21 16:15:28,466 [ERROR] ServerAccessManage:1089 - Problem, file not found on Server
2023-06-21 16:15:28,708 [ERROR] ServerAccessManage:1089 - Problem, file not found on Server
2023-06-21 16:15:28,950 [ERROR] ServerAccessManage:1089 - Problem, file not found on Server
2023-06-21 16:15:30,351 [INFO] ServerAccessManage:473 - Download File emotas.I-CUBE-CANOPEN.pdsc
2023-06-21 16:15:32,022 [INFO] ServerAccessManage:473 - Download File WES.I-CUBE-Cesium.pdsc
2023-06-21 16:15:33,768 [ERROR] ServerAccessManage:1089 - Problem, file not found on Server
2023-06-21 16:15:34,351 [ERROR] ServerAccessManage:1089 - Problem, file not found on Server
2023-06-21 16:15:34,400 [WARN] CheckServerUpdateThread:151 - Open CheckUpdateFile Fail
2023-06-21 16:15:34,412 [WARN] PackLoader:240 - Cannot read IP mode file for STMicroelectronics.FP-ATR-ASTRA1.2.0.0
2023-06-21 16:15:34,421 [WARN] PackLoader:240 - Cannot read IP mode file for STMicroelectronics.FP-ATR-SIGFOX1.3.2.0
2023-06-21 16:15:34,456 [WARN] PackLoader:240 - Cannot read IP mode file for STMicroelectronics.FP-SNS-FLIGHT1.5.0.1
2023-06-21 16:15:34,460 [ERROR] RealEvaluatedCondition:428 - Found unsupported composite condition: GROUP='STM32_MetaDataManager' CLASS='Data Exchange'
2023-06-21 16:15:34,460 [ERROR] RealEvaluatedCondition:428 - Found unsupported composite condition: CLASS='Data Exchange' GROUP='STM32_MetaDataManager'
2023-06-21 16:15:34,462 [WARN] PackLoader:240 - Cannot read IP mode file for STMicroelectronics.FP-SNS-MOTENV1.4.3.1
2023-06-21 16:15:34,466 [WARN] PackLoader:240 - Cannot read IP mode file for STMicroelectronics.X-CUBE-AI.8.0.1
2023-06-21 16:15:34,471 [WARN] PackLoader:240 - Cannot read IP mode file for STMicroelectronics.X-CUBE-ALS.1.0.1
2023-06-21 16:15:34,479 [WARN] PackLoader:240 - Cannot read IP mode file for STMicroelectronics.X-CUBE-BLE1.6.2.4
2023-06-21 16:15:34,485 [WARN] PackLoader:240 - Cannot read IP mode file for STMicroelectronics.X-CUBE-BLE2.3.3.0
2023-06-21 16:15:34,493 [WARN] PackLoader:240 - Cannot read IP mode file for STMicroelectronics.X-CUBE-BLEMGR.2.0.0
2023-06-21 16:15:34,508 [WARN] PackLoader:240 - Cannot read IP mode file for STMicroelectronics.X-CUBE-DISPLAY.3.0.0
2023-06-21 16:15:34,521 [WARN] PackLoader:240 - Cannot read IP mode file for STMicroelectronics.X-CUBE-EEPRMA1.4.1.0
2023-06-21 16:15:34,525 [INFO] CheckServerUpdateThread:120 - End of CheckServer Thread
2023-06-21 16:15:34,530 [WARN] PackLoader:240 - Cannot read IP mode file for STMicroelectronics.X-CUBE-FREERTOS.1.0.1
2023-06-21 16:15:34,535 [WARN] PackLoader:240 - Cannot read IP mode file for STMicroelectronics.X-CUBE-GNSS1.6.0.0
2023-06-21 16:15:34,541 [WARN] PackLoader:240 - Cannot read IP mode file for STMicroelectronics.X-CUBE-ISPU.1.1.0
2023-06-21 16:15:34,594 [WARN] PackLoader:240 - Cannot read IP mode file for STMicroelectronics.X-CUBE-MEMS1.9.6.0
2023-06-21 16:15:34,752 [WARN] PackLoader:240 - Cannot read IP mode file for STMicroelectronics.X-CUBE-NFC4.3.0.0
2023-06-21 16:15:34,757 [WARN] PackLoader:240 - Cannot read IP mode file for STMicroelectronics.X-CUBE-NFC7.1.0.1
2023-06-21 16:15:34,763 [WARN] PackLoader:240 - Cannot read IP mode file for STMicroelectronics.X-CUBE-SFXS2LP1.4.0.0
2023-06-21 16:15:34,828 [WARN] PackLoader:240 - Cannot read IP mode file for STMicroelectronics.X-CUBE-SUBG2.5.0.0
2023-06-21 16:15:34,835 [WARN] PackLoader:240 - Cannot read IP mode file for STMicroelectronics.X-CUBE-SMBUS.2.1.0
2023-06-21 16:15:34,842 [WARN] PackLoader:240 - Cannot read IP mode file for STMicroelectronics.X-CUBE-TOF1.3.3.0
2023-06-21 16:15:34,855 [WARN] PackLoader:240 - Cannot read IP mode file for STMicroelectronics.X-CUBE-TOUCHGFX.4.21.4
2023-06-21 16:15:34,859 [WARN] PackLoader:240 - Cannot read IP mode file for STMicroelectronics.X-CUBE-ALGOBUILD.1.3.0
2023-06-21 16:15:34,870 [WARN] ConditionMgr:438 - getConditionDescription Invalid condition id : UX DEVICE CLASS RTOS Condition cause : null
2023-06-21 16:15:34,870 [WARN] ConditionMgr:438 - getConditionDescription Invalid condition id : UX DEVICE CLASS RTOS Condition cause : null
2023-06-21 16:15:34,874 [WARN] PackLoader:240 - Cannot read IP mode file for STMicroelectronics.X-CUBE-AZRTOS-H7.3.1.0
2023-06-21 16:15:34,875 [WARN] ConditionMgr:1039 - genDependencies : Invalid condition id : UX DEVICE CLASS RTOS Condition cause : null
2023-06-21 16:15:34,875 [WARN] ConditionMgr:1039 - genDependencies : Invalid condition id : UX DEVICE CLASS RTOS Condition cause : null
2023-06-21 16:15:34,875 [WARN] ConditionMgr:1039 - genDependencies : Invalid condition id : UX DEVICE CLASS RTOS Condition cause : null
2023-06-21 16:15:34,875 [WARN] ConditionMgr:1039 - genDependencies : Invalid condition id : UX DEVICE CLASS RTOS Condition cause : null
2023-06-21 16:15:34,876 [WARN] ConditionMgr:1039 - genDependencies : Invalid condition id : UX DEVICE CLASS RTOS Condition cause : null
2023-06-21 16:15:34,892 [WARN] PackLoader:240 - Cannot read IP mode file for STMicroelectronics.X-CUBE-AZRTOS-F4.1.1.0
2023-06-21 16:15:34,907 [WARN] PackLoader:240 - Cannot read IP mode file for STMicroelectronics.X-CUBE-AZRTOS-F7.1.1.0
2023-06-21 16:15:34,926 [WARN] ConditionMgr:438 - getConditionDescription Invalid condition id : LAN8742 Phy interface Condition cause : null
2023-06-21 16:15:34,927 [WARN] PackLoader:240 - Cannot read IP mode file for STMicroelectronics.X-CUBE-AZRTOS-L4.2.0.0
2023-06-21 16:15:34,927 [WARN] ConditionMgr:1039 - genDependencies : Invalid condition id : LAN8742 Phy interface Condition cause : null
2023-06-21 16:15:34,928 [WARN] ConditionMgr:1039 - genDependencies : Invalid condition id : LAN8742 Phy interface Condition cause : null
2023-06-21 16:15:34,928 [WARN] ConditionMgr:1039 - genDependencies : Invalid condition id : LAN8742 Phy interface Condition cause : null
2023-06-21 16:15:34,940 [WARN] PackLoader:240 - Cannot read IP mode file for STMicroelectronics.X-CUBE-AZRTOS-L5.1.1.0
2023-06-21 16:15:34,952 [WARN] PackLoader:240 - Cannot read IP mode file for STMicroelectronics.X-CUBE-AZRTOS-G0.1.1.0
2023-06-21 16:15:34,966 [WARN] PackLoader:240 - Cannot read IP mode file for STMicroelectronics.X-CUBE-AZRTOS-G4.2.0.0
2023-06-21 16:15:35,038 [WARN] PackLoader:240 - Cannot read IP mode file for STMicroelectronics.X-CUBE-AZRTOS-WB.1.1.0
2023-06-21 16:15:35,046 [INFO] LogOutputStream:77 - [STDOUT_REDIRECT] 1 : Invalid condition id : UX_CORESTACK_Condition cause : null
2023-06-21 16:15:35,046 [INFO] LogOutputStream:77 - [STDOUT_REDIRECT] 1 : Invalid condition id : UX_CORESTACK_Condition cause : null
2023-06-21 16:15:35,047 [INFO] LogOutputStream:77 - [STDOUT_REDIRECT] 1 : Invalid condition id : UX_CORESTACK_Condition cause : null
2023-06-21 16:15:35,048 [INFO] LogOutputStream:77 - [STDOUT_REDIRECT] 1 : Invalid condition id : UX_CORESTACK_Condition cause : null
2023-06-21 16:15:35,053 [INFO] LogOutputStream:77 - [STDOUT_REDIRECT] 1 : Invalid condition id : UX_CORESTACK_Condition cause : null
2023-06-21 16:15:35,055 [WARN] PackLoader:240 - Cannot read IP mode file for STMicroelectronics.X-CUBE-AZRTOS-WL.2.0.0
2023-06-21 16:15:35,061 [WARN] PackLoader:240 - Cannot read IP mode file for wolfSSL.I-CUBE-wolfSSL.5.6.0
2023-06-21 16:15:35,091 [WARN] PackLoader:240 - Cannot read IP mode file for SEGGER.I-CUBE-embOS.1.3.1
2023-06-21 16:15:35,134 [WARN] PackLoader:240 - Cannot read IP mode file for portGmbH.I-Cube-SoM-uGOAL.1.1.0
2023-06-21 16:15:35,139 [WARN] PackLoader:240 - Cannot read IP mode file for emotas.I-CUBE-CANOPEN.1.1.3
2023-06-21 16:15:35,167 [WARN] PackLoader:240 - Cannot read IP mode file for WES.I-CUBE-Cesium.1.3.0
2023-06-21 16:15:35,168 [INFO] PopulateThirdPartyThread:66 - Ending populate Thread
2023-06-21 16:15:35,170 [INFO] ThirdParty:1030 - CMSIS Pack Vendor :STMicroelectronics X-CUBE-ISPU 1.1.0
2023-06-21 16:15:35,171 [INFO] ThirdParty:1030 - CMSIS Pack Vendor :STMicroelectronics X-CUBE-DISPLAY 3.0.0
2023-06-21 16:15:35,171 [INFO] ThirdParty:1030 - CMSIS Pack Vendor :STMicroelectronics X-CUBE-GNSS1 6.0.0
2023-06-21 16:15:35,171 [INFO] ThirdParty:1030 - CMSIS Pack Vendor :STMicroelectronics X-CUBE-AZRTOS-F4 1.1.0
2023-06-21 16:15:35,171 [INFO] ThirdParty:1030 - CMSIS Pack Vendor :STMicroelectronics FP-ATR-SIGFOX1 3.2.0
2023-06-21 16:15:35,171 [INFO] ThirdParty:1030 - CMSIS Pack Vendor :STMicroelectronics X-CUBE-SMBUS 2.1.0
2023-06-21 16:15:35,171 [INFO] ThirdParty:1030 - CMSIS Pack Vendor :wolfSSL I-CUBE-wolfSSL 5.6.0
2023-06-21 16:15:35,171 [INFO] ThirdParty:1030 - CMSIS Pack Vendor :STMicroelectronics X-CUBE-FREERTOS 1.0.1
2023-06-21 16:15:35,171 [INFO] ThirdParty:1030 - CMSIS Pack Vendor :STMicroelectronics X-CUBE-NFC7 1.0.1
2023-06-21 16:15:35,171 [INFO] ThirdParty:1030 - CMSIS Pack Vendor :STMicroelectronics X-CUBE-TOUCHGFX 4.21.4
2023-06-21 16:15:35,171 [INFO] ThirdParty:1030 - CMSIS Pack Vendor :STMicroelectronics X-CUBE-AZRTOS-F7 1.1.0
2023-06-21 16:15:35,171 [INFO] ThirdParty:1030 - CMSIS Pack Vendor :STMicroelectronics X-CUBE-ALS 1.0.1
2023-06-21 16:15:35,171 [INFO] ThirdParty:1030 - CMSIS Pack Vendor :STMicroelectronics X-CUBE-EEPRMA1 4.1.0
2023-06-21 16:15:35,171 [INFO] ThirdParty:1030 - CMSIS Pack Vendor :portGmbH I-Cube-SoM-uGOAL 1.1.0
2023-06-21 16:15:35,171 [INFO] ThirdParty:1030 - CMSIS Pack Vendor :STMicroelectronics X-CUBE-MEMS1 9.6.0
2023-06-21 16:15:35,171 [INFO] ThirdParty:1030 - CMSIS Pack Vendor :STMicroelectronics X-CUBE-AZRTOS-WB 1.1.0
2023-06-21 16:15:35,171 [INFO] ThirdParty:1030 - CMSIS Pack Vendor :STMicroelectronics FP-SNS-FLIGHT1 5.0.1
2023-06-21 16:15:35,171 [INFO] ThirdParty:1030 - CMSIS Pack Vendor :STMicroelectronics FP-SNS-MOTENV1 4.3.1
2023-06-21 16:15:35,171 [INFO] ThirdParty:1030 - CMSIS Pack Vendor :STMicroelectronics X-CUBE-ALGOBUILD 1.3.0
2023-06-21 16:15:35,171 [INFO] ThirdParty:1030 - CMSIS Pack Vendor :STMicroelectronics X-CUBE-AZRTOS-WL 2.0.0
2023-06-21 16:15:35,172 [INFO] ThirdParty:1030 - CMSIS Pack Vendor :SEGGER I-CUBE-embOS 1.3.1
2023-06-21 16:15:35,172 [INFO] ThirdParty:1030 - CMSIS Pack Vendor :STMicroelectronics X-CUBE-BLE1 6.2.4
2023-06-21 16:15:35,172 [INFO] ThirdParty:1030 - CMSIS Pack Vendor :STMicroelectronics X-CUBE-AZRTOS-L5 1.1.0
2023-06-21 16:15:35,172 [INFO] ThirdParty:1030 - CMSIS Pack Vendor :STMicroelectronics X-CUBE-AZRTOS-G0 1.1.0
2023-06-21 16:15:35,172 [INFO] ThirdParty:1030 - CMSIS Pack Vendor :emotas I-CUBE-CANOPEN 1.1.3
2023-06-21 16:15:35,172 [INFO] ThirdParty:1030 - CMSIS Pack Vendor :STMicroelectronics X-CUBE-AI 8.0.1
2023-06-21 16:15:35,172 [INFO] ThirdParty:1030 - CMSIS Pack Vendor :STMicroelectronics X-CUBE-BLEMGR 2.0.0
2023-06-21 16:15:35,172 [INFO] ThirdParty:1030 - CMSIS Pack Vendor :STMicroelectronics X-CUBE-NFC4 3.0.0
2023-06-21 16:15:35,172 [INFO] ThirdParty:1030 - CMSIS Pack Vendor :STMicroelectronics X-CUBE-SUBG2 5.0.0
2023-06-21 16:15:35,172 [INFO] ThirdParty:1030 - CMSIS Pack Vendor :STMicroelectronics X-CUBE-AZRTOS-L4 2.0.0
2023-06-21 16:15:35,172 [INFO] ThirdParty:1030 - CMSIS Pack Vendor :STMicroelectronics FP-ATR-ASTRA1 2.0.0
2023-06-21 16:15:35,172 [INFO] ThirdParty:1030 - CMSIS Pack Vendor :WES I-CUBE-Cesium 1.3.0
2023-06-21 16:15:35,172 [INFO] ThirdParty:1030 - CMSIS Pack Vendor :STMicroelectronics X-CUBE-SFXS2LP1 4.0.0
2023-06-21 16:15:35,172 [INFO] ThirdParty:1030 - CMSIS Pack Vendor :STMicroelectronics X-CUBE-BLE2 3.3.0
2023-06-21 16:15:35,173 [INFO] ThirdParty:1030 - CMSIS Pack Vendor :STMicroelectronics X-CUBE-AZRTOS-G4 2.0.0
2023-06-21 16:15:35,173 [INFO] ThirdParty:1030 - CMSIS Pack Vendor :STMicroelectronics X-CUBE-TOF1 3.3.0
2023-06-21 16:15:35,173 [INFO] ThirdParty:1030 - CMSIS Pack Vendor :STMicroelectronics X-CUBE-AZRTOS-H7 3.1.0
2023-06-21 16:15:35,173 [INFO] LoadServerUpdatesThread:373 - End of LoadServerUpdate Thread
2023-06-21 16:17:22,611 [INFO] MultiScanPanel:200 - Auto-refresh data requested => check proxy status ongoing
2023-06-21 16:17:23,787 [INFO] ServerAccessManage:473 - Download File 
2023-06-21 16:17:23,985 [INFO] LoadUrlFilesThread:185 - End of LoadServerUrlFiles without Thread
2023-06-21 16:17:24,003 [INFO] DetailPanel:341 - Set advertising image to C:/Users/hyeon/STM32Cube/Repository/\en.Prom_NBSTM32U50921.jpg
2023-06-21 16:27:35,773 [INFO] McuFinderGlobals:66 - Set McuFinderConnectedMode to true
2023-06-21 16:27:36,127 [INFO] ApiDb:448 - Save user favorites file C:\Users\hyeon/.stm32cubeide/favorites.mcus.txt: 0 item(s)
2023-06-21 16:27:36,127 [INFO] ApiDb:452 - User favorites MCUs=[]
2023-06-21 16:27:36,128 [INFO] ApiDb:448 - Save user favorites file C:\Users\hyeon/.stm32cubeide/favorites.boards.txt: 0 item(s)
2023-06-21 16:27:36,128 [INFO] ApiDb:452 - User favorites Boards=[]
