2023-08-06 19:34:03,386 [INFO] MainUpdater:2854 - connection check result : 10
2023-08-06 19:34:03,588 [INFO] MainUpdater:2854 - connection check result : 10
2023-08-06 19:34:04,173 [INFO] MicroXplorer:468 - Change Database Path : 
2023-08-06 19:34:04,176 [INFO] MicroXplorer:498 - Change Database Version : DB.6.0.81
2023-08-06 19:34:04,433 [WARN] ThirdParty:871 - waiting for thirdparty lock release [close project]
2023-08-06 19:34:04,433 [INFO] ThirdParty:873 - entering critical section [close project]
2023-08-06 19:34:04,438 [INFO] ThirdParty:883 - exiting critical section [close project]
2023-08-06 19:34:04,440 [INFO] PinOutPanel:1499 - setPackage(No Configuration,No Configuration)
2023-08-06 19:34:04,496 [WARN] IpParametersView:150 - Warning: This peripheral hasn't parameters
2023-08-06 19:34:04,534 [WARN] MainPanel:257 - <html><b><center>Warning: This peripheral has no parameters to be configured<br></b></html>
2023-08-06 19:34:04,557 [INFO] UtilMem:75 - Begin LoadConfig() Used Memory: 649230768 Bytes (1017118720)
2023-08-06 19:34:04,558 [INFO] MicroXplorer:468 - Change Database Path : 
2023-08-06 19:34:04,558 [INFO] MicroXplorer:498 - Change Database Version : DB.6.0.81
2023-08-06 19:34:04,558 [INFO] OpenFileManager:308 - Change cursor
2023-08-06 19:34:04,753 [INFO] RulesReader:64 - Compatibility file has been processed (293 Rules)
2023-08-06 19:34:04,786 [INFO] Mcu:1937 - Initializing MCU STM32F405RGTx STM32F405RGTx STM32F405RGT6
2023-08-06 19:34:07,411 [INFO] Context:659 - Trying to add GPIOservice into a context  which must be forbidden
2023-08-06 19:34:08,478 [INFO] RtosManager:555 - Registered RTOS mode: class=CMSIS, group=RTOS, mode=CMSIS_V1, owner=FREERTOS
2023-08-06 19:34:08,478 [INFO] RtosManager:555 - Registered RTOS mode: class=CMSIS, group=RTOS2, mode=CMSIS_V2, owner=FREERTOS
2023-08-06 19:34:08,478 [INFO] RtosManager:555 - Registered RTOS mode: class=RTOS, group=Core, mode=CMSIS_V1, owner=FREERTOS
2023-08-06 19:34:08,478 [INFO] RtosManager:555 - Registered RTOS mode: class=RTOS, group=Core, mode=CMSIS_V2, owner=FREERTOS
2023-08-06 19:34:08,478 [WARN] ModelIntegratedComponent:184 - Missing modes for component STMicroelectronics:FreeRTOS:0.0.1:STMicroelectronics:RTOS:FreeRTOS:Core:::10.2.0:
2023-08-06 19:34:08,486 [WARN] ModelIntegratedComponent:63 - No mode defined for component null
2023-08-06 19:34:08,487 [WARN] ModelIntegratedComponent:63 - No mode defined for component null
2023-08-06 19:34:08,487 [WARN] ModelIntegratedComponent:63 - No mode defined for component null
2023-08-06 19:34:08,487 [WARN] ModelIntegratedComponent:63 - No mode defined for component null
2023-08-06 19:34:08,487 [WARN] ModelIntegratedComponent:63 - No mode defined for component null
2023-08-06 19:34:08,487 [WARN] ModelIntegratedComponent:63 - No mode defined for component null
2023-08-06 19:34:08,487 [WARN] ModelIntegratedComponent:63 - No mode defined for component null
2023-08-06 19:34:08,487 [WARN] ModelIntegratedComponent:63 - No mode defined for component null
2023-08-06 19:34:08,487 [WARN] ModelIntegratedComponent:63 - No mode defined for component null
2023-08-06 19:34:08,487 [WARN] ModelIntegratedComponent:63 - No mode defined for component null
2023-08-06 19:34:08,487 [WARN] ModelIntegratedComponent:63 - No mode defined for component null
2023-08-06 19:34:08,487 [WARN] ModelIntegratedComponent:63 - No mode defined for component null
2023-08-06 19:34:08,487 [WARN] ModelIntegratedComponent:63 - No mode defined for component null
2023-08-06 19:34:08,487 [WARN] ModelIntegratedComponent:63 - No mode defined for component null
2023-08-06 19:34:08,487 [WARN] ModelIntegratedComponent:63 - No mode defined for component null
2023-08-06 19:34:08,487 [WARN] ModelIntegratedComponent:63 - No mode defined for component null
2023-08-06 19:34:08,487 [WARN] ModelIntegratedComponent:63 - No mode defined for component null
2023-08-06 19:34:08,487 [WARN] ModelIntegratedComponent:63 - No mode defined for component null
2023-08-06 19:34:08,487 [WARN] ModelIntegratedComponent:63 - No mode defined for component null
2023-08-06 19:34:08,487 [WARN] ModelIntegratedComponent:63 - No mode defined for component null
2023-08-06 19:34:08,487 [WARN] ModelIntegratedComponent:63 - No mode defined for component null
2023-08-06 19:34:08,488 [WARN] ModelIntegratedComponent:63 - No mode defined for component null
2023-08-06 19:34:08,488 [WARN] ModelIntegratedComponent:63 - No mode defined for component null
2023-08-06 19:34:08,488 [WARN] ModelIntegratedComponent:63 - No mode defined for component null
2023-08-06 19:34:08,488 [WARN] ModelIntegratedComponent:63 - No mode defined for component null
2023-08-06 19:34:08,488 [WARN] ModelIntegratedComponent:63 - No mode defined for component null
2023-08-06 19:34:08,488 [WARN] ModelIntegratedComponent:63 - No mode defined for component null
2023-08-06 19:34:08,488 [WARN] ModelIntegratedComponent:63 - No mode defined for component null
2023-08-06 19:34:08,488 [WARN] ModelIntegratedComponent:63 - No mode defined for component null
2023-08-06 19:34:08,488 [WARN] ModelIntegratedComponent:63 - No mode defined for component null
2023-08-06 19:34:08,488 [WARN] ModelIntegratedComponent:63 - No mode defined for component null
2023-08-06 19:34:08,488 [WARN] ModelIntegratedComponent:63 - No mode defined for component null
2023-08-06 19:34:08,488 [WARN] ModelIntegratedComponent:63 - No mode defined for component null
2023-08-06 19:34:08,509 [INFO] ThirdPartyModel:298 - Start build external matchings
2023-08-06 19:34:09,224 [INFO] ThirdPartyModel:316 - End build external matchings
2023-08-06 19:34:09,235 [INFO] ImportTextPane:194 - (OptionalMessage_ERROR) IP (RCC) : Parameter (48MHZClocksFreq_Value) has invalid value (84000000)
2023-08-06 19:34:09,239 [INFO] ImportTextPane:194 - (OptionalMessage_ERROR) IP (RCC) : Parameter (RTCHSEDivFreq_Value) has invalid value (4000000)
2023-08-06 19:34:09,651 [INFO] UtilMem:75 - End LoadConfig() Used Memory: 723860736 Bytes (1031798784)
2023-08-06 19:34:09,702 [WARN] ThirdParty:833 - waiting for thirdparty lock release [change project]
2023-08-06 19:34:09,703 [INFO] ThirdParty:835 - entering critical section [change project]
2023-08-06 19:34:09,703 [INFO] ThirdParty:1030 - CMSIS Pack Vendor :STMicroelectronics X-CUBE-ISPU 1.1.0
2023-08-06 19:34:09,703 [INFO] ThirdParty:1030 - CMSIS Pack Vendor :STMicroelectronics X-CUBE-GNSS1 6.0.0
2023-08-06 19:34:09,703 [INFO] ThirdParty:1030 - CMSIS Pack Vendor :STMicroelectronics USB_HOST 2.0.0
2023-08-06 19:34:09,703 [INFO] ThirdParty:1030 - CMSIS Pack Vendor :STMicroelectronics X-CUBE-AZRTOS-F4 1.1.0
2023-08-06 19:34:09,703 [INFO] ThirdParty:1030 - CMSIS Pack Vendor :STMicroelectronics LIBJPEG 8.0.0
2023-08-06 19:34:09,703 [INFO] ThirdParty:1030 - CMSIS Pack Vendor :STMicroelectronics X-CUBE-SMBUS 2.1.0
2023-08-06 19:34:09,703 [INFO] ThirdParty:1030 - CMSIS Pack Vendor :wolfSSL I-CUBE-wolfSSL 5.6.0
2023-08-06 19:34:09,703 [INFO] ThirdParty:1030 - CMSIS Pack Vendor :STMicroelectronics USB_DEVICE 3.0.0
2023-08-06 19:34:09,703 [INFO] ThirdParty:1030 - CMSIS Pack Vendor :STMicroelectronics X-CUBE-FREERTOS 1.0.1
2023-08-06 19:34:09,703 [INFO] ThirdParty:1030 - CMSIS Pack Vendor :STMicroelectronics X-CUBE-AZRTOS-F7 1.1.0
2023-08-06 19:34:09,703 [INFO] ThirdParty:1030 - CMSIS Pack Vendor :STMicroelectronics USB_DEVICE 2.0.0
2023-08-06 19:34:09,703 [INFO] ThirdParty:1030 - CMSIS Pack Vendor :STMicroelectronics X-CUBE-MEMS1 9.6.0
2023-08-06 19:34:09,703 [INFO] ThirdParty:1030 - CMSIS Pack Vendor :STMicroelectronics FP-SNS-MOTENV1 4.3.2
2023-08-06 19:34:09,703 [INFO] ThirdParty:1030 - CMSIS Pack Vendor :STMicroelectronics FP-SNS-FLIGHT1 5.0.1
2023-08-06 19:34:09,703 [INFO] ThirdParty:1030 - CMSIS Pack Vendor :STMicroelectronics X-CUBE-ALGOBUILD 1.3.0
2023-08-06 19:34:09,703 [INFO] ThirdParty:1030 - CMSIS Pack Vendor :STMicroelectronics X-CUBE-BLE1 6.2.4
2023-08-06 19:34:09,703 [INFO] ThirdParty:1030 - CMSIS Pack Vendor :STMicroelectronics X-CUBE-AZRTOS-L5 1.1.0
2023-08-06 19:34:09,704 [INFO] ThirdParty:1030 - CMSIS Pack Vendor :STMicroelectronics FreeRTOS 0.0.1
2023-08-06 19:34:09,704 [INFO] ThirdParty:1030 - CMSIS Pack Vendor :STMicroelectronics X-CUBE-AZRTOS-G0 1.1.0
2023-08-06 19:34:09,704 [INFO] ThirdParty:1030 - CMSIS Pack Vendor :emotas I-CUBE-CANOPEN 1.1.3
2023-08-06 19:34:09,704 [INFO] ThirdParty:1030 - CMSIS Pack Vendor :STMicroelectronics X-CUBE-BLEMGR 2.0.0
2023-08-06 19:34:09,704 [INFO] ThirdParty:1030 - CMSIS Pack Vendor :STMicroelectronics X-CUBE-AI 8.0.1
2023-08-06 19:34:09,704 [INFO] ThirdParty:1030 - CMSIS Pack Vendor :STMicroelectronics X-CUBE-NFC4 3.0.0
2023-08-06 19:34:09,704 [INFO] ThirdParty:1030 - CMSIS Pack Vendor :STMicroelectronics X-CUBE-SUBG2 5.0.0
2023-08-06 19:34:09,704 [INFO] ThirdParty:1030 - CMSIS Pack Vendor :STMicroelectronics STM32_WPAN 1.0.0
2023-08-06 19:34:09,704 [INFO] ThirdParty:1030 - CMSIS Pack Vendor :STMicroelectronics lwIP 2.0.3
2023-08-06 19:34:09,704 [INFO] ThirdParty:1030 - CMSIS Pack Vendor :STMicroelectronics FP-SNS-FLIGHT1 5.0.2
2023-08-06 19:34:09,704 [INFO] ThirdParty:1030 - CMSIS Pack Vendor :STMicroelectronics USB_HOST 1.0.0
2023-08-06 19:34:09,704 [INFO] ThirdParty:1030 - CMSIS Pack Vendor :STMicroelectronics X-CUBE-TOF1 3.3.1
2023-08-06 19:34:09,704 [INFO] ThirdParty:1030 - CMSIS Pack Vendor :STMicroelectronics X-CUBE-AZRTOS-G4 2.0.0
2023-08-06 19:34:09,704 [INFO] ThirdParty:1030 - CMSIS Pack Vendor :STMicroelectronics PDM2PCM 3.1.0
2023-08-06 19:34:09,704 [INFO] ThirdParty:1030 - CMSIS Pack Vendor :STMicroelectronics X-CUBE-AZRTOS-H7 3.1.0
2023-08-06 19:34:09,704 [INFO] ThirdParty:1030 - CMSIS Pack Vendor :STMicroelectronics X-CUBE-TOF1 3.3.0
2023-08-06 19:34:09,704 [INFO] ThirdParty:1030 - CMSIS Pack Vendor :STMicroelectronics PDM2PCM 3.3.0
2023-08-06 19:34:09,704 [INFO] ThirdParty:1030 - CMSIS Pack Vendor :STMicroelectronics X-CUBE-DISPLAY 3.0.0
2023-08-06 19:34:09,704 [INFO] ThirdParty:1030 - CMSIS Pack Vendor :STMicroelectronics FP-ATR-SIGFOX1 3.2.0
2023-08-06 19:34:09,704 [INFO] ThirdParty:1030 - CMSIS Pack Vendor :STMicroelectronics HAL Drivers 0.0.0
2023-08-06 19:34:09,704 [INFO] ThirdParty:1030 - CMSIS Pack Vendor :STMicroelectronics MBEDTLS 2.16.2
2023-08-06 19:34:09,704 [INFO] ThirdParty:1030 - CMSIS Pack Vendor :STMicroelectronics X-CUBE-TOUCHGFX 4.22.0
2023-08-06 19:34:09,704 [INFO] ThirdParty:1030 - CMSIS Pack Vendor :STMicroelectronics X-CUBE-NFC7 1.0.1
2023-08-06 19:34:09,704 [INFO] ThirdParty:1030 - CMSIS Pack Vendor :STMicroelectronics MBEDTLS 2.14.1
2023-08-06 19:34:09,704 [INFO] ThirdParty:1030 - CMSIS Pack Vendor :STMicroelectronics X-CUBE-EEPRMA1 4.1.0
2023-08-06 19:34:09,704 [INFO] ThirdParty:1030 - CMSIS Pack Vendor :portGmbH I-Cube-SoM-uGOAL 1.1.0
2023-08-06 19:34:09,704 [INFO] ThirdParty:1030 - CMSIS Pack Vendor :STMicroelectronics X-CUBE-ALS 1.0.1
2023-08-06 19:34:09,704 [INFO] ThirdParty:1030 - CMSIS Pack Vendor :STMicroelectronics ThreadX 1.0.0
2023-08-06 19:34:09,704 [INFO] ThirdParty:1030 - CMSIS Pack Vendor :STMicroelectronics X-CUBE-AZRTOS-WB 1.1.0
2023-08-06 19:34:09,704 [INFO] ThirdParty:1030 - CMSIS Pack Vendor :STMicroelectronics X-CUBE-AZRTOS-WL 2.0.0
2023-08-06 19:34:09,704 [INFO] ThirdParty:1030 - CMSIS Pack Vendor :SEGGER I-CUBE-embOS 1.3.1
2023-08-06 19:34:09,704 [INFO] ThirdParty:1030 - CMSIS Pack Vendor :STMicroelectronics USB_DEVICE 1.0.0
2023-08-06 19:34:09,704 [INFO] ThirdParty:1030 - CMSIS Pack Vendor :STMicroelectronics X-CUBE-AZRTOS-L4 2.0.0
2023-08-06 19:34:09,704 [INFO] ThirdParty:1030 - CMSIS Pack Vendor :STMicroelectronics ThreadX 0.0.2
2023-08-06 19:34:09,704 [INFO] ThirdParty:1030 - CMSIS Pack Vendor :WES I-CUBE-Cesium 1.3.0
2023-08-06 19:34:09,705 [INFO] ThirdParty:1030 - CMSIS Pack Vendor :STMicroelectronics FP-ATR-ASTRA1 2.0.0
2023-08-06 19:34:09,705 [INFO] ThirdParty:1030 - CMSIS Pack Vendor :STMicroelectronics lwIP 2.1.2
2023-08-06 19:34:09,705 [INFO] ThirdParty:1030 - CMSIS Pack Vendor :STMicroelectronics X-CUBE-SFXS2LP1 4.0.0
2023-08-06 19:34:09,705 [INFO] ThirdParty:1030 - CMSIS Pack Vendor :STMicroelectronics X-CUBE-BLE2 3.3.0
2023-08-06 19:34:09,705 [INFO] ThirdParty:1030 - CMSIS Pack Vendor :STMicroelectronics PDM2PCM 3.2.0
2023-08-06 19:34:09,705 [INFO] ThirdParty:841 - exiting critical section [change project]
2023-08-06 19:34:10,017 [INFO] PinOutPanel:1499 - setPackage(No Configuration,No Configuration)
2023-08-06 19:34:10,035 [INFO] PinOutPanel:1499 - setPackage(STM32F405RGTx,LQFP64)
2023-08-06 19:34:10,680 [INFO] UtilMem:75 - Before build in PCC Used Memory: 648263992 Bytes (1031798784)
2023-08-06 19:34:11,232 [INFO] UtilMem:75 - After build in PCC Used Memory: 692830520 Bytes (1031798784)
2023-08-06 19:34:11,250 [INFO] IPUIPlugin:80 - create IPUIPlugin
2023-08-06 19:34:11,252 [INFO] IPUIPlugin:80 - create IPUIPlugin
2023-08-06 19:34:11,252 [INFO] IPUIPlugin:80 - create IPUIPlugin
2023-08-06 19:34:11,252 [INFO] IPUIPlugin:80 - create IPUIPlugin
2023-08-06 19:34:11,252 [INFO] IPUIPlugin:80 - create IPUIPlugin
2023-08-06 19:34:11,252 [INFO] IPUIPlugin:80 - create IPUIPlugin
2023-08-06 19:34:11,252 [INFO] IPUIPlugin:80 - create IPUIPlugin
2023-08-06 19:34:11,252 [INFO] IPUIPlugin:80 - create IPUIPlugin
2023-08-06 19:34:11,252 [INFO] IPUIPlugin:80 - create IPUIPlugin
2023-08-06 19:34:11,252 [INFO] IPUIPlugin:80 - create IPUIPlugin
2023-08-06 19:34:11,252 [INFO] IPUIPlugin:80 - create IPUIPlugin
2023-08-06 19:34:11,252 [INFO] IPUIPlugin:80 - create IPUIPlugin
2023-08-06 19:34:11,252 [INFO] IPUIPlugin:80 - create IPUIPlugin
2023-08-06 19:34:11,252 [INFO] IPUIPlugin:80 - create IPUIPlugin
2023-08-06 19:34:11,252 [INFO] IPUIPlugin:80 - create IPUIPlugin
2023-08-06 19:34:11,253 [INFO] IPUIPlugin:80 - create IPUIPlugin
2023-08-06 19:34:11,253 [INFO] IPUIPlugin:80 - create IPUIPlugin
2023-08-06 19:34:11,253 [INFO] IPUIPlugin:80 - create IPUIPlugin
2023-08-06 19:34:11,253 [INFO] IPUIPlugin:80 - create IPUIPlugin
2023-08-06 19:34:11,253 [INFO] IPUIPlugin:80 - create IPUIPlugin
2023-08-06 19:34:11,253 [INFO] IPUIPlugin:80 - create IPUIPlugin
2023-08-06 19:34:11,253 [INFO] IPUIPlugin:80 - create IPUIPlugin
2023-08-06 19:34:11,253 [INFO] IPUIPlugin:80 - create IPUIPlugin
2023-08-06 19:34:11,253 [INFO] IPUIPlugin:80 - create IPUIPlugin
2023-08-06 19:34:11,254 [INFO] IPUIPlugin:80 - create IPUIPlugin
2023-08-06 19:34:11,254 [INFO] IPUIPlugin:80 - create IPUIPlugin
2023-08-06 19:34:11,254 [INFO] IPUIPlugin:80 - create IPUIPlugin
2023-08-06 19:34:11,254 [INFO] IPUIPlugin:80 - create IPUIPlugin
2023-08-06 19:34:11,254 [INFO] IPUIPlugin:80 - create IPUIPlugin
2023-08-06 19:34:11,255 [INFO] IPUIPlugin:80 - create IPUIPlugin
2023-08-06 19:34:11,255 [INFO] IPUIPlugin:80 - create IPUIPlugin
2023-08-06 19:34:11,255 [INFO] IPUIPlugin:80 - create IPUIPlugin
2023-08-06 19:34:11,255 [INFO] IPUIPlugin:80 - create IPUIPlugin
2023-08-06 19:34:11,255 [INFO] IPUIPlugin:80 - create IPUIPlugin
2023-08-06 19:34:11,255 [INFO] IPUIPlugin:80 - create IPUIPlugin
2023-08-06 19:34:11,256 [INFO] IPUIPlugin:80 - create IPUIPlugin
2023-08-06 19:34:11,256 [INFO] IPUIPlugin:80 - create IPUIPlugin
2023-08-06 19:34:11,256 [INFO] IPUIPlugin:80 - create IPUIPlugin
2023-08-06 19:34:11,256 [INFO] IPUIPlugin:80 - create IPUIPlugin
2023-08-06 19:34:11,256 [INFO] IPUIPlugin:80 - create IPUIPlugin
2023-08-06 19:34:11,256 [INFO] IPUIPlugin:80 - create IPUIPlugin
2023-08-06 19:34:11,257 [INFO] IPUIPlugin:80 - create IPUIPlugin
2023-08-06 19:34:11,257 [INFO] IPUIPlugin:80 - create IPUIPlugin
2023-08-06 19:34:11,257 [INFO] IPUIPlugin:80 - create IPUIPlugin
2023-08-06 19:34:11,257 [INFO] IPUIPlugin:80 - create IPUIPlugin
2023-08-06 19:34:11,257 [INFO] IPUIPlugin:80 - create IPUIPlugin
2023-08-06 19:34:11,258 [INFO] IPUIPlugin:80 - create IPUIPlugin
2023-08-06 19:34:11,258 [INFO] IPUIPlugin:80 - create IPUIPlugin
2023-08-06 19:34:11,258 [INFO] IPUIPlugin:80 - create IPUIPlugin
2023-08-06 19:34:11,258 [INFO] IPUIPlugin:80 - create IPUIPlugin
2023-08-06 19:34:11,259 [INFO] IPUIPlugin:80 - create IPUIPlugin
2023-08-06 19:34:11,259 [INFO] IPUIPlugin:80 - create IPUIPlugin
2023-08-06 19:34:11,259 [INFO] IPUIPlugin:80 - create IPUIPlugin
2023-08-06 19:34:11,260 [INFO] IPUIPlugin:80 - create IPUIPlugin
2023-08-06 19:34:11,325 [INFO] ApiDbMcu:507 - Load IP Config File for PDM2PCM
2023-08-06 19:34:11,388 [INFO] CADModel:165 - CPN selected for project levelSTM32F405RGT6
2023-08-06 19:34:11,388 [INFO] CADModel:114 - Register for checkConnection events
2023-08-06 19:34:11,467 [INFO] OpenFileManager:328 - Restore cursor
2023-08-06 19:35:45,674 [INFO] NvicIntPanel:101 - NVIC parent = com.st.microxplorer.plugins.ip.nvic.MultiNvicIntPanel[,0,0,0x0,invalid,layout=javax.swing.BoxLayout,alignmentX=0.0,alignmentY=0.0,border=,flags=9,maximumSize=,minimumSize=,preferredSize=]
2023-08-06 19:35:49,985 [INFO] NvicIntPanel:101 - NVIC parent = com.st.microxplorer.plugins.ip.nvic.MultiNvicIntPanel[,0,0,0x0,invalid,layout=javax.swing.BoxLayout,alignmentX=0.0,alignmentY=0.0,border=,flags=9,maximumSize=,minimumSize=,preferredSize=]
