2023-08-04 00:12:33,745 [INFO] MainUpdater:2854 - connection check result : 10
2023-08-04 00:12:33,818 [INFO] MainUpdater:2854 - connection check result : 10
2023-08-04 00:12:33,996 [INFO] MicroXplorer:468 - Change Database Path : 
2023-08-04 00:12:33,997 [INFO] MicroXplorer:498 - Change Database Version : DB.6.0.81
2023-08-04 00:12:34,059 [WARN] ThirdParty:871 - waiting for thirdparty lock release [close project]
2023-08-04 00:12:34,059 [INFO] ThirdParty:873 - entering critical section [close project]
2023-08-04 00:12:34,073 [INFO] ThirdParty:883 - exiting critical section [close project]
2023-08-04 00:12:34,074 [INFO] PinOutPanel:1499 - setPackage(No Configuration,No Configuration)
2023-08-04 00:12:34,078 [WARN] IpParametersView:150 - Warning: This peripheral hasn't parameters
2023-08-04 00:12:34,107 [WARN] MainPanel:257 - <html><b><center>Warning: This peripheral has no parameters to be configured<br></b></html>
2023-08-04 00:12:34,111 [INFO] UtilMem:75 - Begin LoadConfig() Used Memory: 627915680 Bytes (1013972992)
2023-08-04 00:12:34,112 [INFO] MicroXplorer:468 - Change Database Path : 
2023-08-04 00:12:34,112 [INFO] MicroXplorer:498 - Change Database Version : DB.6.0.81
2023-08-04 00:12:34,112 [INFO] OpenFileManager:308 - Change cursor
2023-08-04 00:12:34,159 [INFO] RulesReader:64 - Compatibility file has been processed (293 Rules)
2023-08-04 00:12:34,169 [INFO] Mcu:1937 - Initializing MCU STM32F405RGTx STM32F405RGTx STM32F405RGT6
2023-08-04 00:12:35,433 [INFO] Context:659 - Trying to add GPIOservice into a context  which must be forbidden
2023-08-04 00:12:35,782 [INFO] RtosManager:555 - Registered RTOS mode: class=CMSIS, group=RTOS, mode=CMSIS_V1, owner=FREERTOS
2023-08-04 00:12:35,782 [INFO] RtosManager:555 - Registered RTOS mode: class=CMSIS, group=RTOS2, mode=CMSIS_V2, owner=FREERTOS
2023-08-04 00:12:35,782 [INFO] RtosManager:555 - Registered RTOS mode: class=RTOS, group=Core, mode=CMSIS_V1, owner=FREERTOS
2023-08-04 00:12:35,782 [INFO] RtosManager:555 - Registered RTOS mode: class=RTOS, group=Core, mode=CMSIS_V2, owner=FREERTOS
2023-08-04 00:12:35,782 [WARN] ModelIntegratedComponent:184 - Missing modes for component STMicroelectronics:FreeRTOS:0.0.1:STMicroelectronics:RTOS:FreeRTOS:Core:::10.2.0:
2023-08-04 00:12:35,790 [WARN] ModelIntegratedComponent:63 - No mode defined for component null
2023-08-04 00:12:35,791 [WARN] ModelIntegratedComponent:63 - No mode defined for component null
2023-08-04 00:12:35,791 [WARN] ModelIntegratedComponent:63 - No mode defined for component null
2023-08-04 00:12:35,791 [WARN] ModelIntegratedComponent:63 - No mode defined for component null
2023-08-04 00:12:35,791 [WARN] ModelIntegratedComponent:63 - No mode defined for component null
2023-08-04 00:12:35,791 [WARN] ModelIntegratedComponent:63 - No mode defined for component null
2023-08-04 00:12:35,791 [WARN] ModelIntegratedComponent:63 - No mode defined for component null
2023-08-04 00:12:35,791 [WARN] ModelIntegratedComponent:63 - No mode defined for component null
2023-08-04 00:12:35,791 [WARN] ModelIntegratedComponent:63 - No mode defined for component null
2023-08-04 00:12:35,791 [WARN] ModelIntegratedComponent:63 - No mode defined for component null
2023-08-04 00:12:35,791 [WARN] ModelIntegratedComponent:63 - No mode defined for component null
2023-08-04 00:12:35,791 [WARN] ModelIntegratedComponent:63 - No mode defined for component null
2023-08-04 00:12:35,791 [WARN] ModelIntegratedComponent:63 - No mode defined for component null
2023-08-04 00:12:35,791 [WARN] ModelIntegratedComponent:63 - No mode defined for component null
2023-08-04 00:12:35,791 [WARN] ModelIntegratedComponent:63 - No mode defined for component null
2023-08-04 00:12:35,791 [WARN] ModelIntegratedComponent:63 - No mode defined for component null
2023-08-04 00:12:35,791 [WARN] ModelIntegratedComponent:63 - No mode defined for component null
2023-08-04 00:12:35,791 [WARN] ModelIntegratedComponent:63 - No mode defined for component null
2023-08-04 00:12:35,791 [WARN] ModelIntegratedComponent:63 - No mode defined for component null
2023-08-04 00:12:35,791 [WARN] ModelIntegratedComponent:63 - No mode defined for component null
2023-08-04 00:12:35,792 [WARN] ModelIntegratedComponent:63 - No mode defined for component null
2023-08-04 00:12:35,792 [WARN] ModelIntegratedComponent:63 - No mode defined for component null
2023-08-04 00:12:35,792 [WARN] ModelIntegratedComponent:63 - No mode defined for component null
2023-08-04 00:12:35,792 [WARN] ModelIntegratedComponent:63 - No mode defined for component null
2023-08-04 00:12:35,792 [WARN] ModelIntegratedComponent:63 - No mode defined for component null
2023-08-04 00:12:35,792 [WARN] ModelIntegratedComponent:63 - No mode defined for component null
2023-08-04 00:12:35,792 [WARN] ModelIntegratedComponent:63 - No mode defined for component null
2023-08-04 00:12:35,792 [WARN] ModelIntegratedComponent:63 - No mode defined for component null
2023-08-04 00:12:35,792 [WARN] ModelIntegratedComponent:63 - No mode defined for component null
2023-08-04 00:12:35,792 [WARN] ModelIntegratedComponent:63 - No mode defined for component null
2023-08-04 00:12:35,792 [WARN] ModelIntegratedComponent:63 - No mode defined for component null
2023-08-04 00:12:35,792 [WARN] ModelIntegratedComponent:63 - No mode defined for component null
2023-08-04 00:12:35,792 [WARN] ModelIntegratedComponent:63 - No mode defined for component null
2023-08-04 00:12:35,800 [INFO] ThirdPartyModel:298 - Start build external matchings
2023-08-04 00:12:36,240 [INFO] ThirdPartyModel:316 - End build external matchings
2023-08-04 00:12:36,259 [INFO] ImportTextPane:194 - (OptionalMessage_ERROR) IP (RCC) : Parameter (48MHZClocksFreq_Value) has invalid value (84000000)
2023-08-04 00:12:36,260 [INFO] ImportTextPane:194 - (OptionalMessage_ERROR) IP (RCC) : Parameter (RTCHSEDivFreq_Value) has invalid value (4000000)
2023-08-04 00:12:36,568 [INFO] UtilMem:75 - End LoadConfig() Used Memory: 602672504 Bytes (1013972992)
2023-08-04 00:12:36,654 [WARN] ThirdParty:833 - waiting for thirdparty lock release [change project]
2023-08-04 00:12:36,654 [INFO] ThirdParty:835 - entering critical section [change project]
2023-08-04 00:12:36,654 [INFO] ThirdParty:1030 - CMSIS Pack Vendor :STMicroelectronics X-CUBE-ISPU 1.1.0
2023-08-04 00:12:36,654 [INFO] ThirdParty:1030 - CMSIS Pack Vendor :STMicroelectronics X-CUBE-GNSS1 6.0.0
2023-08-04 00:12:36,654 [INFO] ThirdParty:1030 - CMSIS Pack Vendor :STMicroelectronics USB_HOST 2.0.0
2023-08-04 00:12:36,654 [INFO] ThirdParty:1030 - CMSIS Pack Vendor :STMicroelectronics X-CUBE-AZRTOS-F4 1.1.0
2023-08-04 00:12:36,654 [INFO] ThirdParty:1030 - CMSIS Pack Vendor :STMicroelectronics LIBJPEG 8.0.0
2023-08-04 00:12:36,654 [INFO] ThirdParty:1030 - CMSIS Pack Vendor :STMicroelectronics X-CUBE-SMBUS 2.1.0
2023-08-04 00:12:36,654 [INFO] ThirdParty:1030 - CMSIS Pack Vendor :wolfSSL I-CUBE-wolfSSL 5.6.0
2023-08-04 00:12:36,654 [INFO] ThirdParty:1030 - CMSIS Pack Vendor :STMicroelectronics USB_DEVICE 3.0.0
2023-08-04 00:12:36,654 [INFO] ThirdParty:1030 - CMSIS Pack Vendor :STMicroelectronics X-CUBE-FREERTOS 1.0.1
2023-08-04 00:12:36,654 [INFO] ThirdParty:1030 - CMSIS Pack Vendor :STMicroelectronics X-CUBE-AZRTOS-F7 1.1.0
2023-08-04 00:12:36,654 [INFO] ThirdParty:1030 - CMSIS Pack Vendor :STMicroelectronics USB_DEVICE 2.0.0
2023-08-04 00:12:36,654 [INFO] ThirdParty:1030 - CMSIS Pack Vendor :STMicroelectronics X-CUBE-MEMS1 9.6.0
2023-08-04 00:12:36,655 [INFO] ThirdParty:1030 - CMSIS Pack Vendor :STMicroelectronics FP-SNS-MOTENV1 4.3.2
2023-08-04 00:12:36,655 [INFO] ThirdParty:1030 - CMSIS Pack Vendor :STMicroelectronics FP-SNS-FLIGHT1 5.0.1
2023-08-04 00:12:36,655 [INFO] ThirdParty:1030 - CMSIS Pack Vendor :STMicroelectronics X-CUBE-ALGOBUILD 1.3.0
2023-08-04 00:12:36,655 [INFO] ThirdParty:1030 - CMSIS Pack Vendor :STMicroelectronics X-CUBE-BLE1 6.2.4
2023-08-04 00:12:36,655 [INFO] ThirdParty:1030 - CMSIS Pack Vendor :STMicroelectronics X-CUBE-AZRTOS-L5 1.1.0
2023-08-04 00:12:36,655 [INFO] ThirdParty:1030 - CMSIS Pack Vendor :STMicroelectronics FreeRTOS 0.0.1
2023-08-04 00:12:36,655 [INFO] ThirdParty:1030 - CMSIS Pack Vendor :STMicroelectronics X-CUBE-AZRTOS-G0 1.1.0
2023-08-04 00:12:36,655 [INFO] ThirdParty:1030 - CMSIS Pack Vendor :emotas I-CUBE-CANOPEN 1.1.3
2023-08-04 00:12:36,655 [INFO] ThirdParty:1030 - CMSIS Pack Vendor :STMicroelectronics X-CUBE-BLEMGR 2.0.0
2023-08-04 00:12:36,655 [INFO] ThirdParty:1030 - CMSIS Pack Vendor :STMicroelectronics X-CUBE-AI 8.0.1
2023-08-04 00:12:36,655 [INFO] ThirdParty:1030 - CMSIS Pack Vendor :STMicroelectronics X-CUBE-NFC4 3.0.0
2023-08-04 00:12:36,655 [INFO] ThirdParty:1030 - CMSIS Pack Vendor :STMicroelectronics X-CUBE-SUBG2 5.0.0
2023-08-04 00:12:36,655 [INFO] ThirdParty:1030 - CMSIS Pack Vendor :STMicroelectronics STM32_WPAN 1.0.0
2023-08-04 00:12:36,655 [INFO] ThirdParty:1030 - CMSIS Pack Vendor :STMicroelectronics lwIP 2.0.3
2023-08-04 00:12:36,659 [INFO] ThirdParty:1030 - CMSIS Pack Vendor :STMicroelectronics FP-SNS-FLIGHT1 5.0.2
2023-08-04 00:12:36,659 [INFO] ThirdParty:1030 - CMSIS Pack Vendor :STMicroelectronics USB_HOST 1.0.0
2023-08-04 00:12:36,659 [INFO] ThirdParty:1030 - CMSIS Pack Vendor :STMicroelectronics X-CUBE-TOF1 3.3.1
2023-08-04 00:12:36,659 [INFO] ThirdParty:1030 - CMSIS Pack Vendor :STMicroelectronics X-CUBE-AZRTOS-G4 2.0.0
2023-08-04 00:12:36,659 [INFO] ThirdParty:1030 - CMSIS Pack Vendor :STMicroelectronics PDM2PCM 3.1.0
2023-08-04 00:12:36,659 [INFO] ThirdParty:1030 - CMSIS Pack Vendor :STMicroelectronics X-CUBE-AZRTOS-H7 3.1.0
2023-08-04 00:12:36,659 [INFO] ThirdParty:1030 - CMSIS Pack Vendor :STMicroelectronics X-CUBE-TOF1 3.3.0
2023-08-04 00:12:36,659 [INFO] ThirdParty:1030 - CMSIS Pack Vendor :STMicroelectronics PDM2PCM 3.3.0
2023-08-04 00:12:36,659 [INFO] ThirdParty:1030 - CMSIS Pack Vendor :STMicroelectronics X-CUBE-DISPLAY 3.0.0
2023-08-04 00:12:36,659 [INFO] ThirdParty:1030 - CMSIS Pack Vendor :STMicroelectronics FP-ATR-SIGFOX1 3.2.0
2023-08-04 00:12:36,659 [INFO] ThirdParty:1030 - CMSIS Pack Vendor :STMicroelectronics HAL Drivers 0.0.0
2023-08-04 00:12:36,660 [INFO] ThirdParty:1030 - CMSIS Pack Vendor :STMicroelectronics MBEDTLS 2.16.2
2023-08-04 00:12:36,660 [INFO] ThirdParty:1030 - CMSIS Pack Vendor :STMicroelectronics X-CUBE-TOUCHGFX 4.22.0
2023-08-04 00:12:36,660 [INFO] ThirdParty:1030 - CMSIS Pack Vendor :STMicroelectronics X-CUBE-NFC7 1.0.1
2023-08-04 00:12:36,660 [INFO] ThirdParty:1030 - CMSIS Pack Vendor :STMicroelectronics MBEDTLS 2.14.1
2023-08-04 00:12:36,660 [INFO] ThirdParty:1030 - CMSIS Pack Vendor :STMicroelectronics X-CUBE-EEPRMA1 4.1.0
2023-08-04 00:12:36,660 [INFO] ThirdParty:1030 - CMSIS Pack Vendor :portGmbH I-Cube-SoM-uGOAL 1.1.0
2023-08-04 00:12:36,660 [INFO] ThirdParty:1030 - CMSIS Pack Vendor :STMicroelectronics X-CUBE-ALS 1.0.1
2023-08-04 00:12:36,660 [INFO] ThirdParty:1030 - CMSIS Pack Vendor :STMicroelectronics ThreadX 1.0.0
2023-08-04 00:12:36,660 [INFO] ThirdParty:1030 - CMSIS Pack Vendor :STMicroelectronics X-CUBE-AZRTOS-WB 1.1.0
2023-08-04 00:12:36,660 [INFO] ThirdParty:1030 - CMSIS Pack Vendor :STMicroelectronics X-CUBE-AZRTOS-WL 2.0.0
2023-08-04 00:12:36,660 [INFO] ThirdParty:1030 - CMSIS Pack Vendor :SEGGER I-CUBE-embOS 1.3.1
2023-08-04 00:12:36,660 [INFO] ThirdParty:1030 - CMSIS Pack Vendor :STMicroelectronics USB_DEVICE 1.0.0
2023-08-04 00:12:36,660 [INFO] ThirdParty:1030 - CMSIS Pack Vendor :STMicroelectronics X-CUBE-AZRTOS-L4 2.0.0
2023-08-04 00:12:36,660 [INFO] ThirdParty:1030 - CMSIS Pack Vendor :STMicroelectronics ThreadX 0.0.2
2023-08-04 00:12:36,660 [INFO] ThirdParty:1030 - CMSIS Pack Vendor :WES I-CUBE-Cesium 1.3.0
2023-08-04 00:12:36,660 [INFO] ThirdParty:1030 - CMSIS Pack Vendor :STMicroelectronics FP-ATR-ASTRA1 2.0.0
2023-08-04 00:12:36,660 [INFO] ThirdParty:1030 - CMSIS Pack Vendor :STMicroelectronics lwIP 2.1.2
2023-08-04 00:12:36,660 [INFO] ThirdParty:1030 - CMSIS Pack Vendor :STMicroelectronics X-CUBE-SFXS2LP1 4.0.0
2023-08-04 00:12:36,660 [INFO] ThirdParty:1030 - CMSIS Pack Vendor :STMicroelectronics X-CUBE-BLE2 3.3.0
2023-08-04 00:12:36,660 [INFO] ThirdParty:1030 - CMSIS Pack Vendor :STMicroelectronics PDM2PCM 3.2.0
2023-08-04 00:12:36,660 [INFO] ThirdParty:841 - exiting critical section [change project]
2023-08-04 00:12:36,821 [INFO] PinOutPanel:1499 - setPackage(No Configuration,No Configuration)
2023-08-04 00:12:36,821 [INFO] PinOutPanel:1499 - setPackage(STM32F405RGTx,LQFP64)
2023-08-04 00:12:37,071 [INFO] UtilMem:75 - Before build in PCC Used Memory: 836928928 Bytes (1013972992)
2023-08-04 00:12:37,294 [INFO] UtilMem:75 - After build in PCC Used Memory: 882017696 Bytes (1013972992)
2023-08-04 00:12:37,363 [INFO] IPUIPlugin:80 - create IPUIPlugin
2023-08-04 00:12:37,363 [INFO] IPUIPlugin:80 - create IPUIPlugin
2023-08-04 00:12:37,363 [INFO] IPUIPlugin:80 - create IPUIPlugin
2023-08-04 00:12:37,363 [INFO] IPUIPlugin:80 - create IPUIPlugin
2023-08-04 00:12:37,363 [INFO] IPUIPlugin:80 - create IPUIPlugin
2023-08-04 00:12:37,363 [INFO] IPUIPlugin:80 - create IPUIPlugin
2023-08-04 00:12:37,364 [INFO] IPUIPlugin:80 - create IPUIPlugin
2023-08-04 00:12:37,364 [INFO] IPUIPlugin:80 - create IPUIPlugin
2023-08-04 00:12:37,364 [INFO] IPUIPlugin:80 - create IPUIPlugin
2023-08-04 00:12:37,364 [INFO] IPUIPlugin:80 - create IPUIPlugin
2023-08-04 00:12:37,364 [INFO] IPUIPlugin:80 - create IPUIPlugin
2023-08-04 00:12:37,364 [INFO] IPUIPlugin:80 - create IPUIPlugin
2023-08-04 00:12:37,364 [INFO] IPUIPlugin:80 - create IPUIPlugin
2023-08-04 00:12:37,364 [INFO] IPUIPlugin:80 - create IPUIPlugin
2023-08-04 00:12:37,364 [INFO] IPUIPlugin:80 - create IPUIPlugin
2023-08-04 00:12:37,364 [INFO] IPUIPlugin:80 - create IPUIPlugin
2023-08-04 00:12:37,365 [INFO] IPUIPlugin:80 - create IPUIPlugin
2023-08-04 00:12:37,365 [INFO] IPUIPlugin:80 - create IPUIPlugin
2023-08-04 00:12:37,365 [INFO] IPUIPlugin:80 - create IPUIPlugin
2023-08-04 00:12:37,365 [INFO] IPUIPlugin:80 - create IPUIPlugin
2023-08-04 00:12:37,365 [INFO] IPUIPlugin:80 - create IPUIPlugin
2023-08-04 00:12:37,366 [INFO] IPUIPlugin:80 - create IPUIPlugin
2023-08-04 00:12:37,366 [INFO] IPUIPlugin:80 - create IPUIPlugin
2023-08-04 00:12:37,366 [INFO] IPUIPlugin:80 - create IPUIPlugin
2023-08-04 00:12:37,366 [INFO] IPUIPlugin:80 - create IPUIPlugin
2023-08-04 00:12:37,367 [INFO] IPUIPlugin:80 - create IPUIPlugin
2023-08-04 00:12:37,368 [INFO] IPUIPlugin:80 - create IPUIPlugin
2023-08-04 00:12:37,368 [INFO] IPUIPlugin:80 - create IPUIPlugin
2023-08-04 00:12:37,369 [INFO] IPUIPlugin:80 - create IPUIPlugin
2023-08-04 00:12:37,370 [INFO] IPUIPlugin:80 - create IPUIPlugin
2023-08-04 00:12:37,370 [INFO] IPUIPlugin:80 - create IPUIPlugin
2023-08-04 00:12:37,370 [INFO] IPUIPlugin:80 - create IPUIPlugin
2023-08-04 00:12:37,370 [INFO] IPUIPlugin:80 - create IPUIPlugin
2023-08-04 00:12:37,370 [INFO] IPUIPlugin:80 - create IPUIPlugin
2023-08-04 00:12:37,370 [INFO] IPUIPlugin:80 - create IPUIPlugin
2023-08-04 00:12:37,372 [INFO] IPUIPlugin:80 - create IPUIPlugin
2023-08-04 00:12:37,372 [INFO] IPUIPlugin:80 - create IPUIPlugin
2023-08-04 00:12:37,372 [INFO] IPUIPlugin:80 - create IPUIPlugin
2023-08-04 00:12:37,373 [INFO] IPUIPlugin:80 - create IPUIPlugin
2023-08-04 00:12:37,373 [INFO] IPUIPlugin:80 - create IPUIPlugin
2023-08-04 00:12:37,373 [INFO] IPUIPlugin:80 - create IPUIPlugin
2023-08-04 00:12:37,374 [INFO] IPUIPlugin:80 - create IPUIPlugin
2023-08-04 00:12:37,374 [INFO] IPUIPlugin:80 - create IPUIPlugin
2023-08-04 00:12:37,374 [INFO] IPUIPlugin:80 - create IPUIPlugin
2023-08-04 00:12:37,375 [INFO] IPUIPlugin:80 - create IPUIPlugin
2023-08-04 00:12:37,375 [INFO] IPUIPlugin:80 - create IPUIPlugin
2023-08-04 00:12:37,665 [INFO] IPUIPlugin:80 - create IPUIPlugin
2023-08-04 00:12:37,666 [INFO] IPUIPlugin:80 - create IPUIPlugin
2023-08-04 00:12:37,667 [INFO] IPUIPlugin:80 - create IPUIPlugin
2023-08-04 00:12:37,668 [INFO] IPUIPlugin:80 - create IPUIPlugin
2023-08-04 00:12:37,669 [INFO] IPUIPlugin:80 - create IPUIPlugin
2023-08-04 00:12:37,670 [INFO] IPUIPlugin:80 - create IPUIPlugin
2023-08-04 00:12:37,671 [INFO] IPUIPlugin:80 - create IPUIPlugin
2023-08-04 00:12:37,671 [INFO] IPUIPlugin:80 - create IPUIPlugin
2023-08-04 00:12:37,688 [INFO] ApiDbMcu:507 - Load IP Config File for PDM2PCM
2023-08-04 00:12:37,727 [INFO] CADModel:165 - CPN selected for project levelSTM32F405RGT6
2023-08-04 00:12:37,728 [INFO] CADModel:114 - Register for checkConnection events
2023-08-04 00:12:37,771 [INFO] OpenFileManager:328 - Restore cursor
2023-08-04 00:16:54,568 [INFO] NvicIntPanel:101 - NVIC parent = com.st.microxplorer.plugins.ip.nvic.MultiNvicIntPanel[,0,0,0x0,invalid,layout=javax.swing.BoxLayout,alignmentX=0.0,alignmentY=0.0,border=,flags=9,maximumSize=,minimumSize=,preferredSize=]
2023-08-04 00:16:54,647 [INFO] NvicIntPanel:101 - NVIC parent = com.st.microxplorer.plugins.ip.nvic.MultiNvicIntPanel[,0,0,0x0,invalid,layout=javax.swing.BoxLayout,alignmentX=0.0,alignmentY=0.0,border=,flags=9,maximumSize=,minimumSize=,preferredSize=]
2023-08-04 00:16:58,401 [INFO] NvicIntPanel:101 - NVIC parent = com.st.microxplorer.plugins.ip.nvic.MultiNvicIntPanel[,0,0,0x0,invalid,layout=javax.swing.BoxLayout,alignmentX=0.0,alignmentY=0.0,border=,flags=9,maximumSize=,minimumSize=,preferredSize=]
2023-08-04 00:17:07,453 [INFO] NvicIntPanel:101 - NVIC parent = com.st.microxplorer.plugins.ip.nvic.MultiNvicIntPanel[,0,0,0x0,invalid,layout=javax.swing.BoxLayout,alignmentX=0.0,alignmentY=0.0,border=,flags=9,maximumSize=,minimumSize=,preferredSize=]
2023-08-04 00:18:08,177 [INFO] UtilMem:75 - End SaveConfig() Used Memory: 791324072 Bytes (1013972992)
2023-08-04 00:18:08,896 [INFO] UtilMem:75 - End SaveConfig() Used Memory: 614187392 Bytes (1013972992)
2023-08-04 00:18:09,121 [INFO] BlockDiagram:2759 - set Specific Code input for plugin: SPI
2023-08-04 00:18:09,121 [INFO] BlockDiagram:2759 - set Specific Code input for plugin: TIM1_8
2023-08-04 00:18:09,121 [INFO] BlockDiagram:2759 - set Specific Code input for plugin: RCC
2023-08-04 00:18:09,121 [INFO] BlockDiagram:2759 - set Specific Code input for plugin: NVIC
2023-08-04 00:18:09,121 [INFO] BlockDiagram:2759 - set Specific Code input for plugin: USART
2023-08-04 00:18:09,121 [INFO] BlockDiagram:2759 - set Specific Code input for plugin: GPIO
2023-08-04 00:18:09,122 [INFO] CodeGenerator:793 - code generatio: config db path: C:\ST\STM32CubeIDE_1.12.1\STM32CubeIDE\plugins\com.st.stm32cube.common.mx_6.8.1.202304191431\\db\
2023-08-04 00:18:09,380 [INFO] CodeEngine:255 - oldGeneratedFile, C:\Users\hyeon\Desktop\STM32_Workspace\2-1. BNO080\MXTmpFiles\license.tmp_save
2023-08-04 00:18:09,501 [INFO] CodeEngine:279 - Generated code: C:\Users\hyeon\Desktop\STM32_Workspace\2-1. BNO080\MXTmpFiles\license.tmp
2023-08-04 00:18:09,593 [INFO] CodeEngine:255 - oldGeneratedFile, C:\Users\hyeon\Desktop\STM32_Workspace\2-1. BNO080\Core\Src\gpio.c_save
2023-08-04 00:18:09,684 [INFO] CodeEngine:279 - Generated code: C:\Users\hyeon\Desktop\STM32_Workspace\2-1. BNO080\Core\Src\gpio.c
2023-08-04 00:18:09,694 [INFO] CodeEngine:255 - oldGeneratedFile, C:\Users\hyeon\Desktop\STM32_Workspace\2-1. BNO080\Core\Inc\gpio.h_save
2023-08-04 00:18:10,703 [INFO] CodeEngine:279 - Generated code: C:\Users\hyeon\Desktop\STM32_Workspace\2-1. BNO080\Core\Inc\gpio.h
2023-08-04 00:18:11,189 [INFO] CodeEngine:255 - oldGeneratedFile, C:\Users\hyeon\Desktop\STM32_Workspace\2-1. BNO080\Core\Src\spi.c_save
2023-08-04 00:18:11,312 [INFO] CodeEngine:279 - Generated code: C:\Users\hyeon\Desktop\STM32_Workspace\2-1. BNO080\Core\Src\spi.c
2023-08-04 00:18:11,315 [INFO] CodeEngine:255 - oldGeneratedFile, C:\Users\hyeon\Desktop\STM32_Workspace\2-1. BNO080\Core\Inc\spi.h_save
2023-08-04 00:18:11,404 [INFO] CodeEngine:279 - Generated code: C:\Users\hyeon\Desktop\STM32_Workspace\2-1. BNO080\Core\Inc\spi.h
2023-08-04 00:18:11,425 [INFO] CodeEngine:255 - oldGeneratedFile, C:\Users\hyeon\Desktop\STM32_Workspace\2-1. BNO080\Core\Src\tim.c_save
2023-08-04 00:18:11,573 [INFO] CodeEngine:279 - Generated code: C:\Users\hyeon\Desktop\STM32_Workspace\2-1. BNO080\Core\Src\tim.c
2023-08-04 00:18:11,577 [INFO] CodeEngine:255 - oldGeneratedFile, C:\Users\hyeon\Desktop\STM32_Workspace\2-1. BNO080\Core\Inc\tim.h_save
2023-08-04 00:18:11,648 [INFO] CodeEngine:279 - Generated code: C:\Users\hyeon\Desktop\STM32_Workspace\2-1. BNO080\Core\Inc\tim.h
2023-08-04 00:18:11,663 [INFO] CodeEngine:255 - oldGeneratedFile, C:\Users\hyeon\Desktop\STM32_Workspace\2-1. BNO080\Core\Src\usart.c_save
2023-08-04 00:18:11,758 [INFO] CodeEngine:279 - Generated code: C:\Users\hyeon\Desktop\STM32_Workspace\2-1. BNO080\Core\Src\usart.c
2023-08-04 00:18:11,761 [INFO] CodeEngine:255 - oldGeneratedFile, C:\Users\hyeon\Desktop\STM32_Workspace\2-1. BNO080\Core\Inc\usart.h_save
2023-08-04 00:18:11,825 [INFO] CodeEngine:279 - Generated code: C:\Users\hyeon\Desktop\STM32_Workspace\2-1. BNO080\Core\Inc\usart.h
2023-08-04 00:18:11,845 [INFO] CodeEngine:255 - oldGeneratedFile, C:\Users\hyeon\Desktop\STM32_Workspace\2-1. BNO080\Core\Src\stm32f4xx_it.c_save
2023-08-04 00:18:12,001 [INFO] CodeEngine:279 - Generated code: C:\Users\hyeon\Desktop\STM32_Workspace\2-1. BNO080\Core\Src\stm32f4xx_it.c
2023-08-04 00:18:12,011 [INFO] CodeEngine:255 - oldGeneratedFile, C:\Users\hyeon\Desktop\STM32_Workspace\2-1. BNO080\Core\Inc\stm32f4xx_it.h_save
2023-08-04 00:18:12,065 [INFO] CodeEngine:279 - Generated code: C:\Users\hyeon\Desktop\STM32_Workspace\2-1. BNO080\Core\Inc\stm32f4xx_it.h
2023-08-04 00:18:12,110 [INFO] CodeEngine:255 - oldGeneratedFile, C:\Users\hyeon\Desktop\STM32_Workspace\2-1. BNO080\Core\Src\stm32f4xx_hal_msp.c_save
2023-08-04 00:18:12,197 [INFO] CodeEngine:279 - Generated code: C:\Users\hyeon\Desktop\STM32_Workspace\2-1. BNO080\Core\Src\stm32f4xx_hal_msp.c
2023-08-04 00:18:12,207 [INFO] CodeEngine:255 - oldGeneratedFile, C:\Users\hyeon\Desktop\STM32_Workspace\2-1. BNO080\MXTmpFiles\system.tmp_save
2023-08-04 00:18:12,265 [INFO] CodeEngine:279 - Generated code: C:\Users\hyeon\Desktop\STM32_Workspace\2-1. BNO080\MXTmpFiles\system.tmp
2023-08-04 00:18:12,274 [INFO] CodeEngine:255 - oldGeneratedFile, C:\Users\hyeon\Desktop\STM32_Workspace\2-1. BNO080\Core\Inc\stm32_assert.h_save
2023-08-04 00:18:12,335 [INFO] CodeEngine:279 - Generated code: C:\Users\hyeon\Desktop\STM32_Workspace\2-1. BNO080\Core\Inc\stm32_assert.h
2023-08-04 00:18:12,366 [INFO] CodeEngine:311 - oldGeneratedFile, C:\Users\hyeon\Desktop\STM32_Workspace\2-1. BNO080\Core\Inc\stm32f4xx_hal_conf.h_save
2023-08-04 00:18:12,464 [INFO] CodeEngine:335 - Generated code: C:\Users\hyeon\Desktop\STM32_Workspace\2-1. BNO080\Core\Inc\stm32f4xx_hal_conf.h
2023-08-04 00:18:12,519 [INFO] CodeEngine:255 - oldGeneratedFile, C:\Users\hyeon\Desktop\STM32_Workspace\2-1. BNO080\Core\Inc\main.h_save
2023-08-04 00:18:12,602 [INFO] CodeEngine:279 - Generated code: C:\Users\hyeon\Desktop\STM32_Workspace\2-1. BNO080\Core\Inc\main.h
2023-08-04 00:18:12,621 [INFO] CodeEngine:255 - oldGeneratedFile, C:\Users\hyeon\Desktop\STM32_Workspace\2-1. BNO080\Core\Src\main.c_save
2023-08-04 00:18:12,709 [INFO] CodeEngine:279 - Generated code: C:\Users\hyeon\Desktop\STM32_Workspace\2-1. BNO080\Core\Src\main.c
2023-08-04 00:18:13,399 [INFO] ProjectBuilder:2996 - Time for Copy HAL[1] : 222mS.
2023-08-04 00:18:13,403 [INFO] ProjectBuilder:4304 - Project Generator version: 3.19.2
2023-08-04 00:18:13,824 [INFO] ConfigFileManager:1483 - The Die is : DIE413
2023-08-04 00:18:13,834 [INFO] ApiDbMcu:507 - Load IP Config File for FATFS
2023-08-04 00:18:13,847 [INFO] ApiDbMcu:507 - Load IP Config File for FREERTOS
2023-08-04 00:18:13,854 [INFO] ApiDbMcu:507 - Load IP Config File for LIBJPEG
2023-08-04 00:18:13,866 [INFO] ApiDbMcu:507 - Load IP Config File for MBEDTLS
2023-08-04 00:18:13,881 [INFO] ApiDbMcu:507 - Load IP Config File for USB_DEVICE
2023-08-04 00:18:13,890 [INFO] ApiDbMcu:507 - Load IP Config File for USB_HOST
2023-08-04 00:18:15,087 [INFO] ProjectBuilder:4505 - Time for Generating toolchain IDE Files: 1683mS.
2023-08-04 00:18:15,087 [INFO] ProjectBuilder:2867 - Time for Copy CMSIS : 0mS.
2023-08-04 00:18:15,091 [INFO] ProjectBuilder:2867 - Time for Copy CMSIS : 0mS.
