2023-07-02 19:47:53,330 [INFO] LogOutputStream:77 - [STDOUT_REDIRECT] 
2023-07-02 19:47:54,899 [INFO] ProjectBuilder:4505 - Time for Generating toolchain IDE Files: 3013mS.
2023-07-02 19:47:54,899 [INFO] ProjectBuilder:2867 - Time for Copy CMSIS : 0mS.
2023-07-02 19:47:54,899 [INFO] ProjectBuilder:2867 - Time for Copy CMSIS : 0mS.
2023-07-02 19:57:50,151 [INFO] MainUpdater:2854 - connection check result : 10
2023-07-02 19:57:50,151 [INFO] McuFinderGlobals:66 - Set McuFinderConnectedMode to true
2023-07-02 19:57:50,511 [INFO] ServerAccessManage:473 - Download File mcusAds.json._tmp_
2023-07-02 19:57:50,638 [INFO] LoadUrlFilesThread:156 - End of LoadUrlFiles Thread
2023-07-02 19:57:52,016 [INFO] ServerAccessManage:473 - Download File cube-finder-db.zip
2023-07-02 19:57:57,145 [INFO] FileExtend:240 - Unzip File : cube-finder-db.zip
2023-07-02 19:57:57,145 [INFO] FileExtend:255 - Standard Zip Deflate
2023-07-02 19:57:57,818 [INFO] LoadUrlFilesThread:156 - End of LoadUrlFiles Thread
2023-07-02 19:57:59,106 [INFO] ServerAccessManage:473 - Download File crdb.zip
2023-07-02 19:58:00,720 [INFO] FileExtend:240 - Unzip File : crdb.zip
2023-07-02 19:58:00,720 [INFO] FileExtend:255 - Standard Zip Deflate
2023-07-02 19:58:00,845 [INFO] LoadUrlFilesThread:156 - End of LoadUrlFiles Thread
2023-07-02 19:58:02,256 [INFO] ServerAccessManage:473 - Download File tutoVideoDB.zip
2023-07-02 19:58:02,257 [INFO] FileExtend:240 - Unzip File : tutoVideoDB.zip
2023-07-02 19:58:02,257 [INFO] FileExtend:255 - Standard Zip Deflate
2023-07-02 19:58:02,383 [INFO] LoadUrlFilesThread:156 - End of LoadUrlFiles Thread
2023-07-02 19:58:02,398 [WARN] DbFile:41 - Overriding database path with different value: C:\Users\hyeon\.stmcufinder\plugins\mcufinder/ => C:\Users\hyeon\.stmcufinder\plugins\mcufinder
2023-07-02 19:58:03,160 [INFO] ServerAccessManage:473 - Download File api_config.json
2023-07-02 19:58:03,303 [INFO] LoadUrlFilesThread:156 - End of LoadUrlFiles Thread
2023-07-02 19:58:03,304 [INFO] DbMcusAds:53 - JSON generation date=Tue Mar 07 17:50:55 KST 2023 (1678179055335)
2023-07-02 19:58:03,307 [INFO] ApiDb:448 - Save user favorites file C:\Users\hyeon/.stm32cubeide/favorites.mcus.txt: 0 item(s)
2023-07-02 19:58:03,307 [INFO] ApiDb:452 - User favorites MCUs=[]
2023-07-02 19:58:03,322 [INFO] ApiDb:581 - Connected to CubeFinder SQLite database (C:\Users\hyeon\.stmcufinder\plugins\mcufinder\mcu\cube-finder-db.db)
2023-07-02 19:58:03,369 [INFO] ApiDb:668 - CubeFinder database Data Model version=2.1
2023-07-02 19:58:03,369 [INFO] ApiDb:669 - CubeFinder database Configuration version=3.0.35
2023-07-02 19:58:03,369 [INFO] ApiDb:670 - CubeFinder database generation date=2023-05-12 (1683877179)
2023-07-02 19:58:03,369 [INFO] ApiDb:671 - CubeFinder database FW Pack versions=[FP-ATR-ASTRA1_V2.0.0, FP-SNS-FLIGHT1_V5.0.0, FP-SNS-MOTENV1_V4.3.0, STM32Cube_FW_C0_V1.0.1, STM32Cube_FW_F0_V1.11.4, STM32Cube_FW_F3_V1.11.4, STM32Cube_FW_F4_V1.27.1, STM32Cube_FW_F7_V1.17.0, STM32Cube_FW_G0_V1.6.1, STM32Cube_FW_G4_V1.5.1, STM32Cube_FW_H5_V0.5.1, STM32Cube_FW_H5_V1.0.0, STM32Cube_FW_H7_V1.11.0, STM32Cube_FW_L0_V1.12.2, STM32Cube_FW_L5_V1.5.0, STM32Cube_FW_U5_V1.2.0, STM32Cube_FW_WBA_V1.0.0, STM32Cube_FW_WBA_V1.0.0RC1, STM32Cube_FW_WBA_V1.0.0RC3, STM32Cube_FW_WB_V1.15.0RC1, STM32Cube_FW_WB_V1.16.0, STM32Cube_FW_WB_V1.16.0RC2, STM32Cube_FW_WL_V1.3.0, X-CUBE-ALGOBUILD_V1.3.0, X-CUBE-ALS_V1.0.1, X-CUBE-AZRTOS-F4_V1.1.0, X-CUBE-AZRTOS-F7_V1.1.0, X-CUBE-AZRTOS-G0_V1.1.0, X-CUBE-AZRTOS-G4_V2.0.0, X-CUBE-AZRTOS-H7_V3.1.0, X-CUBE-AZRTOS-L4_V1.0.0, X-CUBE-AZRTOS-L5_V1.1.0, X-CUBE-AZRTOS-WB_V1.1.0, X-CUBE-AZRTOS-WL_V1.0.0, X-CUBE-BLE1_V6.2.4, X-CUBE-BLE2_V3.3.0, X-CUBE-BLEMGR_V2.0.0, X-CUBE-EEPRMA1_V4.1.0, X-CUBE-FREERTOS_V1.0.1, X-CUBE-GNSS1_V6.0.0, X-CUBE-MEMS1_V9.1.0, X-CUBE-MEMS1_V9.4.0, X-CUBE-MEMS1_V9.6.0, X-CUBE-NFC4_V3.0.0, X-CUBE-NFC7_V1.0.0, X-CUBE-SFXS2LP1_V4.0.0, X-CUBE-SUBG2_V5.0.0]
2023-07-02 19:58:04,876 [INFO] ApiDb:240 - Found 297 in-development CPN: [B-G473E-ZEST1S, B-WB1M-WPAN1, B-WL5M-SUBG1, NUCLEO-C031C6, NUCLEO-H503RB, NUCLEO-H563ZI, NUCLEO-U545RE-Q, NUCLEO-U5A5ZJ-Q, NUCLEO-WBA52CG, STEVAL-PROTEUS1, STEVAL-STWINBX1, STM320518-EVAL, STM32C0116-DK, STM32C011D6Y3TR, STM32C011D6Y6TR, STM32C011F4P3, STM32C011F4P6, STM32C011F4U3, STM32C011F4U6TR, STM32C011F6P3, STM32C011F6P6, STM32C011F6U3, STM32C011F6U6TR, STM32C011J4M3, STM32C011J4M6, STM32C011J6M3, STM32C011J6M6, STM32C0316-DK, STM32C031C4T3, STM32C031C4T6, STM32C031C4U3, STM32C031C4U6, STM32C031C6T3, STM32C031C6T6, STM32C031C6U3, STM32C031C6U6, STM32C031F4P3, STM32C031F4P6, STM32C031F6P3, STM32C031F6P6, STM32C031G4U3, STM32C031G4U6, STM32C031G6U3, STM32C031G6U6, STM32C031K4T3, STM32C031K4T6, STM32C031K4U3, STM32C031K4U6, STM32C031K6T3, STM32C031K6T6, STM32C031K6U3, STM32C031K6U6, STM32G071K8TXN, STM32G071K8UXN, STM32G081GBU6N, STM32G081KBT6N, STM32G081KBUXN, STM32G0B1CCT6N, STM32G0B1KCT6, STM32G0B1NEY6TR, STM32G0B1RCT6N, STM32G0C1CCT6, STM32G0C1CCT6N, STM32G0C1CCU6N, STM32G0C1CET6N, STM32G0C1CEU6N, STM32G0C1KCT6, STM32G0C1NEY6TR, STM32G0C1RCI6N, STM32G0C1RCT6N, STM32G0C1REI6N, STM32G0C1RET6N, STM32G0C1VCI6, STM32G0C1VEI6, STM32G471CCT6, STM32G471CCU6, STM32G471CET3, STM32G471CET6, STM32G471CEU3, STM32G471CEU6, STM32G471MCT6, STM32G471MET3, STM32G471MET6, STM32G471MEY6TR, STM32G471QCT6, STM32G471QET3, STM32G471RCT6, STM32G471RET3, STM32G471RET6, STM32G471VCH6, STM32G471VCI6, STM32G471VCT6, STM32G471VEH3, STM32G471VEH6, STM32G471VEI3, STM32G471VEI6, STM32G471VET3, STM32G471VET6, STM32G474CCT6, STM32H503CBT6, STM32H503CBU6, STM32H503EBY6TR, STM32H503KBU6, STM32H503RBT6, STM32H562AGI6, STM32H562AII6, STM32H562IGK6, STM32H562IGT6, STM32H562IIK6, STM32H562IIT6, STM32H562RGT6, STM32H562RGV6, STM32H562RIT6, STM32H562RIV6, STM32H562VGT6, STM32H562VIT6, STM32H562ZGT6, STM32H562ZIT6, STM32H563AGI6, STM32H563AII3Q, STM32H563AII6, STM32H563IGK6, STM32H563IGT6, STM32H563IIK3Q, STM32H563IIK6, STM32H563IIT3Q, STM32H563IIT6, STM32H563MIY3QTR, STM32H563RGT6, STM32H563RGV6, STM32H563RIT6, STM32H563RIV6, STM32H563VGT6, STM32H563VIT3Q, STM32H563VIT6, STM32H563ZGT6, STM32H563ZIT3Q, STM32H563ZIT6, STM32H573AII3Q, STM32H573AII6, STM32H573I-DK, STM32H573IIK3Q, STM32H573IIK6, STM32H573IIT3Q, STM32H573IIT6, STM32H573MIY3QTR, STM32H573RIT6, STM32H573RIV6, STM32H573VIT3Q, STM32H573VIT6, STM32H573ZIT3Q, STM32H573ZIT6, STM32L4R5QGI6STR, STM32MP131AAE3, STM32MP131AAF3, STM32MP131AAG3, STM32MP131CAE3, STM32MP131CAF3, STM32MP131CAG3, STM32MP131DAE7, STM32MP131DAF7, STM32MP131DAG7, STM32MP131FAE7, STM32MP131FAF7, STM32MP131FAG7, STM32MP133AAE3, STM32MP133AAF3, STM32MP133AAG3, STM32MP133CAE3, STM32MP133CAF3, STM32MP133CAG3, STM32MP133DAE7, STM32MP133DAF7, STM32MP133DAG7, STM32MP133FAE7, STM32MP133FAF7, STM32MP133FAG7, STM32MP135AAE3, STM32MP135AAF3, STM32MP135AAG3, STM32MP135CAE3, STM32MP135CAF3, STM32MP135CAG3, STM32MP135DAE7, STM32MP135DAF7, STM32MP135DAG7, STM32MP135F-DK, STM32MP135FAE7, STM32MP135FAF7, STM32MP135FAF7T, STM32MP135FAF7U, STM32MP135FAG7, STM32U535CBT6, STM32U535CBT6Q, STM32U535CBU6, STM32U535CBU6Q, STM32U535CCT6, STM32U535CCT6Q, STM32U535CCU6, STM32U535CCU6Q, STM32U535CET6, STM32U535CET6Q, STM32U535CEU6, STM32U535CEU6Q, STM32U535JEY6QTR, STM32U535NCY6QTR, STM32U535NEY6QTR, STM32U535RBI6, STM32U535RBI6Q, STM32U535RBT6, STM32U535RBT6Q, STM32U535RCI6, STM32U535RCI6Q, STM32U535RCT6, STM32U535RCT6Q, STM32U535REI6, STM32U535REI6Q, STM32U535RET6, STM32U535RET6Q, STM32U535VCI6, STM32U535VCI6Q, STM32U535VCT6, STM32U535VCT6Q, STM32U535VEI6, STM32U535VEI6Q, STM32U535VET6, STM32U535VET6Q, STM32U545CET6, STM32U545CET6Q, STM32U545CEU6, STM32U545CEU6Q, STM32U545JEY6QTR, STM32U545NEY6QTR, STM32U545REI6, STM32U545REI6Q, STM32U545RET6, STM32U545RET6Q, STM32U545VEI6, STM32U545VEI6Q, STM32U545VET6, STM32U545VET6Q, STM32U595AIH6, STM32U595AIH6Q, STM32U595AJH6, STM32U595AJH6Q, STM32U595QII6, STM32U595QII6Q, STM32U595QJI6, STM32U595QJI6Q, STM32U595RIT6, STM32U595RIT6Q, STM32U595RJT6, STM32U595RJT6Q, STM32U595VIT6, STM32U595VIT6Q, STM32U595VJT6, STM32U595VJT6Q, STM32U595ZIT6, STM32U595ZIT6Q, STM32U595ZIY6QTR, STM32U595ZJT6, STM32U595ZJT6Q, STM32U595ZJY6QTR, STM32U599BJY6QTR, STM32U599NIH6Q, STM32U599NJH6Q, STM32U599VIT6Q, STM32U599VJT6, STM32U599VJT6Q, STM32U599ZIT6Q, STM32U599ZIY6QTR, STM32U599ZJT6Q, STM32U599ZJY6QTR, STM32U5A5AJH6, STM32U5A5AJH6Q, STM32U5A5QJI6, STM32U5A5QJI6Q, STM32U5A5RJT6, STM32U5A5RJT6Q, STM32U5A5VJT6, STM32U5A5VJT6Q, STM32U5A5ZJT6, STM32U5A5ZJT6Q, STM32U5A5ZJY6QTR, STM32U5A9BJY6QTR, STM32U5A9J-DK, STM32U5A9NJH6Q, STM32U5A9VJT6Q, STM32U5A9ZJT6Q, STM32U5A9ZJY6QTR, STM32WB1MMCH6, STM32WBA52CEU6, STM32WBA52CEU6T, STM32WBA52CGU6, STM32WBA52CGU6T, STM32WL5MOCH6, STM32WL5MOCH6TR]
2023-07-02 19:58:04,878 [INFO] DbMcus:216 - Found 3775 MCUs, 3775 are supported
2023-07-02 19:58:04,879 [INFO] ApiDb:423 - Load user favorites file C:\Users\hyeon/.stm32cubeide/favorites.mcus.txt: 0 item(s)
2023-07-02 19:58:04,879 [INFO] ApiDb:427 - User favorites MCUs=[]
2023-07-02 19:58:04,879 [INFO] DbMcus:222 - Set 0 / 0 favorites MCUs
2023-07-02 19:58:05,266 [INFO] ServerAccessManage:473 - Download File 
2023-07-02 19:58:05,313 [INFO] LoadUrlFilesThread:185 - End of LoadServerUrlFiles without Thread
2023-07-02 19:58:05,313 [INFO] TargetSelectorAdapter:259 - Refresh data is successful
2023-07-02 19:58:05,329 [INFO] ApiDb:668 - CubeFinder database Data Model version=2.1
2023-07-02 19:58:05,329 [INFO] ApiDb:669 - CubeFinder database Configuration version=3.0.35
2023-07-02 19:58:05,329 [INFO] ApiDb:670 - CubeFinder database generation date=2023-05-12 (1683877179)
2023-07-02 19:58:05,329 [INFO] ApiDb:671 - CubeFinder database FW Pack versions=[FP-ATR-ASTRA1_V2.0.0, FP-SNS-FLIGHT1_V5.0.0, FP-SNS-MOTENV1_V4.3.0, STM32Cube_FW_C0_V1.0.1, STM32Cube_FW_F0_V1.11.4, STM32Cube_FW_F3_V1.11.4, STM32Cube_FW_F4_V1.27.1, STM32Cube_FW_F7_V1.17.0, STM32Cube_FW_G0_V1.6.1, STM32Cube_FW_G4_V1.5.1, STM32Cube_FW_H5_V0.5.1, STM32Cube_FW_H5_V1.0.0, STM32Cube_FW_H7_V1.11.0, STM32Cube_FW_L0_V1.12.2, STM32Cube_FW_L5_V1.5.0, STM32Cube_FW_U5_V1.2.0, STM32Cube_FW_WBA_V1.0.0, STM32Cube_FW_WBA_V1.0.0RC1, STM32Cube_FW_WBA_V1.0.0RC3, STM32Cube_FW_WB_V1.15.0RC1, STM32Cube_FW_WB_V1.16.0, STM32Cube_FW_WB_V1.16.0RC2, STM32Cube_FW_WL_V1.3.0, X-CUBE-ALGOBUILD_V1.3.0, X-CUBE-ALS_V1.0.1, X-CUBE-AZRTOS-F4_V1.1.0, X-CUBE-AZRTOS-F7_V1.1.0, X-CUBE-AZRTOS-G0_V1.1.0, X-CUBE-AZRTOS-G4_V2.0.0, X-CUBE-AZRTOS-H7_V3.1.0, X-CUBE-AZRTOS-L4_V1.0.0, X-CUBE-AZRTOS-L5_V1.1.0, X-CUBE-AZRTOS-WB_V1.1.0, X-CUBE-AZRTOS-WL_V1.0.0, X-CUBE-BLE1_V6.2.4, X-CUBE-BLE2_V3.3.0, X-CUBE-BLEMGR_V2.0.0, X-CUBE-EEPRMA1_V4.1.0, X-CUBE-FREERTOS_V1.0.1, X-CUBE-GNSS1_V6.0.0, X-CUBE-MEMS1_V9.1.0, X-CUBE-MEMS1_V9.4.0, X-CUBE-MEMS1_V9.6.0, X-CUBE-NFC4_V3.0.0, X-CUBE-NFC7_V1.0.0, X-CUBE-SFXS2LP1_V4.0.0, X-CUBE-SUBG2_V5.0.0]
2023-07-02 19:58:05,376 [INFO] DbBoardsSqlite:226 - include board P-NUCLEO-WB55-NUCLEO as a kit item of type 'Nucleo-64'
2023-07-02 19:58:05,376 [INFO] DbBoardsSqlite:226 - include board P-NUCLEO-WB55-USBDONGLE as a kit item of type 'Nucleo USB Dongle'
2023-07-02 19:58:05,376 [INFO] DbBoardsSqlite:226 - include board STEVAL-IDP005V1 as a kit item of type 'Evaluation Board'
2023-07-02 19:58:05,376 [INFO] DbBoardsSqlite:226 - include board STEVAL-IDP005V2 as a kit item of type 'Evaluation Board'
2023-07-02 19:58:05,426 [INFO] ApiDb:240 - Found 297 in-development CPN: [B-G473E-ZEST1S, B-WB1M-WPAN1, B-WL5M-SUBG1, NUCLEO-C031C6, NUCLEO-H503RB, NUCLEO-H563ZI, NUCLEO-U545RE-Q, NUCLEO-U5A5ZJ-Q, NUCLEO-WBA52CG, STEVAL-PROTEUS1, STEVAL-STWINBX1, STM320518-EVAL, STM32C0116-DK, STM32C011D6Y3TR, STM32C011D6Y6TR, STM32C011F4P3, STM32C011F4P6, STM32C011F4U3, STM32C011F4U6TR, STM32C011F6P3, STM32C011F6P6, STM32C011F6U3, STM32C011F6U6TR, STM32C011J4M3, STM32C011J4M6, STM32C011J6M3, STM32C011J6M6, STM32C0316-DK, STM32C031C4T3, STM32C031C4T6, STM32C031C4U3, STM32C031C4U6, STM32C031C6T3, STM32C031C6T6, STM32C031C6U3, STM32C031C6U6, STM32C031F4P3, STM32C031F4P6, STM32C031F6P3, STM32C031F6P6, STM32C031G4U3, STM32C031G4U6, STM32C031G6U3, STM32C031G6U6, STM32C031K4T3, STM32C031K4T6, STM32C031K4U3, STM32C031K4U6, STM32C031K6T3, STM32C031K6T6, STM32C031K6U3, STM32C031K6U6, STM32G071K8TXN, STM32G071K8UXN, STM32G081GBU6N, STM32G081KBT6N, STM32G081KBUXN, STM32G0B1CCT6N, STM32G0B1KCT6, STM32G0B1NEY6TR, STM32G0B1RCT6N, STM32G0C1CCT6, STM32G0C1CCT6N, STM32G0C1CCU6N, STM32G0C1CET6N, STM32G0C1CEU6N, STM32G0C1KCT6, STM32G0C1NEY6TR, STM32G0C1RCI6N, STM32G0C1RCT6N, STM32G0C1REI6N, STM32G0C1RET6N, STM32G0C1VCI6, STM32G0C1VEI6, STM32G471CCT6, STM32G471CCU6, STM32G471CET3, STM32G471CET6, STM32G471CEU3, STM32G471CEU6, STM32G471MCT6, STM32G471MET3, STM32G471MET6, STM32G471MEY6TR, STM32G471QCT6, STM32G471QET3, STM32G471RCT6, STM32G471RET3, STM32G471RET6, STM32G471VCH6, STM32G471VCI6, STM32G471VCT6, STM32G471VEH3, STM32G471VEH6, STM32G471VEI3, STM32G471VEI6, STM32G471VET3, STM32G471VET6, STM32G474CCT6, STM32H503CBT6, STM32H503CBU6, STM32H503EBY6TR, STM32H503KBU6, STM32H503RBT6, STM32H562AGI6, STM32H562AII6, STM32H562IGK6, STM32H562IGT6, STM32H562IIK6, STM32H562IIT6, STM32H562RGT6, STM32H562RGV6, STM32H562RIT6, STM32H562RIV6, STM32H562VGT6, STM32H562VIT6, STM32H562ZGT6, STM32H562ZIT6, STM32H563AGI6, STM32H563AII3Q, STM32H563AII6, STM32H563IGK6, STM32H563IGT6, STM32H563IIK3Q, STM32H563IIK6, STM32H563IIT3Q, STM32H563IIT6, STM32H563MIY3QTR, STM32H563RGT6, STM32H563RGV6, STM32H563RIT6, STM32H563RIV6, STM32H563VGT6, STM32H563VIT3Q, STM32H563VIT6, STM32H563ZGT6, STM32H563ZIT3Q, STM32H563ZIT6, STM32H573AII3Q, STM32H573AII6, STM32H573I-DK, STM32H573IIK3Q, STM32H573IIK6, STM32H573IIT3Q, STM32H573IIT6, STM32H573MIY3QTR, STM32H573RIT6, STM32H573RIV6, STM32H573VIT3Q, STM32H573VIT6, STM32H573ZIT3Q, STM32H573ZIT6, STM32L4R5QGI6STR, STM32MP131AAE3, STM32MP131AAF3, STM32MP131AAG3, STM32MP131CAE3, STM32MP131CAF3, STM32MP131CAG3, STM32MP131DAE7, STM32MP131DAF7, STM32MP131DAG7, STM32MP131FAE7, STM32MP131FAF7, STM32MP131FAG7, STM32MP133AAE3, STM32MP133AAF3, STM32MP133AAG3, STM32MP133CAE3, STM32MP133CAF3, STM32MP133CAG3, STM32MP133DAE7, STM32MP133DAF7, STM32MP133DAG7, STM32MP133FAE7, STM32MP133FAF7, STM32MP133FAG7, STM32MP135AAE3, STM32MP135AAF3, STM32MP135AAG3, STM32MP135CAE3, STM32MP135CAF3, STM32MP135CAG3, STM32MP135DAE7, STM32MP135DAF7, STM32MP135DAG7, STM32MP135F-DK, STM32MP135FAE7, STM32MP135FAF7, STM32MP135FAF7T, STM32MP135FAF7U, STM32MP135FAG7, STM32U535CBT6, STM32U535CBT6Q, STM32U535CBU6, STM32U535CBU6Q, STM32U535CCT6, STM32U535CCT6Q, STM32U535CCU6, STM32U535CCU6Q, STM32U535CET6, STM32U535CET6Q, STM32U535CEU6, STM32U535CEU6Q, STM32U535JEY6QTR, STM32U535NCY6QTR, STM32U535NEY6QTR, STM32U535RBI6, STM32U535RBI6Q, STM32U535RBT6, STM32U535RBT6Q, STM32U535RCI6, STM32U535RCI6Q, STM32U535RCT6, STM32U535RCT6Q, STM32U535REI6, STM32U535REI6Q, STM32U535RET6, STM32U535RET6Q, STM32U535VCI6, STM32U535VCI6Q, STM32U535VCT6, STM32U535VCT6Q, STM32U535VEI6, STM32U535VEI6Q, STM32U535VET6, STM32U535VET6Q, STM32U545CET6, STM32U545CET6Q, STM32U545CEU6, STM32U545CEU6Q, STM32U545JEY6QTR, STM32U545NEY6QTR, STM32U545REI6, STM32U545REI6Q, STM32U545RET6, STM32U545RET6Q, STM32U545VEI6, STM32U545VEI6Q, STM32U545VET6, STM32U545VET6Q, STM32U595AIH6, STM32U595AIH6Q, STM32U595AJH6, STM32U595AJH6Q, STM32U595QII6, STM32U595QII6Q, STM32U595QJI6, STM32U595QJI6Q, STM32U595RIT6, STM32U595RIT6Q, STM32U595RJT6, STM32U595RJT6Q, STM32U595VIT6, STM32U595VIT6Q, STM32U595VJT6, STM32U595VJT6Q, STM32U595ZIT6, STM32U595ZIT6Q, STM32U595ZIY6QTR, STM32U595ZJT6, STM32U595ZJT6Q, STM32U595ZJY6QTR, STM32U599BJY6QTR, STM32U599NIH6Q, STM32U599NJH6Q, STM32U599VIT6Q, STM32U599VJT6, STM32U599VJT6Q, STM32U599ZIT6Q, STM32U599ZIY6QTR, STM32U599ZJT6Q, STM32U599ZJY6QTR, STM32U5A5AJH6, STM32U5A5AJH6Q, STM32U5A5QJI6, STM32U5A5QJI6Q, STM32U5A5RJT6, STM32U5A5RJT6Q, STM32U5A5VJT6, STM32U5A5VJT6Q, STM32U5A5ZJT6, STM32U5A5ZJT6Q, STM32U5A5ZJY6QTR, STM32U5A9BJY6QTR, STM32U5A9J-DK, STM32U5A9NJH6Q, STM32U5A9VJT6Q, STM32U5A9ZJT6Q, STM32U5A9ZJY6QTR, STM32WB1MMCH6, STM32WBA52CEU6, STM32WBA52CEU6T, STM32WBA52CGU6, STM32WBA52CGU6T, STM32WL5MOCH6, STM32WL5MOCH6TR]
2023-07-02 19:58:05,565 [INFO] BoardInfo:880 - No configuration file found for board P-NUCLEO-WB55
2023-07-02 19:58:05,565 [INFO] DbBoards:157 - Kit is not supported: P-NUCLEO-WB55
2023-07-02 19:58:05,565 [INFO] BoardInfo:880 - No configuration file found for board STEVAL-BFA001V1B
2023-07-02 19:58:05,565 [INFO] DbBoards:157 - Kit is not supported: STEVAL-BFA001V1B
2023-07-02 19:58:05,565 [INFO] BoardInfo:880 - No configuration file found for board STEVAL-BFA001V2B
2023-07-02 19:58:05,565 [INFO] DbBoards:157 - Kit is not supported: STEVAL-BFA001V2B
2023-07-02 19:58:05,659 [INFO] DbBoards:161 - Found 187 boards, 184 are supported
2023-07-02 19:58:05,659 [INFO] ApiDb:414 - User favorites file not found: C:\Users\hyeon/.stm32cubeide/favorites.boards.txt
2023-07-02 19:58:05,659 [INFO] DbBoards:190 - Set 0 / 0 favorites Boards
2023-07-02 19:58:05,674 [INFO] ApiDb:668 - CubeFinder database Data Model version=2.1
2023-07-02 19:58:05,674 [INFO] ApiDb:669 - CubeFinder database Configuration version=3.0.35
2023-07-02 19:58:05,674 [INFO] ApiDb:670 - CubeFinder database generation date=2023-05-12 (1683877179)
2023-07-02 19:58:05,674 [INFO] ApiDb:671 - CubeFinder database FW Pack versions=[FP-ATR-ASTRA1_V2.0.0, FP-SNS-FLIGHT1_V5.0.0, FP-SNS-MOTENV1_V4.3.0, STM32Cube_FW_C0_V1.0.1, STM32Cube_FW_F0_V1.11.4, STM32Cube_FW_F3_V1.11.4, STM32Cube_FW_F4_V1.27.1, STM32Cube_FW_F7_V1.17.0, STM32Cube_FW_G0_V1.6.1, STM32Cube_FW_G4_V1.5.1, STM32Cube_FW_H5_V0.5.1, STM32Cube_FW_H5_V1.0.0, STM32Cube_FW_H7_V1.11.0, STM32Cube_FW_L0_V1.12.2, STM32Cube_FW_L5_V1.5.0, STM32Cube_FW_U5_V1.2.0, STM32Cube_FW_WBA_V1.0.0, STM32Cube_FW_WBA_V1.0.0RC1, STM32Cube_FW_WBA_V1.0.0RC3, STM32Cube_FW_WB_V1.15.0RC1, STM32Cube_FW_WB_V1.16.0, STM32Cube_FW_WB_V1.16.0RC2, STM32Cube_FW_WL_V1.3.0, X-CUBE-ALGOBUILD_V1.3.0, X-CUBE-ALS_V1.0.1, X-CUBE-AZRTOS-F4_V1.1.0, X-CUBE-AZRTOS-F7_V1.1.0, X-CUBE-AZRTOS-G0_V1.1.0, X-CUBE-AZRTOS-G4_V2.0.0, X-CUBE-AZRTOS-H7_V3.1.0, X-CUBE-AZRTOS-L4_V1.0.0, X-CUBE-AZRTOS-L5_V1.1.0, X-CUBE-AZRTOS-WB_V1.1.0, X-CUBE-AZRTOS-WL_V1.0.0, X-CUBE-BLE1_V6.2.4, X-CUBE-BLE2_V3.3.0, X-CUBE-BLEMGR_V2.0.0, X-CUBE-EEPRMA1_V4.1.0, X-CUBE-FREERTOS_V1.0.1, X-CUBE-GNSS1_V6.0.0, X-CUBE-MEMS1_V9.1.0, X-CUBE-MEMS1_V9.4.0, X-CUBE-MEMS1_V9.6.0, X-CUBE-NFC4_V3.0.0, X-CUBE-NFC7_V1.0.0, X-CUBE-SFXS2LP1_V4.0.0, X-CUBE-SUBG2_V5.0.0]
2023-07-02 19:58:06,364 [INFO] DbExamplesSqlite:376 - Ignored 45 examples not supported by CubeIDE
2023-07-02 19:58:06,364 [INFO] DbExamplesSqlite:377 - Found 7342 examples active
2023-07-02 19:58:06,364 [INFO] DbExamplesSqlite:378 - Found 1107 examples obsolete
2023-07-02 19:58:06,364 [INFO] DbExamplesSqlite:379 - Found 0 examples under development
2023-07-02 19:58:06,364 [INFO] DbExamplesSqlite:380 - Found 77 examples not building
2023-07-02 19:58:06,364 [INFO] DbExamples:125 - Found 7374 examples
2023-07-02 19:58:06,364 [INFO] DbExamples:222 - Found 92 boards with related examples
2023-07-02 19:58:06,380 [INFO] DbExamples:235 - Found 78 MCUs with related examples
2023-07-02 19:58:06,395 [INFO] ApiDb:414 - User favorites file not found: C:\Users\hyeon/.stm32cubeide/favorites.examples.txt
2023-07-02 19:58:06,395 [INFO] DbExamples:250 - Set 0 / 0 favorites Examples
2023-07-02 19:58:06,538 [INFO] McuFinderGlobals:66 - Set McuFinderConnectedMode to true
2023-07-02 19:58:06,554 [INFO] MultiScanPanel:200 - Auto-refresh data requested => check proxy status ongoing
2023-07-02 19:58:06,554 [INFO] FinderPluginLoader:95 - Searching for filters in installed packs
2023-07-02 19:58:07,432 [INFO] LoadUrlFilesThread:185 - End of LoadServerUrlFiles without Thread
2023-07-02 19:58:07,547 [INFO] DetailPanel:341 - Set advertising image to C:/Users/hyeon/STM32Cube/Repository/\en.prom-stm32h5-mcu-finder.jpg
2023-07-02 19:59:04,493 [INFO] MultiScanPanel:200 - Auto-refresh data requested => check proxy status ongoing
2023-07-02 19:59:04,602 [INFO] LoadUrlFilesThread:185 - End of LoadServerUrlFiles without Thread
2023-07-02 19:59:04,602 [INFO] DetailPanel:341 - Set advertising image to C:/Users/hyeon/STM32Cube/Repository/\en.prom-stm32h5-mcu-finder.jpg
2023-07-02 19:59:19,264 [INFO] MultiScanPanel:200 - Auto-refresh data requested => check proxy status ongoing
2023-07-02 19:59:19,264 [INFO] SoftwarePacks:127 - Download is needed for SW pack 'FP-ATR-ASTRA1_V2.0.0'
2023-07-02 19:59:19,264 [INFO] SoftwarePacks:127 - Download is needed for SW pack 'STM32Cube_FW_C0_V1.0.1'
2023-07-02 19:59:19,264 [INFO] SoftwarePacks:131 - Found SW pack 'STM32Cube_FW_F4_V1.27.1' up-to-date on disk.
2023-07-02 19:59:19,279 [INFO] SoftwarePacks:127 - Download is needed for SW pack 'STM32Cube_FW_F7_V1.17.0'
2023-07-02 19:59:19,279 [INFO] SoftwarePacks:127 - Download is needed for SW pack 'STM32Cube_FW_G0_V1.6.1'
2023-07-02 19:59:19,279 [INFO] SoftwarePacks:127 - Download is needed for SW pack 'STM32Cube_FW_G4_V1.5.1'
2023-07-02 19:59:19,279 [INFO] SoftwarePacks:127 - Download is needed for SW pack 'STM32Cube_FW_H5_V1.0.0'
2023-07-02 19:59:19,279 [INFO] SoftwarePacks:127 - Download is needed for SW pack 'STM32Cube_FW_H7_V1.11.0'
2023-07-02 19:59:19,279 [INFO] SoftwarePacks:127 - Download is needed for SW pack 'STM32Cube_FW_L0_V1.12.2'
2023-07-02 19:59:19,279 [INFO] SoftwarePacks:127 - Download is needed for SW pack 'STM32Cube_FW_L5_V1.5.0'
2023-07-02 19:59:19,279 [INFO] SoftwarePacks:127 - Download is needed for SW pack 'STM32Cube_FW_U5_V1.2.0'
2023-07-02 19:59:19,279 [INFO] SoftwarePacks:127 - Download is needed for SW pack 'STM32Cube_FW_WBA_V1.0.0'
2023-07-02 19:59:19,279 [INFO] SoftwarePacks:127 - Download is needed for SW pack 'STM32Cube_FW_WB_V1.16.0'
2023-07-02 19:59:19,279 [INFO] SoftwarePacks:127 - Download is needed for SW pack 'STM32Cube_FW_WL_V1.3.0'
2023-07-02 19:59:19,279 [INFO] SoftwarePacks:127 - Download is needed for SW pack 'X-CUBE-ALGOBUILD_V1.3.0'
2023-07-02 19:59:19,295 [INFO] SoftwarePacks:127 - Download is needed for SW pack 'X-CUBE-ALS_V1.0.1'
2023-07-02 19:59:19,295 [INFO] SoftwarePacks:127 - Download is needed for SW pack 'X-CUBE-AZRTOS-F4_V1.1.0'
2023-07-02 19:59:19,295 [INFO] SoftwarePacks:127 - Download is needed for SW pack 'X-CUBE-AZRTOS-F7_V1.1.0'
2023-07-02 19:59:19,295 [INFO] SoftwarePacks:127 - Download is needed for SW pack 'X-CUBE-AZRTOS-G0_V1.1.0'
2023-07-02 19:59:19,295 [INFO] SoftwarePacks:127 - Download is needed for SW pack 'X-CUBE-AZRTOS-G4_V2.0.0'
2023-07-02 19:59:19,295 [INFO] SoftwarePacks:127 - Download is needed for SW pack 'X-CUBE-AZRTOS-H7_V3.1.0'
2023-07-02 19:59:19,295 [INFO] SoftwarePacks:127 - Download is needed for SW pack 'X-CUBE-AZRTOS-L4_V1.0.0'
2023-07-02 19:59:19,295 [INFO] SoftwarePacks:127 - Download is needed for SW pack 'X-CUBE-AZRTOS-L5_V1.1.0'
2023-07-02 19:59:19,295 [INFO] SoftwarePacks:127 - Download is needed for SW pack 'X-CUBE-AZRTOS-WB_V1.1.0'
2023-07-02 19:59:19,295 [INFO] SoftwarePacks:127 - Download is needed for SW pack 'X-CUBE-AZRTOS-WL_V1.0.0'
2023-07-02 19:59:19,295 [INFO] SoftwarePacks:127 - Download is needed for SW pack 'X-CUBE-BLE1_V6.2.4'
2023-07-02 19:59:19,295 [INFO] SoftwarePacks:127 - Download is needed for SW pack 'X-CUBE-BLE2_V3.3.0'
2023-07-02 19:59:19,295 [INFO] SoftwarePacks:127 - Download is needed for SW pack 'X-CUBE-BLEMGR_V2.0.0'
2023-07-02 19:59:19,295 [INFO] SoftwarePacks:127 - Download is needed for SW pack 'X-CUBE-EEPRMA1_V4.1.0'
2023-07-02 19:59:19,295 [INFO] SoftwarePacks:127 - Download is needed for SW pack 'X-CUBE-FREERTOS_V1.0.1'
2023-07-02 19:59:19,295 [INFO] SoftwarePacks:127 - Download is needed for SW pack 'X-CUBE-GNSS1_V6.0.0'
2023-07-02 19:59:19,295 [INFO] SoftwarePacks:127 - Download is needed for SW pack 'X-CUBE-MEMS1_V9.6.0'
2023-07-02 19:59:19,295 [INFO] SoftwarePacks:127 - Download is needed for SW pack 'X-CUBE-NFC4_V3.0.0'
2023-07-02 19:59:19,295 [INFO] SoftwarePacks:127 - Download is needed for SW pack 'X-CUBE-NFC7_V1.0.0'
2023-07-02 19:59:19,295 [INFO] SoftwarePacks:127 - Download is needed for SW pack 'X-CUBE-SFXS2LP1_V4.0.0'
2023-07-02 19:59:19,295 [INFO] SoftwarePacks:127 - Download is needed for SW pack 'X-CUBE-SUBG2_V5.0.0'
2023-07-02 19:59:20,440 [INFO] LoadUrlFilesThread:185 - End of LoadServerUrlFiles without Thread
2023-07-02 19:59:20,440 [INFO] DetailPanel:341 - Set advertising image to C:/Users/hyeon/STM32Cube/Repository/\en.prom-stm32h5-mcu-finder.jpg
2023-07-02 19:59:59,109 [INFO] MainUpdater:2854 - connection check result : 10
2023-07-02 19:59:59,109 [INFO] MainUpdater:2854 - connection check result : 10
2023-07-02 19:59:59,140 [INFO] MicroXplorer:468 - Change Database Path : 
2023-07-02 19:59:59,140 [INFO] MicroXplorer:498 - Change Database Version : DB.6.0.81
2023-07-02 19:59:59,155 [WARN] ThirdParty:871 - waiting for thirdparty lock release [close project]
2023-07-02 19:59:59,155 [INFO] ThirdParty:873 - entering critical section [close project]
2023-07-02 19:59:59,155 [INFO] ThirdParty:883 - exiting critical section [close project]
2023-07-02 19:59:59,171 [INFO] PinOutPanel:1499 - setPackage(No Configuration,No Configuration)
2023-07-02 19:59:59,187 [WARN] IpParametersView:150 - Warning: This peripheral hasn't parameters
2023-07-02 19:59:59,202 [WARN] MainPanel:257 - <html><b><center>Warning: This peripheral has no parameters to be configured<br></b></html>
2023-07-02 19:59:59,234 [INFO] UtilMem:75 - Begin LoadConfig() Used Memory: 465663664 Bytes (611319808)
2023-07-02 19:59:59,234 [INFO] MicroXplorer:468 - Change Database Path : 
2023-07-02 19:59:59,234 [INFO] MicroXplorer:498 - Change Database Version : DB.6.0.81
2023-07-02 19:59:59,234 [INFO] OpenFileManager:308 - Change cursor
2023-07-02 19:59:59,249 [INFO] RulesReader:64 - Compatibility file has been processed (293 Rules)
2023-07-02 19:59:59,345 [INFO] Mcu:1937 - Initializing MCU STM32F407VETx STM32F407VETx 
2023-07-02 19:59:59,346 [INFO] Mcu:1950 - No CPN specified => set CPN to STM32F407VET6
2023-07-02 20:00:00,786 [INFO] Context:659 - Trying to add GPIOservice into a context  which must be forbidden
2023-07-02 20:00:01,195 [INFO] ImportTextPane:194 - (OptionalMessage_ERROR) Unable to find key (Mcu.ThirdPartyNb) in loaded IOC file
2023-07-02 20:00:01,195 [INFO] ImportTextPane:194 - (OptionalMessage_ERROR) Unable to find key (Mcu.PinsNb) in loaded IOC file
2023-07-02 20:00:01,195 [INFO] ImportTextPane:194 - (OptionalMessage_ERROR) Unable to find key (Mcu.IPNb) in loaded IOC file
2023-07-02 20:00:01,273 [INFO] RtosManager:555 - Registered RTOS mode: class=CMSIS, group=RTOS, mode=CMSIS_V1, owner=FREERTOS
2023-07-02 20:00:01,273 [INFO] RtosManager:555 - Registered RTOS mode: class=CMSIS, group=RTOS2, mode=CMSIS_V2, owner=FREERTOS
2023-07-02 20:00:01,273 [INFO] RtosManager:555 - Registered RTOS mode: class=RTOS, group=Core, mode=CMSIS_V1, owner=FREERTOS
2023-07-02 20:00:01,273 [INFO] RtosManager:555 - Registered RTOS mode: class=RTOS, group=Core, mode=CMSIS_V2, owner=FREERTOS
2023-07-02 20:00:01,273 [WARN] ModelIntegratedComponent:184 - Missing modes for component STMicroelectronics:FreeRTOS:0.0.1:STMicroelectronics:RTOS:FreeRTOS:Core:::10.2.0:
2023-07-02 20:00:01,273 [WARN] ModelIntegratedComponent:63 - No mode defined for component null
2023-07-02 20:00:01,273 [WARN] ModelIntegratedComponent:63 - No mode defined for component null
2023-07-02 20:00:01,273 [WARN] ModelIntegratedComponent:63 - No mode defined for component null
2023-07-02 20:00:01,273 [WARN] ModelIntegratedComponent:63 - No mode defined for component null
2023-07-02 20:00:01,273 [WARN] ModelIntegratedComponent:63 - No mode defined for component null
2023-07-02 20:00:01,273 [WARN] ModelIntegratedComponent:63 - No mode defined for component null
2023-07-02 20:00:01,273 [WARN] ModelIntegratedComponent:63 - No mode defined for component null
2023-07-02 20:00:01,273 [WARN] ModelIntegratedComponent:63 - No mode defined for component null
2023-07-02 20:00:01,273 [WARN] ModelIntegratedComponent:63 - No mode defined for component null
2023-07-02 20:00:01,273 [WARN] ModelIntegratedComponent:63 - No mode defined for component null
2023-07-02 20:00:01,273 [WARN] ModelIntegratedComponent:63 - No mode defined for component null
2023-07-02 20:00:01,273 [WARN] ModelIntegratedComponent:63 - No mode defined for component null
2023-07-02 20:00:01,273 [WARN] ModelIntegratedComponent:63 - No mode defined for component null
2023-07-02 20:00:01,273 [WARN] ModelIntegratedComponent:63 - No mode defined for component null
2023-07-02 20:00:01,273 [WARN] ModelIntegratedComponent:63 - No mode defined for component null
2023-07-02 20:00:01,273 [WARN] ModelIntegratedComponent:63 - No mode defined for component null
2023-07-02 20:00:01,273 [WARN] ModelIntegratedComponent:63 - No mode defined for component null
2023-07-02 20:00:01,273 [WARN] ModelIntegratedComponent:63 - No mode defined for component null
2023-07-02 20:00:01,273 [WARN] ModelIntegratedComponent:63 - No mode defined for component null
2023-07-02 20:00:01,273 [WARN] ModelIntegratedComponent:63 - No mode defined for component null
2023-07-02 20:00:01,273 [WARN] ModelIntegratedComponent:63 - No mode defined for component null
2023-07-02 20:00:01,273 [WARN] ModelIntegratedComponent:63 - No mode defined for component null
2023-07-02 20:00:01,273 [WARN] ModelIntegratedComponent:63 - No mode defined for component null
2023-07-02 20:00:01,273 [WARN] ModelIntegratedComponent:63 - No mode defined for component null
2023-07-02 20:00:01,273 [WARN] ModelIntegratedComponent:63 - No mode defined for component null
2023-07-02 20:00:01,273 [WARN] ModelIntegratedComponent:63 - No mode defined for component null
2023-07-02 20:00:01,273 [WARN] ModelIntegratedComponent:63 - No mode defined for component null
2023-07-02 20:00:01,273 [WARN] ModelIntegratedComponent:63 - No mode defined for component null
2023-07-02 20:00:01,273 [WARN] ModelIntegratedComponent:63 - No mode defined for component null
2023-07-02 20:00:01,273 [WARN] ModelIntegratedComponent:63 - No mode defined for component null
2023-07-02 20:00:01,273 [WARN] ModelIntegratedComponent:63 - No mode defined for component null
2023-07-02 20:00:01,273 [WARN] ModelIntegratedComponent:63 - No mode defined for component null
2023-07-02 20:00:01,273 [WARN] ModelIntegratedComponent:63 - No mode defined for component null
2023-07-02 20:00:01,288 [INFO] ThirdPartyModel:298 - Start build external matchings
2023-07-02 20:00:01,481 [INFO] ThirdPartyModel:316 - End build external matchings
2023-07-02 20:00:01,790 [INFO] UtilMem:75 - End LoadConfig() Used Memory: 465891880 Bytes (611319808)
2023-07-02 20:00:01,805 [WARN] ThirdParty:833 - waiting for thirdparty lock release [change project]
2023-07-02 20:00:01,805 [INFO] ThirdParty:835 - entering critical section [change project]
2023-07-02 20:00:01,805 [INFO] ThirdParty:1030 - CMSIS Pack Vendor :STMicroelectronics X-CUBE-ISPU 1.1.0
2023-07-02 20:00:01,805 [INFO] ThirdParty:1030 - CMSIS Pack Vendor :STMicroelectronics X-CUBE-GNSS1 6.0.0
2023-07-02 20:00:01,805 [INFO] ThirdParty:1030 - CMSIS Pack Vendor :STMicroelectronics USB_HOST 2.0.0
2023-07-02 20:00:01,805 [INFO] ThirdParty:1030 - CMSIS Pack Vendor :STMicroelectronics X-CUBE-AZRTOS-F4 1.1.0
2023-07-02 20:00:01,805 [INFO] ThirdParty:1030 - CMSIS Pack Vendor :STMicroelectronics LIBJPEG 8.0.0
2023-07-02 20:00:01,805 [INFO] ThirdParty:1030 - CMSIS Pack Vendor :STMicroelectronics X-CUBE-SMBUS 2.1.0
2023-07-02 20:00:01,805 [INFO] ThirdParty:1030 - CMSIS Pack Vendor :wolfSSL I-CUBE-wolfSSL 5.6.0
2023-07-02 20:00:01,805 [INFO] ThirdParty:1030 - CMSIS Pack Vendor :STMicroelectronics USB_DEVICE 3.0.0
2023-07-02 20:00:01,805 [INFO] ThirdParty:1030 - CMSIS Pack Vendor :STMicroelectronics X-CUBE-FREERTOS 1.0.1
2023-07-02 20:00:01,805 [INFO] ThirdParty:1030 - CMSIS Pack Vendor :STMicroelectronics X-CUBE-AZRTOS-F7 1.1.0
2023-07-02 20:00:01,805 [INFO] ThirdParty:1030 - CMSIS Pack Vendor :STMicroelectronics USB_DEVICE 2.0.0
2023-07-02 20:00:01,805 [INFO] ThirdParty:1030 - CMSIS Pack Vendor :STMicroelectronics X-CUBE-MEMS1 9.6.0
2023-07-02 20:00:01,805 [INFO] ThirdParty:1030 - CMSIS Pack Vendor :STMicroelectronics FP-SNS-MOTENV1 4.3.2
2023-07-02 20:00:01,805 [INFO] ThirdParty:1030 - CMSIS Pack Vendor :STMicroelectronics FP-SNS-FLIGHT1 5.0.1
2023-07-02 20:00:01,805 [INFO] ThirdParty:1030 - CMSIS Pack Vendor :STMicroelectronics X-CUBE-ALGOBUILD 1.3.0
2023-07-02 20:00:01,805 [INFO] ThirdParty:1030 - CMSIS Pack Vendor :STMicroelectronics X-CUBE-BLE1 6.2.4
2023-07-02 20:00:01,805 [INFO] ThirdParty:1030 - CMSIS Pack Vendor :STMicroelectronics X-CUBE-AZRTOS-L5 1.1.0
2023-07-02 20:00:01,805 [INFO] ThirdParty:1030 - CMSIS Pack Vendor :STMicroelectronics FreeRTOS 0.0.1
2023-07-02 20:00:01,805 [INFO] ThirdParty:1030 - CMSIS Pack Vendor :STMicroelectronics X-CUBE-AZRTOS-G0 1.1.0
2023-07-02 20:00:01,805 [INFO] ThirdParty:1030 - CMSIS Pack Vendor :emotas I-CUBE-CANOPEN 1.1.3
2023-07-02 20:00:01,805 [INFO] ThirdParty:1030 - CMSIS Pack Vendor :STMicroelectronics X-CUBE-BLEMGR 2.0.0
2023-07-02 20:00:01,821 [INFO] ThirdParty:1030 - CMSIS Pack Vendor :STMicroelectronics X-CUBE-AI 8.0.1
2023-07-02 20:00:01,821 [INFO] ThirdParty:1030 - CMSIS Pack Vendor :STMicroelectronics X-CUBE-NFC4 3.0.0
2023-07-02 20:00:01,821 [INFO] ThirdParty:1030 - CMSIS Pack Vendor :STMicroelectronics X-CUBE-SUBG2 5.0.0
2023-07-02 20:00:01,821 [INFO] ThirdParty:1030 - CMSIS Pack Vendor :STMicroelectronics STM32_WPAN 1.0.0
2023-07-02 20:00:01,821 [INFO] ThirdParty:1030 - CMSIS Pack Vendor :STMicroelectronics lwIP 2.0.3
2023-07-02 20:00:01,821 [INFO] ThirdParty:1030 - CMSIS Pack Vendor :STMicroelectronics USB_HOST 1.0.0
2023-07-02 20:00:01,821 [INFO] ThirdParty:1030 - CMSIS Pack Vendor :STMicroelectronics X-CUBE-AZRTOS-G4 2.0.0
2023-07-02 20:00:01,821 [INFO] ThirdParty:1030 - CMSIS Pack Vendor :STMicroelectronics PDM2PCM 3.1.0
2023-07-02 20:00:01,821 [INFO] ThirdParty:1030 - CMSIS Pack Vendor :STMicroelectronics X-CUBE-AZRTOS-H7 3.1.0
2023-07-02 20:00:01,821 [INFO] ThirdParty:1030 - CMSIS Pack Vendor :STMicroelectronics X-CUBE-TOF1 3.3.0
2023-07-02 20:00:01,821 [INFO] ThirdParty:1030 - CMSIS Pack Vendor :STMicroelectronics PDM2PCM 3.3.0
2023-07-02 20:00:01,821 [INFO] ThirdParty:1030 - CMSIS Pack Vendor :STMicroelectronics X-CUBE-DISPLAY 3.0.0
2023-07-02 20:00:01,821 [INFO] ThirdParty:1030 - CMSIS Pack Vendor :STMicroelectronics FP-ATR-SIGFOX1 3.2.0
2023-07-02 20:00:01,821 [INFO] ThirdParty:1030 - CMSIS Pack Vendor :STMicroelectronics HAL Drivers 0.0.0
2023-07-02 20:00:01,821 [INFO] ThirdParty:1030 - CMSIS Pack Vendor :STMicroelectronics MBEDTLS 2.16.2
2023-07-02 20:00:01,821 [INFO] ThirdParty:1030 - CMSIS Pack Vendor :STMicroelectronics X-CUBE-TOUCHGFX 4.22.0
2023-07-02 20:00:01,821 [INFO] ThirdParty:1030 - CMSIS Pack Vendor :STMicroelectronics X-CUBE-NFC7 1.0.1
2023-07-02 20:00:01,821 [INFO] ThirdParty:1030 - CMSIS Pack Vendor :STMicroelectronics MBEDTLS 2.14.1
2023-07-02 20:00:01,821 [INFO] ThirdParty:1030 - CMSIS Pack Vendor :STMicroelectronics X-CUBE-EEPRMA1 4.1.0
2023-07-02 20:00:01,821 [INFO] ThirdParty:1030 - CMSIS Pack Vendor :portGmbH I-Cube-SoM-uGOAL 1.1.0
2023-07-02 20:00:01,821 [INFO] ThirdParty:1030 - CMSIS Pack Vendor :STMicroelectronics X-CUBE-ALS 1.0.1
2023-07-02 20:00:01,821 [INFO] ThirdParty:1030 - CMSIS Pack Vendor :STMicroelectronics ThreadX 1.0.0
2023-07-02 20:00:01,821 [INFO] ThirdParty:1030 - CMSIS Pack Vendor :STMicroelectronics X-CUBE-AZRTOS-WB 1.1.0
2023-07-02 20:00:01,821 [INFO] ThirdParty:1030 - CMSIS Pack Vendor :STMicroelectronics X-CUBE-AZRTOS-WL 2.0.0
2023-07-02 20:00:01,821 [INFO] ThirdParty:1030 - CMSIS Pack Vendor :SEGGER I-CUBE-embOS 1.3.1
2023-07-02 20:00:01,821 [INFO] ThirdParty:1030 - CMSIS Pack Vendor :STMicroelectronics USB_DEVICE 1.0.0
2023-07-02 20:00:01,821 [INFO] ThirdParty:1030 - CMSIS Pack Vendor :STMicroelectronics X-CUBE-AZRTOS-L4 2.0.0
2023-07-02 20:00:01,821 [INFO] ThirdParty:1030 - CMSIS Pack Vendor :STMicroelectronics ThreadX 0.0.2
2023-07-02 20:00:01,821 [INFO] ThirdParty:1030 - CMSIS Pack Vendor :WES I-CUBE-Cesium 1.3.0
2023-07-02 20:00:01,821 [INFO] ThirdParty:1030 - CMSIS Pack Vendor :STMicroelectronics FP-ATR-ASTRA1 2.0.0
2023-07-02 20:00:01,821 [INFO] ThirdParty:1030 - CMSIS Pack Vendor :STMicroelectronics lwIP 2.1.2
2023-07-02 20:00:01,821 [INFO] ThirdParty:1030 - CMSIS Pack Vendor :STMicroelectronics X-CUBE-SFXS2LP1 4.0.0
2023-07-02 20:00:01,821 [INFO] ThirdParty:1030 - CMSIS Pack Vendor :STMicroelectronics X-CUBE-BLE2 3.3.0
2023-07-02 20:00:01,821 [INFO] ThirdParty:1030 - CMSIS Pack Vendor :STMicroelectronics PDM2PCM 3.2.0
2023-07-02 20:00:01,821 [INFO] ThirdParty:841 - exiting critical section [change project]
2023-07-02 20:00:01,993 [INFO] PinOutPanel:1499 - setPackage(No Configuration,No Configuration)
2023-07-02 20:00:01,995 [INFO] PinOutPanel:1499 - setPackage(STM32F407VETx,LQFP100)
2023-07-02 20:00:02,182 [INFO] UtilMem:75 - Before build in PCC Used Memory: 489699816 Bytes (611319808)
2023-07-02 20:00:02,495 [INFO] UtilMem:75 - After build in PCC Used Memory: 534788584 Bytes (611319808)
2023-07-02 20:00:02,540 [INFO] IPUIPlugin:80 - create IPUIPlugin
2023-07-02 20:00:02,540 [INFO] IPUIPlugin:80 - create IPUIPlugin
2023-07-02 20:00:02,540 [INFO] IPUIPlugin:80 - create IPUIPlugin
2023-07-02 20:00:02,540 [INFO] IPUIPlugin:80 - create IPUIPlugin
2023-07-02 20:00:02,540 [INFO] IPUIPlugin:80 - create IPUIPlugin
2023-07-02 20:00:02,540 [INFO] IPUIPlugin:80 - create IPUIPlugin
2023-07-02 20:00:02,540 [INFO] IPUIPlugin:80 - create IPUIPlugin
2023-07-02 20:00:02,541 [INFO] IPUIPlugin:80 - create IPUIPlugin
2023-07-02 20:00:02,541 [INFO] IPUIPlugin:80 - create IPUIPlugin
2023-07-02 20:00:02,541 [INFO] IPUIPlugin:80 - create IPUIPlugin
2023-07-02 20:00:02,541 [INFO] IPUIPlugin:80 - create IPUIPlugin
2023-07-02 20:00:02,541 [INFO] IPUIPlugin:80 - create IPUIPlugin
2023-07-02 20:00:02,541 [INFO] IPUIPlugin:80 - create IPUIPlugin
2023-07-02 20:00:02,541 [INFO] IPUIPlugin:80 - create IPUIPlugin
2023-07-02 20:00:02,541 [INFO] IPUIPlugin:80 - create IPUIPlugin
2023-07-02 20:00:02,541 [INFO] IPUIPlugin:80 - create IPUIPlugin
2023-07-02 20:00:02,541 [INFO] IPUIPlugin:80 - create IPUIPlugin
2023-07-02 20:00:02,541 [INFO] IPUIPlugin:80 - create IPUIPlugin
2023-07-02 20:00:02,542 [INFO] IPUIPlugin:80 - create IPUIPlugin
2023-07-02 20:00:02,542 [INFO] IPUIPlugin:80 - create IPUIPlugin
2023-07-02 20:00:02,542 [INFO] IPUIPlugin:80 - create IPUIPlugin
2023-07-02 20:00:02,542 [INFO] IPUIPlugin:80 - create IPUIPlugin
2023-07-02 20:00:02,543 [INFO] IPUIPlugin:80 - create IPUIPlugin
2023-07-02 20:00:02,543 [INFO] IPUIPlugin:80 - create IPUIPlugin
2023-07-02 20:00:02,543 [INFO] IPUIPlugin:80 - create IPUIPlugin
2023-07-02 20:00:02,543 [INFO] IPUIPlugin:80 - create IPUIPlugin
2023-07-02 20:00:02,544 [INFO] IPUIPlugin:80 - create IPUIPlugin
2023-07-02 20:00:02,544 [INFO] IPUIPlugin:80 - create IPUIPlugin
2023-07-02 20:00:02,544 [INFO] IPUIPlugin:80 - create IPUIPlugin
2023-07-02 20:00:02,544 [INFO] IPUIPlugin:80 - create IPUIPlugin
2023-07-02 20:00:02,544 [INFO] IPUIPlugin:80 - create IPUIPlugin
2023-07-02 20:00:02,544 [INFO] IPUIPlugin:80 - create IPUIPlugin
2023-07-02 20:00:02,545 [INFO] IPUIPlugin:80 - create IPUIPlugin
2023-07-02 20:00:02,545 [INFO] IPUIPlugin:80 - create IPUIPlugin
2023-07-02 20:00:02,545 [INFO] IPUIPlugin:80 - create IPUIPlugin
2023-07-02 20:00:02,546 [INFO] IPUIPlugin:80 - create IPUIPlugin
2023-07-02 20:00:02,546 [INFO] IPUIPlugin:80 - create IPUIPlugin
2023-07-02 20:00:02,546 [INFO] IPUIPlugin:80 - create IPUIPlugin
2023-07-02 20:00:02,547 [INFO] IPUIPlugin:80 - create IPUIPlugin
2023-07-02 20:00:02,547 [INFO] IPUIPlugin:80 - create IPUIPlugin
2023-07-02 20:00:02,547 [INFO] IPUIPlugin:80 - create IPUIPlugin
2023-07-02 20:00:02,547 [INFO] IPUIPlugin:80 - create IPUIPlugin
2023-07-02 20:00:02,548 [INFO] IPUIPlugin:80 - create IPUIPlugin
2023-07-02 20:00:02,548 [INFO] IPUIPlugin:80 - create IPUIPlugin
2023-07-02 20:00:02,548 [INFO] IPUIPlugin:80 - create IPUIPlugin
2023-07-02 20:00:02,548 [INFO] IPUIPlugin:80 - create IPUIPlugin
2023-07-02 20:00:02,548 [INFO] IPUIPlugin:80 - create IPUIPlugin
2023-07-02 20:00:02,548 [INFO] IPUIPlugin:80 - create IPUIPlugin
2023-07-02 20:00:02,549 [INFO] IPUIPlugin:80 - create IPUIPlugin
2023-07-02 20:00:02,549 [INFO] IPUIPlugin:80 - create IPUIPlugin
2023-07-02 20:00:02,550 [INFO] IPUIPlugin:80 - create IPUIPlugin
2023-07-02 20:00:02,550 [INFO] IPUIPlugin:80 - create IPUIPlugin
2023-07-02 20:00:02,551 [INFO] IPUIPlugin:80 - create IPUIPlugin
2023-07-02 20:00:02,551 [INFO] IPUIPlugin:80 - create IPUIPlugin
2023-07-02 20:00:02,552 [INFO] IPUIPlugin:80 - create IPUIPlugin
2023-07-02 20:00:02,553 [INFO] IPUIPlugin:80 - create IPUIPlugin
2023-07-02 20:00:02,553 [INFO] IPUIPlugin:80 - create IPUIPlugin
2023-07-02 20:00:02,554 [INFO] IPUIPlugin:80 - create IPUIPlugin
2023-07-02 20:00:02,571 [INFO] ApiDbMcu:507 - Load IP Config File for PDM2PCM
2023-07-02 20:00:02,576 [INFO] CADModel:165 - CPN selected for project levelSTM32F407VET6
2023-07-02 20:00:02,576 [INFO] CADModel:114 - Register for checkConnection events
2023-07-02 20:00:02,623 [INFO] OpenFileManager:328 - Restore cursor
2023-07-02 20:00:03,109 [INFO] UtilMem:75 - End SaveConfig() Used Memory: 491402520 Bytes (611319808)
2023-07-02 20:00:03,140 [INFO] UtilMem:75 - End SaveConfig() Used Memory: 512896280 Bytes (611319808)
2023-07-02 20:00:03,296 [INFO] BlockDiagram:2759 - set Specific Code input for plugin: RCC
2023-07-02 20:00:03,296 [INFO] BlockDiagram:2759 - set Specific Code input for plugin: NVIC
2023-07-02 20:00:03,296 [INFO] CodeGenerator:793 - code generatio: config db path: C:\ST\STM32CubeIDE_1.12.1\STM32CubeIDE\plugins\com.st.stm32cube.common.mx_6.8.1.202304191431\\db\
2023-07-02 20:00:03,515 [INFO] CodeEngine:255 - oldGeneratedFile, C:\Users\hyeon\Desktop\STM32_Workspace\LED_output\MXTmpFiles\license.tmp_save
2023-07-02 20:00:03,690 [INFO] CodeEngine:279 - Generated code: C:\Users\hyeon\Desktop\STM32_Workspace\LED_output\MXTmpFiles\license.tmp
2023-07-02 20:00:03,690 [INFO] CodeEngine:255 - oldGeneratedFile, C:\Users\hyeon\Desktop\STM32_Workspace\LED_output\Core\Src\stm32f4xx_it.c_save
2023-07-02 20:00:03,940 [INFO] CodeEngine:279 - Generated code: C:\Users\hyeon\Desktop\STM32_Workspace\LED_output\Core\Src\stm32f4xx_it.c
2023-07-02 20:00:03,940 [INFO] CodeEngine:255 - oldGeneratedFile, C:\Users\hyeon\Desktop\STM32_Workspace\LED_output\Core\Inc\stm32f4xx_it.h_save
2023-07-02 20:00:04,065 [INFO] CodeEngine:279 - Generated code: C:\Users\hyeon\Desktop\STM32_Workspace\LED_output\Core\Inc\stm32f4xx_it.h
2023-07-02 20:00:04,096 [INFO] CodeEngine:255 - oldGeneratedFile, C:\Users\hyeon\Desktop\STM32_Workspace\LED_output\Core\Src\stm32f4xx_hal_msp.c_save
2023-07-02 20:00:04,332 [INFO] CodeEngine:279 - Generated code: C:\Users\hyeon\Desktop\STM32_Workspace\LED_output\Core\Src\stm32f4xx_hal_msp.c
2023-07-02 20:00:04,332 [INFO] CodeEngine:255 - oldGeneratedFile, C:\Users\hyeon\Desktop\STM32_Workspace\LED_output\MXTmpFiles\system.tmp_save
2023-07-02 20:00:04,410 [INFO] CodeEngine:279 - Generated code: C:\Users\hyeon\Desktop\STM32_Workspace\LED_output\MXTmpFiles\system.tmp
2023-07-02 20:00:04,426 [INFO] CodeEngine:311 - oldGeneratedFile, C:\Users\hyeon\Desktop\STM32_Workspace\LED_output\Core\Inc\stm32f4xx_hal_conf.h_save
2023-07-02 20:00:04,519 [INFO] CodeEngine:335 - Generated code: C:\Users\hyeon\Desktop\STM32_Workspace\LED_output\Core\Inc\stm32f4xx_hal_conf.h
2023-07-02 20:00:04,535 [INFO] CodeEngine:255 - oldGeneratedFile, C:\Users\hyeon\Desktop\STM32_Workspace\LED_output\Core\Inc\main.h_save
2023-07-02 20:00:04,651 [INFO] CodeEngine:279 - Generated code: C:\Users\hyeon\Desktop\STM32_Workspace\LED_output\Core\Inc\main.h
2023-07-02 20:00:04,654 [INFO] CodeEngine:255 - oldGeneratedFile, C:\Users\hyeon\Desktop\STM32_Workspace\LED_output\Core\Src\main.c_save
2023-07-02 20:00:04,754 [INFO] CodeEngine:279 - Generated code: C:\Users\hyeon\Desktop\STM32_Workspace\LED_output\Core\Src\main.c
2023-07-02 20:00:05,272 [INFO] ProjectBuilder:2996 - Time for Copy HAL[1] : 112mS.
2023-07-02 20:00:05,272 [INFO] ProjectBuilder:4304 - Project Generator version: 3.19.2
2023-07-02 20:00:05,537 [INFO] ConfigFileManager:1483 - The Die is : DIE413
2023-07-02 20:00:05,537 [INFO] ApiDbMcu:507 - Load IP Config File for FATFS
2023-07-02 20:00:05,537 [INFO] ApiDbMcu:507 - Load IP Config File for FREERTOS
2023-07-02 20:00:05,537 [INFO] ApiDbMcu:507 - Load IP Config File for LIBJPEG
2023-07-02 20:00:05,553 [INFO] ApiDbMcu:507 - Load IP Config File for LWIP
2023-07-02 20:00:05,553 [INFO] ApiDbMcu:507 - Load IP Config File for MBEDTLS
2023-07-02 20:00:05,553 [INFO] ApiDbMcu:507 - Load IP Config File for USB_DEVICE
2023-07-02 20:00:05,553 [INFO] ApiDbMcu:507 - Load IP Config File for USB_HOST
2023-07-02 20:00:08,486 [INFO] ProjectBuilder:4505 - Time for Generating toolchain IDE Files: 3214mS.
2023-07-02 20:00:08,486 [INFO] ProjectBuilder:2867 - Time for Copy CMSIS : 0mS.
2023-07-02 20:00:08,486 [INFO] ProjectBuilder:2867 - Time for Copy CMSIS : 0mS.
2023-07-02 20:00:09,554 [INFO] McuFinderGlobals:66 - Set McuFinderConnectedMode to true
2023-07-02 20:00:09,569 [INFO] ApiDb:448 - Save user favorites file C:\Users\hyeon/.stm32cubeide/favorites.mcus.txt: 0 item(s)
2023-07-02 20:00:09,569 [INFO] ApiDb:452 - User favorites MCUs=[]
2023-07-02 20:00:09,569 [INFO] ApiDb:448 - Save user favorites file C:\Users\hyeon/.stm32cubeide/favorites.boards.txt: 0 item(s)
2023-07-02 20:00:09,569 [INFO] ApiDb:452 - User favorites Boards=[]
2023-07-02 20:00:09,569 [INFO] ApiDb:448 - Save user favorites file C:\Users\hyeon/.stm32cubeide/favorites.examples.txt: 0 item(s)
2023-07-02 20:00:09,569 [INFO] ApiDb:452 - User favorites Examples=[]
2023-07-02 20:01:02,207 [INFO] NvicIntPanel:101 - NVIC parent = com.st.microxplorer.plugins.ip.nvic.MultiNvicIntPanel[,0,0,0x0,invalid,layout=javax.swing.BoxLayout,alignmentX=0.0,alignmentY=0.0,border=,flags=9,maximumSize=,minimumSize=,preferredSize=]
2023-07-02 20:01:05,753 [INFO] NvicIntPanel:101 - NVIC parent = com.st.microxplorer.plugins.ip.nvic.MultiNvicIntPanel[,0,0,0x0,invalid,layout=javax.swing.BoxLayout,alignmentX=0.0,alignmentY=0.0,border=,flags=9,maximumSize=,minimumSize=,preferredSize=]
2023-07-02 20:02:24,545 [INFO] UtilMem:75 - End SaveConfig() Used Memory: 302757616 Bytes (786432000)
2023-07-02 20:02:26,667 [INFO] UtilMem:75 - End SaveConfig() Used Memory: 382982480 Bytes (786432000)
2023-07-02 20:02:26,836 [INFO] BlockDiagram:2759 - set Specific Code input for plugin: RCC
2023-07-02 20:02:26,836 [INFO] BlockDiagram:2759 - set Specific Code input for plugin: NVIC
2023-07-02 20:02:26,836 [INFO] BlockDiagram:2759 - set Specific Code input for plugin: GPIO
2023-07-02 20:02:26,836 [INFO] CodeGenerator:793 - code generatio: config db path: C:\ST\STM32CubeIDE_1.12.1\STM32CubeIDE\plugins\com.st.stm32cube.common.mx_6.8.1.202304191431\\db\
2023-07-02 20:02:26,977 [INFO] CodeEngine:255 - oldGeneratedFile, C:\Users\hyeon\Desktop\STM32_Workspace\LED_output\MXTmpFiles\license.tmp_save
2023-07-02 20:02:27,039 [INFO] CodeEngine:279 - Generated code: C:\Users\hyeon\Desktop\STM32_Workspace\LED_output\MXTmpFiles\license.tmp
2023-07-02 20:02:27,055 [INFO] CodeEngine:255 - oldGeneratedFile, C:\Users\hyeon\Desktop\STM32_Workspace\LED_output\Core\Src\gpio.c_save
2023-07-02 20:02:27,133 [INFO] CodeEngine:279 - Generated code: C:\Users\hyeon\Desktop\STM32_Workspace\LED_output\Core\Src\gpio.c
2023-07-02 20:02:27,148 [INFO] CodeEngine:255 - oldGeneratedFile, C:\Users\hyeon\Desktop\STM32_Workspace\LED_output\Core\Inc\gpio.h_save
2023-07-02 20:02:27,195 [INFO] CodeEngine:279 - Generated code: C:\Users\hyeon\Desktop\STM32_Workspace\LED_output\Core\Inc\gpio.h
2023-07-02 20:02:27,214 [INFO] CodeEngine:255 - oldGeneratedFile, C:\Users\hyeon\Desktop\STM32_Workspace\LED_output\Core\Src\stm32f4xx_it.c_save
2023-07-02 20:02:27,276 [INFO] CodeEngine:279 - Generated code: C:\Users\hyeon\Desktop\STM32_Workspace\LED_output\Core\Src\stm32f4xx_it.c
2023-07-02 20:02:27,292 [INFO] CodeEngine:255 - oldGeneratedFile, C:\Users\hyeon\Desktop\STM32_Workspace\LED_output\Core\Inc\stm32f4xx_it.h_save
2023-07-02 20:02:27,339 [INFO] CodeEngine:279 - Generated code: C:\Users\hyeon\Desktop\STM32_Workspace\LED_output\Core\Inc\stm32f4xx_it.h
2023-07-02 20:02:27,354 [INFO] CodeEngine:255 - oldGeneratedFile, C:\Users\hyeon\Desktop\STM32_Workspace\LED_output\Core\Src\stm32f4xx_hal_msp.c_save
2023-07-02 20:02:27,417 [INFO] CodeEngine:279 - Generated code: C:\Users\hyeon\Desktop\STM32_Workspace\LED_output\Core\Src\stm32f4xx_hal_msp.c
2023-07-02 20:02:27,417 [INFO] CodeEngine:255 - oldGeneratedFile, C:\Users\hyeon\Desktop\STM32_Workspace\LED_output\MXTmpFiles\system.tmp_save
2023-07-02 20:02:27,463 [INFO] CodeEngine:279 - Generated code: C:\Users\hyeon\Desktop\STM32_Workspace\LED_output\MXTmpFiles\system.tmp
2023-07-02 20:02:27,479 [INFO] CodeEngine:311 - oldGeneratedFile, C:\Users\hyeon\Desktop\STM32_Workspace\LED_output\Core\Inc\stm32f4xx_hal_conf.h_save
2023-07-02 20:02:27,573 [INFO] CodeEngine:335 - Generated code: C:\Users\hyeon\Desktop\STM32_Workspace\LED_output\Core\Inc\stm32f4xx_hal_conf.h
2023-07-02 20:02:27,604 [INFO] CodeEngine:255 - oldGeneratedFile, C:\Users\hyeon\Desktop\STM32_Workspace\LED_output\Core\Inc\main.h_save
2023-07-02 20:02:27,651 [INFO] CodeEngine:279 - Generated code: C:\Users\hyeon\Desktop\STM32_Workspace\LED_output\Core\Inc\main.h
2023-07-02 20:02:27,667 [INFO] CodeEngine:255 - oldGeneratedFile, C:\Users\hyeon\Desktop\STM32_Workspace\LED_output\Core\Src\main.c_save
2023-07-02 20:02:27,729 [INFO] CodeEngine:279 - Generated code: C:\Users\hyeon\Desktop\STM32_Workspace\LED_output\Core\Src\main.c
2023-07-02 20:02:28,359 [INFO] ProjectBuilder:2996 - Time for Copy HAL[1] : 112mS.
2023-07-02 20:02:28,359 [INFO] ProjectBuilder:4304 - Project Generator version: 3.19.2
2023-07-02 20:02:28,624 [INFO] ConfigFileManager:1483 - The Die is : DIE413
2023-07-02 20:02:29,535 [INFO] ProjectBuilder:4505 - Time for Generating toolchain IDE Files: 1176mS.
2023-07-02 20:02:29,535 [INFO] ProjectBuilder:2867 - Time for Copy CMSIS : 0mS.
2023-07-02 20:02:29,535 [INFO] ProjectBuilder:2867 - Time for Copy CMSIS : 0mS.
2023-07-02 20:38:27,478 [INFO] MainUpdater:2854 - connection check result : 10
2023-07-02 20:38:27,584 [INFO] McuFinderGlobals:66 - Set McuFinderConnectedMode to true
2023-07-02 20:38:27,587 [INFO] MultiScanPanel:200 - Auto-refresh data requested => check proxy status ongoing
2023-07-02 20:38:27,587 [INFO] FinderPluginLoader:95 - Searching for filters in installed packs
2023-07-02 20:38:28,202 [INFO] LoadUrlFilesThread:185 - End of LoadServerUrlFiles without Thread
2023-07-02 20:38:28,202 [INFO] DetailPanel:341 - Set advertising image to C:/Users/hyeon/STM32Cube/Repository/\en.prom-stm32h5-mcu-finder.jpg
2023-07-02 20:40:09,905 [INFO] MultiScanPanel:200 - Auto-refresh data requested => check proxy status ongoing
2023-07-02 20:40:09,953 [INFO] LoadUrlFilesThread:185 - End of LoadServerUrlFiles without Thread
2023-07-02 20:40:09,953 [INFO] DetailPanel:341 - Set advertising image to C:/Users/hyeon/STM32Cube/Repository/\en.prom-stm32h5-mcu-finder.jpg
2023-07-02 20:40:13,336 [INFO] ApiDb:581 - Connected to CubeFinder SQLite database (C:\Users\hyeon\.stmcufinder\plugins\mcufinder\mcu\cube-finder-db.db)
2023-07-02 20:40:39,676 [INFO] ServerAccessManage:473 - Download File DB3171.pdf
2023-07-02 20:40:40,439 [INFO] LoadUrlFilesThread:156 - End of LoadUrlFiles Thread
2023-07-02 20:40:40,546 [INFO] BoardAction:139 - Datasheet
2023-07-02 20:41:07,104 [INFO] MainUpdater:2854 - connection check result : 10
2023-07-02 20:41:07,104 [INFO] MainUpdater:2854 - connection check result : 10
2023-07-02 20:41:07,141 [INFO] MicroXplorer:468 - Change Database Path : 
2023-07-02 20:41:07,141 [INFO] MicroXplorer:498 - Change Database Version : DB.6.0.81
2023-07-02 20:41:07,155 [WARN] ThirdParty:871 - waiting for thirdparty lock release [close project]
2023-07-02 20:41:07,156 [INFO] ThirdParty:873 - entering critical section [close project]
2023-07-02 20:41:07,156 [INFO] ThirdParty:883 - exiting critical section [close project]
2023-07-02 20:41:07,157 [INFO] PinOutPanel:1499 - setPackage(No Configuration,No Configuration)
2023-07-02 20:41:07,163 [WARN] IpParametersView:150 - Warning: This peripheral hasn't parameters
2023-07-02 20:41:07,166 [WARN] MainPanel:257 - <html><b><center>Warning: This peripheral has no parameters to be configured<br></b></html>
2023-07-02 20:41:07,168 [INFO] UtilMem:75 - Begin LoadConfig() Used Memory: 507857384 Bytes (786432000)
2023-07-02 20:41:07,176 [INFO] MicroXplorer:468 - Change Database Path : 
2023-07-02 20:41:07,176 [INFO] MicroXplorer:498 - Change Database Version : DB.6.0.81
2023-07-02 20:41:07,176 [INFO] OpenFileManager:308 - Change cursor
2023-07-02 20:41:07,190 [INFO] RulesReader:64 - Compatibility file has been processed (293 Rules)
2023-07-02 20:41:07,200 [INFO] Mcu:1937 - Initializing MCU STM32F746ZGTx STM32F746ZGTx STM32F746ZGT6
2023-07-02 20:41:09,441 [INFO] Context:659 - Trying to add GPIOservice into a context  which must be forbidden
2023-07-02 20:41:09,757 [INFO] Rule:228 - rule WakeUp0 Mode is applicable
2023-07-02 20:41:09,758 [INFO] Rule:228 - rule WakeUp0 SIGNAL is applicable
2023-07-02 20:41:09,758 [INFO] Rule:228 - rule WakeUp1 Mode is applicable
2023-07-02 20:41:09,758 [INFO] Rule:228 - rule WakeUp1 SIGNAL is applicable
2023-07-02 20:41:09,758 [INFO] Rule:228 - rule WakeUp2 Mode is applicable
2023-07-02 20:41:09,758 [INFO] Rule:228 - rule WakeUp2 SIGNAL is applicable
2023-07-02 20:41:09,758 [INFO] Rule:228 - rule WakeUp4 Mode is applicable
2023-07-02 20:41:09,758 [INFO] Rule:228 - rule WakeUp4 SIGNAL is applicable
2023-07-02 20:41:09,758 [INFO] Rule:228 - rule WakeUp5 Mode is applicable
2023-07-02 20:41:09,759 [INFO] Rule:228 - rule WakeUp5 SIGNAL is applicable
2023-07-02 20:41:09,761 [INFO] DbConfProperties:307 - Apply Compatibility (0/10 Rules)
2023-07-02 20:41:09,887 [INFO] RtosManager:555 - Registered RTOS mode: class=CMSIS, group=RTOS, mode=CMSIS_V1, owner=FREERTOS
2023-07-02 20:41:09,887 [INFO] RtosManager:555 - Registered RTOS mode: class=CMSIS, group=RTOS2, mode=CMSIS_V2, owner=FREERTOS
2023-07-02 20:41:09,887 [INFO] RtosManager:555 - Registered RTOS mode: class=RTOS, group=Core, mode=CMSIS_V1, owner=FREERTOS
2023-07-02 20:41:09,888 [INFO] RtosManager:555 - Registered RTOS mode: class=RTOS, group=Core, mode=CMSIS_V2, owner=FREERTOS
2023-07-02 20:41:09,888 [WARN] ModelIntegratedComponent:184 - Missing modes for component STMicroelectronics:FreeRTOS:0.0.1:STMicroelectronics:RTOS:FreeRTOS:Core:::10.2.0:
2023-07-02 20:41:09,894 [WARN] ModelIntegratedComponent:63 - No mode defined for component null
2023-07-02 20:41:09,894 [WARN] ModelIntegratedComponent:63 - No mode defined for component null
2023-07-02 20:41:09,895 [WARN] ModelIntegratedComponent:63 - No mode defined for component null
2023-07-02 20:41:09,895 [WARN] ModelIntegratedComponent:63 - No mode defined for component null
2023-07-02 20:41:09,895 [WARN] ModelIntegratedComponent:63 - No mode defined for component null
2023-07-02 20:41:09,895 [WARN] ModelIntegratedComponent:63 - No mode defined for component null
2023-07-02 20:41:09,895 [WARN] ModelIntegratedComponent:63 - No mode defined for component null
2023-07-02 20:41:09,895 [WARN] ModelIntegratedComponent:63 - No mode defined for component null
2023-07-02 20:41:09,895 [WARN] ModelIntegratedComponent:63 - No mode defined for component null
2023-07-02 20:41:09,895 [WARN] ModelIntegratedComponent:63 - No mode defined for component null
2023-07-02 20:41:09,895 [WARN] ModelIntegratedComponent:63 - No mode defined for component null
2023-07-02 20:41:09,895 [WARN] ModelIntegratedComponent:63 - No mode defined for component null
2023-07-02 20:41:09,895 [WARN] ModelIntegratedComponent:63 - No mode defined for component null
2023-07-02 20:41:09,895 [WARN] ModelIntegratedComponent:63 - No mode defined for component null
2023-07-02 20:41:09,895 [WARN] ModelIntegratedComponent:63 - No mode defined for component null
2023-07-02 20:41:09,896 [WARN] ModelIntegratedComponent:63 - No mode defined for component null
2023-07-02 20:41:09,896 [WARN] ModelIntegratedComponent:63 - No mode defined for component null
2023-07-02 20:41:09,896 [WARN] ModelIntegratedComponent:63 - No mode defined for component null
2023-07-02 20:41:09,896 [WARN] ModelIntegratedComponent:63 - No mode defined for component null
2023-07-02 20:41:09,896 [WARN] ModelIntegratedComponent:63 - No mode defined for component null
2023-07-02 20:41:09,896 [WARN] ModelIntegratedComponent:63 - No mode defined for component null
2023-07-02 20:41:09,896 [WARN] ModelIntegratedComponent:63 - No mode defined for component null
2023-07-02 20:41:09,896 [WARN] ModelIntegratedComponent:63 - No mode defined for component null
2023-07-02 20:41:09,896 [WARN] ModelIntegratedComponent:63 - No mode defined for component null
2023-07-02 20:41:09,896 [WARN] ModelIntegratedComponent:63 - No mode defined for component null
2023-07-02 20:41:09,896 [WARN] ModelIntegratedComponent:63 - No mode defined for component null
2023-07-02 20:41:09,896 [WARN] ModelIntegratedComponent:63 - No mode defined for component null
2023-07-02 20:41:09,896 [WARN] ModelIntegratedComponent:63 - No mode defined for component null
2023-07-02 20:41:09,896 [WARN] ModelIntegratedComponent:63 - No mode defined for component null
2023-07-02 20:41:09,896 [WARN] ModelIntegratedComponent:63 - No mode defined for component null
2023-07-02 20:41:09,896 [WARN] ModelIntegratedComponent:63 - No mode defined for component null
2023-07-02 20:41:09,896 [WARN] ModelIntegratedComponent:63 - No mode defined for component null
2023-07-02 20:41:09,896 [WARN] ModelIntegratedComponent:63 - No mode defined for component null
2023-07-02 20:41:09,905 [INFO] ThirdPartyModel:298 - Start build external matchings
2023-07-02 20:41:10,179 [INFO] ThirdPartyModel:316 - End build external matchings
2023-07-02 20:41:10,188 [INFO] ImportTextPane:194 - (OptionalMessage_ERROR) IP (ETH) : Invalid parameter (PHY_Name)
2023-07-02 20:41:10,188 [INFO] ImportTextPane:194 - (OptionalMessage_ERROR) IP (ETH) : Invalid parameter (PHY_Value)
2023-07-02 20:41:10,188 [INFO] ImportTextPane:194 - (OptionalMessage_ERROR) IP (ETH) : Invalid parameter (PhyAddress)
2023-07-02 20:41:10,190 [INFO] ImportTextPane:194 - (OptionalMessage_ERROR) IP (RCC) : Invalid parameter (48MHZClocksFreq_Value)
2023-07-02 20:41:10,190 [INFO] ImportTextPane:194 - (OptionalMessage_ERROR) IP (RCC) : Invalid parameter (ADC12outputFreq_Value)
2023-07-02 20:41:10,190 [INFO] ImportTextPane:194 - (OptionalMessage_ERROR) IP (RCC) : Invalid parameter (ADC34outputFreq_Value)
2023-07-02 20:41:10,192 [INFO] ImportTextPane:194 - (OptionalMessage_ERROR) IP (RCC) : Invalid parameter (FamilyName)
2023-07-02 20:41:10,192 [INFO] ImportTextPane:194 - (OptionalMessage_ERROR) IP (RCC) : Invalid parameter (I2SClocksFreq_Value)
2023-07-02 20:41:10,192 [INFO] ImportTextPane:194 - (OptionalMessage_ERROR) IP (RCC) : Parameter (LCDTFToutputFreq_Value) has invalid value (96000000)
2023-07-02 20:41:10,192 [INFO] ImportTextPane:194 - (OptionalMessage_ERROR) IP (RCC) : Invalid parameter (MCOFreq_Value)
2023-07-02 20:41:10,193 [INFO] ImportTextPane:194 - (OptionalMessage_ERROR) IP (RCC) : Invalid parameter (PLLMCOFreq_Value)
2023-07-02 20:41:10,193 [INFO] ImportTextPane:194 - (OptionalMessage_ERROR) IP (RCC) : Invalid parameter (PLLMUL)
2023-07-02 20:41:10,193 [INFO] ImportTextPane:194 - (OptionalMessage_ERROR) IP (RCC) : Invalid parameter (PRESCALERUSB)
2023-07-02 20:41:10,193 [INFO] ImportTextPane:194 - (OptionalMessage_ERROR) IP (RCC) : Invalid parameter (RTCHSEDivFreq_Value)
2023-07-02 20:41:10,193 [INFO] ImportTextPane:194 - (OptionalMessage_ERROR) IP (RCC) : Parameter (SDMMCFreq_Value) has invalid value (72000000)
2023-07-02 20:41:10,194 [INFO] ImportTextPane:194 - (OptionalMessage_ERROR) IP (RCC) : Invalid parameter (SYSCLKSourceVirtual)
2023-07-02 20:41:10,194 [INFO] ImportTextPane:194 - (OptionalMessage_ERROR) IP (RCC) : Invalid parameter (TIM15Freq_Value)
2023-07-02 20:41:10,194 [INFO] ImportTextPane:194 - (OptionalMessage_ERROR) IP (RCC) : Invalid parameter (TIM16Freq_Value)
2023-07-02 20:41:10,194 [INFO] ImportTextPane:194 - (OptionalMessage_ERROR) IP (RCC) : Invalid parameter (TIM17Freq_Value)
2023-07-02 20:41:10,194 [INFO] ImportTextPane:194 - (OptionalMessage_ERROR) IP (RCC) : Invalid parameter (TIM1Freq_Value)
2023-07-02 20:41:10,194 [INFO] ImportTextPane:194 - (OptionalMessage_ERROR) IP (RCC) : Invalid parameter (TIM20Freq_Value)
2023-07-02 20:41:10,194 [INFO] ImportTextPane:194 - (OptionalMessage_ERROR) IP (RCC) : Invalid parameter (TIM2Freq_Value)
2023-07-02 20:41:10,194 [INFO] ImportTextPane:194 - (OptionalMessage_ERROR) IP (RCC) : Invalid parameter (TIM3Freq_Value)
2023-07-02 20:41:10,194 [INFO] ImportTextPane:194 - (OptionalMessage_ERROR) IP (RCC) : Invalid parameter (TIM8Freq_Value)
2023-07-02 20:41:10,195 [INFO] ImportTextPane:194 - (OptionalMessage_ERROR) IP (RCC) : Invalid parameter (VCOOutput2Freq_Value)
2023-07-02 20:41:10,195 [INFO] ImportTextPane:194 - (OptionalMessage_ERROR) IP (RCC) : Invalid parameter (VcooutputI2S)
2023-07-02 20:41:10,688 [INFO] UtilMem:75 - End LoadConfig() Used Memory: 564657264 Bytes (786432000)
2023-07-02 20:41:10,829 [WARN] ThirdParty:833 - waiting for thirdparty lock release [change project]
2023-07-02 20:41:10,829 [INFO] ThirdParty:835 - entering critical section [change project]
2023-07-02 20:41:10,829 [INFO] ThirdParty:1030 - CMSIS Pack Vendor :STMicroelectronics X-CUBE-ISPU 1.1.0
2023-07-02 20:41:10,829 [INFO] ThirdParty:1030 - CMSIS Pack Vendor :STMicroelectronics X-CUBE-GNSS1 6.0.0
2023-07-02 20:41:10,829 [INFO] ThirdParty:1030 - CMSIS Pack Vendor :STMicroelectronics USB_HOST 2.0.0
2023-07-02 20:41:10,829 [INFO] ThirdParty:1030 - CMSIS Pack Vendor :STMicroelectronics X-CUBE-AZRTOS-F4 1.1.0
2023-07-02 20:41:10,829 [INFO] ThirdParty:1030 - CMSIS Pack Vendor :STMicroelectronics LIBJPEG 8.0.0
2023-07-02 20:41:10,829 [INFO] ThirdParty:1030 - CMSIS Pack Vendor :STMicroelectronics X-CUBE-SMBUS 2.1.0
2023-07-02 20:41:10,829 [INFO] ThirdParty:1030 - CMSIS Pack Vendor :wolfSSL I-CUBE-wolfSSL 5.6.0
2023-07-02 20:41:10,829 [INFO] ThirdParty:1030 - CMSIS Pack Vendor :STMicroelectronics USB_DEVICE 3.0.0
2023-07-02 20:41:10,829 [INFO] ThirdParty:1030 - CMSIS Pack Vendor :STMicroelectronics X-CUBE-FREERTOS 1.0.1
2023-07-02 20:41:10,829 [INFO] ThirdParty:1030 - CMSIS Pack Vendor :STMicroelectronics X-CUBE-AZRTOS-F7 1.1.0
2023-07-02 20:41:10,829 [INFO] ThirdParty:1030 - CMSIS Pack Vendor :STMicroelectronics USB_DEVICE 2.0.0
2023-07-02 20:41:10,829 [INFO] ThirdParty:1030 - CMSIS Pack Vendor :STMicroelectronics X-CUBE-MEMS1 9.6.0
2023-07-02 20:41:10,829 [INFO] ThirdParty:1030 - CMSIS Pack Vendor :STMicroelectronics FP-SNS-MOTENV1 4.3.2
2023-07-02 20:41:10,830 [INFO] ThirdParty:1030 - CMSIS Pack Vendor :STMicroelectronics FP-SNS-FLIGHT1 5.0.1
2023-07-02 20:41:10,830 [INFO] ThirdParty:1030 - CMSIS Pack Vendor :STMicroelectronics X-CUBE-ALGOBUILD 1.3.0
2023-07-02 20:41:10,830 [INFO] ThirdParty:1030 - CMSIS Pack Vendor :STMicroelectronics X-CUBE-BLE1 6.2.4
2023-07-02 20:41:10,830 [INFO] ThirdParty:1030 - CMSIS Pack Vendor :STMicroelectronics X-CUBE-AZRTOS-L5 1.1.0
2023-07-02 20:41:10,830 [INFO] ThirdParty:1030 - CMSIS Pack Vendor :STMicroelectronics FreeRTOS 0.0.1
2023-07-02 20:41:10,830 [INFO] ThirdParty:1030 - CMSIS Pack Vendor :STMicroelectronics X-CUBE-AZRTOS-G0 1.1.0
2023-07-02 20:41:10,830 [INFO] ThirdParty:1030 - CMSIS Pack Vendor :emotas I-CUBE-CANOPEN 1.1.3
2023-07-02 20:41:10,830 [INFO] ThirdParty:1030 - CMSIS Pack Vendor :STMicroelectronics X-CUBE-BLEMGR 2.0.0
2023-07-02 20:41:10,830 [INFO] ThirdParty:1030 - CMSIS Pack Vendor :STMicroelectronics X-CUBE-AI 8.0.1
2023-07-02 20:41:10,830 [INFO] ThirdParty:1030 - CMSIS Pack Vendor :STMicroelectronics X-CUBE-NFC4 3.0.0
2023-07-02 20:41:10,830 [INFO] ThirdParty:1030 - CMSIS Pack Vendor :STMicroelectronics X-CUBE-SUBG2 5.0.0
2023-07-02 20:41:10,830 [INFO] ThirdParty:1030 - CMSIS Pack Vendor :STMicroelectronics STM32_WPAN 1.0.0
2023-07-02 20:41:10,830 [INFO] ThirdParty:1030 - CMSIS Pack Vendor :STMicroelectronics lwIP 2.0.3
2023-07-02 20:41:10,830 [INFO] ThirdParty:1030 - CMSIS Pack Vendor :STMicroelectronics USB_HOST 1.0.0
2023-07-02 20:41:10,830 [INFO] ThirdParty:1030 - CMSIS Pack Vendor :STMicroelectronics X-CUBE-AZRTOS-G4 2.0.0
2023-07-02 20:41:10,830 [INFO] ThirdParty:1030 - CMSIS Pack Vendor :STMicroelectronics PDM2PCM 3.1.0
2023-07-02 20:41:10,830 [INFO] ThirdParty:1030 - CMSIS Pack Vendor :STMicroelectronics X-CUBE-AZRTOS-H7 3.1.0
2023-07-02 20:41:10,830 [INFO] ThirdParty:1030 - CMSIS Pack Vendor :STMicroelectronics X-CUBE-TOF1 3.3.0
2023-07-02 20:41:10,830 [INFO] ThirdParty:1030 - CMSIS Pack Vendor :STMicroelectronics PDM2PCM 3.3.0
2023-07-02 20:41:10,830 [INFO] ThirdParty:1030 - CMSIS Pack Vendor :STMicroelectronics X-CUBE-DISPLAY 3.0.0
2023-07-02 20:41:10,830 [INFO] ThirdParty:1030 - CMSIS Pack Vendor :STMicroelectronics FP-ATR-SIGFOX1 3.2.0
2023-07-02 20:41:10,830 [INFO] ThirdParty:1030 - CMSIS Pack Vendor :STMicroelectronics HAL Drivers 0.0.0
2023-07-02 20:41:10,830 [INFO] ThirdParty:1030 - CMSIS Pack Vendor :STMicroelectronics MBEDTLS 2.16.2
2023-07-02 20:41:10,830 [INFO] ThirdParty:1030 - CMSIS Pack Vendor :STMicroelectronics X-CUBE-TOUCHGFX 4.22.0
2023-07-02 20:41:10,830 [INFO] ThirdParty:1030 - CMSIS Pack Vendor :STMicroelectronics X-CUBE-NFC7 1.0.1
2023-07-02 20:41:10,830 [INFO] ThirdParty:1030 - CMSIS Pack Vendor :STMicroelectronics MBEDTLS 2.14.1
2023-07-02 20:41:10,830 [INFO] ThirdParty:1030 - CMSIS Pack Vendor :STMicroelectronics X-CUBE-EEPRMA1 4.1.0
2023-07-02 20:41:10,830 [INFO] ThirdParty:1030 - CMSIS Pack Vendor :portGmbH I-Cube-SoM-uGOAL 1.1.0
2023-07-02 20:41:10,830 [INFO] ThirdParty:1030 - CMSIS Pack Vendor :STMicroelectronics X-CUBE-ALS 1.0.1
2023-07-02 20:41:10,830 [INFO] ThirdParty:1030 - CMSIS Pack Vendor :STMicroelectronics ThreadX 1.0.0
2023-07-02 20:41:10,830 [INFO] ThirdParty:1030 - CMSIS Pack Vendor :STMicroelectronics X-CUBE-AZRTOS-WB 1.1.0
2023-07-02 20:41:10,830 [INFO] ThirdParty:1030 - CMSIS Pack Vendor :STMicroelectronics X-CUBE-AZRTOS-WL 2.0.0
2023-07-02 20:41:10,830 [INFO] ThirdParty:1030 - CMSIS Pack Vendor :SEGGER I-CUBE-embOS 1.3.1
2023-07-02 20:41:10,830 [INFO] ThirdParty:1030 - CMSIS Pack Vendor :STMicroelectronics USB_DEVICE 1.0.0
2023-07-02 20:41:10,830 [INFO] ThirdParty:1030 - CMSIS Pack Vendor :STMicroelectronics X-CUBE-AZRTOS-L4 2.0.0
2023-07-02 20:41:10,830 [INFO] ThirdParty:1030 - CMSIS Pack Vendor :STMicroelectronics ThreadX 0.0.2
2023-07-02 20:41:10,830 [INFO] ThirdParty:1030 - CMSIS Pack Vendor :WES I-CUBE-Cesium 1.3.0
2023-07-02 20:41:10,830 [INFO] ThirdParty:1030 - CMSIS Pack Vendor :STMicroelectronics FP-ATR-ASTRA1 2.0.0
2023-07-02 20:41:10,830 [INFO] ThirdParty:1030 - CMSIS Pack Vendor :STMicroelectronics lwIP 2.1.2
2023-07-02 20:41:10,831 [INFO] ThirdParty:1030 - CMSIS Pack Vendor :STMicroelectronics X-CUBE-SFXS2LP1 4.0.0
2023-07-02 20:41:10,831 [INFO] ThirdParty:1030 - CMSIS Pack Vendor :STMicroelectronics X-CUBE-BLE2 3.3.0
2023-07-02 20:41:10,831 [INFO] ThirdParty:1030 - CMSIS Pack Vendor :STMicroelectronics PDM2PCM 3.2.0
2023-07-02 20:41:10,831 [INFO] ThirdParty:841 - exiting critical section [change project]
2023-07-02 20:41:11,060 [INFO] PinOutPanel:1499 - setPackage(No Configuration,No Configuration)
2023-07-02 20:41:11,061 [INFO] PinOutPanel:1499 - setPackage(STM32F746ZGTx,LQFP144)
2023-07-02 20:41:11,617 [INFO] UtilMem:75 - Before build in PCC Used Memory: 429356936 Bytes (786432000)
2023-07-02 20:41:11,815 [INFO] UtilMem:75 - After build in PCC Used Memory: 477591432 Bytes (786432000)
2023-07-02 20:41:11,840 [INFO] IPUIPlugin:80 - create IPUIPlugin
2023-07-02 20:41:11,840 [INFO] IPUIPlugin:80 - create IPUIPlugin
2023-07-02 20:41:11,840 [INFO] IPUIPlugin:80 - create IPUIPlugin
2023-07-02 20:41:11,841 [INFO] IPUIPlugin:80 - create IPUIPlugin
2023-07-02 20:41:11,841 [INFO] IPUIPlugin:80 - create IPUIPlugin
2023-07-02 20:41:11,841 [INFO] IPUIPlugin:80 - create IPUIPlugin
2023-07-02 20:41:11,841 [INFO] IPUIPlugin:80 - create IPUIPlugin
2023-07-02 20:41:11,841 [INFO] IPUIPlugin:80 - create IPUIPlugin
2023-07-02 20:41:11,841 [INFO] IPUIPlugin:80 - create IPUIPlugin
2023-07-02 20:41:11,841 [INFO] IPUIPlugin:80 - create IPUIPlugin
2023-07-02 20:41:11,842 [INFO] IPUIPlugin:80 - create IPUIPlugin
2023-07-02 20:41:11,842 [INFO] IPUIPlugin:80 - create IPUIPlugin
2023-07-02 20:41:11,842 [INFO] IPUIPlugin:80 - create IPUIPlugin
2023-07-02 20:41:11,842 [INFO] IPUIPlugin:80 - create IPUIPlugin
2023-07-02 20:41:11,842 [INFO] IPUIPlugin:80 - create IPUIPlugin
2023-07-02 20:41:11,842 [INFO] IPUIPlugin:80 - create IPUIPlugin
2023-07-02 20:41:11,842 [INFO] IPUIPlugin:80 - create IPUIPlugin
2023-07-02 20:41:11,842 [INFO] IPUIPlugin:80 - create IPUIPlugin
2023-07-02 20:41:11,843 [INFO] IPUIPlugin:80 - create IPUIPlugin
2023-07-02 20:41:11,843 [INFO] IPUIPlugin:80 - create IPUIPlugin
2023-07-02 20:41:11,843 [INFO] IPUIPlugin:80 - create IPUIPlugin
2023-07-02 20:41:11,843 [INFO] IPUIPlugin:80 - create IPUIPlugin
2023-07-02 20:41:11,843 [INFO] IPUIPlugin:80 - create IPUIPlugin
2023-07-02 20:41:11,843 [INFO] IPUIPlugin:80 - create IPUIPlugin
2023-07-02 20:41:11,843 [INFO] IPUIPlugin:80 - create IPUIPlugin
2023-07-02 20:41:11,843 [INFO] IPUIPlugin:80 - create IPUIPlugin
2023-07-02 20:41:11,843 [INFO] IPUIPlugin:80 - create IPUIPlugin
2023-07-02 20:41:11,844 [INFO] IPUIPlugin:80 - create IPUIPlugin
2023-07-02 20:41:11,844 [INFO] IPUIPlugin:80 - create IPUIPlugin
2023-07-02 20:41:11,844 [INFO] IPUIPlugin:80 - create IPUIPlugin
2023-07-02 20:41:11,844 [INFO] IPUIPlugin:80 - create IPUIPlugin
2023-07-02 20:41:11,844 [INFO] IPUIPlugin:80 - create IPUIPlugin
2023-07-02 20:41:11,845 [INFO] IPUIPlugin:80 - create IPUIPlugin
2023-07-02 20:41:11,845 [INFO] IPUIPlugin:80 - create IPUIPlugin
2023-07-02 20:41:11,845 [INFO] IPUIPlugin:80 - create IPUIPlugin
2023-07-02 20:41:11,845 [INFO] IPUIPlugin:80 - create IPUIPlugin
2023-07-02 20:41:11,846 [INFO] IPUIPlugin:80 - create IPUIPlugin
2023-07-02 20:41:11,846 [INFO] IPUIPlugin:80 - create IPUIPlugin
2023-07-02 20:41:11,846 [INFO] IPUIPlugin:80 - create IPUIPlugin
2023-07-02 20:41:11,848 [INFO] IPUIPlugin:80 - create IPUIPlugin
2023-07-02 20:41:11,848 [INFO] IPUIPlugin:80 - create IPUIPlugin
2023-07-02 20:41:11,849 [INFO] IPUIPlugin:80 - create IPUIPlugin
2023-07-02 20:41:11,849 [INFO] IPUIPlugin:80 - create IPUIPlugin
2023-07-02 20:41:11,849 [INFO] IPUIPlugin:80 - create IPUIPlugin
2023-07-02 20:41:11,849 [INFO] IPUIPlugin:80 - create IPUIPlugin
2023-07-02 20:41:11,849 [INFO] IPUIPlugin:80 - create IPUIPlugin
2023-07-02 20:41:11,850 [INFO] IPUIPlugin:80 - create IPUIPlugin
2023-07-02 20:41:11,850 [INFO] IPUIPlugin:80 - create IPUIPlugin
2023-07-02 20:41:11,850 [INFO] IPUIPlugin:80 - create IPUIPlugin
2023-07-02 20:41:11,850 [INFO] IPUIPlugin:80 - create IPUIPlugin
2023-07-02 20:41:11,851 [INFO] IPUIPlugin:80 - create IPUIPlugin
2023-07-02 20:41:11,851 [INFO] IPUIPlugin:80 - create IPUIPlugin
2023-07-02 20:41:11,851 [INFO] IPUIPlugin:80 - create IPUIPlugin
2023-07-02 20:41:11,852 [INFO] IPUIPlugin:80 - create IPUIPlugin
2023-07-02 20:41:11,852 [INFO] IPUIPlugin:80 - create IPUIPlugin
2023-07-02 20:41:11,852 [INFO] IPUIPlugin:80 - create IPUIPlugin
2023-07-02 20:41:11,853 [INFO] IPUIPlugin:80 - create IPUIPlugin
2023-07-02 20:41:11,853 [INFO] IPUIPlugin:80 - create IPUIPlugin
2023-07-02 20:41:11,853 [INFO] IPUIPlugin:80 - create IPUIPlugin
2023-07-02 20:41:11,853 [INFO] IPUIPlugin:80 - create IPUIPlugin
2023-07-02 20:41:11,854 [INFO] IPUIPlugin:80 - create IPUIPlugin
2023-07-02 20:41:11,854 [INFO] IPUIPlugin:80 - create IPUIPlugin
2023-07-02 20:41:11,854 [INFO] IPUIPlugin:80 - create IPUIPlugin
2023-07-02 20:41:11,855 [INFO] IPUIPlugin:80 - create IPUIPlugin
2023-07-02 20:41:11,855 [INFO] IPUIPlugin:80 - create IPUIPlugin
2023-07-02 20:41:11,855 [INFO] IPUIPlugin:80 - create IPUIPlugin
2023-07-02 20:41:11,856 [INFO] IPUIPlugin:80 - create IPUIPlugin
2023-07-02 20:41:11,856 [INFO] IPUIPlugin:80 - create IPUIPlugin
2023-07-02 20:41:11,856 [INFO] IPUIPlugin:80 - create IPUIPlugin
2023-07-02 20:41:11,857 [INFO] IPUIPlugin:80 - create IPUIPlugin
2023-07-02 20:41:11,857 [INFO] IPUIPlugin:80 - create IPUIPlugin
2023-07-02 20:41:11,858 [INFO] IPUIPlugin:80 - create IPUIPlugin
2023-07-02 20:41:11,859 [INFO] IPUIPlugin:80 - create IPUIPlugin
2023-07-02 20:41:11,859 [INFO] IPUIPlugin:80 - create IPUIPlugin
2023-07-02 20:41:11,872 [INFO] ApiDbMcu:507 - Load IP Config File for PDM2PCM
2023-07-02 20:41:11,940 [INFO] CADModel:165 - CPN selected for project levelSTM32F746ZGT6
2023-07-02 20:41:11,940 [INFO] CADModel:114 - Register for checkConnection events
2023-07-02 20:41:12,002 [INFO] OpenFileManager:328 - Restore cursor
2023-07-02 20:41:12,528 [INFO] UtilMem:75 - End SaveConfig() Used Memory: 670003080 Bytes (786432000)
2023-07-02 20:41:14,008 [INFO] ServerAccessManage:473 - Download File stm32cube_fw_f7_v1170.zip
2023-07-02 20:44:02,274 [INFO] AnalyticsPlugin:368 - Accepted License(s): [FW.F7.1.17.0]
2023-07-02 20:44:02,275 [INFO] FileExtend:240 - Unzip File : stm32cube_fw_f7_v1170.zip
2023-07-02 20:44:02,275 [INFO] FileExtend:255 - Standard Zip Deflate
2023-07-02 20:45:02,370 [INFO] LoadServerPackagesThread:196 - End of LoadServerPackages Thread
2023-07-02 20:45:02,583 [INFO] ThirdPartyModel:298 - Start build external matchings
2023-07-02 20:45:02,594 [INFO] UtilMem:75 - End SaveConfig() Used Memory: 344160352 Bytes (873463808)
2023-07-02 20:45:02,819 [INFO] ThirdPartyModel:316 - End build external matchings
2023-07-02 20:45:02,825 [INFO] CheckServerUpdateThread:120 - End of CheckServer Thread
2023-07-02 20:45:02,841 [INFO] BlockDiagram:2759 - set Specific Code input for plugin: SYS
2023-07-02 20:45:02,841 [INFO] BlockDiagram:2759 - set Specific Code input for plugin: RCC
2023-07-02 20:45:02,841 [INFO] BlockDiagram:2759 - set Specific Code input for plugin: USB_OTG_FS
2023-07-02 20:45:02,841 [INFO] BlockDiagram:2759 - set Specific Code input for plugin: NVIC
2023-07-02 20:45:02,841 [INFO] BlockDiagram:2759 - set Specific Code input for plugin: USART
2023-07-02 20:45:02,842 [INFO] BlockDiagram:2759 - set Specific Code input for plugin: GPIO
2023-07-02 20:45:02,842 [INFO] BlockDiagram:2759 - set Specific Code input for plugin: ETH
2023-07-02 20:45:02,842 [INFO] CodeGenerator:793 - code generatio: config db path: C:\ST\STM32CubeIDE_1.12.1\STM32CubeIDE\plugins\com.st.stm32cube.common.mx_6.8.1.202304191431\\db\
2023-07-02 20:45:03,211 [INFO] CodeEngine:255 - oldGeneratedFile, C:\Users\hyeon\Desktop\STM32_Workspace\test_nucl\MXTmpFiles\license.tmp_save
2023-07-02 20:45:03,280 [INFO] CodeEngine:279 - Generated code: C:\Users\hyeon\Desktop\STM32_Workspace\test_nucl\MXTmpFiles\license.tmp
2023-07-02 20:45:03,379 [INFO] CodeEngine:255 - oldGeneratedFile, C:\Users\hyeon\Desktop\STM32_Workspace\test_nucl\MXTmpFiles\gpio.tmp_save
2023-07-02 20:45:03,465 [INFO] CodeEngine:279 - Generated code: C:\Users\hyeon\Desktop\STM32_Workspace\test_nucl\MXTmpFiles\gpio.tmp
2023-07-02 20:45:03,912 [WARN] IPConfigManager:2937 - Warning: the RefConfig PWREx_EnableUSBVoltageDetector is not available in your config.xml file
2023-07-02 20:45:03,938 [INFO] CodeEngine:255 - oldGeneratedFile, C:\Users\hyeon\Desktop\STM32_Workspace\test_nucl\MXTmpFiles\cortex.tmp_save
2023-07-02 20:45:04,043 [INFO] CodeEngine:279 - Generated code: C:\Users\hyeon\Desktop\STM32_Workspace\test_nucl\MXTmpFiles\cortex.tmp
2023-07-02 20:45:04,071 [INFO] CodeEngine:255 - oldGeneratedFile, C:\Users\hyeon\Desktop\STM32_Workspace\test_nucl\Core\Src\stm32f7xx_it.c_save
2023-07-02 20:45:04,308 [INFO] CodeEngine:279 - Generated code: C:\Users\hyeon\Desktop\STM32_Workspace\test_nucl\Core\Src\stm32f7xx_it.c
2023-07-02 20:45:04,319 [INFO] CodeEngine:255 - oldGeneratedFile, C:\Users\hyeon\Desktop\STM32_Workspace\test_nucl\Core\Inc\stm32f7xx_it.h_save
2023-07-02 20:45:04,384 [INFO] CodeEngine:279 - Generated code: C:\Users\hyeon\Desktop\STM32_Workspace\test_nucl\Core\Inc\stm32f7xx_it.h
2023-07-02 20:45:04,408 [INFO] CodeEngine:255 - oldGeneratedFile, C:\Users\hyeon\Desktop\STM32_Workspace\test_nucl\Core\Src\stm32f7xx_hal_msp.c_save
2023-07-02 20:45:04,510 [INFO] CodeEngine:279 - Generated code: C:\Users\hyeon\Desktop\STM32_Workspace\test_nucl\Core\Src\stm32f7xx_hal_msp.c
2023-07-02 20:45:04,524 [INFO] CodeEngine:255 - oldGeneratedFile, C:\Users\hyeon\Desktop\STM32_Workspace\test_nucl\MXTmpFiles\system.tmp_save
2023-07-02 20:45:04,574 [INFO] CodeEngine:279 - Generated code: C:\Users\hyeon\Desktop\STM32_Workspace\test_nucl\MXTmpFiles\system.tmp
2023-07-02 20:45:04,586 [INFO] CodeEngine:311 - oldGeneratedFile, C:\Users\hyeon\Desktop\STM32_Workspace\test_nucl\Core\Inc\stm32f7xx_hal_conf.h_save
2023-07-02 20:45:04,663 [INFO] CodeEngine:335 - Generated code: C:\Users\hyeon\Desktop\STM32_Workspace\test_nucl\Core\Inc\stm32f7xx_hal_conf.h
2023-07-02 20:45:04,685 [WARN] IPConfigManager:3431 - IP not found : USB_OTG
2023-07-02 20:45:04,686 [WARN] CodeGenerator:3754 - IP not found : null
2023-07-02 20:45:04,700 [INFO] CodeEngine:255 - oldGeneratedFile, C:\Users\hyeon\Desktop\STM32_Workspace\test_nucl\Core\Inc\main.h_save
2023-07-02 20:45:04,806 [INFO] CodeEngine:279 - Generated code: C:\Users\hyeon\Desktop\STM32_Workspace\test_nucl\Core\Inc\main.h
2023-07-02 20:45:04,816 [INFO] CodeEngine:255 - oldGeneratedFile, C:\Users\hyeon\Desktop\STM32_Workspace\test_nucl\Core\Src\main.c_save
2023-07-02 20:45:04,911 [INFO] CodeEngine:279 - Generated code: C:\Users\hyeon\Desktop\STM32_Workspace\test_nucl\Core\Src\main.c
2023-07-02 20:45:05,501 [INFO] ProjectBuilder:2996 - Time for Copy HAL[1] : 162mS.
2023-07-02 20:45:05,503 [INFO] ProjectBuilder:4304 - Project Generator version: 3.19.2
2023-07-02 20:45:05,707 [INFO] ConfigFileManager:1483 - The Die is : DIE449
2023-07-02 20:45:05,716 [INFO] ApiDbMcu:507 - Load IP Config File for FATFS
2023-07-02 20:45:05,727 [INFO] ApiDbMcu:507 - Load IP Config File for FREERTOS
2023-07-02 20:45:05,736 [INFO] ApiDbMcu:507 - Load IP Config File for LIBJPEG
2023-07-02 20:45:05,748 [INFO] ApiDbMcu:507 - Load IP Config File for LWIP
2023-07-02 20:45:05,758 [INFO] ApiDbMcu:507 - Load IP Config File for MBEDTLS
2023-07-02 20:45:05,771 [INFO] ApiDbMcu:507 - Load IP Config File for USB_DEVICE
2023-07-02 20:45:05,779 [INFO] ApiDbMcu:507 - Load IP Config File for USB_HOST
2023-07-02 20:45:08,585 [INFO] ProjectBuilder:4505 - Time for Generating toolchain IDE Files: 3082mS.
2023-07-02 20:45:08,586 [INFO] ProjectBuilder:2867 - Time for Copy CMSIS : 1mS.
2023-07-02 20:45:08,588 [INFO] ProjectBuilder:2867 - Time for Copy CMSIS : 0mS.
2023-07-02 20:45:09,162 [INFO] McuFinderGlobals:66 - Set McuFinderConnectedMode to true
2023-07-02 20:45:09,164 [INFO] ApiDb:448 - Save user favorites file C:\Users\hyeon/.stm32cubeide/favorites.mcus.txt: 0 item(s)
2023-07-02 20:45:09,165 [INFO] ApiDb:452 - User favorites MCUs=[]
2023-07-02 20:45:09,165 [INFO] ApiDb:448 - Save user favorites file C:\Users\hyeon/.stm32cubeide/favorites.boards.txt: 0 item(s)
2023-07-02 20:45:09,165 [INFO] ApiDb:452 - User favorites Boards=[]
2023-07-02 20:46:11,505 [INFO] UtilMem:75 - End SaveConfig() Used Memory: 298992808 Bytes (896532480)
2023-07-02 20:46:14,101 [INFO] UtilMem:75 - End SaveConfig() Used Memory: 443696296 Bytes (896532480)
2023-07-02 20:46:14,388 [INFO] BlockDiagram:2759 - set Specific Code input for plugin: SYS
2023-07-02 20:46:14,388 [INFO] BlockDiagram:2759 - set Specific Code input for plugin: RCC
2023-07-02 20:46:14,388 [INFO] BlockDiagram:2759 - set Specific Code input for plugin: USB_OTG_FS
2023-07-02 20:46:14,388 [INFO] BlockDiagram:2759 - set Specific Code input for plugin: NVIC
2023-07-02 20:46:14,388 [INFO] BlockDiagram:2759 - set Specific Code input for plugin: USART
2023-07-02 20:46:14,388 [INFO] BlockDiagram:2759 - set Specific Code input for plugin: GPIO
2023-07-02 20:46:14,388 [INFO] BlockDiagram:2759 - set Specific Code input for plugin: ETH
2023-07-02 20:46:14,389 [INFO] CodeGenerator:793 - code generatio: config db path: C:\ST\STM32CubeIDE_1.12.1\STM32CubeIDE\plugins\com.st.stm32cube.common.mx_6.8.1.202304191431\\db\
2023-07-02 20:46:14,617 [INFO] CodeEngine:255 - oldGeneratedFile, C:\Users\hyeon\Desktop\STM32_Workspace\test_nucl\MXTmpFiles\license.tmp_save
2023-07-02 20:46:14,696 [INFO] CodeEngine:279 - Generated code: C:\Users\hyeon\Desktop\STM32_Workspace\test_nucl\MXTmpFiles\license.tmp
2023-07-02 20:46:14,736 [INFO] CodeEngine:255 - oldGeneratedFile, C:\Users\hyeon\Desktop\STM32_Workspace\test_nucl\Core\Src\gpio.c_save
2023-07-02 20:46:14,838 [INFO] CodeEngine:279 - Generated code: C:\Users\hyeon\Desktop\STM32_Workspace\test_nucl\Core\Src\gpio.c
2023-07-02 20:46:14,845 [INFO] CodeEngine:255 - oldGeneratedFile, C:\Users\hyeon\Desktop\STM32_Workspace\test_nucl\Core\Inc\gpio.h_save
2023-07-02 20:46:14,922 [INFO] CodeEngine:279 - Generated code: C:\Users\hyeon\Desktop\STM32_Workspace\test_nucl\Core\Inc\gpio.h
2023-07-02 20:46:15,143 [WARN] IPConfigManager:2937 - Warning: the RefConfig PWREx_EnableUSBVoltageDetector is not available in your config.xml file
2023-07-02 20:46:15,157 [INFO] CodeEngine:255 - oldGeneratedFile, C:\Users\hyeon\Desktop\STM32_Workspace\test_nucl\MXTmpFiles\cortex.tmp_save
2023-07-02 20:46:15,268 [INFO] CodeEngine:279 - Generated code: C:\Users\hyeon\Desktop\STM32_Workspace\test_nucl\MXTmpFiles\cortex.tmp
2023-07-02 20:46:15,286 [INFO] CodeEngine:255 - oldGeneratedFile, C:\Users\hyeon\Desktop\STM32_Workspace\test_nucl\Core\Src\eth.c_save
2023-07-02 20:46:15,410 [INFO] CodeEngine:279 - Generated code: C:\Users\hyeon\Desktop\STM32_Workspace\test_nucl\Core\Src\eth.c
2023-07-02 20:46:15,419 [INFO] CodeEngine:255 - oldGeneratedFile, C:\Users\hyeon\Desktop\STM32_Workspace\test_nucl\Core\Inc\eth.h_save
2023-07-02 20:46:15,496 [INFO] CodeEngine:279 - Generated code: C:\Users\hyeon\Desktop\STM32_Workspace\test_nucl\Core\Inc\eth.h
2023-07-02 20:46:15,503 [INFO] CodeEngine:255 - oldGeneratedFile, C:\Users\hyeon\Desktop\STM32_Workspace\test_nucl\Core\Src\usart.c_save
2023-07-02 20:46:15,598 [INFO] CodeEngine:279 - Generated code: C:\Users\hyeon\Desktop\STM32_Workspace\test_nucl\Core\Src\usart.c
2023-07-02 20:46:15,601 [INFO] CodeEngine:255 - oldGeneratedFile, C:\Users\hyeon\Desktop\STM32_Workspace\test_nucl\Core\Inc\usart.h_save
2023-07-02 20:46:15,665 [INFO] CodeEngine:279 - Generated code: C:\Users\hyeon\Desktop\STM32_Workspace\test_nucl\Core\Inc\usart.h
2023-07-02 20:46:15,674 [INFO] CodeEngine:255 - oldGeneratedFile, C:\Users\hyeon\Desktop\STM32_Workspace\test_nucl\Core\Src\usb_otg.c_save
2023-07-02 20:46:15,838 [INFO] CodeEngine:279 - Generated code: C:\Users\hyeon\Desktop\STM32_Workspace\test_nucl\Core\Src\usb_otg.c
2023-07-02 20:46:15,840 [INFO] CodeEngine:255 - oldGeneratedFile, C:\Users\hyeon\Desktop\STM32_Workspace\test_nucl\Core\Inc\usb_otg.h_save
2023-07-02 20:46:15,906 [INFO] CodeEngine:279 - Generated code: C:\Users\hyeon\Desktop\STM32_Workspace\test_nucl\Core\Inc\usb_otg.h
2023-07-02 20:46:15,921 [INFO] CodeEngine:255 - oldGeneratedFile, C:\Users\hyeon\Desktop\STM32_Workspace\test_nucl\Core\Src\stm32f7xx_it.c_save
2023-07-02 20:46:15,985 [INFO] CodeEngine:279 - Generated code: C:\Users\hyeon\Desktop\STM32_Workspace\test_nucl\Core\Src\stm32f7xx_it.c
2023-07-02 20:46:15,989 [INFO] CodeEngine:255 - oldGeneratedFile, C:\Users\hyeon\Desktop\STM32_Workspace\test_nucl\Core\Inc\stm32f7xx_it.h_save
2023-07-02 20:46:16,040 [INFO] CodeEngine:279 - Generated code: C:\Users\hyeon\Desktop\STM32_Workspace\test_nucl\Core\Inc\stm32f7xx_it.h
2023-07-02 20:46:16,061 [INFO] CodeEngine:255 - oldGeneratedFile, C:\Users\hyeon\Desktop\STM32_Workspace\test_nucl\Core\Src\stm32f7xx_hal_msp.c_save
2023-07-02 20:46:16,163 [INFO] CodeEngine:279 - Generated code: C:\Users\hyeon\Desktop\STM32_Workspace\test_nucl\Core\Src\stm32f7xx_hal_msp.c
2023-07-02 20:46:16,168 [INFO] CodeEngine:255 - oldGeneratedFile, C:\Users\hyeon\Desktop\STM32_Workspace\test_nucl\MXTmpFiles\system.tmp_save
2023-07-02 20:46:16,248 [INFO] CodeEngine:279 - Generated code: C:\Users\hyeon\Desktop\STM32_Workspace\test_nucl\MXTmpFiles\system.tmp
2023-07-02 20:46:16,264 [INFO] CodeEngine:311 - oldGeneratedFile, C:\Users\hyeon\Desktop\STM32_Workspace\test_nucl\Core\Inc\stm32f7xx_hal_conf.h_save
2023-07-02 20:46:16,378 [INFO] CodeEngine:335 - Generated code: C:\Users\hyeon\Desktop\STM32_Workspace\test_nucl\Core\Inc\stm32f7xx_hal_conf.h
2023-07-02 20:46:16,410 [INFO] CodeEngine:255 - oldGeneratedFile, C:\Users\hyeon\Desktop\STM32_Workspace\test_nucl\Core\Inc\main.h_save
2023-07-02 20:46:16,496 [INFO] CodeEngine:279 - Generated code: C:\Users\hyeon\Desktop\STM32_Workspace\test_nucl\Core\Inc\main.h
2023-07-02 20:46:16,509 [INFO] CodeEngine:255 - oldGeneratedFile, C:\Users\hyeon\Desktop\STM32_Workspace\test_nucl\Core\Src\main.c_save
2023-07-02 20:46:16,597 [INFO] CodeEngine:279 - Generated code: C:\Users\hyeon\Desktop\STM32_Workspace\test_nucl\Core\Src\main.c
2023-07-02 20:46:17,182 [INFO] ProjectBuilder:2996 - Time for Copy HAL[1] : 134mS.
2023-07-02 20:46:17,185 [INFO] ProjectBuilder:4304 - Project Generator version: 3.19.2
2023-07-02 20:46:17,397 [INFO] ConfigFileManager:1483 - The Die is : DIE449
2023-07-02 20:46:18,499 [INFO] ProjectBuilder:4505 - Time for Generating toolchain IDE Files: 1314mS.
2023-07-02 20:46:18,499 [INFO] ProjectBuilder:2867 - Time for Copy CMSIS : 0mS.
2023-07-02 20:46:18,502 [INFO] ProjectBuilder:2867 - Time for Copy CMSIS : 0mS.
